CRITICAL - 2020-09-25 09:30:14 --> Unknown column 'modified_by' in 'field list'
#0 /home/krishna/Desktop/ether/system/Database/MySQLi/Connection.php(330): mysqli->query()
#1 /home/krishna/Desktop/ether/system/Database/BaseConnection.php(738): CodeIgniter\Database\MySQLi\Connection->execute()
#2 /home/krishna/Desktop/ether/system/Database/BaseConnection.php(666): CodeIgniter\Database\BaseConnection->simpleQuery()
#3 /home/krishna/Desktop/ether/system/Database/BaseBuilder.php(2410): CodeIgniter\Database\BaseConnection->query()
#4 /home/krishna/Desktop/ether/system/Model.php(851): CodeIgniter\Database\BaseBuilder->update()
#5 /home/krishna/Desktop/ether/system/Model.php(546): CodeIgniter\Model->update()
#6 /home/krishna/Desktop/ether/app/Controllers/City.php(63): CodeIgniter\Model->save()
#7 /home/krishna/Desktop/ether/system/CodeIgniter.php(910): App\Controllers\City->update()
#8 /home/krishna/Desktop/ether/system/CodeIgniter.php(398): CodeIgniter\CodeIgniter->runController()
#9 /home/krishna/Desktop/ether/system/CodeIgniter.php(306): CodeIgniter\CodeIgniter->handleRequest()
#10 /home/krishna/Desktop/ether/index.php(53): CodeIgniter\CodeIgniter->run()
#11 {main}
CRITICAL - 2020-09-25 09:35:13 --> Class 'App\Controllers\Admin_rights_model' not found
#0 /home/krishna/Desktop/ether/system/CodeIgniter.php(910): App\Controllers\City->index()
#1 /home/krishna/Desktop/ether/system/CodeIgniter.php(398): CodeIgniter\CodeIgniter->runController()
#2 /home/krishna/Desktop/ether/system/CodeIgniter.php(306): CodeIgniter\CodeIgniter->handleRequest()
#3 /home/krishna/Desktop/ether/index.php(53): CodeIgniter\CodeIgniter->run()
#4 {main}
CRITICAL - 2020-09-25 09:53:39 --> Call to a member function query() on null
#0 /home/krishna/Desktop/ether/system/CodeIgniter.php(910): App\Controllers\Area->index()
#1 /home/krishna/Desktop/ether/system/CodeIgniter.php(398): CodeIgniter\CodeIgniter->runController()
#2 /home/krishna/Desktop/ether/system/CodeIgniter.php(306): CodeIgniter\CodeIgniter->handleRequest()
#3 /home/krishna/Desktop/ether/index.php(53): CodeIgniter\CodeIgniter->run()
#4 {main}
CRITICAL - 2020-09-25 09:55:10 --> Call to a member function query() on null
#0 /home/krishna/Desktop/ether/system/CodeIgniter.php(910): App\Controllers\Area->index()
#1 /home/krishna/Desktop/ether/system/CodeIgniter.php(398): CodeIgniter\CodeIgniter->runController()
#2 /home/krishna/Desktop/ether/system/CodeIgniter.php(306): CodeIgniter\CodeIgniter->handleRequest()
#3 /home/krishna/Desktop/ether/index.php(53): CodeIgniter\CodeIgniter->run()
#4 {main}
CRITICAL - 2020-09-25 09:55:12 --> Call to a member function query() on null
#0 /home/krishna/Desktop/ether/system/CodeIgniter.php(910): App\Controllers\Area->index()
#1 /home/krishna/Desktop/ether/system/CodeIgniter.php(398): CodeIgniter\CodeIgniter->runController()
#2 /home/krishna/Desktop/ether/system/CodeIgniter.php(306): CodeIgniter\CodeIgniter->handleRequest()
#3 /home/krishna/Desktop/ether/index.php(53): CodeIgniter\CodeIgniter->run()
#4 {main}
CRITICAL - 2020-09-25 10:48:39 --> Invalid file: {0}
#0 /home/krishna/Desktop/ether/system/View/View.php(224): CodeIgniter\Exceptions\FrameworkException::forInvalidFile()
#1 /home/krishna/Desktop/ether/system/Common.php(1071): CodeIgniter\View\View->render()
#2 /home/krishna/Desktop/ether/app/Controllers/BusinessCategory.php(24): view()
#3 /home/krishna/Desktop/ether/system/CodeIgniter.php(910): App\Controllers\BusinessCategory->index()
#4 /home/krishna/Desktop/ether/system/CodeIgniter.php(398): CodeIgniter\CodeIgniter->runController()
#5 /home/krishna/Desktop/ether/system/CodeIgniter.php(306): CodeIgniter\CodeIgniter->handleRequest()
#6 /home/krishna/Desktop/ether/index.php(53): CodeIgniter\CodeIgniter->run()
#7 {main}
CRITICAL - 2020-09-25 10:51:32 --> Invalid file: {0}
#0 /home/krishna/Desktop/ether/system/View/View.php(224): CodeIgniter\Exceptions\FrameworkException::forInvalidFile()
#1 /home/krishna/Desktop/ether/system/Common.php(1071): CodeIgniter\View\View->render()
#2 /home/krishna/Desktop/ether/app/Controllers/BusinessCategory.php(24): view()
#3 /home/krishna/Desktop/ether/system/CodeIgniter.php(910): App\Controllers\BusinessCategory->index()
#4 /home/krishna/Desktop/ether/system/CodeIgniter.php(398): CodeIgniter\CodeIgniter->runController()
#5 /home/krishna/Desktop/ether/system/CodeIgniter.php(306): CodeIgniter\CodeIgniter->handleRequest()
#6 /home/krishna/Desktop/ether/index.php(53): CodeIgniter\CodeIgniter->run()
#7 {main}
CRITICAL - 2020-09-25 10:51:33 --> Invalid file: {0}
#0 /home/krishna/Desktop/ether/system/View/View.php(224): CodeIgniter\Exceptions\FrameworkException::forInvalidFile()
#1 /home/krishna/Desktop/ether/system/Common.php(1071): CodeIgniter\View\View->render()
#2 /home/krishna/Desktop/ether/app/Controllers/BusinessCategory.php(24): view()
#3 /home/krishna/Desktop/ether/system/CodeIgniter.php(910): App\Controllers\BusinessCategory->index()
#4 /home/krishna/Desktop/ether/system/CodeIgniter.php(398): CodeIgniter\CodeIgniter->runController()
#5 /home/krishna/Desktop/ether/system/CodeIgniter.php(306): CodeIgniter\CodeIgniter->handleRequest()
#6 /home/krishna/Desktop/ether/index.php(53): CodeIgniter\CodeIgniter->run()
#7 {main}
CRITICAL - 2020-09-25 10:51:33 --> Invalid file: {0}
#0 /home/krishna/Desktop/ether/system/View/View.php(224): CodeIgniter\Exceptions\FrameworkException::forInvalidFile()
#1 /home/krishna/Desktop/ether/system/Common.php(1071): CodeIgniter\View\View->render()
#2 /home/krishna/Desktop/ether/app/Controllers/BusinessCategory.php(24): view()
#3 /home/krishna/Desktop/ether/system/CodeIgniter.php(910): App\Controllers\BusinessCategory->index()
#4 /home/krishna/Desktop/ether/system/CodeIgniter.php(398): CodeIgniter\CodeIgniter->runController()
#5 /home/krishna/Desktop/ether/system/CodeIgniter.php(306): CodeIgniter\CodeIgniter->handleRequest()
#6 /home/krishna/Desktop/ether/index.php(53): CodeIgniter\CodeIgniter->run()
#7 {main}
CRITICAL - 2020-09-25 10:51:34 --> Invalid file: {0}
#0 /home/krishna/Desktop/ether/system/View/View.php(224): CodeIgniter\Exceptions\FrameworkException::forInvalidFile()
#1 /home/krishna/Desktop/ether/system/Common.php(1071): CodeIgniter\View\View->render()
#2 /home/krishna/Desktop/ether/app/Controllers/BusinessCategory.php(24): view()
#3 /home/krishna/Desktop/ether/system/CodeIgniter.php(910): App\Controllers\BusinessCategory->index()
#4 /home/krishna/Desktop/ether/system/CodeIgniter.php(398): CodeIgniter\CodeIgniter->runController()
#5 /home/krishna/Desktop/ether/system/CodeIgniter.php(306): CodeIgniter\CodeIgniter->handleRequest()
#6 /home/krishna/Desktop/ether/index.php(53): CodeIgniter\CodeIgniter->run()
#7 {main}
CRITICAL - 2020-09-25 10:51:39 --> Invalid file: {0}
#0 /home/krishna/Desktop/ether/system/View/View.php(224): CodeIgniter\Exceptions\FrameworkException::forInvalidFile()
#1 /home/krishna/Desktop/ether/system/Common.php(1071): CodeIgniter\View\View->render()
#2 /home/krishna/Desktop/ether/app/Controllers/BusinessCategory.php(24): view()
#3 /home/krishna/Desktop/ether/system/CodeIgniter.php(910): App\Controllers\BusinessCategory->index()
#4 /home/krishna/Desktop/ether/system/CodeIgniter.php(398): CodeIgniter\CodeIgniter->runController()
#5 /home/krishna/Desktop/ether/system/CodeIgniter.php(306): CodeIgniter\CodeIgniter->handleRequest()
#6 /home/krishna/Desktop/ether/index.php(53): CodeIgniter\CodeIgniter->run()
#7 {main}
CRITICAL - 2020-09-25 11:01:53 --> Invalid argument supplied for foreach()
#0 /home/krishna/Desktop/ether/app/Views/admin/service_category.php(103): CodeIgniter\Debug\Exceptions->errorHandler()
#1 /home/krishna/Desktop/ether/system/View/View.php(236): include('/home/krishna/D...')
#2 /home/krishna/Desktop/ether/system/Common.php(1071): CodeIgniter\View\View->render()
#3 /home/krishna/Desktop/ether/app/Controllers/ServiceCategory.php(24): view()
#4 /home/krishna/Desktop/ether/system/CodeIgniter.php(910): App\Controllers\ServiceCategory->index()
#5 /home/krishna/Desktop/ether/system/CodeIgniter.php(398): CodeIgniter\CodeIgniter->runController()
#6 /home/krishna/Desktop/ether/system/CodeIgniter.php(306): CodeIgniter\CodeIgniter->handleRequest()
#7 /home/krishna/Desktop/ether/index.php(53): CodeIgniter\CodeIgniter->run()
#8 {main}
CRITICAL - 2020-09-25 12:27:01 --> Invalid argument supplied for foreach()
#0 /home/krishna/Desktop/ether/app/Views/admin/business.php(71): CodeIgniter\Debug\Exceptions->errorHandler()
#1 /home/krishna/Desktop/ether/system/View/View.php(236): include('/home/krishna/D...')
#2 /home/krishna/Desktop/ether/system/Common.php(1071): CodeIgniter\View\View->render()
#3 /home/krishna/Desktop/ether/app/Controllers/Business.php(24): view()
#4 /home/krishna/Desktop/ether/system/CodeIgniter.php(910): App\Controllers\Business->index()
#5 /home/krishna/Desktop/ether/system/CodeIgniter.php(398): CodeIgniter\CodeIgniter->runController()
#6 /home/krishna/Desktop/ether/system/CodeIgniter.php(306): CodeIgniter\CodeIgniter->handleRequest()
#7 /home/krishna/Desktop/ether/index.php(53): CodeIgniter\CodeIgniter->run()
#8 {main}
CRITICAL - 2020-09-25 15:43:54 --> Unknown column 'inserted' in 'field list'
#0 /home/krishna/Desktop/ether/system/Database/MySQLi/Connection.php(330): mysqli->query()
#1 /home/krishna/Desktop/ether/system/Database/BaseConnection.php(738): CodeIgniter\Database\MySQLi\Connection->execute()
#2 /home/krishna/Desktop/ether/system/Database/BaseConnection.php(666): CodeIgniter\Database\BaseConnection->simpleQuery()
#3 /home/krishna/Desktop/ether/system/Database/BaseBuilder.php(2206): CodeIgniter\Database\BaseConnection->query()
#4 /home/krishna/Desktop/ether/system/Model.php(722): CodeIgniter\Database\BaseBuilder->insert()
#5 /home/krishna/Desktop/ether/system/Model.php(550): CodeIgniter\Model->insert()
#6 /home/krishna/Desktop/ether/app/Controllers/Master.php(45): CodeIgniter\Model->save()
#7 /home/krishna/Desktop/ether/system/CodeIgniter.php(910): App\Controllers\Master->insert()
#8 /home/krishna/Desktop/ether/system/CodeIgniter.php(398): CodeIgniter\CodeIgniter->runController()
#9 /home/krishna/Desktop/ether/system/CodeIgniter.php(306): CodeIgniter\CodeIgniter->handleRequest()
#10 /home/krishna/Desktop/ether/index.php(53): CodeIgniter\CodeIgniter->run()
#11 {main}
CRITICAL - 2020-09-25 15:46:43 --> Table 'ether.users' doesn't exist
#0 /home/krishna/Desktop/ether/system/Database/MySQLi/Connection.php(330): mysqli->query()
#1 /home/krishna/Desktop/ether/system/Database/BaseConnection.php(738): CodeIgniter\Database\MySQLi\Connection->execute()
#2 /home/krishna/Desktop/ether/system/Database/BaseConnection.php(666): CodeIgniter\Database\BaseConnection->simpleQuery()
#3 /home/krishna/Desktop/ether/system/Database/BaseBuilder.php(1819): CodeIgniter\Database\BaseConnection->query()
#4 /home/krishna/Desktop/ether/system/Model.php(482): CodeIgniter\Database\BaseBuilder->get()
#5 /home/krishna/Desktop/ether/app/Controllers/Web.php(32): CodeIgniter\Model->first()
#6 /home/krishna/Desktop/ether/system/CodeIgniter.php(910): App\Controllers\Web->index()
#7 /home/krishna/Desktop/ether/system/CodeIgniter.php(398): CodeIgniter\CodeIgniter->runController()
#8 /home/krishna/Desktop/ether/system/CodeIgniter.php(306): CodeIgniter\CodeIgniter->handleRequest()
#9 /home/krishna/Desktop/ether/index.php(53): CodeIgniter\CodeIgniter->run()
#10 {main}
CRITICAL - 2020-09-25 15:47:06 --> Table 'ether.users' doesn't exist
#0 /home/krishna/Desktop/ether/system/Database/MySQLi/Connection.php(330): mysqli->query()
#1 /home/krishna/Desktop/ether/system/Database/BaseConnection.php(738): CodeIgniter\Database\MySQLi\Connection->execute()
#2 /home/krishna/Desktop/ether/system/Database/BaseConnection.php(666): CodeIgniter\Database\BaseConnection->simpleQuery()
#3 /home/krishna/Desktop/ether/system/Database/BaseBuilder.php(1819): CodeIgniter\Database\BaseConnection->query()
#4 /home/krishna/Desktop/ether/system/Model.php(482): CodeIgniter\Database\BaseBuilder->get()
#5 /home/krishna/Desktop/ether/app/Controllers/Web.php(32): CodeIgniter\Model->first()
#6 /home/krishna/Desktop/ether/system/CodeIgniter.php(910): App\Controllers\Web->index()
#7 /home/krishna/Desktop/ether/system/CodeIgniter.php(398): CodeIgniter\CodeIgniter->runController()
#8 /home/krishna/Desktop/ether/system/CodeIgniter.php(306): CodeIgniter\CodeIgniter->handleRequest()
#9 /home/krishna/Desktop/ether/index.php(53): CodeIgniter\CodeIgniter->run()
#10 {main}
CRITICAL - 2020-09-25 15:54:47 --> Table 'ether.users' doesn't exist
#0 /home/krishna/Desktop/ether/system/Database/MySQLi/Connection.php(330): mysqli->query()
#1 /home/krishna/Desktop/ether/system/Database/BaseConnection.php(738): CodeIgniter\Database\MySQLi\Connection->execute()
#2 /home/krishna/Desktop/ether/system/Database/BaseConnection.php(666): CodeIgniter\Database\BaseConnection->simpleQuery()
#3 /home/krishna/Desktop/ether/system/Database/BaseBuilder.php(1819): CodeIgniter\Database\BaseConnection->query()
#4 /home/krishna/Desktop/ether/system/Model.php(445): CodeIgniter\Database\BaseBuilder->get()
#5 /home/krishna/Desktop/ether/app/Controllers/Users.php(28): CodeIgniter\Model->findAll()
#6 /home/krishna/Desktop/ether/system/CodeIgniter.php(910): App\Controllers\Users->index()
#7 /home/krishna/Desktop/ether/system/CodeIgniter.php(398): CodeIgniter\CodeIgniter->runController()
#8 /home/krishna/Desktop/ether/system/CodeIgniter.php(306): CodeIgniter\CodeIgniter->handleRequest()
#9 /home/krishna/Desktop/ether/index.php(53): CodeIgniter\CodeIgniter->run()
#10 {main}
CRITICAL - 2020-09-25 15:57:24 --> Unknown column 'inserted' in 'field list'
#0 /home/krishna/Desktop/ether/system/Database/MySQLi/Connection.php(330): mysqli->query()
#1 /home/krishna/Desktop/ether/system/Database/BaseConnection.php(738): CodeIgniter\Database\MySQLi\Connection->execute()
#2 /home/krishna/Desktop/ether/system/Database/BaseConnection.php(666): CodeIgniter\Database\BaseConnection->simpleQuery()
#3 /home/krishna/Desktop/ether/system/Database/BaseBuilder.php(2206): CodeIgniter\Database\BaseConnection->query()
#4 /home/krishna/Desktop/ether/system/Model.php(722): CodeIgniter\Database\BaseBuilder->insert()
#5 /home/krishna/Desktop/ether/system/Model.php(550): CodeIgniter\Model->insert()
#6 /home/krishna/Desktop/ether/app/Controllers/Admin.php(53): CodeIgniter\Model->save()
#7 /home/krishna/Desktop/ether/system/CodeIgniter.php(910): App\Controllers\Admin->insert()
#8 /home/krishna/Desktop/ether/system/CodeIgniter.php(398): CodeIgniter\CodeIgniter->runController()
#9 /home/krishna/Desktop/ether/system/CodeIgniter.php(306): CodeIgniter\CodeIgniter->handleRequest()
#10 /home/krishna/Desktop/ether/index.php(53): CodeIgniter\CodeIgniter->run()
#11 {main}
CRITICAL - 2020-09-25 16:00:19 --> Table 'ether.business_category' doesn't exist
#0 /home/krishna/Desktop/ether/system/Database/MySQLi/Connection.php(330): mysqli->query()
#1 /home/krishna/Desktop/ether/system/Database/BaseConnection.php(738): CodeIgniter\Database\MySQLi\Connection->execute()
#2 /home/krishna/Desktop/ether/system/Database/BaseConnection.php(666): CodeIgniter\Database\BaseConnection->simpleQuery()
#3 /home/krishna/Desktop/ether/system/Model.php(1698): CodeIgniter\Database\BaseConnection->query()
#4 /home/krishna/Desktop/ether/app/Controllers/BusinessCategory.php(23): CodeIgniter\Model->__call()
#5 /home/krishna/Desktop/ether/system/CodeIgniter.php(910): App\Controllers\BusinessCategory->index()
#6 /home/krishna/Desktop/ether/system/CodeIgniter.php(398): CodeIgniter\CodeIgniter->runController()
#7 /home/krishna/Desktop/ether/system/CodeIgniter.php(306): CodeIgniter\CodeIgniter->handleRequest()
#8 /home/krishna/Desktop/ether/index.php(53): CodeIgniter\CodeIgniter->run()
#9 {main}
CRITICAL - 2020-09-25 16:04:44 --> Class 'App\Models\Business_category_model' not found
#0 /home/krishna/Desktop/ether/system/CodeIgniter.php(882): App\Controllers\BusinessCategory->__construct()
#1 /home/krishna/Desktop/ether/system/CodeIgniter.php(393): CodeIgniter\CodeIgniter->createController()
#2 /home/krishna/Desktop/ether/system/CodeIgniter.php(306): CodeIgniter\CodeIgniter->handleRequest()
#3 /home/krishna/Desktop/ether/index.php(53): CodeIgniter\CodeIgniter->run()
#4 {main}
CRITICAL - 2020-09-25 16:13:33 --> Invalid argument supplied for foreach()
#0 /home/krishna/Desktop/ether/app/Views/admin/category.php(104): CodeIgniter\Debug\Exceptions->errorHandler()
#1 /home/krishna/Desktop/ether/system/View/View.php(236): include('/home/krishna/D...')
#2 /home/krishna/Desktop/ether/system/Common.php(1071): CodeIgniter\View\View->render()
#3 /home/krishna/Desktop/ether/app/Controllers/Category.php(24): view()
#4 /home/krishna/Desktop/ether/system/CodeIgniter.php(910): App\Controllers\Category->index()
#5 /home/krishna/Desktop/ether/system/CodeIgniter.php(398): CodeIgniter\CodeIgniter->runController()
#6 /home/krishna/Desktop/ether/system/CodeIgniter.php(306): CodeIgniter\CodeIgniter->handleRequest()
#7 /home/krishna/Desktop/ether/index.php(53): CodeIgniter\CodeIgniter->run()
#8 {main}
CRITICAL - 2020-09-25 16:26:25 --> Invalid file: {0}
#0 /home/krishna/Desktop/ether/system/View/View.php(224): CodeIgniter\Exceptions\FrameworkException::forInvalidFile()
#1 /home/krishna/Desktop/ether/system/Common.php(1071): CodeIgniter\View\View->render()
#2 /home/krishna/Desktop/ether/app/Controllers/Type.php(24): view()
#3 /home/krishna/Desktop/ether/system/CodeIgniter.php(910): App\Controllers\Type->index()
#4 /home/krishna/Desktop/ether/system/CodeIgniter.php(398): CodeIgniter\CodeIgniter->runController()
#5 /home/krishna/Desktop/ether/system/CodeIgniter.php(306): CodeIgniter\CodeIgniter->handleRequest()
#6 /home/krishna/Desktop/ether/index.php(53): CodeIgniter\CodeIgniter->run()
#7 {main}
CRITICAL - 2020-09-25 16:39:21 --> Table 'ether.service_category' doesn't exist
#0 /home/krishna/Desktop/ether/system/Database/MySQLi/Connection.php(330): mysqli->query()
#1 /home/krishna/Desktop/ether/system/Database/BaseConnection.php(738): CodeIgniter\Database\MySQLi\Connection->execute()
#2 /home/krishna/Desktop/ether/system/Database/BaseConnection.php(666): CodeIgniter\Database\BaseConnection->simpleQuery()
#3 /home/krishna/Desktop/ether/system/Model.php(1698): CodeIgniter\Database\BaseConnection->query()
#4 /home/krishna/Desktop/ether/app/Controllers/ServiceCategory.php(23): CodeIgniter\Model->__call()
#5 /home/krishna/Desktop/ether/system/CodeIgniter.php(910): App\Controllers\ServiceCategory->index()
#6 /home/krishna/Desktop/ether/system/CodeIgniter.php(398): CodeIgniter\CodeIgniter->runController()
#7 /home/krishna/Desktop/ether/system/CodeIgniter.php(306): CodeIgniter\CodeIgniter->handleRequest()
#8 /home/krishna/Desktop/ether/index.php(53): CodeIgniter\CodeIgniter->run()
#9 {main}
CRITICAL - 2020-09-25 16:51:39 --> Invalid argument supplied for foreach()
#0 /home/krishna/Desktop/ether/app/Controllers/Admin.php(120): CodeIgniter\Debug\Exceptions->errorHandler()
#1 /home/krishna/Desktop/ether/system/CodeIgniter.php(910): App\Controllers\Admin->save_rights()
#2 /home/krishna/Desktop/ether/system/CodeIgniter.php(398): CodeIgniter\CodeIgniter->runController()
#3 /home/krishna/Desktop/ether/system/CodeIgniter.php(306): CodeIgniter\CodeIgniter->handleRequest()
#4 /home/krishna/Desktop/ether/index.php(53): CodeIgniter\CodeIgniter->run()
#5 {main}
CRITICAL - 2020-09-25 16:51:40 --> Invalid argument supplied for foreach()
#0 /home/krishna/Desktop/ether/app/Controllers/Admin.php(120): CodeIgniter\Debug\Exceptions->errorHandler()
#1 /home/krishna/Desktop/ether/system/CodeIgniter.php(910): App\Controllers\Admin->save_rights()
#2 /home/krishna/Desktop/ether/system/CodeIgniter.php(398): CodeIgniter\CodeIgniter->runController()
#3 /home/krishna/Desktop/ether/system/CodeIgniter.php(306): CodeIgniter\CodeIgniter->handleRequest()
#4 /home/krishna/Desktop/ether/index.php(53): CodeIgniter\CodeIgniter->run()
#5 {main}
CRITICAL - 2020-09-25 16:51:41 --> Invalid argument supplied for foreach()
#0 /home/krishna/Desktop/ether/app/Controllers/Admin.php(120): CodeIgniter\Debug\Exceptions->errorHandler()
#1 /home/krishna/Desktop/ether/system/CodeIgniter.php(910): App\Controllers\Admin->save_rights()
#2 /home/krishna/Desktop/ether/system/CodeIgniter.php(398): CodeIgniter\CodeIgniter->runController()
#3 /home/krishna/Desktop/ether/system/CodeIgniter.php(306): CodeIgniter\CodeIgniter->handleRequest()
#4 /home/krishna/Desktop/ether/index.php(53): CodeIgniter\CodeIgniter->run()
#5 {main}
CRITICAL - 2020-09-25 16:51:41 --> Invalid argument supplied for foreach()
#0 /home/krishna/Desktop/ether/app/Controllers/Admin.php(120): CodeIgniter\Debug\Exceptions->errorHandler()
#1 /home/krishna/Desktop/ether/system/CodeIgniter.php(910): App\Controllers\Admin->save_rights()
#2 /home/krishna/Desktop/ether/system/CodeIgniter.php(398): CodeIgniter\CodeIgniter->runController()
#3 /home/krishna/Desktop/ether/system/CodeIgniter.php(306): CodeIgniter\CodeIgniter->handleRequest()
#4 /home/krishna/Desktop/ether/index.php(53): CodeIgniter\CodeIgniter->run()
#5 {main}
CRITICAL - 2020-09-25 16:51:41 --> Invalid argument supplied for foreach()
#0 /home/krishna/Desktop/ether/app/Controllers/Admin.php(120): CodeIgniter\Debug\Exceptions->errorHandler()
#1 /home/krishna/Desktop/ether/system/CodeIgniter.php(910): App\Controllers\Admin->save_rights()
#2 /home/krishna/Desktop/ether/system/CodeIgniter.php(398): CodeIgniter\CodeIgniter->runController()
#3 /home/krishna/Desktop/ether/system/CodeIgniter.php(306): CodeIgniter\CodeIgniter->handleRequest()
#4 /home/krishna/Desktop/ether/index.php(53): CodeIgniter\CodeIgniter->run()
#5 {main}
CRITICAL - 2020-09-25 16:51:42 --> Invalid argument supplied for foreach()
#0 /home/krishna/Desktop/ether/app/Controllers/Admin.php(120): CodeIgniter\Debug\Exceptions->errorHandler()
#1 /home/krishna/Desktop/ether/system/CodeIgniter.php(910): App\Controllers\Admin->save_rights()
#2 /home/krishna/Desktop/ether/system/CodeIgniter.php(398): CodeIgniter\CodeIgniter->runController()
#3 /home/krishna/Desktop/ether/system/CodeIgniter.php(306): CodeIgniter\CodeIgniter->handleRequest()
#4 /home/krishna/Desktop/ether/index.php(53): CodeIgniter\CodeIgniter->run()
#5 {main}
CRITICAL - 2020-09-25 17:12:35 --> Class 'App\Models\Subscription_model' not found
#0 /home/krishna/Desktop/ether/system/CodeIgniter.php(882): App\Controllers\subscription->__construct()
#1 /home/krishna/Desktop/ether/system/CodeIgniter.php(393): CodeIgniter\CodeIgniter->createController()
#2 /home/krishna/Desktop/ether/system/CodeIgniter.php(306): CodeIgniter\CodeIgniter->handleRequest()
#3 /home/krishna/Desktop/ether/index.php(53): CodeIgniter\CodeIgniter->run()
#4 {main}
