CRITICAL - 2020-12-08 07:54:00 --> Column 'token' cannot be null
#0 /home/kriishna/vegetable.krishnasoftweb.com/system/Database/MySQLi/Connection.php(330): mysqli->query('INSERT INTO `cu...')
#1 /home/kriishna/vegetable.krishnasoftweb.com/system/Database/BaseConnection.php(738): CodeIgniter\Database\MySQLi\Connection->execute('INSERT INTO `cu...')
#2 /home/kriishna/vegetable.krishnasoftweb.com/system/Database/BaseConnection.php(666): CodeIgniter\Database\BaseConnection->simpleQuery('INSERT INTO `cu...')
#3 /home/kriishna/vegetable.krishnasoftweb.com/system/Database/BaseBuilder.php(2206): CodeIgniter\Database\BaseConnection->query('INSERT INTO `cu...', Array, false)
#4 /home/kriishna/vegetable.krishnasoftweb.com/system/Model.php(722): CodeIgniter\Database\BaseBuilder->insert()
#5 /home/kriishna/vegetable.krishnasoftweb.com/system/Model.php(550): CodeIgniter\Model->insert(Array, false)
#6 /home/kriishna/vegetable.krishnasoftweb.com/app/Controllers/Api.php(213): CodeIgniter\Model->save(Array)
#7 /home/kriishna/vegetable.krishnasoftweb.com/system/CodeIgniter.php(910): App\Controllers\Api->customer('signup')
#8 /home/kriishna/vegetable.krishnasoftweb.com/system/CodeIgniter.php(398): CodeIgniter\CodeIgniter->runController(Object(App\Controllers\Api))
#9 /home/kriishna/vegetable.krishnasoftweb.com/system/CodeIgniter.php(306): CodeIgniter\CodeIgniter->handleRequest(NULL, Object(Config\Cache), false)
#10 /home/kriishna/vegetable.krishnasoftweb.com/index.php(53): CodeIgniter\CodeIgniter->run()
#11 {main}
CRITICAL - 2020-12-08 11:16:33 --> Column 'category_id' cannot be null
#0 /home/kriishna/vegetable.krishnasoftweb.com/system/Database/MySQLi/Connection.php(330): mysqli->query('INSERT INTO `pr...')
#1 /home/kriishna/vegetable.krishnasoftweb.com/system/Database/BaseConnection.php(738): CodeIgniter\Database\MySQLi\Connection->execute('INSERT INTO `pr...')
#2 /home/kriishna/vegetable.krishnasoftweb.com/system/Database/BaseConnection.php(666): CodeIgniter\Database\BaseConnection->simpleQuery('INSERT INTO `pr...')
#3 /home/kriishna/vegetable.krishnasoftweb.com/system/Database/BaseBuilder.php(2206): CodeIgniter\Database\BaseConnection->query('INSERT INTO `pr...', Array, false)
#4 /home/kriishna/vegetable.krishnasoftweb.com/system/Model.php(722): CodeIgniter\Database\BaseBuilder->insert()
#5 /home/kriishna/vegetable.krishnasoftweb.com/system/Model.php(550): CodeIgniter\Model->insert(Array, false)
#6 /home/kriishna/vegetable.krishnasoftweb.com/app/Controllers/Product.php(60): CodeIgniter\Model->save(Array)
#7 /home/kriishna/vegetable.krishnasoftweb.com/system/CodeIgniter.php(910): App\Controllers\Product->insert()
#8 /home/kriishna/vegetable.krishnasoftweb.com/system/CodeIgniter.php(398): CodeIgniter\CodeIgniter->runController(Object(App\Controllers\Product))
#9 /home/kriishna/vegetable.krishnasoftweb.com/system/CodeIgniter.php(306): CodeIgniter\CodeIgniter->handleRequest(NULL, Object(Config\Cache), false)
#10 /home/kriishna/vegetable.krishnasoftweb.com/index.php(53): CodeIgniter\CodeIgniter->run()
#11 {main}
CRITICAL - 2020-12-08 11:23:33 --> Column 'category_id' cannot be null
#0 /home/kriishna/vegetable.krishnasoftweb.com/system/Database/MySQLi/Connection.php(330): mysqli->query('INSERT INTO `pr...')
#1 /home/kriishna/vegetable.krishnasoftweb.com/system/Database/BaseConnection.php(738): CodeIgniter\Database\MySQLi\Connection->execute('INSERT INTO `pr...')
#2 /home/kriishna/vegetable.krishnasoftweb.com/system/Database/BaseConnection.php(666): CodeIgniter\Database\BaseConnection->simpleQuery('INSERT INTO `pr...')
#3 /home/kriishna/vegetable.krishnasoftweb.com/system/Database/BaseBuilder.php(2206): CodeIgniter\Database\BaseConnection->query('INSERT INTO `pr...', Array, false)
#4 /home/kriishna/vegetable.krishnasoftweb.com/system/Model.php(722): CodeIgniter\Database\BaseBuilder->insert()
#5 /home/kriishna/vegetable.krishnasoftweb.com/system/Model.php(550): CodeIgniter\Model->insert(Array, false)
#6 /home/kriishna/vegetable.krishnasoftweb.com/app/Controllers/Product.php(60): CodeIgniter\Model->save(Array)
#7 /home/kriishna/vegetable.krishnasoftweb.com/system/CodeIgniter.php(910): App\Controllers\Product->insert()
#8 /home/kriishna/vegetable.krishnasoftweb.com/system/CodeIgniter.php(398): CodeIgniter\CodeIgniter->runController(Object(App\Controllers\Product))
#9 /home/kriishna/vegetable.krishnasoftweb.com/system/CodeIgniter.php(306): CodeIgniter\CodeIgniter->handleRequest(NULL, Object(Config\Cache), false)
#10 /home/kriishna/vegetable.krishnasoftweb.com/index.php(53): CodeIgniter\CodeIgniter->run()
#11 {main}
CRITICAL - 2020-12-08 11:25:28 --> Column 'category_id' cannot be null
#0 /home/kriishna/vegetable.krishnasoftweb.com/system/Database/MySQLi/Connection.php(330): mysqli->query('INSERT INTO `pr...')
#1 /home/kriishna/vegetable.krishnasoftweb.com/system/Database/BaseConnection.php(738): CodeIgniter\Database\MySQLi\Connection->execute('INSERT INTO `pr...')
#2 /home/kriishna/vegetable.krishnasoftweb.com/system/Database/BaseConnection.php(666): CodeIgniter\Database\BaseConnection->simpleQuery('INSERT INTO `pr...')
#3 /home/kriishna/vegetable.krishnasoftweb.com/system/Database/BaseBuilder.php(2206): CodeIgniter\Database\BaseConnection->query('INSERT INTO `pr...', Array, false)
#4 /home/kriishna/vegetable.krishnasoftweb.com/system/Model.php(722): CodeIgniter\Database\BaseBuilder->insert()
#5 /home/kriishna/vegetable.krishnasoftweb.com/system/Model.php(550): CodeIgniter\Model->insert(Array, false)
#6 /home/kriishna/vegetable.krishnasoftweb.com/app/Controllers/Product.php(60): CodeIgniter\Model->save(Array)
#7 /home/kriishna/vegetable.krishnasoftweb.com/system/CodeIgniter.php(910): App\Controllers\Product->insert()
#8 /home/kriishna/vegetable.krishnasoftweb.com/system/CodeIgniter.php(398): CodeIgniter\CodeIgniter->runController(Object(App\Controllers\Product))
#9 /home/kriishna/vegetable.krishnasoftweb.com/system/CodeIgniter.php(306): CodeIgniter\CodeIgniter->handleRequest(NULL, Object(Config\Cache), false)
#10 /home/kriishna/vegetable.krishnasoftweb.com/index.php(53): CodeIgniter\CodeIgniter->run()
#11 {main}
CRITICAL - 2020-12-08 11:25:43 --> Column 'category_id' cannot be null
#0 /home/kriishna/vegetable.krishnasoftweb.com/system/Database/MySQLi/Connection.php(330): mysqli->query('INSERT INTO `pr...')
#1 /home/kriishna/vegetable.krishnasoftweb.com/system/Database/BaseConnection.php(738): CodeIgniter\Database\MySQLi\Connection->execute('INSERT INTO `pr...')
#2 /home/kriishna/vegetable.krishnasoftweb.com/system/Database/BaseConnection.php(666): CodeIgniter\Database\BaseConnection->simpleQuery('INSERT INTO `pr...')
#3 /home/kriishna/vegetable.krishnasoftweb.com/system/Database/BaseBuilder.php(2206): CodeIgniter\Database\BaseConnection->query('INSERT INTO `pr...', Array, false)
#4 /home/kriishna/vegetable.krishnasoftweb.com/system/Model.php(722): CodeIgniter\Database\BaseBuilder->insert()
#5 /home/kriishna/vegetable.krishnasoftweb.com/system/Model.php(550): CodeIgniter\Model->insert(Array, false)
#6 /home/kriishna/vegetable.krishnasoftweb.com/app/Controllers/Product.php(60): CodeIgniter\Model->save(Array)
#7 /home/kriishna/vegetable.krishnasoftweb.com/system/CodeIgniter.php(910): App\Controllers\Product->insert()
#8 /home/kriishna/vegetable.krishnasoftweb.com/system/CodeIgniter.php(398): CodeIgniter\CodeIgniter->runController(Object(App\Controllers\Product))
#9 /home/kriishna/vegetable.krishnasoftweb.com/system/CodeIgniter.php(306): CodeIgniter\CodeIgniter->handleRequest(NULL, Object(Config\Cache), false)
#10 /home/kriishna/vegetable.krishnasoftweb.com/index.php(53): CodeIgniter\CodeIgniter->run()
#11 {main}
