CRITICAL - 2021-01-11 09:11:55 --> Unknown column 'p.capacity' in 'field list'
#0 /home3/saptkri1/admin.saptkrishi.in/system/Database/MySQLi/Connection.php(330): mysqli->query('select c.*, p.c...')
#1 /home3/saptkri1/admin.saptkrishi.in/system/Database/BaseConnection.php(738): CodeIgniter\Database\MySQLi\Connection->execute('select c.*, p.c...')
#2 /home3/saptkri1/admin.saptkrishi.in/system/Database/BaseConnection.php(666): CodeIgniter\Database\BaseConnection->simpleQuery('select c.*, p.c...')
#3 /home3/saptkri1/admin.saptkrishi.in/system/Model.php(1698): CodeIgniter\Database\BaseConnection->query('select c.*, p.c...', Array)
#4 /home3/saptkri1/admin.saptkrishi.in/app/Controllers/Api.php(981): CodeIgniter\Model->__call('query', Array)
#5 /home3/saptkri1/admin.saptkrishi.in/system/CodeIgniter.php(910): App\Controllers\Api->cart('view')
#6 /home3/saptkri1/admin.saptkrishi.in/system/CodeIgniter.php(398): CodeIgniter\CodeIgniter->runController(Object(App\Controllers\Api))
#7 /home3/saptkri1/admin.saptkrishi.in/system/CodeIgniter.php(306): CodeIgniter\CodeIgniter->handleRequest(NULL, Object(Config\Cache), false)
#8 /home3/saptkri1/admin.saptkrishi.in/index.php(53): CodeIgniter\CodeIgniter->run()
#9 {main}
CRITICAL - 2021-01-11 09:13:38 --> Unknown column 'p.capacity' in 'field list'
#0 /home3/saptkri1/admin.saptkrishi.in/system/Database/MySQLi/Connection.php(330): mysqli->query('select c.*, p.c...')
#1 /home3/saptkri1/admin.saptkrishi.in/system/Database/BaseConnection.php(738): CodeIgniter\Database\MySQLi\Connection->execute('select c.*, p.c...')
#2 /home3/saptkri1/admin.saptkrishi.in/system/Database/BaseConnection.php(666): CodeIgniter\Database\BaseConnection->simpleQuery('select c.*, p.c...')
#3 /home3/saptkri1/admin.saptkrishi.in/system/Model.php(1698): CodeIgniter\Database\BaseConnection->query('select c.*, p.c...', Array)
#4 /home3/saptkri1/admin.saptkrishi.in/app/Controllers/Api.php(981): CodeIgniter\Model->__call('query', Array)
#5 /home3/saptkri1/admin.saptkrishi.in/system/CodeIgniter.php(910): App\Controllers\Api->cart('view')
#6 /home3/saptkri1/admin.saptkrishi.in/system/CodeIgniter.php(398): CodeIgniter\CodeIgniter->runController(Object(App\Controllers\Api))
#7 /home3/saptkri1/admin.saptkrishi.in/system/CodeIgniter.php(306): CodeIgniter\CodeIgniter->handleRequest(NULL, Object(Config\Cache), false)
#8 /home3/saptkri1/admin.saptkrishi.in/index.php(53): CodeIgniter\CodeIgniter->run()
#9 {main}
CRITICAL - 2021-01-11 12:10:00 --> Unknown column 'p.capacity' in 'field list'
#0 /home3/saptkri1/admin.saptkrishi.in/system/Database/MySQLi/Connection.php(330): mysqli->query('select c.*, p.c...')
#1 /home3/saptkri1/admin.saptkrishi.in/system/Database/BaseConnection.php(738): CodeIgniter\Database\MySQLi\Connection->execute('select c.*, p.c...')
#2 /home3/saptkri1/admin.saptkrishi.in/system/Database/BaseConnection.php(666): CodeIgniter\Database\BaseConnection->simpleQuery('select c.*, p.c...')
#3 /home3/saptkri1/admin.saptkrishi.in/system/Model.php(1698): CodeIgniter\Database\BaseConnection->query('select c.*, p.c...', Array)
#4 /home3/saptkri1/admin.saptkrishi.in/app/Controllers/Api.php(981): CodeIgniter\Model->__call('query', Array)
#5 /home3/saptkri1/admin.saptkrishi.in/system/CodeIgniter.php(910): App\Controllers\Api->cart('view')
#6 /home3/saptkri1/admin.saptkrishi.in/system/CodeIgniter.php(398): CodeIgniter\CodeIgniter->runController(Object(App\Controllers\Api))
#7 /home3/saptkri1/admin.saptkrishi.in/system/CodeIgniter.php(306): CodeIgniter\CodeIgniter->handleRequest(NULL, Object(Config\Cache), false)
#8 /home3/saptkri1/admin.saptkrishi.in/index.php(53): CodeIgniter\CodeIgniter->run()
#9 {main}
CRITICAL - 2021-01-11 12:52:21 --> Unknown column 'p.capacity' in 'field list'
#0 /home3/saptkri1/admin.saptkrishi.in/system/Database/MySQLi/Connection.php(330): mysqli->query('select c.*, p.c...')
#1 /home3/saptkri1/admin.saptkrishi.in/system/Database/BaseConnection.php(738): CodeIgniter\Database\MySQLi\Connection->execute('select c.*, p.c...')
#2 /home3/saptkri1/admin.saptkrishi.in/system/Database/BaseConnection.php(666): CodeIgniter\Database\BaseConnection->simpleQuery('select c.*, p.c...')
#3 /home3/saptkri1/admin.saptkrishi.in/system/Model.php(1698): CodeIgniter\Database\BaseConnection->query('select c.*, p.c...', Array)
#4 /home3/saptkri1/admin.saptkrishi.in/app/Controllers/Api.php(981): CodeIgniter\Model->__call('query', Array)
#5 /home3/saptkri1/admin.saptkrishi.in/system/CodeIgniter.php(910): App\Controllers\Api->cart('view')
#6 /home3/saptkri1/admin.saptkrishi.in/system/CodeIgniter.php(398): CodeIgniter\CodeIgniter->runController(Object(App\Controllers\Api))
#7 /home3/saptkri1/admin.saptkrishi.in/system/CodeIgniter.php(306): CodeIgniter\CodeIgniter->handleRequest(NULL, Object(Config\Cache), false)
#8 /home3/saptkri1/admin.saptkrishi.in/index.php(53): CodeIgniter\CodeIgniter->run()
#9 {main}
CRITICAL - 2021-01-11 12:53:02 --> Unknown column 'p.capacity' in 'field list'
#0 /home3/saptkri1/admin.saptkrishi.in/system/Database/MySQLi/Connection.php(330): mysqli->query('select c.*, p.c...')
#1 /home3/saptkri1/admin.saptkrishi.in/system/Database/BaseConnection.php(738): CodeIgniter\Database\MySQLi\Connection->execute('select c.*, p.c...')
#2 /home3/saptkri1/admin.saptkrishi.in/system/Database/BaseConnection.php(666): CodeIgniter\Database\BaseConnection->simpleQuery('select c.*, p.c...')
#3 /home3/saptkri1/admin.saptkrishi.in/system/Model.php(1698): CodeIgniter\Database\BaseConnection->query('select c.*, p.c...', Array)
#4 /home3/saptkri1/admin.saptkrishi.in/app/Controllers/Api.php(981): CodeIgniter\Model->__call('query', Array)
#5 /home3/saptkri1/admin.saptkrishi.in/system/CodeIgniter.php(910): App\Controllers\Api->cart('view')
#6 /home3/saptkri1/admin.saptkrishi.in/system/CodeIgniter.php(398): CodeIgniter\CodeIgniter->runController(Object(App\Controllers\Api))
#7 /home3/saptkri1/admin.saptkrishi.in/system/CodeIgniter.php(306): CodeIgniter\CodeIgniter->handleRequest(NULL, Object(Config\Cache), false)
#8 /home3/saptkri1/admin.saptkrishi.in/index.php(53): CodeIgniter\CodeIgniter->run()
#9 {main}
CRITICAL - 2021-01-11 13:40:16 --> Unknown column 'p.capacity' in 'field list'
#0 /home3/saptkri1/admin.saptkrishi.in/system/Database/MySQLi/Connection.php(330): mysqli->query('select c.*, p.c...')
#1 /home3/saptkri1/admin.saptkrishi.in/system/Database/BaseConnection.php(738): CodeIgniter\Database\MySQLi\Connection->execute('select c.*, p.c...')
#2 /home3/saptkri1/admin.saptkrishi.in/system/Database/BaseConnection.php(666): CodeIgniter\Database\BaseConnection->simpleQuery('select c.*, p.c...')
#3 /home3/saptkri1/admin.saptkrishi.in/system/Model.php(1698): CodeIgniter\Database\BaseConnection->query('select c.*, p.c...', Array)
#4 /home3/saptkri1/admin.saptkrishi.in/app/Controllers/Api.php(981): CodeIgniter\Model->__call('query', Array)
#5 /home3/saptkri1/admin.saptkrishi.in/system/CodeIgniter.php(910): App\Controllers\Api->cart('view')
#6 /home3/saptkri1/admin.saptkrishi.in/system/CodeIgniter.php(398): CodeIgniter\CodeIgniter->runController(Object(App\Controllers\Api))
#7 /home3/saptkri1/admin.saptkrishi.in/system/CodeIgniter.php(306): CodeIgniter\CodeIgniter->handleRequest(NULL, Object(Config\Cache), false)
#8 /home3/saptkri1/admin.saptkrishi.in/index.php(53): CodeIgniter\CodeIgniter->run()
#9 {main}
CRITICAL - 2021-01-11 13:40:47 --> Unknown column 'p.capacity' in 'field list'
#0 /home3/saptkri1/admin.saptkrishi.in/system/Database/MySQLi/Connection.php(330): mysqli->query('select c.*, p.c...')
#1 /home3/saptkri1/admin.saptkrishi.in/system/Database/BaseConnection.php(738): CodeIgniter\Database\MySQLi\Connection->execute('select c.*, p.c...')
#2 /home3/saptkri1/admin.saptkrishi.in/system/Database/BaseConnection.php(666): CodeIgniter\Database\BaseConnection->simpleQuery('select c.*, p.c...')
#3 /home3/saptkri1/admin.saptkrishi.in/system/Model.php(1698): CodeIgniter\Database\BaseConnection->query('select c.*, p.c...', Array)
#4 /home3/saptkri1/admin.saptkrishi.in/app/Controllers/Api.php(981): CodeIgniter\Model->__call('query', Array)
#5 /home3/saptkri1/admin.saptkrishi.in/system/CodeIgniter.php(910): App\Controllers\Api->cart('view')
#6 /home3/saptkri1/admin.saptkrishi.in/system/CodeIgniter.php(398): CodeIgniter\CodeIgniter->runController(Object(App\Controllers\Api))
#7 /home3/saptkri1/admin.saptkrishi.in/system/CodeIgniter.php(306): CodeIgniter\CodeIgniter->handleRequest(NULL, Object(Config\Cache), false)
#8 /home3/saptkri1/admin.saptkrishi.in/index.php(53): CodeIgniter\CodeIgniter->run()
#9 {main}
CRITICAL - 2021-01-11 13:43:08 --> Unknown column 'p.capacity' in 'field list'
#0 /home3/saptkri1/admin.saptkrishi.in/system/Database/MySQLi/Connection.php(330): mysqli->query('select c.*, p.c...')
#1 /home3/saptkri1/admin.saptkrishi.in/system/Database/BaseConnection.php(738): CodeIgniter\Database\MySQLi\Connection->execute('select c.*, p.c...')
#2 /home3/saptkri1/admin.saptkrishi.in/system/Database/BaseConnection.php(666): CodeIgniter\Database\BaseConnection->simpleQuery('select c.*, p.c...')
#3 /home3/saptkri1/admin.saptkrishi.in/system/Model.php(1698): CodeIgniter\Database\BaseConnection->query('select c.*, p.c...', Array)
#4 /home3/saptkri1/admin.saptkrishi.in/app/Controllers/Api.php(981): CodeIgniter\Model->__call('query', Array)
#5 /home3/saptkri1/admin.saptkrishi.in/system/CodeIgniter.php(910): App\Controllers\Api->cart('view')
#6 /home3/saptkri1/admin.saptkrishi.in/system/CodeIgniter.php(398): CodeIgniter\CodeIgniter->runController(Object(App\Controllers\Api))
#7 /home3/saptkri1/admin.saptkrishi.in/system/CodeIgniter.php(306): CodeIgniter\CodeIgniter->handleRequest(NULL, Object(Config\Cache), false)
#8 /home3/saptkri1/admin.saptkrishi.in/index.php(53): CodeIgniter\CodeIgniter->run()
#9 {main}
CRITICAL - 2021-01-11 16:19:09 --> Unknown column 'p.capacity' in 'field list'
#0 /home3/saptkri1/admin.saptkrishi.in/system/Database/MySQLi/Connection.php(330): mysqli->query('select c.*, p.c...')
#1 /home3/saptkri1/admin.saptkrishi.in/system/Database/BaseConnection.php(738): CodeIgniter\Database\MySQLi\Connection->execute('select c.*, p.c...')
#2 /home3/saptkri1/admin.saptkrishi.in/system/Database/BaseConnection.php(666): CodeIgniter\Database\BaseConnection->simpleQuery('select c.*, p.c...')
#3 /home3/saptkri1/admin.saptkrishi.in/system/Model.php(1698): CodeIgniter\Database\BaseConnection->query('select c.*, p.c...', Array)
#4 /home3/saptkri1/admin.saptkrishi.in/app/Controllers/Api.php(981): CodeIgniter\Model->__call('query', Array)
#5 /home3/saptkri1/admin.saptkrishi.in/system/CodeIgniter.php(910): App\Controllers\Api->cart('view')
#6 /home3/saptkri1/admin.saptkrishi.in/system/CodeIgniter.php(398): CodeIgniter\CodeIgniter->runController(Object(App\Controllers\Api))
#7 /home3/saptkri1/admin.saptkrishi.in/system/CodeIgniter.php(306): CodeIgniter\CodeIgniter->handleRequest(NULL, Object(Config\Cache), false)
#8 /home3/saptkri1/admin.saptkrishi.in/index.php(53): CodeIgniter\CodeIgniter->run()
#9 {main}
CRITICAL - 2021-01-11 16:23:17 --> Unknown column 'p.capacity' in 'field list'
#0 /home3/saptkri1/admin.saptkrishi.in/system/Database/MySQLi/Connection.php(330): mysqli->query('select c.*, p.c...')
#1 /home3/saptkri1/admin.saptkrishi.in/system/Database/BaseConnection.php(738): CodeIgniter\Database\MySQLi\Connection->execute('select c.*, p.c...')
#2 /home3/saptkri1/admin.saptkrishi.in/system/Database/BaseConnection.php(666): CodeIgniter\Database\BaseConnection->simpleQuery('select c.*, p.c...')
#3 /home3/saptkri1/admin.saptkrishi.in/system/Model.php(1698): CodeIgniter\Database\BaseConnection->query('select c.*, p.c...', Array)
#4 /home3/saptkri1/admin.saptkrishi.in/app/Controllers/Api.php(981): CodeIgniter\Model->__call('query', Array)
#5 /home3/saptkri1/admin.saptkrishi.in/system/CodeIgniter.php(910): App\Controllers\Api->cart('view')
#6 /home3/saptkri1/admin.saptkrishi.in/system/CodeIgniter.php(398): CodeIgniter\CodeIgniter->runController(Object(App\Controllers\Api))
#7 /home3/saptkri1/admin.saptkrishi.in/system/CodeIgniter.php(306): CodeIgniter\CodeIgniter->handleRequest(NULL, Object(Config\Cache), false)
#8 /home3/saptkri1/admin.saptkrishi.in/index.php(53): CodeIgniter\CodeIgniter->run()
#9 {main}
CRITICAL - 2021-01-11 17:24:57 --> Unknown column 'p.capacity' in 'field list'
#0 /home3/saptkri1/admin.saptkrishi.in/system/Database/MySQLi/Connection.php(330): mysqli->query('select c.*, p.c...')
#1 /home3/saptkri1/admin.saptkrishi.in/system/Database/BaseConnection.php(738): CodeIgniter\Database\MySQLi\Connection->execute('select c.*, p.c...')
#2 /home3/saptkri1/admin.saptkrishi.in/system/Database/BaseConnection.php(666): CodeIgniter\Database\BaseConnection->simpleQuery('select c.*, p.c...')
#3 /home3/saptkri1/admin.saptkrishi.in/system/Model.php(1698): CodeIgniter\Database\BaseConnection->query('select c.*, p.c...', Array)
#4 /home3/saptkri1/admin.saptkrishi.in/app/Controllers/Api.php(981): CodeIgniter\Model->__call('query', Array)
#5 /home3/saptkri1/admin.saptkrishi.in/system/CodeIgniter.php(910): App\Controllers\Api->cart('view')
#6 /home3/saptkri1/admin.saptkrishi.in/system/CodeIgniter.php(398): CodeIgniter\CodeIgniter->runController(Object(App\Controllers\Api))
#7 /home3/saptkri1/admin.saptkrishi.in/system/CodeIgniter.php(306): CodeIgniter\CodeIgniter->handleRequest(NULL, Object(Config\Cache), false)
#8 /home3/saptkri1/admin.saptkrishi.in/index.php(53): CodeIgniter\CodeIgniter->run()
#9 {main}
CRITICAL - 2021-01-11 17:32:23 --> Unknown column 'p.capacity' in 'field list'
#0 /home3/saptkri1/admin.saptkrishi.in/system/Database/MySQLi/Connection.php(330): mysqli->query('select c.*, p.c...')
#1 /home3/saptkri1/admin.saptkrishi.in/system/Database/BaseConnection.php(738): CodeIgniter\Database\MySQLi\Connection->execute('select c.*, p.c...')
#2 /home3/saptkri1/admin.saptkrishi.in/system/Database/BaseConnection.php(666): CodeIgniter\Database\BaseConnection->simpleQuery('select c.*, p.c...')
#3 /home3/saptkri1/admin.saptkrishi.in/system/Model.php(1698): CodeIgniter\Database\BaseConnection->query('select c.*, p.c...', Array)
#4 /home3/saptkri1/admin.saptkrishi.in/app/Controllers/Api.php(981): CodeIgniter\Model->__call('query', Array)
#5 /home3/saptkri1/admin.saptkrishi.in/system/CodeIgniter.php(910): App\Controllers\Api->cart('view')
#6 /home3/saptkri1/admin.saptkrishi.in/system/CodeIgniter.php(398): CodeIgniter\CodeIgniter->runController(Object(App\Controllers\Api))
#7 /home3/saptkri1/admin.saptkrishi.in/system/CodeIgniter.php(306): CodeIgniter\CodeIgniter->handleRequest(NULL, Object(Config\Cache), false)
#8 /home3/saptkri1/admin.saptkrishi.in/index.php(53): CodeIgniter\CodeIgniter->run()
#9 {main}
CRITICAL - 2021-01-11 19:09:00 --> Unknown column 'p.capacity' in 'field list'
#0 /home3/saptkri1/admin.saptkrishi.in/system/Database/MySQLi/Connection.php(330): mysqli->query('select c.*, p.c...')
#1 /home3/saptkri1/admin.saptkrishi.in/system/Database/BaseConnection.php(738): CodeIgniter\Database\MySQLi\Connection->execute('select c.*, p.c...')
#2 /home3/saptkri1/admin.saptkrishi.in/system/Database/BaseConnection.php(666): CodeIgniter\Database\BaseConnection->simpleQuery('select c.*, p.c...')
#3 /home3/saptkri1/admin.saptkrishi.in/system/Model.php(1698): CodeIgniter\Database\BaseConnection->query('select c.*, p.c...', Array)
#4 /home3/saptkri1/admin.saptkrishi.in/app/Controllers/Api.php(981): CodeIgniter\Model->__call('query', Array)
#5 /home3/saptkri1/admin.saptkrishi.in/system/CodeIgniter.php(910): App\Controllers\Api->cart('view')
#6 /home3/saptkri1/admin.saptkrishi.in/system/CodeIgniter.php(398): CodeIgniter\CodeIgniter->runController(Object(App\Controllers\Api))
#7 /home3/saptkri1/admin.saptkrishi.in/system/CodeIgniter.php(306): CodeIgniter\CodeIgniter->handleRequest(NULL, Object(Config\Cache), false)
#8 /home3/saptkri1/admin.saptkrishi.in/index.php(53): CodeIgniter\CodeIgniter->run()
#9 {main}
CRITICAL - 2021-01-11 20:27:44 --> Unknown column 'p.capacity' in 'field list'
#0 /home3/saptkri1/admin.saptkrishi.in/system/Database/MySQLi/Connection.php(330): mysqli->query('select c.*, p.c...')
#1 /home3/saptkri1/admin.saptkrishi.in/system/Database/BaseConnection.php(738): CodeIgniter\Database\MySQLi\Connection->execute('select c.*, p.c...')
#2 /home3/saptkri1/admin.saptkrishi.in/system/Database/BaseConnection.php(666): CodeIgniter\Database\BaseConnection->simpleQuery('select c.*, p.c...')
#3 /home3/saptkri1/admin.saptkrishi.in/system/Model.php(1698): CodeIgniter\Database\BaseConnection->query('select c.*, p.c...', Array)
#4 /home3/saptkri1/admin.saptkrishi.in/app/Controllers/Api.php(981): CodeIgniter\Model->__call('query', Array)
#5 /home3/saptkri1/admin.saptkrishi.in/system/CodeIgniter.php(910): App\Controllers\Api->cart('view')
#6 /home3/saptkri1/admin.saptkrishi.in/system/CodeIgniter.php(398): CodeIgniter\CodeIgniter->runController(Object(App\Controllers\Api))
#7 /home3/saptkri1/admin.saptkrishi.in/system/CodeIgniter.php(306): CodeIgniter\CodeIgniter->handleRequest(NULL, Object(Config\Cache), false)
#8 /home3/saptkri1/admin.saptkrishi.in/index.php(53): CodeIgniter\CodeIgniter->run()
#9 {main}
CRITICAL - 2021-01-11 20:28:19 --> Unknown column 'p.capacity' in 'field list'
#0 /home3/saptkri1/admin.saptkrishi.in/system/Database/MySQLi/Connection.php(330): mysqli->query('select c.*, p.c...')
#1 /home3/saptkri1/admin.saptkrishi.in/system/Database/BaseConnection.php(738): CodeIgniter\Database\MySQLi\Connection->execute('select c.*, p.c...')
#2 /home3/saptkri1/admin.saptkrishi.in/system/Database/BaseConnection.php(666): CodeIgniter\Database\BaseConnection->simpleQuery('select c.*, p.c...')
#3 /home3/saptkri1/admin.saptkrishi.in/system/Model.php(1698): CodeIgniter\Database\BaseConnection->query('select c.*, p.c...', Array)
#4 /home3/saptkri1/admin.saptkrishi.in/app/Controllers/Api.php(981): CodeIgniter\Model->__call('query', Array)
#5 /home3/saptkri1/admin.saptkrishi.in/system/CodeIgniter.php(910): App\Controllers\Api->cart('view')
#6 /home3/saptkri1/admin.saptkrishi.in/system/CodeIgniter.php(398): CodeIgniter\CodeIgniter->runController(Object(App\Controllers\Api))
#7 /home3/saptkri1/admin.saptkrishi.in/system/CodeIgniter.php(306): CodeIgniter\CodeIgniter->handleRequest(NULL, Object(Config\Cache), false)
#8 /home3/saptkri1/admin.saptkrishi.in/index.php(53): CodeIgniter\CodeIgniter->run()
#9 {main}
CRITICAL - 2021-01-11 20:29:35 --> Unknown column 'p.capacity' in 'field list'
#0 /home3/saptkri1/admin.saptkrishi.in/system/Database/MySQLi/Connection.php(330): mysqli->query('select c.*, p.c...')
#1 /home3/saptkri1/admin.saptkrishi.in/system/Database/BaseConnection.php(738): CodeIgniter\Database\MySQLi\Connection->execute('select c.*, p.c...')
#2 /home3/saptkri1/admin.saptkrishi.in/system/Database/BaseConnection.php(666): CodeIgniter\Database\BaseConnection->simpleQuery('select c.*, p.c...')
#3 /home3/saptkri1/admin.saptkrishi.in/system/Model.php(1698): CodeIgniter\Database\BaseConnection->query('select c.*, p.c...', Array)
#4 /home3/saptkri1/admin.saptkrishi.in/app/Controllers/Api.php(981): CodeIgniter\Model->__call('query', Array)
#5 /home3/saptkri1/admin.saptkrishi.in/system/CodeIgniter.php(910): App\Controllers\Api->cart('view')
#6 /home3/saptkri1/admin.saptkrishi.in/system/CodeIgniter.php(398): CodeIgniter\CodeIgniter->runController(Object(App\Controllers\Api))
#7 /home3/saptkri1/admin.saptkrishi.in/system/CodeIgniter.php(306): CodeIgniter\CodeIgniter->handleRequest(NULL, Object(Config\Cache), false)
#8 /home3/saptkri1/admin.saptkrishi.in/index.php(53): CodeIgniter\CodeIgniter->run()
#9 {main}
CRITICAL - 2021-01-11 21:19:05 --> Unknown column 'p.capacity' in 'field list'
#0 /home3/saptkri1/admin.saptkrishi.in/system/Database/MySQLi/Connection.php(330): mysqli->query('select c.*, p.c...')
#1 /home3/saptkri1/admin.saptkrishi.in/system/Database/BaseConnection.php(738): CodeIgniter\Database\MySQLi\Connection->execute('select c.*, p.c...')
#2 /home3/saptkri1/admin.saptkrishi.in/system/Database/BaseConnection.php(666): CodeIgniter\Database\BaseConnection->simpleQuery('select c.*, p.c...')
#3 /home3/saptkri1/admin.saptkrishi.in/system/Model.php(1698): CodeIgniter\Database\BaseConnection->query('select c.*, p.c...', Array)
#4 /home3/saptkri1/admin.saptkrishi.in/app/Controllers/Api.php(981): CodeIgniter\Model->__call('query', Array)
#5 /home3/saptkri1/admin.saptkrishi.in/system/CodeIgniter.php(910): App\Controllers\Api->cart('view')
#6 /home3/saptkri1/admin.saptkrishi.in/system/CodeIgniter.php(398): CodeIgniter\CodeIgniter->runController(Object(App\Controllers\Api))
#7 /home3/saptkri1/admin.saptkrishi.in/system/CodeIgniter.php(306): CodeIgniter\CodeIgniter->handleRequest(NULL, Object(Config\Cache), false)
#8 /home3/saptkri1/admin.saptkrishi.in/index.php(53): CodeIgniter\CodeIgniter->run()
#9 {main}
CRITICAL - 2021-01-11 21:21:31 --> Unknown column 'p.capacity' in 'field list'
#0 /home3/saptkri1/admin.saptkrishi.in/system/Database/MySQLi/Connection.php(330): mysqli->query('select c.*, p.c...')
#1 /home3/saptkri1/admin.saptkrishi.in/system/Database/BaseConnection.php(738): CodeIgniter\Database\MySQLi\Connection->execute('select c.*, p.c...')
#2 /home3/saptkri1/admin.saptkrishi.in/system/Database/BaseConnection.php(666): CodeIgniter\Database\BaseConnection->simpleQuery('select c.*, p.c...')
#3 /home3/saptkri1/admin.saptkrishi.in/system/Model.php(1698): CodeIgniter\Database\BaseConnection->query('select c.*, p.c...', Array)
#4 /home3/saptkri1/admin.saptkrishi.in/app/Controllers/Api.php(981): CodeIgniter\Model->__call('query', Array)
#5 /home3/saptkri1/admin.saptkrishi.in/system/CodeIgniter.php(910): App\Controllers\Api->cart('view')
#6 /home3/saptkri1/admin.saptkrishi.in/system/CodeIgniter.php(398): CodeIgniter\CodeIgniter->runController(Object(App\Controllers\Api))
#7 /home3/saptkri1/admin.saptkrishi.in/system/CodeIgniter.php(306): CodeIgniter\CodeIgniter->handleRequest(NULL, Object(Config\Cache), false)
#8 /home3/saptkri1/admin.saptkrishi.in/index.php(53): CodeIgniter\CodeIgniter->run()
#9 {main}
CRITICAL - 2021-01-11 21:25:23 --> Unknown column 'p.capacity' in 'field list'
#0 /home3/saptkri1/admin.saptkrishi.in/system/Database/MySQLi/Connection.php(330): mysqli->query('select c.*, p.c...')
#1 /home3/saptkri1/admin.saptkrishi.in/system/Database/BaseConnection.php(738): CodeIgniter\Database\MySQLi\Connection->execute('select c.*, p.c...')
#2 /home3/saptkri1/admin.saptkrishi.in/system/Database/BaseConnection.php(666): CodeIgniter\Database\BaseConnection->simpleQuery('select c.*, p.c...')
#3 /home3/saptkri1/admin.saptkrishi.in/system/Model.php(1698): CodeIgniter\Database\BaseConnection->query('select c.*, p.c...', Array)
#4 /home3/saptkri1/admin.saptkrishi.in/app/Controllers/Api.php(981): CodeIgniter\Model->__call('query', Array)
#5 /home3/saptkri1/admin.saptkrishi.in/system/CodeIgniter.php(910): App\Controllers\Api->cart('view')
#6 /home3/saptkri1/admin.saptkrishi.in/system/CodeIgniter.php(398): CodeIgniter\CodeIgniter->runController(Object(App\Controllers\Api))
#7 /home3/saptkri1/admin.saptkrishi.in/system/CodeIgniter.php(306): CodeIgniter\CodeIgniter->handleRequest(NULL, Object(Config\Cache), false)
#8 /home3/saptkri1/admin.saptkrishi.in/index.php(53): CodeIgniter\CodeIgniter->run()
#9 {main}
