CRITICAL - 2020-11-21 12:06:53 --> Column 'rating' cannot be null
#0 /home/kriishna/vegetable.krishnasoftweb.com/system/Database/MySQLi/Connection.php(330): mysqli->query('INSERT INTO `fe...')
#1 /home/kriishna/vegetable.krishnasoftweb.com/system/Database/BaseConnection.php(738): CodeIgniter\Database\MySQLi\Connection->execute('INSERT INTO `fe...')
#2 /home/kriishna/vegetable.krishnasoftweb.com/system/Database/BaseConnection.php(666): CodeIgniter\Database\BaseConnection->simpleQuery('INSERT INTO `fe...')
#3 /home/kriishna/vegetable.krishnasoftweb.com/system/Database/BaseBuilder.php(2206): CodeIgniter\Database\BaseConnection->query('INSERT INTO `fe...', Array, false)
#4 /home/kriishna/vegetable.krishnasoftweb.com/system/Model.php(722): CodeIgniter\Database\BaseBuilder->insert()
#5 /home/kriishna/vegetable.krishnasoftweb.com/system/Model.php(550): CodeIgniter\Model->insert(Array, false)
#6 /home/kriishna/vegetable.krishnasoftweb.com/app/Controllers/Api.php(549): CodeIgniter\Model->save(Array)
#7 /home/kriishna/vegetable.krishnasoftweb.com/system/CodeIgniter.php(910): App\Controllers\Api->feedback()
#8 /home/kriishna/vegetable.krishnasoftweb.com/system/CodeIgniter.php(398): CodeIgniter\CodeIgniter->runController(Object(App\Controllers\Api))
#9 /home/kriishna/vegetable.krishnasoftweb.com/system/CodeIgniter.php(306): CodeIgniter\CodeIgniter->handleRequest(NULL, Object(Config\Cache), false)
#10 /home/kriishna/vegetable.krishnasoftweb.com/index.php(53): CodeIgniter\CodeIgniter->run()
#11 {main}
CRITICAL - 2020-11-21 13:16:27 --> Column 'reference_no' cannot be null
#0 /home/kriishna/vegetable.krishnasoftweb.com/system/Database/MySQLi/Connection.php(330): mysqli->query('INSERT INTO `or...')
#1 /home/kriishna/vegetable.krishnasoftweb.com/system/Database/BaseConnection.php(738): CodeIgniter\Database\MySQLi\Connection->execute('INSERT INTO `or...')
#2 /home/kriishna/vegetable.krishnasoftweb.com/system/Database/BaseConnection.php(666): CodeIgniter\Database\BaseConnection->simpleQuery('INSERT INTO `or...')
#3 /home/kriishna/vegetable.krishnasoftweb.com/system/Database/BaseBuilder.php(2206): CodeIgniter\Database\BaseConnection->query('INSERT INTO `or...', Array, false)
#4 /home/kriishna/vegetable.krishnasoftweb.com/system/Model.php(722): CodeIgniter\Database\BaseBuilder->insert()
#5 /home/kriishna/vegetable.krishnasoftweb.com/system/Model.php(550): CodeIgniter\Model->insert(Array, false)
#6 /home/kriishna/vegetable.krishnasoftweb.com/app/Controllers/Api.php(592): CodeIgniter\Model->save(Array)
#7 /home/kriishna/vegetable.krishnasoftweb.com/system/CodeIgniter.php(910): App\Controllers\Api->order('new')
#8 /home/kriishna/vegetable.krishnasoftweb.com/system/CodeIgniter.php(398): CodeIgniter\CodeIgniter->runController(Object(App\Controllers\Api))
#9 /home/kriishna/vegetable.krishnasoftweb.com/system/CodeIgniter.php(306): CodeIgniter\CodeIgniter->handleRequest(NULL, Object(Config\Cache), false)
#10 /home/kriishna/vegetable.krishnasoftweb.com/index.php(53): CodeIgniter\CodeIgniter->run()
#11 {main}
CRITICAL - 2020-11-21 13:17:06 --> Column 'reference_no' cannot be null
#0 /home/kriishna/vegetable.krishnasoftweb.com/system/Database/MySQLi/Connection.php(330): mysqli->query('INSERT INTO `or...')
#1 /home/kriishna/vegetable.krishnasoftweb.com/system/Database/BaseConnection.php(738): CodeIgniter\Database\MySQLi\Connection->execute('INSERT INTO `or...')
#2 /home/kriishna/vegetable.krishnasoftweb.com/system/Database/BaseConnection.php(666): CodeIgniter\Database\BaseConnection->simpleQuery('INSERT INTO `or...')
#3 /home/kriishna/vegetable.krishnasoftweb.com/system/Database/BaseBuilder.php(2206): CodeIgniter\Database\BaseConnection->query('INSERT INTO `or...', Array, false)
#4 /home/kriishna/vegetable.krishnasoftweb.com/system/Model.php(722): CodeIgniter\Database\BaseBuilder->insert()
#5 /home/kriishna/vegetable.krishnasoftweb.com/system/Model.php(550): CodeIgniter\Model->insert(Array, false)
#6 /home/kriishna/vegetable.krishnasoftweb.com/app/Controllers/Api.php(592): CodeIgniter\Model->save(Array)
#7 /home/kriishna/vegetable.krishnasoftweb.com/system/CodeIgniter.php(910): App\Controllers\Api->order('new')
#8 /home/kriishna/vegetable.krishnasoftweb.com/system/CodeIgniter.php(398): CodeIgniter\CodeIgniter->runController(Object(App\Controllers\Api))
#9 /home/kriishna/vegetable.krishnasoftweb.com/system/CodeIgniter.php(306): CodeIgniter\CodeIgniter->handleRequest(NULL, Object(Config\Cache), false)
#10 /home/kriishna/vegetable.krishnasoftweb.com/index.php(53): CodeIgniter\CodeIgniter->run()
#11 {main}
