CRITICAL - 2020-06-15 14:36:15 --> Unknown column 'watch_limit' in 'field list'
#0 C:\xampp\htdocs\my3skill\system\Database\MySQLi\Connection.php(330): mysqli->query('UPDATE `configu...')
#1 C:\xampp\htdocs\my3skill\system\Database\BaseConnection.php(738): CodeIgniter\Database\MySQLi\Connection->execute('UPDATE `configu...')
#2 C:\xampp\htdocs\my3skill\system\Database\BaseConnection.php(666): CodeIgniter\Database\BaseConnection->simpleQuery('UPDATE `configu...')
#3 C:\xampp\htdocs\my3skill\system\Database\BaseBuilder.php(2410): CodeIgniter\Database\BaseConnection->query('UPDATE `configu...', Array, false)
#4 C:\xampp\htdocs\my3skill\system\Model.php(851): CodeIgniter\Database\BaseBuilder->update()
#5 C:\xampp\htdocs\my3skill\system\Model.php(546): CodeIgniter\Model->update(Array, Array)
#6 C:\xampp\htdocs\my3skill\app\Controllers\Configuration.php(32): CodeIgniter\Model->save(Array)
#7 C:\xampp\htdocs\my3skill\system\CodeIgniter.php(910): App\Controllers\Configuration->insert()
#8 C:\xampp\htdocs\my3skill\system\CodeIgniter.php(398): CodeIgniter\CodeIgniter->runController(Object(App\Controllers\Configuration))
#9 C:\xampp\htdocs\my3skill\system\CodeIgniter.php(306): CodeIgniter\CodeIgniter->handleRequest(NULL, Object(Config\Cache), false)
#10 C:\xampp\htdocs\my3skill\index.php(45): CodeIgniter\CodeIgniter->run()
#11 {main}
CRITICAL - 2020-06-15 21:26:44 --> Use of undefined constant CLIENT_REDIRECT_URL - assumed 'CLIENT_REDIRECT_URL' (this will throw an Error in a future version of PHP)
#0 C:\xampp\htdocs\my3skill\app\Views\web\course_details.php(469): CodeIgniter\Debug\Exceptions->errorHandler(2, 'Use of undefine...', 'C:\\xampp\\htdocs...', 469, Array)
#1 C:\xampp\htdocs\my3skill\system\View\View.php(236): include('C:\\xampp\\htdocs...')
#2 C:\xampp\htdocs\my3skill\system\Common.php(1071): CodeIgniter\View\View->render('web/course_deta...', Array, true)
#3 C:\xampp\htdocs\my3skill\app\Controllers\Web.php(308): view('web/course_deta...', Array)
#4 C:\xampp\htdocs\my3skill\system\CodeIgniter.php(910): App\Controllers\Web->course_details()
#5 C:\xampp\htdocs\my3skill\system\CodeIgniter.php(398): CodeIgniter\CodeIgniter->runController(Object(App\Controllers\Web))
#6 C:\xampp\htdocs\my3skill\system\CodeIgniter.php(306): CodeIgniter\CodeIgniter->handleRequest(NULL, Object(Config\Cache), false)
#7 C:\xampp\htdocs\my3skill\index.php(45): CodeIgniter\CodeIgniter->run()
#8 {main}
CRITICAL - 2020-06-15 21:28:44 --> Use of undefined constant CLIENT_ID - assumed 'CLIENT_ID' (this will throw an Error in a future version of PHP)
#0 C:\xampp\htdocs\my3skill\app\Views\web\course_details.php(472): CodeIgniter\Debug\Exceptions->errorHandler(2, 'Use of undefine...', 'C:\\xampp\\htdocs...', 472, Array)
#1 C:\xampp\htdocs\my3skill\system\View\View.php(236): include('C:\\xampp\\htdocs...')
#2 C:\xampp\htdocs\my3skill\system\Common.php(1071): CodeIgniter\View\View->render('web/course_deta...', Array, true)
#3 C:\xampp\htdocs\my3skill\app\Controllers\Web.php(308): view('web/course_deta...', Array)
#4 C:\xampp\htdocs\my3skill\system\CodeIgniter.php(910): App\Controllers\Web->course_details()
#5 C:\xampp\htdocs\my3skill\system\CodeIgniter.php(398): CodeIgniter\CodeIgniter->runController(Object(App\Controllers\Web))
#6 C:\xampp\htdocs\my3skill\system\CodeIgniter.php(306): CodeIgniter\CodeIgniter->handleRequest(NULL, Object(Config\Cache), false)
#7 C:\xampp\htdocs\my3skill\index.php(45): CodeIgniter\CodeIgniter->run()
#8 {main}
