CRITICAL - 2020-09-28 09:21:17 --> Class 'App\Models\Users_model' not found
#0 /home/krishna/Desktop/ether/system/CodeIgniter.php(882): App\Controllers\Users->__construct()
#1 /home/krishna/Desktop/ether/system/CodeIgniter.php(393): CodeIgniter\CodeIgniter->createController()
#2 /home/krishna/Desktop/ether/system/CodeIgniter.php(306): CodeIgniter\CodeIgniter->handleRequest()
#3 /home/krishna/Desktop/ether/index.php(53): CodeIgniter\CodeIgniter->run()
#4 {main}
CRITICAL - 2020-09-28 09:22:23 --> Table 'beauty.users' doesn't exist
#0 /home/krishna/Desktop/ether/system/Database/MySQLi/Connection.php(330): mysqli->query()
#1 /home/krishna/Desktop/ether/system/Database/BaseConnection.php(738): CodeIgniter\Database\MySQLi\Connection->execute()
#2 /home/krishna/Desktop/ether/system/Database/BaseConnection.php(666): CodeIgniter\Database\BaseConnection->simpleQuery()
#3 /home/krishna/Desktop/ether/system/Database/BaseBuilder.php(1819): CodeIgniter\Database\BaseConnection->query()
#4 /home/krishna/Desktop/ether/system/Model.php(445): CodeIgniter\Database\BaseBuilder->get()
#5 /home/krishna/Desktop/ether/app/Controllers/Users.php(25): CodeIgniter\Model->findAll()
#6 /home/krishna/Desktop/ether/system/CodeIgniter.php(910): App\Controllers\Users->index()
#7 /home/krishna/Desktop/ether/system/CodeIgniter.php(398): CodeIgniter\CodeIgniter->runController()
#8 /home/krishna/Desktop/ether/system/CodeIgniter.php(306): CodeIgniter\CodeIgniter->handleRequest()
#9 /home/krishna/Desktop/ether/index.php(53): CodeIgniter\CodeIgniter->run()
#10 {main}
CRITICAL - 2020-09-28 09:22:48 --> Table 'beauty.country' doesn't exist
#0 /home/krishna/Desktop/ether/system/Database/MySQLi/Connection.php(330): mysqli->query()
#1 /home/krishna/Desktop/ether/system/Database/BaseConnection.php(738): CodeIgniter\Database\MySQLi\Connection->execute()
#2 /home/krishna/Desktop/ether/system/Database/BaseConnection.php(666): CodeIgniter\Database\BaseConnection->simpleQuery()
#3 /home/krishna/Desktop/ether/system/Model.php(1698): CodeIgniter\Database\BaseConnection->query()
#4 /home/krishna/Desktop/ether/app/Models/Users_model.php(11): CodeIgniter\Model->__call()
#5 /home/krishna/Desktop/ether/app/Controllers/Users.php(26): App\Models\Users_model->getCountryArray()
#6 /home/krishna/Desktop/ether/system/CodeIgniter.php(910): App\Controllers\Users->index()
#7 /home/krishna/Desktop/ether/system/CodeIgniter.php(398): CodeIgniter\CodeIgniter->runController()
#8 /home/krishna/Desktop/ether/system/CodeIgniter.php(306): CodeIgniter\CodeIgniter->handleRequest()
#9 /home/krishna/Desktop/ether/index.php(53): CodeIgniter\CodeIgniter->run()
#10 {main}
CRITICAL - 2020-09-28 09:26:29 --> Invalid file: {0}
#0 /home/krishna/Desktop/ether/system/View/View.php(224): CodeIgniter\Exceptions\FrameworkException::forInvalidFile()
#1 /home/krishna/Desktop/ether/system/Common.php(1071): CodeIgniter\View\View->render()
#2 /home/krishna/Desktop/ether/app/Controllers/Users.php(27): view()
#3 /home/krishna/Desktop/ether/system/CodeIgniter.php(910): App\Controllers\Users->index()
#4 /home/krishna/Desktop/ether/system/CodeIgniter.php(398): CodeIgniter\CodeIgniter->runController()
#5 /home/krishna/Desktop/ether/system/CodeIgniter.php(306): CodeIgniter\CodeIgniter->handleRequest()
#6 /home/krishna/Desktop/ether/index.php(53): CodeIgniter\CodeIgniter->run()
#7 {main}
CRITICAL - 2020-09-28 15:16:43 --> Invalid file: {0}
#0 /home/krishna/Desktop/ether/system/View/View.php(224): CodeIgniter\Exceptions\FrameworkException::forInvalidFile()
#1 /home/krishna/Desktop/ether/system/Common.php(1071): CodeIgniter\View\View->render()
#2 /home/krishna/Desktop/ether/app/Controllers/Booking.php(24): view()
#3 /home/krishna/Desktop/ether/system/CodeIgniter.php(910): App\Controllers\Booking->index()
#4 /home/krishna/Desktop/ether/system/CodeIgniter.php(398): CodeIgniter\CodeIgniter->runController()
#5 /home/krishna/Desktop/ether/system/CodeIgniter.php(306): CodeIgniter\CodeIgniter->handleRequest()
#6 /home/krishna/Desktop/ether/index.php(53): CodeIgniter\CodeIgniter->run()
#7 {main}
CRITICAL - 2020-09-28 15:17:04 --> Invalid file: {0}
#0 /home/krishna/Desktop/ether/system/View/View.php(224): CodeIgniter\Exceptions\FrameworkException::forInvalidFile()
#1 /home/krishna/Desktop/ether/system/Common.php(1071): CodeIgniter\View\View->render()
#2 /home/krishna/Desktop/ether/app/Controllers/Booking.php(24): view()
#3 /home/krishna/Desktop/ether/system/CodeIgniter.php(910): App\Controllers\Booking->index()
#4 /home/krishna/Desktop/ether/system/CodeIgniter.php(398): CodeIgniter\CodeIgniter->runController()
#5 /home/krishna/Desktop/ether/system/CodeIgniter.php(306): CodeIgniter\CodeIgniter->handleRequest()
#6 /home/krishna/Desktop/ether/index.php(53): CodeIgniter\CodeIgniter->run()
#7 {main}
CRITICAL - 2020-09-28 15:17:05 --> Invalid file: {0}
#0 /home/krishna/Desktop/ether/system/View/View.php(224): CodeIgniter\Exceptions\FrameworkException::forInvalidFile()
#1 /home/krishna/Desktop/ether/system/Common.php(1071): CodeIgniter\View\View->render()
#2 /home/krishna/Desktop/ether/app/Controllers/Booking.php(24): view()
#3 /home/krishna/Desktop/ether/system/CodeIgniter.php(910): App\Controllers\Booking->index()
#4 /home/krishna/Desktop/ether/system/CodeIgniter.php(398): CodeIgniter\CodeIgniter->runController()
#5 /home/krishna/Desktop/ether/system/CodeIgniter.php(306): CodeIgniter\CodeIgniter->handleRequest()
#6 /home/krishna/Desktop/ether/index.php(53): CodeIgniter\CodeIgniter->run()
#7 {main}
CRITICAL - 2020-09-28 15:25:41 --> You have an error in your SQL syntax; check the manual that corresponds to your MySQL server version for the right syntax to use near 'booking.user_id = user.id and booking.business_id = business.id' at line 1
#0 /home/krishna/Desktop/ether/system/Database/MySQLi/Connection.php(330): mysqli->query()
#1 /home/krishna/Desktop/ether/system/Database/BaseConnection.php(738): CodeIgniter\Database\MySQLi\Connection->execute()
#2 /home/krishna/Desktop/ether/system/Database/BaseConnection.php(666): CodeIgniter\Database\BaseConnection->simpleQuery()
#3 /home/krishna/Desktop/ether/system/Model.php(1698): CodeIgniter\Database\BaseConnection->query()
#4 /home/krishna/Desktop/ether/app/Controllers/Booking.php(32): CodeIgniter\Model->__call()
#5 /home/krishna/Desktop/ether/system/CodeIgniter.php(910): App\Controllers\Booking->upcoming()
#6 /home/krishna/Desktop/ether/system/CodeIgniter.php(398): CodeIgniter\CodeIgniter->runController()
#7 /home/krishna/Desktop/ether/system/CodeIgniter.php(306): CodeIgniter\CodeIgniter->handleRequest()
#8 /home/krishna/Desktop/ether/index.php(53): CodeIgniter\CodeIgniter->run()
#9 {main}
CRITICAL - 2020-09-28 15:26:06 --> Invalid file: {0}
#0 /home/krishna/Desktop/ether/system/View/View.php(224): CodeIgniter\Exceptions\FrameworkException::forInvalidFile()
#1 /home/krishna/Desktop/ether/system/Common.php(1071): CodeIgniter\View\View->render()
#2 /home/krishna/Desktop/ether/app/Controllers/Booking.php(42): view()
#3 /home/krishna/Desktop/ether/system/CodeIgniter.php(910): App\Controllers\Booking->completed()
#4 /home/krishna/Desktop/ether/system/CodeIgniter.php(398): CodeIgniter\CodeIgniter->runController()
#5 /home/krishna/Desktop/ether/system/CodeIgniter.php(306): CodeIgniter\CodeIgniter->handleRequest()
#6 /home/krishna/Desktop/ether/index.php(53): CodeIgniter\CodeIgniter->run()
#7 {main}
CRITICAL - 2020-09-28 15:27:10 --> Invalid file: {0}
#0 /home/krishna/Desktop/ether/system/View/View.php(224): CodeIgniter\Exceptions\FrameworkException::forInvalidFile()
#1 /home/krishna/Desktop/ether/system/Common.php(1071): CodeIgniter\View\View->render()
#2 /home/krishna/Desktop/ether/app/Controllers/Booking.php(42): view()
#3 /home/krishna/Desktop/ether/system/CodeIgniter.php(910): App\Controllers\Booking->completed()
#4 /home/krishna/Desktop/ether/system/CodeIgniter.php(398): CodeIgniter\CodeIgniter->runController()
#5 /home/krishna/Desktop/ether/system/CodeIgniter.php(306): CodeIgniter\CodeIgniter->handleRequest()
#6 /home/krishna/Desktop/ether/index.php(53): CodeIgniter\CodeIgniter->run()
#7 {main}
CRITICAL - 2020-09-28 15:55:41 --> Class 'App\Models\Payouts_model' not found
#0 /home/krishna/Desktop/ether/system/CodeIgniter.php(882): App\Controllers\Payouts->__construct()
#1 /home/krishna/Desktop/ether/system/CodeIgniter.php(393): CodeIgniter\CodeIgniter->createController()
#2 /home/krishna/Desktop/ether/system/CodeIgniter.php(306): CodeIgniter\CodeIgniter->handleRequest()
#3 /home/krishna/Desktop/ether/index.php(53): CodeIgniter\CodeIgniter->run()
#4 {main}
CRITICAL - 2020-09-28 15:55:59 --> Class 'App\Models\Payouts_model' not found
#0 /home/krishna/Desktop/ether/system/CodeIgniter.php(882): App\Controllers\Payouts->__construct()
#1 /home/krishna/Desktop/ether/system/CodeIgniter.php(393): CodeIgniter\CodeIgniter->createController()
#2 /home/krishna/Desktop/ether/system/CodeIgniter.php(306): CodeIgniter\CodeIgniter->handleRequest()
#3 /home/krishna/Desktop/ether/index.php(53): CodeIgniter\CodeIgniter->run()
#4 {main}
CRITICAL - 2020-09-28 16:02:12 --> Invalid file: {0}
#0 /home/krishna/Desktop/ether/system/View/View.php(224): CodeIgniter\Exceptions\FrameworkException::forInvalidFile()
#1 /home/krishna/Desktop/ether/system/Common.php(1071): CodeIgniter\View\View->render()
#2 /home/krishna/Desktop/ether/app/Controllers/Payouts.php(24): view()
#3 /home/krishna/Desktop/ether/system/CodeIgniter.php(910): App\Controllers\Payouts->booking()
#4 /home/krishna/Desktop/ether/system/CodeIgniter.php(398): CodeIgniter\CodeIgniter->runController()
#5 /home/krishna/Desktop/ether/system/CodeIgniter.php(306): CodeIgniter\CodeIgniter->handleRequest()
#6 /home/krishna/Desktop/ether/index.php(53): CodeIgniter\CodeIgniter->run()
#7 {main}
CRITICAL - 2020-09-28 16:12:24 --> Invalid file: {0}
#0 /home/krishna/Desktop/ether/system/View/View.php(224): CodeIgniter\Exceptions\FrameworkException::forInvalidFile()
#1 /home/krishna/Desktop/ether/system/Common.php(1071): CodeIgniter\View\View->render()
#2 /home/krishna/Desktop/ether/app/Controllers/Payouts.php(33): view()
#3 /home/krishna/Desktop/ether/system/CodeIgniter.php(910): App\Controllers\Payouts->pending()
#4 /home/krishna/Desktop/ether/system/CodeIgniter.php(398): CodeIgniter\CodeIgniter->runController()
#5 /home/krishna/Desktop/ether/system/CodeIgniter.php(306): CodeIgniter\CodeIgniter->handleRequest()
#6 /home/krishna/Desktop/ether/index.php(53): CodeIgniter\CodeIgniter->run()
#7 {main}
CRITICAL - 2020-09-28 16:12:39 --> Invalid file: {0}
#0 /home/krishna/Desktop/ether/system/View/View.php(224): CodeIgniter\Exceptions\FrameworkException::forInvalidFile()
#1 /home/krishna/Desktop/ether/system/Common.php(1071): CodeIgniter\View\View->render()
#2 /home/krishna/Desktop/ether/app/Controllers/Payouts.php(33): view()
#3 /home/krishna/Desktop/ether/system/CodeIgniter.php(910): App\Controllers\Payouts->pending()
#4 /home/krishna/Desktop/ether/system/CodeIgniter.php(398): CodeIgniter\CodeIgniter->runController()
#5 /home/krishna/Desktop/ether/system/CodeIgniter.php(306): CodeIgniter\CodeIgniter->handleRequest()
#6 /home/krishna/Desktop/ether/index.php(53): CodeIgniter\CodeIgniter->run()
#7 {main}
CRITICAL - 2020-09-28 16:13:11 --> Invalid file: {0}
#0 /home/krishna/Desktop/ether/system/View/View.php(224): CodeIgniter\Exceptions\FrameworkException::forInvalidFile()
#1 /home/krishna/Desktop/ether/system/Common.php(1071): CodeIgniter\View\View->render()
#2 /home/krishna/Desktop/ether/app/Controllers/Payouts.php(51): view()
#3 /home/krishna/Desktop/ether/system/CodeIgniter.php(910): App\Controllers\Payouts->paymenthistory()
#4 /home/krishna/Desktop/ether/system/CodeIgniter.php(398): CodeIgniter\CodeIgniter->runController()
#5 /home/krishna/Desktop/ether/system/CodeIgniter.php(306): CodeIgniter\CodeIgniter->handleRequest()
#6 /home/krishna/Desktop/ether/index.php(53): CodeIgniter\CodeIgniter->run()
#7 {main}
CRITICAL - 2020-09-28 16:13:34 --> Invalid file: {0}
#0 /home/krishna/Desktop/ether/system/View/View.php(224): CodeIgniter\Exceptions\FrameworkException::forInvalidFile()
#1 /home/krishna/Desktop/ether/system/Common.php(1071): CodeIgniter\View\View->render()
#2 /home/krishna/Desktop/ether/app/Controllers/Payouts.php(51): view()
#3 /home/krishna/Desktop/ether/system/CodeIgniter.php(910): App\Controllers\Payouts->paymenthistory()
#4 /home/krishna/Desktop/ether/system/CodeIgniter.php(398): CodeIgniter\CodeIgniter->runController()
#5 /home/krishna/Desktop/ether/system/CodeIgniter.php(306): CodeIgniter\CodeIgniter->handleRequest()
#6 /home/krishna/Desktop/ether/index.php(53): CodeIgniter\CodeIgniter->run()
#7 {main}
