CRITICAL - 2020-10-02 16:13:12 --> You have an error in your SQL syntax; check the manual that corresponds to your MySQL server version for the right syntax to use near '' at line 1
#0 /home/kriishna/beauty.kriishnacab.com/system/Database/MySQLi/Connection.php(330): mysqli->query('select count(id...')
#1 /home/kriishna/beauty.kriishnacab.com/system/Database/BaseConnection.php(738): CodeIgniter\Database\MySQLi\Connection->execute('select count(id...')
#2 /home/kriishna/beauty.kriishnacab.com/system/Database/BaseConnection.php(666): CodeIgniter\Database\BaseConnection->simpleQuery('select count(id...')
#3 /home/kriishna/beauty.kriishnacab.com/system/Model.php(1698): CodeIgniter\Database\BaseConnection->query('select count(id...')
#4 /home/kriishna/beauty.kriishnacab.com/app/Controllers/Business.php(48): CodeIgniter\Model->__call('query', Array)
#5 /home/kriishna/beauty.kriishnacab.com/system/CodeIgniter.php(910): App\Controllers\Business->index()
#6 /home/kriishna/beauty.kriishnacab.com/system/CodeIgniter.php(398): CodeIgniter\CodeIgniter->runController(Object(App\Controllers\Business))
#7 /home/kriishna/beauty.kriishnacab.com/system/CodeIgniter.php(306): CodeIgniter\CodeIgniter->handleRequest(NULL, Object(Config\Cache), false)
#8 /home/kriishna/beauty.kriishnacab.com/index.php(53): CodeIgniter\CodeIgniter->run()
#9 {main}
CRITICAL - 2020-10-02 16:37:51 --> Table 'kriishna_beauty.business_subscription' doesn't exist
#0 /home/kriishna/beauty.kriishnacab.com/system/Database/MySQLi/Connection.php(330): mysqli->query('INSERT INTO `bu...')
#1 /home/kriishna/beauty.kriishnacab.com/system/Database/BaseConnection.php(738): CodeIgniter\Database\MySQLi\Connection->execute('INSERT INTO `bu...')
#2 /home/kriishna/beauty.kriishnacab.com/system/Database/BaseConnection.php(666): CodeIgniter\Database\BaseConnection->simpleQuery('INSERT INTO `bu...')
#3 /home/kriishna/beauty.kriishnacab.com/system/Database/BaseBuilder.php(2206): CodeIgniter\Database\BaseConnection->query('INSERT INTO `bu...', Array, false)
#4 /home/kriishna/beauty.kriishnacab.com/system/Model.php(722): CodeIgniter\Database\BaseBuilder->insert()
#5 /home/kriishna/beauty.kriishnacab.com/system/Model.php(550): CodeIgniter\Model->insert(Array, false)
#6 /home/kriishna/beauty.kriishnacab.com/app/Controllers/Business.php(562): CodeIgniter\Model->save(Array)
#7 /home/kriishna/beauty.kriishnacab.com/system/CodeIgniter.php(910): App\Controllers\Business->purchase_subscription('1')
#8 /home/kriishna/beauty.kriishnacab.com/system/CodeIgniter.php(398): CodeIgniter\CodeIgniter->runController(Object(App\Controllers\Business))
#9 /home/kriishna/beauty.kriishnacab.com/system/CodeIgniter.php(306): CodeIgniter\CodeIgniter->handleRequest(NULL, Object(Config\Cache), false)
#10 /home/kriishna/beauty.kriishnacab.com/index.php(53): CodeIgniter\CodeIgniter->run()
#11 {main}
CRITICAL - 2020-10-02 17:06:58 --> Call to undefined function App\Controllers\_clearSession()
#0 /home/kriishna/beauty.kriishnacab.com/system/CodeIgniter.php(910): App\Controllers\Web->register_user()
#1 /home/kriishna/beauty.kriishnacab.com/system/CodeIgniter.php(398): CodeIgniter\CodeIgniter->runController(Object(App\Controllers\Web))
#2 /home/kriishna/beauty.kriishnacab.com/system/CodeIgniter.php(306): CodeIgniter\CodeIgniter->handleRequest(NULL, Object(Config\Cache), false)
#3 /home/kriishna/beauty.kriishnacab.com/index.php(53): CodeIgniter\CodeIgniter->run()
#4 {main}
