CRITICAL - 2020-09-21 03:12:42 --> Unknown column 'password' in 'where clause'
#0 C:\xampp\htdocs\ether\system\Database\MySQLi\Connection.php(330): mysqli->query('SELECT *\nFROM `...')
#1 C:\xampp\htdocs\ether\system\Database\BaseConnection.php(738): CodeIgniter\Database\MySQLi\Connection->execute('SELECT *\nFROM `...')
#2 C:\xampp\htdocs\ether\system\Database\BaseConnection.php(666): CodeIgniter\Database\BaseConnection->simpleQuery('SELECT *\nFROM `...')
#3 C:\xampp\htdocs\ether\system\Database\BaseBuilder.php(1819): CodeIgniter\Database\BaseConnection->query('SELECT *\nFROM `...', Array, false)
#4 C:\xampp\htdocs\ether\system\Model.php(387): CodeIgniter\Database\BaseBuilder->get()
#5 C:\xampp\htdocs\ether\app\Controllers\Web.php(87): CodeIgniter\Model->find()
#6 C:\xampp\htdocs\ether\system\CodeIgniter.php(910): App\Controllers\Web->check_login()
#7 C:\xampp\htdocs\ether\system\CodeIgniter.php(398): CodeIgniter\CodeIgniter->runController(Object(App\Controllers\Web))
#8 C:\xampp\htdocs\ether\system\CodeIgniter.php(306): CodeIgniter\CodeIgniter->handleRequest(NULL, Object(Config\Cache), false)
#9 C:\xampp\htdocs\ether\index.php(53): CodeIgniter\CodeIgniter->run()
#10 {main}
CRITICAL - 2020-09-21 15:12:48 --> require(../Libraries/coinpayments.inc.php): failed to open stream: No such file or directory
#0 C:\xampp\htdocs\ether\app\Controllers\Web.php(102): CodeIgniter\Debug\Exceptions->errorHandler(2, 'require(../Libr...', 'C:\\xampp\\htdocs...', 102, Array)
#1 C:\xampp\htdocs\ether\app\Controllers\Web.php(102): require()
#2 C:\xampp\htdocs\ether\system\CodeIgniter.php(910): App\Controllers\Web->make_payment()
#3 C:\xampp\htdocs\ether\system\CodeIgniter.php(398): CodeIgniter\CodeIgniter->runController(Object(App\Controllers\Web))
#4 C:\xampp\htdocs\ether\system\CodeIgniter.php(306): CodeIgniter\CodeIgniter->handleRequest(NULL, Object(Config\Cache), false)
#5 C:\xampp\htdocs\ether\index.php(53): CodeIgniter\CodeIgniter->run()
#6 {main}
CRITICAL - 2020-09-21 15:12:48 --> require(../Libraries/coinpayments.inc.php): failed to open stream: No such file or directory
#0 C:\xampp\htdocs\ether\app\Controllers\Web.php(102): CodeIgniter\Debug\Exceptions->errorHandler(2, 'require(../Libr...', 'C:\\xampp\\htdocs...', 102, Array)
#1 C:\xampp\htdocs\ether\app\Controllers\Web.php(102): require()
#2 C:\xampp\htdocs\ether\system\CodeIgniter.php(910): App\Controllers\Web->make_payment()
#3 C:\xampp\htdocs\ether\system\CodeIgniter.php(398): CodeIgniter\CodeIgniter->runController(Object(App\Controllers\Web))
#4 C:\xampp\htdocs\ether\system\CodeIgniter.php(306): CodeIgniter\CodeIgniter->handleRequest(NULL, Object(Config\Cache), false)
#5 C:\xampp\htdocs\ether\index.php(53): CodeIgniter\CodeIgniter->run()
#6 {main}
CRITICAL - 2020-09-21 15:13:15 --> Class 'CoinPaymentsAPI' not found
#0 C:\xampp\htdocs\ether\system\CodeIgniter.php(910): App\Controllers\Web->make_payment()
#1 C:\xampp\htdocs\ether\system\CodeIgniter.php(398): CodeIgniter\CodeIgniter->runController(Object(App\Controllers\Web))
#2 C:\xampp\htdocs\ether\system\CodeIgniter.php(306): CodeIgniter\CodeIgniter->handleRequest(NULL, Object(Config\Cache), false)
#3 C:\xampp\htdocs\ether\index.php(53): CodeIgniter\CodeIgniter->run()
#4 {main}
