CRITICAL - 2020-06-13 08:45:01 --> Cannot use object of type CodeIgniter\Database\MySQLi\Result as array
#0 C:\xampp\htdocs\my3skill\system\CodeIgniter.php(910): App\Controllers\Services->set_preferences('1', 'auto_play_next', 'y')
#1 C:\xampp\htdocs\my3skill\system\CodeIgniter.php(398): CodeIgniter\CodeIgniter->runController(Object(App\Controllers\Services))
#2 C:\xampp\htdocs\my3skill\system\CodeIgniter.php(306): CodeIgniter\CodeIgniter->handleRequest(NULL, Object(Config\Cache), false)
#3 C:\xampp\htdocs\my3skill\index.php(45): CodeIgniter\CodeIgniter->run()
#4 {main}
CRITICAL - 2020-06-13 08:45:13 --> Cannot use object of type CodeIgniter\Database\MySQLi\Result as array
#0 C:\xampp\htdocs\my3skill\system\CodeIgniter.php(910): App\Controllers\Services->set_preferences('1', 'auto_play_next', 'y')
#1 C:\xampp\htdocs\my3skill\system\CodeIgniter.php(398): CodeIgniter\CodeIgniter->runController(Object(App\Controllers\Services))
#2 C:\xampp\htdocs\my3skill\system\CodeIgniter.php(306): CodeIgniter\CodeIgniter->handleRequest(NULL, Object(Config\Cache), false)
#3 C:\xampp\htdocs\my3skill\index.php(45): CodeIgniter\CodeIgniter->run()
#4 {main}
CRITICAL - 2020-06-13 08:49:16 --> Table 'my3skill.users' doesn't exist
#0 C:\xampp\htdocs\my3skill\system\Database\MySQLi\Connection.php(330): mysqli->query('SELECT *\nFROM `...')
#1 C:\xampp\htdocs\my3skill\system\Database\BaseConnection.php(738): CodeIgniter\Database\MySQLi\Connection->execute('SELECT *\nFROM `...')
#2 C:\xampp\htdocs\my3skill\system\Database\BaseConnection.php(666): CodeIgniter\Database\BaseConnection->simpleQuery('SELECT *\nFROM `...')
#3 C:\xampp\htdocs\my3skill\system\Database\BaseBuilder.php(1819): CodeIgniter\Database\BaseConnection->query('SELECT *\nFROM `...', Array, false)
#4 C:\xampp\htdocs\my3skill\system\Model.php(445): CodeIgniter\Database\BaseBuilder->get()
#5 C:\xampp\htdocs\my3skill\app\Controllers\Second.php(16): CodeIgniter\Model->findAll()
#6 C:\xampp\htdocs\my3skill\system\CodeIgniter.php(910): App\Controllers\Second->index()
#7 C:\xampp\htdocs\my3skill\system\CodeIgniter.php(398): CodeIgniter\CodeIgniter->runController(Object(App\Controllers\Second))
#8 C:\xampp\htdocs\my3skill\system\CodeIgniter.php(306): CodeIgniter\CodeIgniter->handleRequest(NULL, Object(Config\Cache), false)
#9 C:\xampp\htdocs\my3skill\index.php(45): CodeIgniter\CodeIgniter->run()
#10 {main}
CRITICAL - 2020-06-13 09:06:35 --> You have an error in your SQL syntax; check the manual that corresponds to your MariaDB server version for the right syntax to use near 'and token=''' at line 1
#0 C:\xampp\htdocs\my3skill\system\Database\MySQLi\Connection.php(330): mysqli->query('select * from d...')
#1 C:\xampp\htdocs\my3skill\system\Database\BaseConnection.php(738): CodeIgniter\Database\MySQLi\Connection->execute('select * from d...')
#2 C:\xampp\htdocs\my3skill\system\Database\BaseConnection.php(666): CodeIgniter\Database\BaseConnection->simpleQuery('select * from d...')
#3 C:\xampp\htdocs\my3skill\system\Model.php(1698): CodeIgniter\Database\BaseConnection->query('select * from d...')
#4 C:\xampp\htdocs\my3skill\app\Models\Devices_model.php(13): CodeIgniter\Model->__call('query', Array)
#5 C:\xampp\htdocs\my3skill\app\Controllers\Services.php(34): App\Models\Devices_model->add_device(Array)
#6 C:\xampp\htdocs\my3skill\system\CodeIgniter.php(910): App\Controllers\Services->register_student()
#7 C:\xampp\htdocs\my3skill\system\CodeIgniter.php(398): CodeIgniter\CodeIgniter->runController(Object(App\Controllers\Services))
#8 C:\xampp\htdocs\my3skill\system\CodeIgniter.php(306): CodeIgniter\CodeIgniter->handleRequest(NULL, Object(Config\Cache), false)
#9 C:\xampp\htdocs\my3skill\index.php(45): CodeIgniter\CodeIgniter->run()
#10 {main}
CRITICAL - 2020-06-13 09:07:38 --> Column 'device_type' cannot be null
#0 C:\xampp\htdocs\my3skill\system\Database\MySQLi\Connection.php(330): mysqli->query('INSERT INTO `de...')
#1 C:\xampp\htdocs\my3skill\system\Database\BaseConnection.php(738): CodeIgniter\Database\MySQLi\Connection->execute('INSERT INTO `de...')
#2 C:\xampp\htdocs\my3skill\system\Database\BaseConnection.php(666): CodeIgniter\Database\BaseConnection->simpleQuery('INSERT INTO `de...')
#3 C:\xampp\htdocs\my3skill\system\Database\BaseBuilder.php(2206): CodeIgniter\Database\BaseConnection->query('INSERT INTO `de...', Array, false)
#4 C:\xampp\htdocs\my3skill\system\Model.php(722): CodeIgniter\Database\BaseBuilder->insert()
#5 C:\xampp\htdocs\my3skill\app\Models\Devices_model.php(17): CodeIgniter\Model->insert(Array)
#6 C:\xampp\htdocs\my3skill\app\Controllers\Services.php(34): App\Models\Devices_model->add_device(Array)
#7 C:\xampp\htdocs\my3skill\system\CodeIgniter.php(910): App\Controllers\Services->register_student()
#8 C:\xampp\htdocs\my3skill\system\CodeIgniter.php(398): CodeIgniter\CodeIgniter->runController(Object(App\Controllers\Services))
#9 C:\xampp\htdocs\my3skill\system\CodeIgniter.php(306): CodeIgniter\CodeIgniter->handleRequest(NULL, Object(Config\Cache), false)
#10 C:\xampp\htdocs\my3skill\index.php(45): CodeIgniter\CodeIgniter->run()
#11 {main}
CRITICAL - 2020-06-13 13:53:46 --> Column 'device_type' cannot be null
#0 C:\xampp\htdocs\my3skill\system\Database\MySQLi\Connection.php(330): mysqli->query('INSERT INTO `de...')
#1 C:\xampp\htdocs\my3skill\system\Database\BaseConnection.php(738): CodeIgniter\Database\MySQLi\Connection->execute('INSERT INTO `de...')
#2 C:\xampp\htdocs\my3skill\system\Database\BaseConnection.php(666): CodeIgniter\Database\BaseConnection->simpleQuery('INSERT INTO `de...')
#3 C:\xampp\htdocs\my3skill\system\Database\BaseBuilder.php(2206): CodeIgniter\Database\BaseConnection->query('INSERT INTO `de...', Array, false)
#4 C:\xampp\htdocs\my3skill\system\Model.php(722): CodeIgniter\Database\BaseBuilder->insert()
#5 C:\xampp\htdocs\my3skill\app\Models\Devices_model.php(17): CodeIgniter\Model->insert(Array)
#6 C:\xampp\htdocs\my3skill\app\Controllers\Services.php(38): App\Models\Devices_model->add_device(Array)
#7 C:\xampp\htdocs\my3skill\system\CodeIgniter.php(910): App\Controllers\Services->register_student()
#8 C:\xampp\htdocs\my3skill\system\CodeIgniter.php(398): CodeIgniter\CodeIgniter->runController(Object(App\Controllers\Services))
#9 C:\xampp\htdocs\my3skill\system\CodeIgniter.php(306): CodeIgniter\CodeIgniter->handleRequest(NULL, Object(Config\Cache), false)
#10 C:\xampp\htdocs\my3skill\index.php(45): CodeIgniter\CodeIgniter->run()
#11 {main}
