CRITICAL - 2020-09-20 01:09:48 --> Table 'ether.student' doesn't exist
#0 C:\xampp\htdocs\ether\system\Database\MySQLi\Connection.php(330): mysqli->query('select count(*)...')
#1 C:\xampp\htdocs\ether\system\Database\BaseConnection.php(738): CodeIgniter\Database\MySQLi\Connection->execute('select count(*)...')
#2 C:\xampp\htdocs\ether\system\Database\BaseConnection.php(666): CodeIgniter\Database\BaseConnection->simpleQuery('select count(*)...')
#3 C:\xampp\htdocs\ether\system\Model.php(1698): CodeIgniter\Database\BaseConnection->query('select count(*)...')
#4 C:\xampp\htdocs\ether\app\Controllers\Dashboard.php(34): CodeIgniter\Model->__call('query', Array)
#5 C:\xampp\htdocs\ether\system\CodeIgniter.php(910): App\Controllers\Dashboard->index()
#6 C:\xampp\htdocs\ether\system\CodeIgniter.php(398): CodeIgniter\CodeIgniter->runController(Object(App\Controllers\Dashboard))
#7 C:\xampp\htdocs\ether\system\CodeIgniter.php(306): CodeIgniter\CodeIgniter->handleRequest(NULL, Object(Config\Cache), false)
#8 C:\xampp\htdocs\ether\index.php(53): CodeIgniter\CodeIgniter->run()
#9 {main}
CRITICAL - 2020-09-20 01:22:14 --> Class 'App\Models\Web_detail_model' not found
#0 C:\xampp\htdocs\ether\system\CodeIgniter.php(910): App\Controllers\Configuration->about()
#1 C:\xampp\htdocs\ether\system\CodeIgniter.php(398): CodeIgniter\CodeIgniter->runController(Object(App\Controllers\Configuration))
#2 C:\xampp\htdocs\ether\system\CodeIgniter.php(306): CodeIgniter\CodeIgniter->handleRequest(NULL, Object(Config\Cache), false)
#3 C:\xampp\htdocs\ether\index.php(53): CodeIgniter\CodeIgniter->run()
#4 {main}
CRITICAL - 2020-09-20 01:22:28 --> Class 'App\Models\Web_detail_model' not found
#0 C:\xampp\htdocs\ether\system\CodeIgniter.php(910): App\Controllers\Configuration->terms()
#1 C:\xampp\htdocs\ether\system\CodeIgniter.php(398): CodeIgniter\CodeIgniter->runController(Object(App\Controllers\Configuration))
#2 C:\xampp\htdocs\ether\system\CodeIgniter.php(306): CodeIgniter\CodeIgniter->handleRequest(NULL, Object(Config\Cache), false)
#3 C:\xampp\htdocs\ether\index.php(53): CodeIgniter\CodeIgniter->run()
#4 {main}
CRITICAL - 2020-09-20 01:22:35 --> Class 'App\Models\Web_detail_model' not found
#0 C:\xampp\htdocs\ether\system\CodeIgniter.php(910): App\Controllers\Configuration->privacy()
#1 C:\xampp\htdocs\ether\system\CodeIgniter.php(398): CodeIgniter\CodeIgniter->runController(Object(App\Controllers\Configuration))
#2 C:\xampp\htdocs\ether\system\CodeIgniter.php(306): CodeIgniter\CodeIgniter->handleRequest(NULL, Object(Config\Cache), false)
#3 C:\xampp\htdocs\ether\index.php(53): CodeIgniter\CodeIgniter->run()
#4 {main}
CRITICAL - 2020-09-20 01:23:30 --> Table 'ether.web_detail' doesn't exist
#0 C:\xampp\htdocs\ether\system\Database\MySQLi\Connection.php(330): mysqli->query('SELECT *\nFROM `...')
#1 C:\xampp\htdocs\ether\system\Database\BaseConnection.php(738): CodeIgniter\Database\MySQLi\Connection->execute('SELECT *\nFROM `...')
#2 C:\xampp\htdocs\ether\system\Database\BaseConnection.php(666): CodeIgniter\Database\BaseConnection->simpleQuery('SELECT *\nFROM `...')
#3 C:\xampp\htdocs\ether\system\Database\BaseBuilder.php(1819): CodeIgniter\Database\BaseConnection->query('SELECT *\nFROM `...', Array, false)
#4 C:\xampp\htdocs\ether\system\Model.php(482): CodeIgniter\Database\BaseBuilder->get()
#5 C:\xampp\htdocs\ether\app\Controllers\Configuration.php(177): CodeIgniter\Model->first()
#6 C:\xampp\htdocs\ether\system\CodeIgniter.php(910): App\Controllers\Configuration->about()
#7 C:\xampp\htdocs\ether\system\CodeIgniter.php(398): CodeIgniter\CodeIgniter->runController(Object(App\Controllers\Configuration))
#8 C:\xampp\htdocs\ether\system\CodeIgniter.php(306): CodeIgniter\CodeIgniter->handleRequest(NULL, Object(Config\Cache), false)
#9 C:\xampp\htdocs\ether\index.php(53): CodeIgniter\CodeIgniter->run()
#10 {main}
CRITICAL - 2020-09-20 01:28:27 --> Invalid file: {0}
#0 C:\xampp\htdocs\ether\system\View\View.php(224): CodeIgniter\Exceptions\FrameworkException::forInvalidFile('admin/about.php')
#1 C:\xampp\htdocs\ether\system\Common.php(1071): CodeIgniter\View\View->render('admin/about', Array, true)
#2 C:\xampp\htdocs\ether\app\Controllers\Configuration.php(178): view('admin/about', Array)
#3 C:\xampp\htdocs\ether\system\CodeIgniter.php(910): App\Controllers\Configuration->about()
#4 C:\xampp\htdocs\ether\system\CodeIgniter.php(398): CodeIgniter\CodeIgniter->runController(Object(App\Controllers\Configuration))
#5 C:\xampp\htdocs\ether\system\CodeIgniter.php(306): CodeIgniter\CodeIgniter->handleRequest(NULL, Object(Config\Cache), false)
#6 C:\xampp\htdocs\ether\index.php(53): CodeIgniter\CodeIgniter->run()
#7 {main}
CRITICAL - 2020-09-20 01:33:29 --> Invalid file: {0}
#0 C:\xampp\htdocs\ether\system\View\View.php(224): CodeIgniter\Exceptions\FrameworkException::forInvalidFile('admin/terms.php')
#1 C:\xampp\htdocs\ether\system\Common.php(1071): CodeIgniter\View\View->render('admin/terms', Array, true)
#2 C:\xampp\htdocs\ether\app\Controllers\Configuration.php(159): view('admin/terms', Array)
#3 C:\xampp\htdocs\ether\system\CodeIgniter.php(910): App\Controllers\Configuration->terms()
#4 C:\xampp\htdocs\ether\system\CodeIgniter.php(398): CodeIgniter\CodeIgniter->runController(Object(App\Controllers\Configuration))
#5 C:\xampp\htdocs\ether\system\CodeIgniter.php(306): CodeIgniter\CodeIgniter->handleRequest(NULL, Object(Config\Cache), false)
#6 C:\xampp\htdocs\ether\index.php(53): CodeIgniter\CodeIgniter->run()
#7 {main}
CRITICAL - 2020-09-20 01:33:46 --> Invalid file: {0}
#0 C:\xampp\htdocs\ether\system\View\View.php(224): CodeIgniter\Exceptions\FrameworkException::forInvalidFile('admin/privacy.p...')
#1 C:\xampp\htdocs\ether\system\Common.php(1071): CodeIgniter\View\View->render('admin/privacy', Array, true)
#2 C:\xampp\htdocs\ether\app\Controllers\Configuration.php(197): view('admin/privacy', Array)
#3 C:\xampp\htdocs\ether\system\CodeIgniter.php(910): App\Controllers\Configuration->privacy()
#4 C:\xampp\htdocs\ether\system\CodeIgniter.php(398): CodeIgniter\CodeIgniter->runController(Object(App\Controllers\Configuration))
#5 C:\xampp\htdocs\ether\system\CodeIgniter.php(306): CodeIgniter\CodeIgniter->handleRequest(NULL, Object(Config\Cache), false)
#6 C:\xampp\htdocs\ether\index.php(53): CodeIgniter\CodeIgniter->run()
#7 {main}
CRITICAL - 2020-09-20 01:43:14 --> Table 'ether.student' doesn't exist
#0 C:\xampp\htdocs\ether\system\Database\MySQLi\Connection.php(330): mysqli->query('select * from s...')
#1 C:\xampp\htdocs\ether\system\Database\BaseConnection.php(738): CodeIgniter\Database\MySQLi\Connection->execute('select * from s...')
#2 C:\xampp\htdocs\ether\system\Database\BaseConnection.php(666): CodeIgniter\Database\BaseConnection->simpleQuery('select * from s...')
#3 C:\xampp\htdocs\ether\system\Model.php(1698): CodeIgniter\Database\BaseConnection->query('select * from s...')
#4 C:\xampp\htdocs\ether\app\Controllers\Coupons.php(27): CodeIgniter\Model->__call('query', Array)
#5 C:\xampp\htdocs\ether\system\CodeIgniter.php(910): App\Controllers\Coupons->index()
#6 C:\xampp\htdocs\ether\system\CodeIgniter.php(398): CodeIgniter\CodeIgniter->runController(Object(App\Controllers\Coupons))
#7 C:\xampp\htdocs\ether\system\CodeIgniter.php(306): CodeIgniter\CodeIgniter->handleRequest(NULL, Object(Config\Cache), false)
#8 C:\xampp\htdocs\ether\index.php(53): CodeIgniter\CodeIgniter->run()
#9 {main}
CRITICAL - 2020-09-20 01:43:35 --> Invalid argument supplied for foreach()
#0 C:\xampp\htdocs\ether\app\Views\admin\coupon.php(97): CodeIgniter\Debug\Exceptions->errorHandler(2, 'Invalid argumen...', 'C:\\xampp\\htdocs...', 97, Array)
#1 C:\xampp\htdocs\ether\system\View\View.php(236): include('C:\\xampp\\htdocs...')
#2 C:\xampp\htdocs\ether\system\Common.php(1071): CodeIgniter\View\View->render('admin/coupon', Array, true)
#3 C:\xampp\htdocs\ether\app\Controllers\Coupons.php(27): view('admin/coupon', Array)
#4 C:\xampp\htdocs\ether\system\CodeIgniter.php(910): App\Controllers\Coupons->index()
#5 C:\xampp\htdocs\ether\system\CodeIgniter.php(398): CodeIgniter\CodeIgniter->runController(Object(App\Controllers\Coupons))
#6 C:\xampp\htdocs\ether\system\CodeIgniter.php(306): CodeIgniter\CodeIgniter->handleRequest(NULL, Object(Config\Cache), false)
#7 C:\xampp\htdocs\ether\index.php(53): CodeIgniter\CodeIgniter->run()
#8 {main}
CRITICAL - 2020-09-20 01:43:52 --> Invalid argument supplied for foreach()
#0 C:\xampp\htdocs\ether\app\Views\admin\coupon.php(148): CodeIgniter\Debug\Exceptions->errorHandler(2, 'Invalid argumen...', 'C:\\xampp\\htdocs...', 148, Array)
#1 C:\xampp\htdocs\ether\system\View\View.php(236): include('C:\\xampp\\htdocs...')
#2 C:\xampp\htdocs\ether\system\Common.php(1071): CodeIgniter\View\View->render('admin/coupon', Array, true)
#3 C:\xampp\htdocs\ether\app\Controllers\Coupons.php(27): view('admin/coupon', Array)
#4 C:\xampp\htdocs\ether\system\CodeIgniter.php(910): App\Controllers\Coupons->index()
#5 C:\xampp\htdocs\ether\system\CodeIgniter.php(398): CodeIgniter\CodeIgniter->runController(Object(App\Controllers\Coupons))
#6 C:\xampp\htdocs\ether\system\CodeIgniter.php(306): CodeIgniter\CodeIgniter->handleRequest(NULL, Object(Config\Cache), false)
#7 C:\xampp\htdocs\ether\index.php(53): CodeIgniter\CodeIgniter->run()
#8 {main}
