CRITICAL - 2020-06-22 08:15:54 --> Column 'sent_by' cannot be null
#0 C:\xampp\htdocs\my3skill\system\Database\MySQLi\Connection.php(330): mysqli->query('INSERT INTO `ch...')
#1 C:\xampp\htdocs\my3skill\system\Database\BaseConnection.php(738): CodeIgniter\Database\MySQLi\Connection->execute('INSERT INTO `ch...')
#2 C:\xampp\htdocs\my3skill\system\Database\BaseConnection.php(666): CodeIgniter\Database\BaseConnection->simpleQuery('INSERT INTO `ch...')
#3 C:\xampp\htdocs\my3skill\system\Database\BaseBuilder.php(2206): CodeIgniter\Database\BaseConnection->query('INSERT INTO `ch...', Array, false)
#4 C:\xampp\htdocs\my3skill\system\Model.php(722): CodeIgniter\Database\BaseBuilder->insert()
#5 C:\xampp\htdocs\my3skill\system\Model.php(550): CodeIgniter\Model->insert(Array, false)
#6 C:\xampp\htdocs\my3skill\app\Controllers\Services.php(772): CodeIgniter\Model->save(Array)
#7 C:\xampp\htdocs\my3skill\system\CodeIgniter.php(910): App\Controllers\Services->send_message()
#8 C:\xampp\htdocs\my3skill\system\CodeIgniter.php(398): CodeIgniter\CodeIgniter->runController(Object(App\Controllers\Services))
#9 C:\xampp\htdocs\my3skill\system\CodeIgniter.php(306): CodeIgniter\CodeIgniter->handleRequest(NULL, Object(Config\Cache), false)
#10 C:\xampp\htdocs\my3skill\index.php(45): CodeIgniter\CodeIgniter->run()
#11 {main}
CRITICAL - 2020-06-22 08:36:28 --> Invalid file: {0}
#0 C:\xampp\htdocs\my3skill\system\View\View.php(224): CodeIgniter\Exceptions\FrameworkException::forInvalidFile('admin/teachers....')
#1 C:\xampp\htdocs\my3skill\system\Common.php(1071): CodeIgniter\View\View->render('admin/teachers', Array, true)
#2 C:\xampp\htdocs\my3skill\app\Controllers\Dashboard.php(26): view('admin/teachers', Array)
#3 C:\xampp\htdocs\my3skill\system\CodeIgniter.php(910): App\Controllers\Dashboard->teachers()
#4 C:\xampp\htdocs\my3skill\system\CodeIgniter.php(398): CodeIgniter\CodeIgniter->runController(Object(App\Controllers\Dashboard))
#5 C:\xampp\htdocs\my3skill\system\CodeIgniter.php(306): CodeIgniter\CodeIgniter->handleRequest(NULL, Object(Config\Cache), false)
#6 C:\xampp\htdocs\my3skill\index.php(45): CodeIgniter\CodeIgniter->run()
#7 {main}
CRITICAL - 2020-06-22 09:08:18 --> Table 'my3skill.courses' doesn't exist
#0 C:\xampp\htdocs\my3skill\system\Database\MySQLi\Connection.php(330): mysqli->query('select count(*)...')
#1 C:\xampp\htdocs\my3skill\system\Database\BaseConnection.php(738): CodeIgniter\Database\MySQLi\Connection->execute('select count(*)...')
#2 C:\xampp\htdocs\my3skill\system\Database\BaseConnection.php(666): CodeIgniter\Database\BaseConnection->simpleQuery('select count(*)...')
#3 C:\xampp\htdocs\my3skill\system\Model.php(1698): CodeIgniter\Database\BaseConnection->query('select count(*)...')
#4 C:\xampp\htdocs\my3skill\app\Controllers\Dashboard.php(29): CodeIgniter\Model->__call('query', Array)
#5 C:\xampp\htdocs\my3skill\system\CodeIgniter.php(910): App\Controllers\Dashboard->teachers()
#6 C:\xampp\htdocs\my3skill\system\CodeIgniter.php(398): CodeIgniter\CodeIgniter->runController(Object(App\Controllers\Dashboard))
#7 C:\xampp\htdocs\my3skill\system\CodeIgniter.php(306): CodeIgniter\CodeIgniter->handleRequest(NULL, Object(Config\Cache), false)
#8 C:\xampp\htdocs\my3skill\index.php(45): CodeIgniter\CodeIgniter->run()
#9 {main}
CRITICAL - 2020-06-22 09:08:31 --> Cannot use object of type CodeIgniter\Database\MySQLi\Result as array
#0 C:\xampp\htdocs\my3skill\system\CodeIgniter.php(910): App\Controllers\Dashboard->teachers()
#1 C:\xampp\htdocs\my3skill\system\CodeIgniter.php(398): CodeIgniter\CodeIgniter->runController(Object(App\Controllers\Dashboard))
#2 C:\xampp\htdocs\my3skill\system\CodeIgniter.php(306): CodeIgniter\CodeIgniter->handleRequest(NULL, Object(Config\Cache), false)
#3 C:\xampp\htdocs\my3skill\index.php(45): CodeIgniter\CodeIgniter->run()
#4 {main}
CRITICAL - 2020-06-22 09:52:39 --> Invalid file: {0}
#0 C:\xampp\htdocs\my3skill\system\View\View.php(224): CodeIgniter\Exceptions\FrameworkException::forInvalidFile('admin/courses.p...')
#1 C:\xampp\htdocs\my3skill\system\Common.php(1071): CodeIgniter\View\View->render('admin/courses', Array, true)
#2 C:\xampp\htdocs\my3skill\app\Controllers\Dashboard.php(52): view('admin/courses', Array)
#3 C:\xampp\htdocs\my3skill\system\CodeIgniter.php(910): App\Controllers\Dashboard->courses('1')
#4 C:\xampp\htdocs\my3skill\system\CodeIgniter.php(398): CodeIgniter\CodeIgniter->runController(Object(App\Controllers\Dashboard))
#5 C:\xampp\htdocs\my3skill\system\CodeIgniter.php(306): CodeIgniter\CodeIgniter->handleRequest(NULL, Object(Config\Cache), false)
#6 C:\xampp\htdocs\my3skill\index.php(45): CodeIgniter\CodeIgniter->run()
#7 {main}
CRITICAL - 2020-06-22 09:52:48 --> Invalid argument supplied for foreach()
#0 C:\xampp\htdocs\my3skill\app\Views\admin\course.php(60): CodeIgniter\Debug\Exceptions->errorHandler(2, 'Invalid argumen...', 'C:\\xampp\\htdocs...', 60, Array)
#1 C:\xampp\htdocs\my3skill\system\View\View.php(236): include('C:\\xampp\\htdocs...')
#2 C:\xampp\htdocs\my3skill\system\Common.php(1071): CodeIgniter\View\View->render('admin/course', Array, true)
#3 C:\xampp\htdocs\my3skill\app\Controllers\Dashboard.php(52): view('admin/course', Array)
#4 C:\xampp\htdocs\my3skill\system\CodeIgniter.php(910): App\Controllers\Dashboard->courses('1')
#5 C:\xampp\htdocs\my3skill\system\CodeIgniter.php(398): CodeIgniter\CodeIgniter->runController(Object(App\Controllers\Dashboard))
#6 C:\xampp\htdocs\my3skill\system\CodeIgniter.php(306): CodeIgniter\CodeIgniter->handleRequest(NULL, Object(Config\Cache), false)
#7 C:\xampp\htdocs\my3skill\index.php(45): CodeIgniter\CodeIgniter->run()
#8 {main}
CRITICAL - 2020-06-22 09:52:58 --> Invalid argument supplied for foreach()
#0 C:\xampp\htdocs\my3skill\app\Views\admin\course.php(60): CodeIgniter\Debug\Exceptions->errorHandler(2, 'Invalid argumen...', 'C:\\xampp\\htdocs...', 60, Array)
#1 C:\xampp\htdocs\my3skill\system\View\View.php(236): include('C:\\xampp\\htdocs...')
#2 C:\xampp\htdocs\my3skill\system\Common.php(1071): CodeIgniter\View\View->render('admin/course', Array, true)
#3 C:\xampp\htdocs\my3skill\app\Controllers\Dashboard.php(52): view('admin/course', Array)
#4 C:\xampp\htdocs\my3skill\system\CodeIgniter.php(910): App\Controllers\Dashboard->courses('1')
#5 C:\xampp\htdocs\my3skill\system\CodeIgniter.php(398): CodeIgniter\CodeIgniter->runController(Object(App\Controllers\Dashboard))
#6 C:\xampp\htdocs\my3skill\system\CodeIgniter.php(306): CodeIgniter\CodeIgniter->handleRequest(NULL, Object(Config\Cache), false)
#7 C:\xampp\htdocs\my3skill\index.php(45): CodeIgniter\CodeIgniter->run()
#8 {main}
CRITICAL - 2020-06-22 10:06:47 --> Invalid argument supplied for foreach()
#0 C:\xampp\htdocs\my3skill\app\Views\admin\enrolled_student.php(63): CodeIgniter\Debug\Exceptions->errorHandler(2, 'Invalid argumen...', 'C:\\xampp\\htdocs...', 63, Array)
#1 C:\xampp\htdocs\my3skill\system\View\View.php(236): include('C:\\xampp\\htdocs...')
#2 C:\xampp\htdocs\my3skill\system\Common.php(1071): CodeIgniter\View\View->render('admin/enrolled_...', Array, true)
#3 C:\xampp\htdocs\my3skill\app\Controllers\Dashboard.php(57): view('admin/enrolled_...', Array)
#4 C:\xampp\htdocs\my3skill\system\CodeIgniter.php(910): App\Controllers\Dashboard->course_student('1')
#5 C:\xampp\htdocs\my3skill\system\CodeIgniter.php(398): CodeIgniter\CodeIgniter->runController(Object(App\Controllers\Dashboard))
#6 C:\xampp\htdocs\my3skill\system\CodeIgniter.php(306): CodeIgniter\CodeIgniter->handleRequest(NULL, Object(Config\Cache), false)
#7 C:\xampp\htdocs\my3skill\index.php(45): CodeIgniter\CodeIgniter->run()
#8 {main}
CRITICAL - 2020-06-22 12:01:02 --> Too few arguments to function App\Controllers\Dashboard::student_courses(), 0 passed in C:\xampp\htdocs\my3skill\system\CodeIgniter.php on line 910 and exactly 1 expected
#0 C:\xampp\htdocs\my3skill\system\CodeIgniter.php(910): App\Controllers\Dashboard->student_courses()
#1 C:\xampp\htdocs\my3skill\system\CodeIgniter.php(398): CodeIgniter\CodeIgniter->runController(Object(App\Controllers\Dashboard))
#2 C:\xampp\htdocs\my3skill\system\CodeIgniter.php(306): CodeIgniter\CodeIgniter->handleRequest(NULL, Object(Config\Cache), false)
#3 C:\xampp\htdocs\my3skill\index.php(45): CodeIgniter\CodeIgniter->run()
#4 {main}
CRITICAL - 2020-06-22 12:01:07 --> Unknown column 's.id' in 'where clause'
#0 C:\xampp\htdocs\my3skill\system\Database\MySQLi\Connection.php(330): mysqli->query('select c.* from...')
#1 C:\xampp\htdocs\my3skill\system\Database\BaseConnection.php(738): CodeIgniter\Database\MySQLi\Connection->execute('select c.* from...')
#2 C:\xampp\htdocs\my3skill\system\Database\BaseConnection.php(666): CodeIgniter\Database\BaseConnection->simpleQuery('select c.* from...')
#3 C:\xampp\htdocs\my3skill\system\Model.php(1698): CodeIgniter\Database\BaseConnection->query('select c.* from...')
#4 C:\xampp\htdocs\my3skill\app\Controllers\Dashboard.php(66): CodeIgniter\Model->__call('query', Array)
#5 C:\xampp\htdocs\my3skill\system\CodeIgniter.php(910): App\Controllers\Dashboard->student_courses('1')
#6 C:\xampp\htdocs\my3skill\system\CodeIgniter.php(398): CodeIgniter\CodeIgniter->runController(Object(App\Controllers\Dashboard))
#7 C:\xampp\htdocs\my3skill\system\CodeIgniter.php(306): CodeIgniter\CodeIgniter->handleRequest(NULL, Object(Config\Cache), false)
#8 C:\xampp\htdocs\my3skill\index.php(45): CodeIgniter\CodeIgniter->run()
#9 {main}
