CRITICAL - 2020-08-24 20:51:54 --> Access denied for user '****'@'localhost' (using password: YES)
#0 C:\xampp\htdocs\my3skill\system\Database\BaseConnection.php(377): CodeIgniter\Database\MySQLi\Connection->connect(false)
#1 C:\xampp\htdocs\my3skill\system\Database\BaseConnection.php(643): CodeIgniter\Database\BaseConnection->initialize()
#2 C:\xampp\htdocs\my3skill\system\Model.php(1698): CodeIgniter\Database\BaseConnection->query('select * from c...')
#3 C:\xampp\htdocs\my3skill\app\Models\Currency_model.php(12): CodeIgniter\Model->__call('query', Array)
#4 C:\xampp\htdocs\my3skill\app\Controllers\Web.php(100): App\Models\Currency_model->getCurrency('IN')
#5 C:\xampp\htdocs\my3skill\app\Controllers\Web.php(43): App\Controllers\Web->_getRate()
#6 C:\xampp\htdocs\my3skill\system\CodeIgniter.php(882): App\Controllers\Web->__construct()
#7 C:\xampp\htdocs\my3skill\system\CodeIgniter.php(393): CodeIgniter\CodeIgniter->createController()
#8 C:\xampp\htdocs\my3skill\system\CodeIgniter.php(306): CodeIgniter\CodeIgniter->handleRequest(NULL, Object(Config\Cache), false)
#9 C:\xampp\htdocs\my3skill\index.php(53): CodeIgniter\CodeIgniter->run()
#10 {main}
CRITICAL - 2020-08-24 22:22:20 --> Table 'my3skill.courses' doesn't exist
#0 C:\xampp\htdocs\my3skill\system\Database\MySQLi\Connection.php(330): mysqli->query('select * from c...')
#1 C:\xampp\htdocs\my3skill\system\Database\BaseConnection.php(738): CodeIgniter\Database\MySQLi\Connection->execute('select * from c...')
#2 C:\xampp\htdocs\my3skill\system\Database\BaseConnection.php(666): CodeIgniter\Database\BaseConnection->simpleQuery('select * from c...')
#3 C:\xampp\htdocs\my3skill\system\Model.php(1698): CodeIgniter\Database\BaseConnection->query('select * from c...')
#4 C:\xampp\htdocs\my3skill\app\Controllers\Offers.php(30): CodeIgniter\Model->__call('query', Array)
#5 C:\xampp\htdocs\my3skill\system\CodeIgniter.php(910): App\Controllers\Offers->index()
#6 C:\xampp\htdocs\my3skill\system\CodeIgniter.php(398): CodeIgniter\CodeIgniter->runController(Object(App\Controllers\Offers))
#7 C:\xampp\htdocs\my3skill\system\CodeIgniter.php(306): CodeIgniter\CodeIgniter->handleRequest(NULL, Object(Config\Cache), false)
#8 C:\xampp\htdocs\my3skill\index.php(53): CodeIgniter\CodeIgniter->run()
#9 {main}
CRITICAL - 2020-08-24 22:22:42 --> Invalid argument supplied for foreach()
#0 C:\xampp\htdocs\my3skill\app\Views\admin\offers.php(162): CodeIgniter\Debug\Exceptions->errorHandler(2, 'Invalid argumen...', 'C:\\xampp\\htdocs...', 162, Array)
#1 C:\xampp\htdocs\my3skill\system\View\View.php(236): include('C:\\xampp\\htdocs...')
#2 C:\xampp\htdocs\my3skill\system\Common.php(1071): CodeIgniter\View\View->render('admin/offers', Array, true)
#3 C:\xampp\htdocs\my3skill\app\Controllers\Offers.php(31): view('admin/offers', Array)
#4 C:\xampp\htdocs\my3skill\system\CodeIgniter.php(910): App\Controllers\Offers->index()
#5 C:\xampp\htdocs\my3skill\system\CodeIgniter.php(398): CodeIgniter\CodeIgniter->runController(Object(App\Controllers\Offers))
#6 C:\xampp\htdocs\my3skill\system\CodeIgniter.php(306): CodeIgniter\CodeIgniter->handleRequest(NULL, Object(Config\Cache), false)
#7 C:\xampp\htdocs\my3skill\index.php(53): CodeIgniter\CodeIgniter->run()
#8 {main}
CRITICAL - 2020-08-24 22:40:16 --> Column 'category_id' cannot be null
#0 C:\xampp\htdocs\my3skill\system\Database\MySQLi\Connection.php(330): mysqli->query('INSERT INTO `of...')
#1 C:\xampp\htdocs\my3skill\system\Database\BaseConnection.php(738): CodeIgniter\Database\MySQLi\Connection->execute('INSERT INTO `of...')
#2 C:\xampp\htdocs\my3skill\system\Database\BaseConnection.php(666): CodeIgniter\Database\BaseConnection->simpleQuery('INSERT INTO `of...')
#3 C:\xampp\htdocs\my3skill\system\Database\BaseBuilder.php(2206): CodeIgniter\Database\BaseConnection->query('INSERT INTO `of...', Array, false)
#4 C:\xampp\htdocs\my3skill\system\Model.php(722): CodeIgniter\Database\BaseBuilder->insert()
#5 C:\xampp\htdocs\my3skill\system\Model.php(550): CodeIgniter\Model->insert(Array, false)
#6 C:\xampp\htdocs\my3skill\app\Controllers\Offers.php(51): CodeIgniter\Model->save(Array)
#7 C:\xampp\htdocs\my3skill\system\CodeIgniter.php(910): App\Controllers\Offers->insert()
#8 C:\xampp\htdocs\my3skill\system\CodeIgniter.php(398): CodeIgniter\CodeIgniter->runController(Object(App\Controllers\Offers))
#9 C:\xampp\htdocs\my3skill\system\CodeIgniter.php(306): CodeIgniter\CodeIgniter->handleRequest(NULL, Object(Config\Cache), false)
#10 C:\xampp\htdocs\my3skill\index.php(53): CodeIgniter\CodeIgniter->run()
#11 {main}
CRITICAL - 2020-08-24 22:40:56 --> Column 'category_id' cannot be null
#0 C:\xampp\htdocs\my3skill\system\Database\MySQLi\Connection.php(330): mysqli->query('INSERT INTO `of...')
#1 C:\xampp\htdocs\my3skill\system\Database\BaseConnection.php(738): CodeIgniter\Database\MySQLi\Connection->execute('INSERT INTO `of...')
#2 C:\xampp\htdocs\my3skill\system\Database\BaseConnection.php(666): CodeIgniter\Database\BaseConnection->simpleQuery('INSERT INTO `of...')
#3 C:\xampp\htdocs\my3skill\system\Database\BaseBuilder.php(2206): CodeIgniter\Database\BaseConnection->query('INSERT INTO `of...', Array, false)
#4 C:\xampp\htdocs\my3skill\system\Model.php(722): CodeIgniter\Database\BaseBuilder->insert()
#5 C:\xampp\htdocs\my3skill\system\Model.php(550): CodeIgniter\Model->insert(Array, false)
#6 C:\xampp\htdocs\my3skill\app\Controllers\Offers.php(51): CodeIgniter\Model->save(Array)
#7 C:\xampp\htdocs\my3skill\system\CodeIgniter.php(910): App\Controllers\Offers->insert()
#8 C:\xampp\htdocs\my3skill\system\CodeIgniter.php(398): CodeIgniter\CodeIgniter->runController(Object(App\Controllers\Offers))
#9 C:\xampp\htdocs\my3skill\system\CodeIgniter.php(306): CodeIgniter\CodeIgniter->handleRequest(NULL, Object(Config\Cache), false)
#10 C:\xampp\htdocs\my3skill\index.php(53): CodeIgniter\CodeIgniter->run()
#11 {main}
CRITICAL - 2020-08-24 22:41:18 --> Column 'category_id' cannot be null
#0 C:\xampp\htdocs\my3skill\system\Database\MySQLi\Connection.php(330): mysqli->query('INSERT INTO `of...')
#1 C:\xampp\htdocs\my3skill\system\Database\BaseConnection.php(738): CodeIgniter\Database\MySQLi\Connection->execute('INSERT INTO `of...')
#2 C:\xampp\htdocs\my3skill\system\Database\BaseConnection.php(666): CodeIgniter\Database\BaseConnection->simpleQuery('INSERT INTO `of...')
#3 C:\xampp\htdocs\my3skill\system\Database\BaseBuilder.php(2206): CodeIgniter\Database\BaseConnection->query('INSERT INTO `of...', Array, false)
#4 C:\xampp\htdocs\my3skill\system\Model.php(722): CodeIgniter\Database\BaseBuilder->insert()
#5 C:\xampp\htdocs\my3skill\system\Model.php(550): CodeIgniter\Model->insert(Array, false)
#6 C:\xampp\htdocs\my3skill\app\Controllers\Offers.php(51): CodeIgniter\Model->save(Array)
#7 C:\xampp\htdocs\my3skill\system\CodeIgniter.php(910): App\Controllers\Offers->insert()
#8 C:\xampp\htdocs\my3skill\system\CodeIgniter.php(398): CodeIgniter\CodeIgniter->runController(Object(App\Controllers\Offers))
#9 C:\xampp\htdocs\my3skill\system\CodeIgniter.php(306): CodeIgniter\CodeIgniter->handleRequest(NULL, Object(Config\Cache), false)
#10 C:\xampp\htdocs\my3skill\index.php(53): CodeIgniter\CodeIgniter->run()
#11 {main}
CRITICAL - 2020-08-24 23:39:06 --> Unknown column 'order' in 'order clause'
#0 C:\xampp\htdocs\my3skill\system\Database\MySQLi\Connection.php(330): mysqli->query('SELECT *\nFROM `...')
#1 C:\xampp\htdocs\my3skill\system\Database\BaseConnection.php(738): CodeIgniter\Database\MySQLi\Connection->execute('SELECT *\nFROM `...')
#2 C:\xampp\htdocs\my3skill\system\Database\BaseConnection.php(666): CodeIgniter\Database\BaseConnection->simpleQuery('SELECT *\nFROM `...')
#3 C:\xampp\htdocs\my3skill\system\Database\BaseBuilder.php(1819): CodeIgniter\Database\BaseConnection->query('SELECT *\nFROM `...', Array, false)
#4 C:\xampp\htdocs\my3skill\system\Model.php(445): CodeIgniter\Database\BaseBuilder->get()
#5 C:\xampp\htdocs\my3skill\app\Controllers\Services.php(2030): CodeIgniter\Model->findAll()
#6 C:\xampp\htdocs\my3skill\system\CodeIgniter.php(910): App\Controllers\Services->get_screens()
#7 C:\xampp\htdocs\my3skill\system\CodeIgniter.php(398): CodeIgniter\CodeIgniter->runController(Object(App\Controllers\Services))
#8 C:\xampp\htdocs\my3skill\system\CodeIgniter.php(306): CodeIgniter\CodeIgniter->handleRequest(NULL, Object(Config\Cache), false)
#9 C:\xampp\htdocs\my3skill\index.php(53): CodeIgniter\CodeIgniter->run()
#10 {main}
CRITICAL - 2020-08-24 23:49:01 --> Table 'my3skill.courses' doesn't exist
#0 C:\xampp\htdocs\my3skill\system\Database\MySQLi\Connection.php(330): mysqli->query('select * from c...')
#1 C:\xampp\htdocs\my3skill\system\Database\BaseConnection.php(738): CodeIgniter\Database\MySQLi\Connection->execute('select * from c...')
#2 C:\xampp\htdocs\my3skill\system\Database\BaseConnection.php(666): CodeIgniter\Database\BaseConnection->simpleQuery('select * from c...')
#3 C:\xampp\htdocs\my3skill\system\Model.php(1698): CodeIgniter\Database\BaseConnection->query('select * from c...')
#4 C:\xampp\htdocs\my3skill\app\Controllers\Services.php(2051): CodeIgniter\Model->__call('query', Array)
#5 C:\xampp\htdocs\my3skill\system\CodeIgniter.php(910): App\Controllers\Services->get_offer_courses('1')
#6 C:\xampp\htdocs\my3skill\system\CodeIgniter.php(398): CodeIgniter\CodeIgniter->runController(Object(App\Controllers\Services))
#7 C:\xampp\htdocs\my3skill\system\CodeIgniter.php(306): CodeIgniter\CodeIgniter->handleRequest(NULL, Object(Config\Cache), false)
#8 C:\xampp\htdocs\my3skill\index.php(53): CodeIgniter\CodeIgniter->run()
#9 {main}
