CRITICAL - 2020-12-07 08:27:07 --> Column 'token' cannot be null
#0 /home/kriishna/vegetable.krishnasoftweb.com/system/Database/MySQLi/Connection.php(330): mysqli->query('INSERT INTO `cu...')
#1 /home/kriishna/vegetable.krishnasoftweb.com/system/Database/BaseConnection.php(738): CodeIgniter\Database\MySQLi\Connection->execute('INSERT INTO `cu...')
#2 /home/kriishna/vegetable.krishnasoftweb.com/system/Database/BaseConnection.php(666): CodeIgniter\Database\BaseConnection->simpleQuery('INSERT INTO `cu...')
#3 /home/kriishna/vegetable.krishnasoftweb.com/system/Database/BaseBuilder.php(2206): CodeIgniter\Database\BaseConnection->query('INSERT INTO `cu...', Array, false)
#4 /home/kriishna/vegetable.krishnasoftweb.com/system/Model.php(722): CodeIgniter\Database\BaseBuilder->insert()
#5 /home/kriishna/vegetable.krishnasoftweb.com/system/Model.php(550): CodeIgniter\Model->insert(Array, false)
#6 /home/kriishna/vegetable.krishnasoftweb.com/app/Controllers/Api.php(213): CodeIgniter\Model->save(Array)
#7 /home/kriishna/vegetable.krishnasoftweb.com/system/CodeIgniter.php(910): App\Controllers\Api->customer('signup')
#8 /home/kriishna/vegetable.krishnasoftweb.com/system/CodeIgniter.php(398): CodeIgniter\CodeIgniter->runController(Object(App\Controllers\Api))
#9 /home/kriishna/vegetable.krishnasoftweb.com/system/CodeIgniter.php(306): CodeIgniter\CodeIgniter->handleRequest(NULL, Object(Config\Cache), false)
#10 /home/kriishna/vegetable.krishnasoftweb.com/index.php(53): CodeIgniter\CodeIgniter->run()
#11 {main}
CRITICAL - 2020-12-07 08:27:39 --> Column 'token' cannot be null
#0 /home/kriishna/vegetable.krishnasoftweb.com/system/Database/MySQLi/Connection.php(330): mysqli->query('INSERT INTO `cu...')
#1 /home/kriishna/vegetable.krishnasoftweb.com/system/Database/BaseConnection.php(738): CodeIgniter\Database\MySQLi\Connection->execute('INSERT INTO `cu...')
#2 /home/kriishna/vegetable.krishnasoftweb.com/system/Database/BaseConnection.php(666): CodeIgniter\Database\BaseConnection->simpleQuery('INSERT INTO `cu...')
#3 /home/kriishna/vegetable.krishnasoftweb.com/system/Database/BaseBuilder.php(2206): CodeIgniter\Database\BaseConnection->query('INSERT INTO `cu...', Array, false)
#4 /home/kriishna/vegetable.krishnasoftweb.com/system/Model.php(722): CodeIgniter\Database\BaseBuilder->insert()
#5 /home/kriishna/vegetable.krishnasoftweb.com/system/Model.php(550): CodeIgniter\Model->insert(Array, false)
#6 /home/kriishna/vegetable.krishnasoftweb.com/app/Controllers/Api.php(213): CodeIgniter\Model->save(Array)
#7 /home/kriishna/vegetable.krishnasoftweb.com/system/CodeIgniter.php(910): App\Controllers\Api->customer('signup')
#8 /home/kriishna/vegetable.krishnasoftweb.com/system/CodeIgniter.php(398): CodeIgniter\CodeIgniter->runController(Object(App\Controllers\Api))
#9 /home/kriishna/vegetable.krishnasoftweb.com/system/CodeIgniter.php(306): CodeIgniter\CodeIgniter->handleRequest(NULL, Object(Config\Cache), false)
#10 /home/kriishna/vegetable.krishnasoftweb.com/index.php(53): CodeIgniter\CodeIgniter->run()
#11 {main}
CRITICAL - 2020-12-07 10:14:15 --> Column 'token' cannot be null
#0 /home/kriishna/vegetable.krishnasoftweb.com/system/Database/MySQLi/Connection.php(330): mysqli->query('INSERT INTO `cu...')
#1 /home/kriishna/vegetable.krishnasoftweb.com/system/Database/BaseConnection.php(738): CodeIgniter\Database\MySQLi\Connection->execute('INSERT INTO `cu...')
#2 /home/kriishna/vegetable.krishnasoftweb.com/system/Database/BaseConnection.php(666): CodeIgniter\Database\BaseConnection->simpleQuery('INSERT INTO `cu...')
#3 /home/kriishna/vegetable.krishnasoftweb.com/system/Database/BaseBuilder.php(2206): CodeIgniter\Database\BaseConnection->query('INSERT INTO `cu...', Array, false)
#4 /home/kriishna/vegetable.krishnasoftweb.com/system/Model.php(722): CodeIgniter\Database\BaseBuilder->insert()
#5 /home/kriishna/vegetable.krishnasoftweb.com/system/Model.php(550): CodeIgniter\Model->insert(Array, false)
#6 /home/kriishna/vegetable.krishnasoftweb.com/app/Controllers/Api.php(213): CodeIgniter\Model->save(Array)
#7 /home/kriishna/vegetable.krishnasoftweb.com/system/CodeIgniter.php(910): App\Controllers\Api->customer('signup')
#8 /home/kriishna/vegetable.krishnasoftweb.com/system/CodeIgniter.php(398): CodeIgniter\CodeIgniter->runController(Object(App\Controllers\Api))
#9 /home/kriishna/vegetable.krishnasoftweb.com/system/CodeIgniter.php(306): CodeIgniter\CodeIgniter->handleRequest(NULL, Object(Config\Cache), false)
#10 /home/kriishna/vegetable.krishnasoftweb.com/index.php(53): CodeIgniter\CodeIgniter->run()
#11 {main}
CRITICAL - 2020-12-07 11:19:27 --> Invalid file: admin/hits.php
#0 /home/kriishna/vegetable.krishnasoftweb.com/system/View/View.php(224): CodeIgniter\Exceptions\FrameworkException::forInvalidFile('admin/hits.php')
#1 /home/kriishna/vegetable.krishnasoftweb.com/system/Common.php(1071): CodeIgniter\View\View->render('admin/hits', Array, true)
#2 /home/kriishna/vegetable.krishnasoftweb.com/app/Controllers/Dashboard.php(41): view('admin/hits', Array)
#3 /home/kriishna/vegetable.krishnasoftweb.com/system/CodeIgniter.php(910): App\Controllers\Dashboard->web_hits()
#4 /home/kriishna/vegetable.krishnasoftweb.com/system/CodeIgniter.php(398): CodeIgniter\CodeIgniter->runController(Object(App\Controllers\Dashboard))
#5 /home/kriishna/vegetable.krishnasoftweb.com/system/CodeIgniter.php(306): CodeIgniter\CodeIgniter->handleRequest(NULL, Object(Config\Cache), false)
#6 /home/kriishna/vegetable.krishnasoftweb.com/index.php(53): CodeIgniter\CodeIgniter->run()
#7 {main}
CRITICAL - 2020-12-07 20:27:14 --> Column 'token' cannot be null
#0 /home/kriishna/vegetable.krishnasoftweb.com/system/Database/MySQLi/Connection.php(330): mysqli->query('INSERT INTO `cu...')
#1 /home/kriishna/vegetable.krishnasoftweb.com/system/Database/BaseConnection.php(738): CodeIgniter\Database\MySQLi\Connection->execute('INSERT INTO `cu...')
#2 /home/kriishna/vegetable.krishnasoftweb.com/system/Database/BaseConnection.php(666): CodeIgniter\Database\BaseConnection->simpleQuery('INSERT INTO `cu...')
#3 /home/kriishna/vegetable.krishnasoftweb.com/system/Database/BaseBuilder.php(2206): CodeIgniter\Database\BaseConnection->query('INSERT INTO `cu...', Array, false)
#4 /home/kriishna/vegetable.krishnasoftweb.com/system/Model.php(722): CodeIgniter\Database\BaseBuilder->insert()
#5 /home/kriishna/vegetable.krishnasoftweb.com/system/Model.php(550): CodeIgniter\Model->insert(Array, false)
#6 /home/kriishna/vegetable.krishnasoftweb.com/app/Controllers/Api.php(213): CodeIgniter\Model->save(Array)
#7 /home/kriishna/vegetable.krishnasoftweb.com/system/CodeIgniter.php(910): App\Controllers\Api->customer('signup')
#8 /home/kriishna/vegetable.krishnasoftweb.com/system/CodeIgniter.php(398): CodeIgniter\CodeIgniter->runController(Object(App\Controllers\Api))
#9 /home/kriishna/vegetable.krishnasoftweb.com/system/CodeIgniter.php(306): CodeIgniter\CodeIgniter->handleRequest(NULL, Object(Config\Cache), false)
#10 /home/kriishna/vegetable.krishnasoftweb.com/index.php(53): CodeIgniter\CodeIgniter->run()
#11 {main}
CRITICAL - 2020-12-07 22:09:03 --> Column 'token' cannot be null
#0 /home/kriishna/vegetable.krishnasoftweb.com/system/Database/MySQLi/Connection.php(330): mysqli->query('INSERT INTO `cu...')
#1 /home/kriishna/vegetable.krishnasoftweb.com/system/Database/BaseConnection.php(738): CodeIgniter\Database\MySQLi\Connection->execute('INSERT INTO `cu...')
#2 /home/kriishna/vegetable.krishnasoftweb.com/system/Database/BaseConnection.php(666): CodeIgniter\Database\BaseConnection->simpleQuery('INSERT INTO `cu...')
#3 /home/kriishna/vegetable.krishnasoftweb.com/system/Database/BaseBuilder.php(2206): CodeIgniter\Database\BaseConnection->query('INSERT INTO `cu...', Array, false)
#4 /home/kriishna/vegetable.krishnasoftweb.com/system/Model.php(722): CodeIgniter\Database\BaseBuilder->insert()
#5 /home/kriishna/vegetable.krishnasoftweb.com/system/Model.php(550): CodeIgniter\Model->insert(Array, false)
#6 /home/kriishna/vegetable.krishnasoftweb.com/app/Controllers/Api.php(213): CodeIgniter\Model->save(Array)
#7 /home/kriishna/vegetable.krishnasoftweb.com/system/CodeIgniter.php(910): App\Controllers\Api->customer('signup')
#8 /home/kriishna/vegetable.krishnasoftweb.com/system/CodeIgniter.php(398): CodeIgniter\CodeIgniter->runController(Object(App\Controllers\Api))
#9 /home/kriishna/vegetable.krishnasoftweb.com/system/CodeIgniter.php(306): CodeIgniter\CodeIgniter->handleRequest(NULL, Object(Config\Cache), false)
#10 /home/kriishna/vegetable.krishnasoftweb.com/index.php(53): CodeIgniter\CodeIgniter->run()
#11 {main}
