CRITICAL - 2020-06-23 09:37:10 --> Invalid file: {0}
#0 C:\xampp\htdocs\my3skill\system\View\View.php(224): CodeIgniter\Exceptions\FrameworkException::forInvalidFile('web/home.php')
#1 C:\xampp\htdocs\my3skill\system\Common.php(1071): CodeIgniter\View\View->render('web/home', Array, true)
#2 C:\xampp\htdocs\my3skill\app\Controllers\Web.php(34): view('web/home', Array)
#3 C:\xampp\htdocs\my3skill\system\CodeIgniter.php(910): App\Controllers\Web->index()
#4 C:\xampp\htdocs\my3skill\system\CodeIgniter.php(398): CodeIgniter\CodeIgniter->runController(Object(App\Controllers\Web))
#5 C:\xampp\htdocs\my3skill\system\CodeIgniter.php(306): CodeIgniter\CodeIgniter->handleRequest(NULL, Object(Config\Cache), false)
#6 C:\xampp\htdocs\my3skill\index.php(45): CodeIgniter\CodeIgniter->run()
#7 {main}
CRITICAL - 2020-06-23 09:37:19 --> Invalid file: {0}
#0 C:\xampp\htdocs\my3skill\system\View\View.php(224): CodeIgniter\Exceptions\FrameworkException::forInvalidFile('web/home.php')
#1 C:\xampp\htdocs\my3skill\system\Common.php(1071): CodeIgniter\View\View->render('web/home', Array, true)
#2 C:\xampp\htdocs\my3skill\app\Controllers\Web.php(34): view('web/home', Array)
#3 C:\xampp\htdocs\my3skill\system\CodeIgniter.php(910): App\Controllers\Web->index()
#4 C:\xampp\htdocs\my3skill\system\CodeIgniter.php(398): CodeIgniter\CodeIgniter->runController(Object(App\Controllers\Web))
#5 C:\xampp\htdocs\my3skill\system\CodeIgniter.php(306): CodeIgniter\CodeIgniter->handleRequest(NULL, Object(Config\Cache), false)
#6 C:\xampp\htdocs\my3skill\index.php(45): CodeIgniter\CodeIgniter->run()
#7 {main}
CRITICAL - 2020-06-23 23:24:36 --> fopen(https://translate.systran.net/translate/html): failed to open stream: HTTP request failed! HTTP/1.1 403 Forbidden

#0 [internal function]: CodeIgniter\Debug\Exceptions->errorHandler(2, 'fopen(https://t...', 'C:\\xampp\\htdocs...', 844, Array)
#1 C:\xampp\htdocs\my3skill\app\Controllers\Services.php(844): fopen('https://transla...', 'rb', false, Resource id #92)
#2 C:\xampp\htdocs\my3skill\system\CodeIgniter.php(910): App\Controllers\Services->translate()
#3 C:\xampp\htdocs\my3skill\system\CodeIgniter.php(398): CodeIgniter\CodeIgniter->runController(Object(App\Controllers\Services))
#4 C:\xampp\htdocs\my3skill\system\CodeIgniter.php(306): CodeIgniter\CodeIgniter->handleRequest(NULL, Object(Config\Cache), false)
#5 C:\xampp\htdocs\my3skill\index.php(45): CodeIgniter\CodeIgniter->run()
#6 {main}
CRITICAL - 2020-06-23 23:26:27 --> fopen(https://translate.systran.net/translate/html): failed to open stream: HTTP request failed! HTTP/1.1 403 Forbidden

#0 [internal function]: CodeIgniter\Debug\Exceptions->errorHandler(2, 'fopen(https://t...', 'C:\\xampp\\htdocs...', 844, Array)
#1 C:\xampp\htdocs\my3skill\app\Controllers\Services.php(844): fopen('https://transla...', 'rb', false, Resource id #92)
#2 C:\xampp\htdocs\my3skill\system\CodeIgniter.php(910): App\Controllers\Services->translate()
#3 C:\xampp\htdocs\my3skill\system\CodeIgniter.php(398): CodeIgniter\CodeIgniter->runController(Object(App\Controllers\Services))
#4 C:\xampp\htdocs\my3skill\system\CodeIgniter.php(306): CodeIgniter\CodeIgniter->handleRequest(NULL, Object(Config\Cache), false)
#5 C:\xampp\htdocs\my3skill\index.php(45): CodeIgniter\CodeIgniter->run()
#6 {main}
CRITICAL - 2020-06-23 23:26:30 --> fopen(https://translate.systran.net/translate/html): failed to open stream: HTTP request failed! HTTP/1.1 403 Forbidden

#0 [internal function]: CodeIgniter\Debug\Exceptions->errorHandler(2, 'fopen(https://t...', 'C:\\xampp\\htdocs...', 844, Array)
#1 C:\xampp\htdocs\my3skill\app\Controllers\Services.php(844): fopen('https://transla...', 'rb', false, Resource id #92)
#2 C:\xampp\htdocs\my3skill\system\CodeIgniter.php(910): App\Controllers\Services->translate()
#3 C:\xampp\htdocs\my3skill\system\CodeIgniter.php(398): CodeIgniter\CodeIgniter->runController(Object(App\Controllers\Services))
#4 C:\xampp\htdocs\my3skill\system\CodeIgniter.php(306): CodeIgniter\CodeIgniter->handleRequest(NULL, Object(Config\Cache), false)
#5 C:\xampp\htdocs\my3skill\index.php(45): CodeIgniter\CodeIgniter->run()
#6 {main}
