CRITICAL - 2020-07-31 19:03:11 --> Unknown column 'default' in 'where clause'
#0 /home/u716350106/domains/my3skills.com/public_html/system/Database/MySQLi/Connection.php(330): mysqli->query('select * from `...')
#1 /home/u716350106/domains/my3skills.com/public_html/system/Database/BaseConnection.php(738): CodeIgniter\Database\MySQLi\Connection->execute('select * from `...')
#2 /home/u716350106/domains/my3skills.com/public_html/system/Database/BaseConnection.php(666): CodeIgniter\Database\BaseConnection->simpleQuery('select * from `...')
#3 /home/u716350106/domains/my3skills.com/public_html/system/Model.php(1698): CodeIgniter\Database\BaseConnection->query('select * from `...')
#4 /home/u716350106/domains/my3skills.com/public_html/app/Controllers/Web.php(44): CodeIgniter\Model->__call('query', Array)
#5 /home/u716350106/domains/my3skills.com/public_html/system/CodeIgniter.php(882): App\Controllers\Web->__construct()
#6 /home/u716350106/domains/my3skills.com/public_html/system/CodeIgniter.php(393): CodeIgniter\CodeIgniter->createController()
#7 /home/u716350106/domains/my3skills.com/public_html/system/CodeIgniter.php(306): CodeIgniter\CodeIgniter->handleRequest(NULL, Object(Config\Cache), false)
#8 /home/u716350106/domains/my3skills.com/public_html/index.php(53): CodeIgniter\CodeIgniter->run()
#9 {main}
CRITICAL - 2020-07-31 19:03:48 --> Unknown column 'default' in 'where clause'
#0 /home/u716350106/domains/my3skills.com/public_html/system/Database/MySQLi/Connection.php(330): mysqli->query('select * from `...')
#1 /home/u716350106/domains/my3skills.com/public_html/system/Database/BaseConnection.php(738): CodeIgniter\Database\MySQLi\Connection->execute('select * from `...')
#2 /home/u716350106/domains/my3skills.com/public_html/system/Database/BaseConnection.php(666): CodeIgniter\Database\BaseConnection->simpleQuery('select * from `...')
#3 /home/u716350106/domains/my3skills.com/public_html/system/Model.php(1698): CodeIgniter\Database\BaseConnection->query('select * from `...')
#4 /home/u716350106/domains/my3skills.com/public_html/app/Controllers/Web.php(44): CodeIgniter\Model->__call('query', Array)
#5 /home/u716350106/domains/my3skills.com/public_html/system/CodeIgniter.php(882): App\Controllers\Web->__construct()
#6 /home/u716350106/domains/my3skills.com/public_html/system/CodeIgniter.php(393): CodeIgniter\CodeIgniter->createController()
#7 /home/u716350106/domains/my3skills.com/public_html/system/CodeIgniter.php(306): CodeIgniter\CodeIgniter->handleRequest(NULL, Object(Config\Cache), false)
#8 /home/u716350106/domains/my3skills.com/public_html/index.php(53): CodeIgniter\CodeIgniter->run()
#9 {main}
CRITICAL - 2020-07-31 20:42:03 --> You have an error in your SQL syntax; check the manual that corresponds to your MariaDB server version for the right syntax to use near '' at line 1
#0 /home/u716350106/domains/my3skills.com/public_html/system/Database/MySQLi/Connection.php(330): mysqli->query('select * from q...')
#1 /home/u716350106/domains/my3skills.com/public_html/system/Database/BaseConnection.php(738): CodeIgniter\Database\MySQLi\Connection->execute('select * from q...')
#2 /home/u716350106/domains/my3skills.com/public_html/system/Database/BaseConnection.php(666): CodeIgniter\Database\BaseConnection->simpleQuery('select * from q...')
#3 /home/u716350106/domains/my3skills.com/public_html/system/Model.php(1698): CodeIgniter\Database\BaseConnection->query('select * from q...')
#4 /home/u716350106/domains/my3skills.com/public_html/app/Controllers/Services.php(967): CodeIgniter\Model->__call('query', Array)
#5 /home/u716350106/domains/my3skills.com/public_html/system/CodeIgniter.php(910): App\Controllers\Services->get_quiz_question('1')
#6 /home/u716350106/domains/my3skills.com/public_html/system/CodeIgniter.php(398): CodeIgniter\CodeIgniter->runController(Object(App\Controllers\Services))
#7 /home/u716350106/domains/my3skills.com/public_html/system/CodeIgniter.php(306): CodeIgniter\CodeIgniter->handleRequest(NULL, Object(Config\Cache), false)
#8 /home/u716350106/domains/my3skills.com/public_html/index.php(53): CodeIgniter\CodeIgniter->run()
#9 {main}
