CRITICAL - 2020-08-03 04:37:14 --> Operand should contain 1 column(s)
#0 /home/u716350106/domains/my3skills.com/public_html/system/Database/MySQLi/Connection.php(330): mysqli->query('SELECT *\nFROM `...')
#1 /home/u716350106/domains/my3skills.com/public_html/system/Database/BaseConnection.php(738): CodeIgniter\Database\MySQLi\Connection->execute('SELECT *\nFROM `...')
#2 /home/u716350106/domains/my3skills.com/public_html/system/Database/BaseConnection.php(666): CodeIgniter\Database\BaseConnection->simpleQuery('SELECT *\nFROM `...')
#3 /home/u716350106/domains/my3skills.com/public_html/system/Database/BaseBuilder.php(1819): CodeIgniter\Database\BaseConnection->query('SELECT *\nFROM `...', Array, false)
#4 /home/u716350106/domains/my3skills.com/public_html/system/Model.php(482): CodeIgniter\Database\BaseBuilder->get()
#5 /home/u716350106/domains/my3skills.com/public_html/app/Controllers/Web.php(724): CodeIgniter\Model->first()
#6 /home/u716350106/domains/my3skills.com/public_html/system/CodeIgniter.php(910): App\Controllers\Web->get_balance()
#7 /home/u716350106/domains/my3skills.com/public_html/system/CodeIgniter.php(398): CodeIgniter\CodeIgniter->runController(Object(App\Controllers\Web))
#8 /home/u716350106/domains/my3skills.com/public_html/system/CodeIgniter.php(306): CodeIgniter\CodeIgniter->handleRequest(NULL, Object(Config\Cache), false)
#9 /home/u716350106/domains/my3skills.com/public_html/index.php(53): CodeIgniter\CodeIgniter->run()
#10 {main}
CRITICAL - 2020-08-03 04:37:25 --> Operand should contain 1 column(s)
#0 /home/u716350106/domains/my3skills.com/public_html/system/Database/MySQLi/Connection.php(330): mysqli->query('SELECT *\nFROM `...')
#1 /home/u716350106/domains/my3skills.com/public_html/system/Database/BaseConnection.php(738): CodeIgniter\Database\MySQLi\Connection->execute('SELECT *\nFROM `...')
#2 /home/u716350106/domains/my3skills.com/public_html/system/Database/BaseConnection.php(666): CodeIgniter\Database\BaseConnection->simpleQuery('SELECT *\nFROM `...')
#3 /home/u716350106/domains/my3skills.com/public_html/system/Database/BaseBuilder.php(1819): CodeIgniter\Database\BaseConnection->query('SELECT *\nFROM `...', Array, false)
#4 /home/u716350106/domains/my3skills.com/public_html/system/Model.php(482): CodeIgniter\Database\BaseBuilder->get()
#5 /home/u716350106/domains/my3skills.com/public_html/app/Controllers/Web.php(724): CodeIgniter\Model->first()
#6 /home/u716350106/domains/my3skills.com/public_html/system/CodeIgniter.php(910): App\Controllers\Web->get_balance()
#7 /home/u716350106/domains/my3skills.com/public_html/system/CodeIgniter.php(398): CodeIgniter\CodeIgniter->runController(Object(App\Controllers\Web))
#8 /home/u716350106/domains/my3skills.com/public_html/system/CodeIgniter.php(306): CodeIgniter\CodeIgniter->handleRequest(NULL, Object(Config\Cache), false)
#9 /home/u716350106/domains/my3skills.com/public_html/index.php(53): CodeIgniter\CodeIgniter->run()
#10 {main}
CRITICAL - 2020-08-03 04:39:04 --> Operand should contain 1 column(s)
#0 /home/u716350106/domains/my3skills.com/public_html/system/Database/MySQLi/Connection.php(330): mysqli->query('SELECT *\nFROM `...')
#1 /home/u716350106/domains/my3skills.com/public_html/system/Database/BaseConnection.php(738): CodeIgniter\Database\MySQLi\Connection->execute('SELECT *\nFROM `...')
#2 /home/u716350106/domains/my3skills.com/public_html/system/Database/BaseConnection.php(666): CodeIgniter\Database\BaseConnection->simpleQuery('SELECT *\nFROM `...')
#3 /home/u716350106/domains/my3skills.com/public_html/system/Database/BaseBuilder.php(1819): CodeIgniter\Database\BaseConnection->query('SELECT *\nFROM `...', Array, false)
#4 /home/u716350106/domains/my3skills.com/public_html/system/Model.php(482): CodeIgniter\Database\BaseBuilder->get()
#5 /home/u716350106/domains/my3skills.com/public_html/app/Controllers/Web.php(724): CodeIgniter\Model->first()
#6 /home/u716350106/domains/my3skills.com/public_html/system/CodeIgniter.php(910): App\Controllers\Web->get_balance()
#7 /home/u716350106/domains/my3skills.com/public_html/system/CodeIgniter.php(398): CodeIgniter\CodeIgniter->runController(Object(App\Controllers\Web))
#8 /home/u716350106/domains/my3skills.com/public_html/system/CodeIgniter.php(306): CodeIgniter\CodeIgniter->handleRequest(NULL, Object(Config\Cache), false)
#9 /home/u716350106/domains/my3skills.com/public_html/index.php(53): CodeIgniter\CodeIgniter->run()
#10 {main}
CRITICAL - 2020-08-03 04:39:58 --> Operand should contain 1 column(s)
#0 /home/u716350106/domains/my3skills.com/public_html/system/Database/MySQLi/Connection.php(330): mysqli->query('SELECT *\nFROM `...')
#1 /home/u716350106/domains/my3skills.com/public_html/system/Database/BaseConnection.php(738): CodeIgniter\Database\MySQLi\Connection->execute('SELECT *\nFROM `...')
#2 /home/u716350106/domains/my3skills.com/public_html/system/Database/BaseConnection.php(666): CodeIgniter\Database\BaseConnection->simpleQuery('SELECT *\nFROM `...')
#3 /home/u716350106/domains/my3skills.com/public_html/system/Database/BaseBuilder.php(1819): CodeIgniter\Database\BaseConnection->query('SELECT *\nFROM `...', Array, false)
#4 /home/u716350106/domains/my3skills.com/public_html/system/Model.php(482): CodeIgniter\Database\BaseBuilder->get()
#5 /home/u716350106/domains/my3skills.com/public_html/app/Controllers/Web.php(724): CodeIgniter\Model->first()
#6 /home/u716350106/domains/my3skills.com/public_html/system/CodeIgniter.php(910): App\Controllers\Web->get_balance()
#7 /home/u716350106/domains/my3skills.com/public_html/system/CodeIgniter.php(398): CodeIgniter\CodeIgniter->runController(Object(App\Controllers\Web))
#8 /home/u716350106/domains/my3skills.com/public_html/system/CodeIgniter.php(306): CodeIgniter\CodeIgniter->handleRequest(NULL, Object(Config\Cache), false)
#9 /home/u716350106/domains/my3skills.com/public_html/index.php(53): CodeIgniter\CodeIgniter->run()
#10 {main}
CRITICAL - 2020-08-03 04:41:12 --> Operand should contain 1 column(s)
#0 /home/u716350106/domains/my3skills.com/public_html/system/Database/MySQLi/Connection.php(330): mysqli->query('SELECT *\nFROM `...')
#1 /home/u716350106/domains/my3skills.com/public_html/system/Database/BaseConnection.php(738): CodeIgniter\Database\MySQLi\Connection->execute('SELECT *\nFROM `...')
#2 /home/u716350106/domains/my3skills.com/public_html/system/Database/BaseConnection.php(666): CodeIgniter\Database\BaseConnection->simpleQuery('SELECT *\nFROM `...')
#3 /home/u716350106/domains/my3skills.com/public_html/system/Database/BaseBuilder.php(1819): CodeIgniter\Database\BaseConnection->query('SELECT *\nFROM `...', Array, false)
#4 /home/u716350106/domains/my3skills.com/public_html/system/Model.php(482): CodeIgniter\Database\BaseBuilder->get()
#5 /home/u716350106/domains/my3skills.com/public_html/app/Controllers/Web.php(724): CodeIgniter\Model->first()
#6 /home/u716350106/domains/my3skills.com/public_html/system/CodeIgniter.php(910): App\Controllers\Web->get_balance()
#7 /home/u716350106/domains/my3skills.com/public_html/system/CodeIgniter.php(398): CodeIgniter\CodeIgniter->runController(Object(App\Controllers\Web))
#8 /home/u716350106/domains/my3skills.com/public_html/system/CodeIgniter.php(306): CodeIgniter\CodeIgniter->handleRequest(NULL, Object(Config\Cache), false)
#9 /home/u716350106/domains/my3skills.com/public_html/index.php(53): CodeIgniter\CodeIgniter->run()
#10 {main}
CRITICAL - 2020-08-03 04:41:43 --> Operand should contain 1 column(s)
#0 /home/u716350106/domains/my3skills.com/public_html/system/Database/MySQLi/Connection.php(330): mysqli->query('SELECT *\nFROM `...')
#1 /home/u716350106/domains/my3skills.com/public_html/system/Database/BaseConnection.php(738): CodeIgniter\Database\MySQLi\Connection->execute('SELECT *\nFROM `...')
#2 /home/u716350106/domains/my3skills.com/public_html/system/Database/BaseConnection.php(666): CodeIgniter\Database\BaseConnection->simpleQuery('SELECT *\nFROM `...')
#3 /home/u716350106/domains/my3skills.com/public_html/system/Database/BaseBuilder.php(1819): CodeIgniter\Database\BaseConnection->query('SELECT *\nFROM `...', Array, false)
#4 /home/u716350106/domains/my3skills.com/public_html/system/Model.php(482): CodeIgniter\Database\BaseBuilder->get()
#5 /home/u716350106/domains/my3skills.com/public_html/app/Controllers/Web.php(724): CodeIgniter\Model->first()
#6 /home/u716350106/domains/my3skills.com/public_html/system/CodeIgniter.php(910): App\Controllers\Web->get_balance()
#7 /home/u716350106/domains/my3skills.com/public_html/system/CodeIgniter.php(398): CodeIgniter\CodeIgniter->runController(Object(App\Controllers\Web))
#8 /home/u716350106/domains/my3skills.com/public_html/system/CodeIgniter.php(306): CodeIgniter\CodeIgniter->handleRequest(NULL, Object(Config\Cache), false)
#9 /home/u716350106/domains/my3skills.com/public_html/index.php(53): CodeIgniter\CodeIgniter->run()
#10 {main}
CRITICAL - 2020-08-03 11:49:36 --> Column 'description' cannot be null
#0 /home/u716350106/domains/my3skills.com/public_html/system/Database/MySQLi/Connection.php(330): mysqli->query('INSERT INTO `te...')
#1 /home/u716350106/domains/my3skills.com/public_html/system/Database/BaseConnection.php(738): CodeIgniter\Database\MySQLi\Connection->execute('INSERT INTO `te...')
#2 /home/u716350106/domains/my3skills.com/public_html/system/Database/BaseConnection.php(666): CodeIgniter\Database\BaseConnection->simpleQuery('INSERT INTO `te...')
#3 /home/u716350106/domains/my3skills.com/public_html/system/Database/BaseBuilder.php(2206): CodeIgniter\Database\BaseConnection->query('INSERT INTO `te...', Array, false)
#4 /home/u716350106/domains/my3skills.com/public_html/system/Model.php(722): CodeIgniter\Database\BaseBuilder->insert()
#5 /home/u716350106/domains/my3skills.com/public_html/system/Model.php(550): CodeIgniter\Model->insert(Array, false)
#6 /home/u716350106/domains/my3skills.com/public_html/app/Controllers/Web.php(859): CodeIgniter\Model->save(Array)
#7 /home/u716350106/domains/my3skills.com/public_html/system/CodeIgniter.php(910): App\Controllers\Web->submit_teacher()
#8 /home/u716350106/domains/my3skills.com/public_html/system/CodeIgniter.php(398): CodeIgniter\CodeIgniter->runController(Object(App\Controllers\Web))
#9 /home/u716350106/domains/my3skills.com/public_html/system/CodeIgniter.php(306): CodeIgniter\CodeIgniter->handleRequest(NULL, Object(Config\Cache), false)
#10 /home/u716350106/domains/my3skills.com/public_html/index.php(53): CodeIgniter\CodeIgniter->run()
#11 {main}
CRITICAL - 2020-08-03 21:04:39 --> Illegal string offset 'id'
#0 /home/u716350106/domains/my3skills.com/public_html/app/Controllers/Web.php(78): CodeIgniter\Debug\Exceptions->errorHandler(2, 'Illegal string ...', '/home/u71635010...', 78, Array)
#1 /home/u716350106/domains/my3skills.com/public_html/system/CodeIgniter.php(882): App\Controllers\Web->__construct()
#2 /home/u716350106/domains/my3skills.com/public_html/system/CodeIgniter.php(393): CodeIgniter\CodeIgniter->createController()
#3 /home/u716350106/domains/my3skills.com/public_html/system/CodeIgniter.php(306): CodeIgniter\CodeIgniter->handleRequest(NULL, Object(Config\Cache), false)
#4 /home/u716350106/domains/my3skills.com/public_html/index.php(53): CodeIgniter\CodeIgniter->run()
#5 {main}
CRITICAL - 2020-08-03 21:04:45 --> Illegal string offset 'id'
#0 /home/u716350106/domains/my3skills.com/public_html/app/Controllers/Web.php(78): CodeIgniter\Debug\Exceptions->errorHandler(2, 'Illegal string ...', '/home/u71635010...', 78, Array)
#1 /home/u716350106/domains/my3skills.com/public_html/system/CodeIgniter.php(882): App\Controllers\Web->__construct()
#2 /home/u716350106/domains/my3skills.com/public_html/system/CodeIgniter.php(393): CodeIgniter\CodeIgniter->createController()
#3 /home/u716350106/domains/my3skills.com/public_html/system/CodeIgniter.php(306): CodeIgniter\CodeIgniter->handleRequest(NULL, Object(Config\Cache), false)
#4 /home/u716350106/domains/my3skills.com/public_html/index.php(53): CodeIgniter\CodeIgniter->run()
#5 {main}
CRITICAL - 2020-08-03 21:06:17 --> Illegal string offset 'id'
#0 /home/u716350106/domains/my3skills.com/public_html/app/Controllers/Web.php(78): CodeIgniter\Debug\Exceptions->errorHandler(2, 'Illegal string ...', '/home/u71635010...', 78, Array)
#1 /home/u716350106/domains/my3skills.com/public_html/system/CodeIgniter.php(882): App\Controllers\Web->__construct()
#2 /home/u716350106/domains/my3skills.com/public_html/system/CodeIgniter.php(393): CodeIgniter\CodeIgniter->createController()
#3 /home/u716350106/domains/my3skills.com/public_html/system/CodeIgniter.php(306): CodeIgniter\CodeIgniter->handleRequest(NULL, Object(Config\Cache), false)
#4 /home/u716350106/domains/my3skills.com/public_html/index.php(53): CodeIgniter\CodeIgniter->run()
#5 {main}
CRITICAL - 2020-08-03 21:06:51 --> Illegal string offset 'id'
#0 /home/u716350106/domains/my3skills.com/public_html/app/Controllers/Web.php(78): CodeIgniter\Debug\Exceptions->errorHandler(2, 'Illegal string ...', '/home/u71635010...', 78, Array)
#1 /home/u716350106/domains/my3skills.com/public_html/system/CodeIgniter.php(882): App\Controllers\Web->__construct()
#2 /home/u716350106/domains/my3skills.com/public_html/system/CodeIgniter.php(393): CodeIgniter\CodeIgniter->createController()
#3 /home/u716350106/domains/my3skills.com/public_html/system/CodeIgniter.php(306): CodeIgniter\CodeIgniter->handleRequest(NULL, Object(Config\Cache), false)
#4 /home/u716350106/domains/my3skills.com/public_html/index.php(53): CodeIgniter\CodeIgniter->run()
#5 {main}
CRITICAL - 2020-08-03 21:08:00 --> Illegal string offset 'id'
#0 /home/u716350106/domains/my3skills.com/public_html/app/Controllers/Web.php(78): CodeIgniter\Debug\Exceptions->errorHandler(2, 'Illegal string ...', '/home/u71635010...', 78, Array)
#1 /home/u716350106/domains/my3skills.com/public_html/system/CodeIgniter.php(882): App\Controllers\Web->__construct()
#2 /home/u716350106/domains/my3skills.com/public_html/system/CodeIgniter.php(393): CodeIgniter\CodeIgniter->createController()
#3 /home/u716350106/domains/my3skills.com/public_html/system/CodeIgniter.php(306): CodeIgniter\CodeIgniter->handleRequest(NULL, Object(Config\Cache), false)
#4 /home/u716350106/domains/my3skills.com/public_html/index.php(53): CodeIgniter\CodeIgniter->run()
#5 {main}
CRITICAL - 2020-08-03 21:08:09 --> Illegal string offset 'id'
#0 /home/u716350106/domains/my3skills.com/public_html/app/Controllers/Web.php(78): CodeIgniter\Debug\Exceptions->errorHandler(2, 'Illegal string ...', '/home/u71635010...', 78, Array)
#1 /home/u716350106/domains/my3skills.com/public_html/system/CodeIgniter.php(882): App\Controllers\Web->__construct()
#2 /home/u716350106/domains/my3skills.com/public_html/system/CodeIgniter.php(393): CodeIgniter\CodeIgniter->createController()
#3 /home/u716350106/domains/my3skills.com/public_html/system/CodeIgniter.php(306): CodeIgniter\CodeIgniter->handleRequest(NULL, Object(Config\Cache), false)
#4 /home/u716350106/domains/my3skills.com/public_html/index.php(53): CodeIgniter\CodeIgniter->run()
#5 {main}
CRITICAL - 2020-08-03 21:08:14 --> Illegal string offset 'id'
#0 /home/u716350106/domains/my3skills.com/public_html/app/Controllers/Web.php(78): CodeIgniter\Debug\Exceptions->errorHandler(2, 'Illegal string ...', '/home/u71635010...', 78, Array)
#1 /home/u716350106/domains/my3skills.com/public_html/system/CodeIgniter.php(882): App\Controllers\Web->__construct()
#2 /home/u716350106/domains/my3skills.com/public_html/system/CodeIgniter.php(393): CodeIgniter\CodeIgniter->createController()
#3 /home/u716350106/domains/my3skills.com/public_html/system/CodeIgniter.php(306): CodeIgniter\CodeIgniter->handleRequest(NULL, Object(Config\Cache), false)
#4 /home/u716350106/domains/my3skills.com/public_html/index.php(53): CodeIgniter\CodeIgniter->run()
#5 {main}
CRITICAL - 2020-08-03 21:08:17 --> Illegal string offset 'id'
#0 /home/u716350106/domains/my3skills.com/public_html/app/Controllers/Web.php(78): CodeIgniter\Debug\Exceptions->errorHandler(2, 'Illegal string ...', '/home/u71635010...', 78, Array)
#1 /home/u716350106/domains/my3skills.com/public_html/system/CodeIgniter.php(882): App\Controllers\Web->__construct()
#2 /home/u716350106/domains/my3skills.com/public_html/system/CodeIgniter.php(393): CodeIgniter\CodeIgniter->createController()
#3 /home/u716350106/domains/my3skills.com/public_html/system/CodeIgniter.php(306): CodeIgniter\CodeIgniter->handleRequest(NULL, Object(Config\Cache), false)
#4 /home/u716350106/domains/my3skills.com/public_html/index.php(53): CodeIgniter\CodeIgniter->run()
#5 {main}
CRITICAL - 2020-08-03 21:10:39 --> Illegal string offset 'id'
#0 /home/u716350106/domains/my3skills.com/public_html/app/Controllers/Web.php(78): CodeIgniter\Debug\Exceptions->errorHandler(2, 'Illegal string ...', '/home/u71635010...', 78, Array)
#1 /home/u716350106/domains/my3skills.com/public_html/system/CodeIgniter.php(882): App\Controllers\Web->__construct()
#2 /home/u716350106/domains/my3skills.com/public_html/system/CodeIgniter.php(393): CodeIgniter\CodeIgniter->createController()
#3 /home/u716350106/domains/my3skills.com/public_html/system/CodeIgniter.php(306): CodeIgniter\CodeIgniter->handleRequest(NULL, Object(Config\Cache), false)
#4 /home/u716350106/domains/my3skills.com/public_html/index.php(53): CodeIgniter\CodeIgniter->run()
#5 {main}
CRITICAL - 2020-08-03 21:11:54 --> Invalid argument supplied for foreach()
#0 /home/u716350106/domains/my3skills.com/public_html/app/Controllers/Services.php(235): CodeIgniter\Debug\Exceptions->errorHandler(2, 'Invalid argumen...', '/home/u71635010...', 235, Array)
#1 /home/u716350106/domains/my3skills.com/public_html/system/CodeIgniter.php(910): App\Controllers\Services->get_home_courses()
#2 /home/u716350106/domains/my3skills.com/public_html/system/CodeIgniter.php(398): CodeIgniter\CodeIgniter->runController(Object(App\Controllers\Services))
#3 /home/u716350106/domains/my3skills.com/public_html/system/CodeIgniter.php(306): CodeIgniter\CodeIgniter->handleRequest(NULL, Object(Config\Cache), false)
#4 /home/u716350106/domains/my3skills.com/public_html/index.php(53): CodeIgniter\CodeIgniter->run()
#5 {main}
CRITICAL - 2020-08-03 21:14:31 --> Invalid argument supplied for foreach()
#0 /home/u716350106/domains/my3skills.com/public_html/app/Controllers/Services.php(235): CodeIgniter\Debug\Exceptions->errorHandler(2, 'Invalid argumen...', '/home/u71635010...', 235, Array)
#1 /home/u716350106/domains/my3skills.com/public_html/system/CodeIgniter.php(910): App\Controllers\Services->get_home_courses()
#2 /home/u716350106/domains/my3skills.com/public_html/system/CodeIgniter.php(398): CodeIgniter\CodeIgniter->runController(Object(App\Controllers\Services))
#3 /home/u716350106/domains/my3skills.com/public_html/system/CodeIgniter.php(306): CodeIgniter\CodeIgniter->handleRequest(NULL, Object(Config\Cache), false)
#4 /home/u716350106/domains/my3skills.com/public_html/index.php(53): CodeIgniter\CodeIgniter->run()
#5 {main}
CRITICAL - 2020-08-03 21:17:48 --> Invalid argument supplied for foreach()
#0 /home/u716350106/domains/my3skills.com/public_html/app/Controllers/Services.php(235): CodeIgniter\Debug\Exceptions->errorHandler(2, 'Invalid argumen...', '/home/u71635010...', 235, Array)
#1 /home/u716350106/domains/my3skills.com/public_html/system/CodeIgniter.php(910): App\Controllers\Services->get_home_courses()
#2 /home/u716350106/domains/my3skills.com/public_html/system/CodeIgniter.php(398): CodeIgniter\CodeIgniter->runController(Object(App\Controllers\Services))
#3 /home/u716350106/domains/my3skills.com/public_html/system/CodeIgniter.php(306): CodeIgniter\CodeIgniter->handleRequest(NULL, Object(Config\Cache), false)
#4 /home/u716350106/domains/my3skills.com/public_html/index.php(53): CodeIgniter\CodeIgniter->run()
#5 {main}
CRITICAL - 2020-08-03 21:20:08 --> Invalid argument supplied for foreach()
#0 /home/u716350106/domains/my3skills.com/public_html/app/Controllers/Services.php(238): CodeIgniter\Debug\Exceptions->errorHandler(2, 'Invalid argumen...', '/home/u71635010...', 238, Array)
#1 /home/u716350106/domains/my3skills.com/public_html/system/CodeIgniter.php(910): App\Controllers\Services->get_home_courses()
#2 /home/u716350106/domains/my3skills.com/public_html/system/CodeIgniter.php(398): CodeIgniter\CodeIgniter->runController(Object(App\Controllers\Services))
#3 /home/u716350106/domains/my3skills.com/public_html/system/CodeIgniter.php(306): CodeIgniter\CodeIgniter->handleRequest(NULL, Object(Config\Cache), false)
#4 /home/u716350106/domains/my3skills.com/public_html/index.php(53): CodeIgniter\CodeIgniter->run()
#5 {main}
CRITICAL - 2020-08-03 21:22:31 --> Invalid argument supplied for foreach()
#0 /home/u716350106/domains/my3skills.com/public_html/app/Controllers/Services.php(238): CodeIgniter\Debug\Exceptions->errorHandler(2, 'Invalid argumen...', '/home/u71635010...', 238, Array)
#1 /home/u716350106/domains/my3skills.com/public_html/system/CodeIgniter.php(910): App\Controllers\Services->get_home_courses()
#2 /home/u716350106/domains/my3skills.com/public_html/system/CodeIgniter.php(398): CodeIgniter\CodeIgniter->runController(Object(App\Controllers\Services))
#3 /home/u716350106/domains/my3skills.com/public_html/system/CodeIgniter.php(306): CodeIgniter\CodeIgniter->handleRequest(NULL, Object(Config\Cache), false)
#4 /home/u716350106/domains/my3skills.com/public_html/index.php(53): CodeIgniter\CodeIgniter->run()
#5 {main}
CRITICAL - 2020-08-03 21:24:30 --> Invalid argument supplied for foreach()
#0 /home/u716350106/domains/my3skills.com/public_html/app/Controllers/Services.php(238): CodeIgniter\Debug\Exceptions->errorHandler(2, 'Invalid argumen...', '/home/u71635010...', 238, Array)
#1 /home/u716350106/domains/my3skills.com/public_html/system/CodeIgniter.php(910): App\Controllers\Services->get_home_courses()
#2 /home/u716350106/domains/my3skills.com/public_html/system/CodeIgniter.php(398): CodeIgniter\CodeIgniter->runController(Object(App\Controllers\Services))
#3 /home/u716350106/domains/my3skills.com/public_html/system/CodeIgniter.php(306): CodeIgniter\CodeIgniter->handleRequest(NULL, Object(Config\Cache), false)
#4 /home/u716350106/domains/my3skills.com/public_html/index.php(53): CodeIgniter\CodeIgniter->run()
#5 {main}
CRITICAL - 2020-08-03 21:25:11 --> Invalid argument supplied for foreach()
#0 /home/u716350106/domains/my3skills.com/public_html/app/Controllers/Services.php(238): CodeIgniter\Debug\Exceptions->errorHandler(2, 'Invalid argumen...', '/home/u71635010...', 238, Array)
#1 /home/u716350106/domains/my3skills.com/public_html/system/CodeIgniter.php(910): App\Controllers\Services->get_home_courses()
#2 /home/u716350106/domains/my3skills.com/public_html/system/CodeIgniter.php(398): CodeIgniter\CodeIgniter->runController(Object(App\Controllers\Services))
#3 /home/u716350106/domains/my3skills.com/public_html/system/CodeIgniter.php(306): CodeIgniter\CodeIgniter->handleRequest(NULL, Object(Config\Cache), false)
#4 /home/u716350106/domains/my3skills.com/public_html/index.php(53): CodeIgniter\CodeIgniter->run()
#5 {main}
CRITICAL - 2020-08-03 21:25:38 --> Invalid argument supplied for foreach()
#0 /home/u716350106/domains/my3skills.com/public_html/app/Controllers/Services.php(238): CodeIgniter\Debug\Exceptions->errorHandler(2, 'Invalid argumen...', '/home/u71635010...', 238, Array)
#1 /home/u716350106/domains/my3skills.com/public_html/system/CodeIgniter.php(910): App\Controllers\Services->get_home_courses()
#2 /home/u716350106/domains/my3skills.com/public_html/system/CodeIgniter.php(398): CodeIgniter\CodeIgniter->runController(Object(App\Controllers\Services))
#3 /home/u716350106/domains/my3skills.com/public_html/system/CodeIgniter.php(306): CodeIgniter\CodeIgniter->handleRequest(NULL, Object(Config\Cache), false)
#4 /home/u716350106/domains/my3skills.com/public_html/index.php(53): CodeIgniter\CodeIgniter->run()
#5 {main}
CRITICAL - 2020-08-03 21:27:25 --> Invalid argument supplied for foreach()
#0 /home/u716350106/domains/my3skills.com/public_html/app/Controllers/Services.php(238): CodeIgniter\Debug\Exceptions->errorHandler(2, 'Invalid argumen...', '/home/u71635010...', 238, Array)
#1 /home/u716350106/domains/my3skills.com/public_html/system/CodeIgniter.php(910): App\Controllers\Services->get_home_courses()
#2 /home/u716350106/domains/my3skills.com/public_html/system/CodeIgniter.php(398): CodeIgniter\CodeIgniter->runController(Object(App\Controllers\Services))
#3 /home/u716350106/domains/my3skills.com/public_html/system/CodeIgniter.php(306): CodeIgniter\CodeIgniter->handleRequest(NULL, Object(Config\Cache), false)
#4 /home/u716350106/domains/my3skills.com/public_html/index.php(53): CodeIgniter\CodeIgniter->run()
#5 {main}
CRITICAL - 2020-08-03 21:27:45 --> Invalid argument supplied for foreach()
#0 /home/u716350106/domains/my3skills.com/public_html/app/Controllers/Services.php(238): CodeIgniter\Debug\Exceptions->errorHandler(2, 'Invalid argumen...', '/home/u71635010...', 238, Array)
#1 /home/u716350106/domains/my3skills.com/public_html/system/CodeIgniter.php(910): App\Controllers\Services->get_home_courses()
#2 /home/u716350106/domains/my3skills.com/public_html/system/CodeIgniter.php(398): CodeIgniter\CodeIgniter->runController(Object(App\Controllers\Services))
#3 /home/u716350106/domains/my3skills.com/public_html/system/CodeIgniter.php(306): CodeIgniter\CodeIgniter->handleRequest(NULL, Object(Config\Cache), false)
#4 /home/u716350106/domains/my3skills.com/public_html/index.php(53): CodeIgniter\CodeIgniter->run()
#5 {main}
CRITICAL - 2020-08-03 21:28:02 --> Invalid argument supplied for foreach()
#0 /home/u716350106/domains/my3skills.com/public_html/app/Controllers/Services.php(238): CodeIgniter\Debug\Exceptions->errorHandler(2, 'Invalid argumen...', '/home/u71635010...', 238, Array)
#1 /home/u716350106/domains/my3skills.com/public_html/system/CodeIgniter.php(910): App\Controllers\Services->get_home_courses()
#2 /home/u716350106/domains/my3skills.com/public_html/system/CodeIgniter.php(398): CodeIgniter\CodeIgniter->runController(Object(App\Controllers\Services))
#3 /home/u716350106/domains/my3skills.com/public_html/system/CodeIgniter.php(306): CodeIgniter\CodeIgniter->handleRequest(NULL, Object(Config\Cache), false)
#4 /home/u716350106/domains/my3skills.com/public_html/index.php(53): CodeIgniter\CodeIgniter->run()
#5 {main}
CRITICAL - 2020-08-03 21:29:03 --> Invalid argument supplied for foreach()
#0 /home/u716350106/domains/my3skills.com/public_html/app/Controllers/Services.php(238): CodeIgniter\Debug\Exceptions->errorHandler(2, 'Invalid argumen...', '/home/u71635010...', 238, Array)
#1 /home/u716350106/domains/my3skills.com/public_html/system/CodeIgniter.php(910): App\Controllers\Services->get_home_courses()
#2 /home/u716350106/domains/my3skills.com/public_html/system/CodeIgniter.php(398): CodeIgniter\CodeIgniter->runController(Object(App\Controllers\Services))
#3 /home/u716350106/domains/my3skills.com/public_html/system/CodeIgniter.php(306): CodeIgniter\CodeIgniter->handleRequest(NULL, Object(Config\Cache), false)
#4 /home/u716350106/domains/my3skills.com/public_html/index.php(53): CodeIgniter\CodeIgniter->run()
#5 {main}
CRITICAL - 2020-08-03 21:29:07 --> Invalid argument supplied for foreach()
#0 /home/u716350106/domains/my3skills.com/public_html/app/Controllers/Services.php(238): CodeIgniter\Debug\Exceptions->errorHandler(2, 'Invalid argumen...', '/home/u71635010...', 238, Array)
#1 /home/u716350106/domains/my3skills.com/public_html/system/CodeIgniter.php(910): App\Controllers\Services->get_home_courses()
#2 /home/u716350106/domains/my3skills.com/public_html/system/CodeIgniter.php(398): CodeIgniter\CodeIgniter->runController(Object(App\Controllers\Services))
#3 /home/u716350106/domains/my3skills.com/public_html/system/CodeIgniter.php(306): CodeIgniter\CodeIgniter->handleRequest(NULL, Object(Config\Cache), false)
#4 /home/u716350106/domains/my3skills.com/public_html/index.php(53): CodeIgniter\CodeIgniter->run()
#5 {main}
CRITICAL - 2020-08-03 21:29:09 --> Invalid argument supplied for foreach()
#0 /home/u716350106/domains/my3skills.com/public_html/app/Controllers/Services.php(238): CodeIgniter\Debug\Exceptions->errorHandler(2, 'Invalid argumen...', '/home/u71635010...', 238, Array)
#1 /home/u716350106/domains/my3skills.com/public_html/system/CodeIgniter.php(910): App\Controllers\Services->get_home_courses()
#2 /home/u716350106/domains/my3skills.com/public_html/system/CodeIgniter.php(398): CodeIgniter\CodeIgniter->runController(Object(App\Controllers\Services))
#3 /home/u716350106/domains/my3skills.com/public_html/system/CodeIgniter.php(306): CodeIgniter\CodeIgniter->handleRequest(NULL, Object(Config\Cache), false)
#4 /home/u716350106/domains/my3skills.com/public_html/index.php(53): CodeIgniter\CodeIgniter->run()
#5 {main}
CRITICAL - 2020-08-03 21:29:44 --> Invalid argument supplied for foreach()
#0 /home/u716350106/domains/my3skills.com/public_html/app/Controllers/Services.php(238): CodeIgniter\Debug\Exceptions->errorHandler(2, 'Invalid argumen...', '/home/u71635010...', 238, Array)
#1 /home/u716350106/domains/my3skills.com/public_html/system/CodeIgniter.php(910): App\Controllers\Services->get_home_courses()
#2 /home/u716350106/domains/my3skills.com/public_html/system/CodeIgniter.php(398): CodeIgniter\CodeIgniter->runController(Object(App\Controllers\Services))
#3 /home/u716350106/domains/my3skills.com/public_html/system/CodeIgniter.php(306): CodeIgniter\CodeIgniter->handleRequest(NULL, Object(Config\Cache), false)
#4 /home/u716350106/domains/my3skills.com/public_html/index.php(53): CodeIgniter\CodeIgniter->run()
#5 {main}
CRITICAL - 2020-08-03 21:29:46 --> Invalid argument supplied for foreach()
#0 /home/u716350106/domains/my3skills.com/public_html/app/Controllers/Services.php(238): CodeIgniter\Debug\Exceptions->errorHandler(2, 'Invalid argumen...', '/home/u71635010...', 238, Array)
#1 /home/u716350106/domains/my3skills.com/public_html/system/CodeIgniter.php(910): App\Controllers\Services->get_home_courses()
#2 /home/u716350106/domains/my3skills.com/public_html/system/CodeIgniter.php(398): CodeIgniter\CodeIgniter->runController(Object(App\Controllers\Services))
#3 /home/u716350106/domains/my3skills.com/public_html/system/CodeIgniter.php(306): CodeIgniter\CodeIgniter->handleRequest(NULL, Object(Config\Cache), false)
#4 /home/u716350106/domains/my3skills.com/public_html/index.php(53): CodeIgniter\CodeIgniter->run()
#5 {main}
CRITICAL - 2020-08-03 21:29:52 --> Invalid argument supplied for foreach()
#0 /home/u716350106/domains/my3skills.com/public_html/app/Controllers/Services.php(238): CodeIgniter\Debug\Exceptions->errorHandler(2, 'Invalid argumen...', '/home/u71635010...', 238, Array)
#1 /home/u716350106/domains/my3skills.com/public_html/system/CodeIgniter.php(910): App\Controllers\Services->get_home_courses()
#2 /home/u716350106/domains/my3skills.com/public_html/system/CodeIgniter.php(398): CodeIgniter\CodeIgniter->runController(Object(App\Controllers\Services))
#3 /home/u716350106/domains/my3skills.com/public_html/system/CodeIgniter.php(306): CodeIgniter\CodeIgniter->handleRequest(NULL, Object(Config\Cache), false)
#4 /home/u716350106/domains/my3skills.com/public_html/index.php(53): CodeIgniter\CodeIgniter->run()
#5 {main}
CRITICAL - 2020-08-03 21:29:54 --> Invalid argument supplied for foreach()
#0 /home/u716350106/domains/my3skills.com/public_html/app/Controllers/Services.php(238): CodeIgniter\Debug\Exceptions->errorHandler(2, 'Invalid argumen...', '/home/u71635010...', 238, Array)
#1 /home/u716350106/domains/my3skills.com/public_html/system/CodeIgniter.php(910): App\Controllers\Services->get_home_courses()
#2 /home/u716350106/domains/my3skills.com/public_html/system/CodeIgniter.php(398): CodeIgniter\CodeIgniter->runController(Object(App\Controllers\Services))
#3 /home/u716350106/domains/my3skills.com/public_html/system/CodeIgniter.php(306): CodeIgniter\CodeIgniter->handleRequest(NULL, Object(Config\Cache), false)
#4 /home/u716350106/domains/my3skills.com/public_html/index.php(53): CodeIgniter\CodeIgniter->run()
#5 {main}
CRITICAL - 2020-08-03 21:29:59 --> Invalid argument supplied for foreach()
#0 /home/u716350106/domains/my3skills.com/public_html/app/Controllers/Services.php(238): CodeIgniter\Debug\Exceptions->errorHandler(2, 'Invalid argumen...', '/home/u71635010...', 238, Array)
#1 /home/u716350106/domains/my3skills.com/public_html/system/CodeIgniter.php(910): App\Controllers\Services->get_home_courses()
#2 /home/u716350106/domains/my3skills.com/public_html/system/CodeIgniter.php(398): CodeIgniter\CodeIgniter->runController(Object(App\Controllers\Services))
#3 /home/u716350106/domains/my3skills.com/public_html/system/CodeIgniter.php(306): CodeIgniter\CodeIgniter->handleRequest(NULL, Object(Config\Cache), false)
#4 /home/u716350106/domains/my3skills.com/public_html/index.php(53): CodeIgniter\CodeIgniter->run()
#5 {main}
CRITICAL - 2020-08-03 21:30:01 --> Invalid argument supplied for foreach()
#0 /home/u716350106/domains/my3skills.com/public_html/app/Controllers/Services.php(238): CodeIgniter\Debug\Exceptions->errorHandler(2, 'Invalid argumen...', '/home/u71635010...', 238, Array)
#1 /home/u716350106/domains/my3skills.com/public_html/system/CodeIgniter.php(910): App\Controllers\Services->get_home_courses()
#2 /home/u716350106/domains/my3skills.com/public_html/system/CodeIgniter.php(398): CodeIgniter\CodeIgniter->runController(Object(App\Controllers\Services))
#3 /home/u716350106/domains/my3skills.com/public_html/system/CodeIgniter.php(306): CodeIgniter\CodeIgniter->handleRequest(NULL, Object(Config\Cache), false)
#4 /home/u716350106/domains/my3skills.com/public_html/index.php(53): CodeIgniter\CodeIgniter->run()
#5 {main}
CRITICAL - 2020-08-03 21:30:05 --> Invalid argument supplied for foreach()
#0 /home/u716350106/domains/my3skills.com/public_html/app/Controllers/Services.php(238): CodeIgniter\Debug\Exceptions->errorHandler(2, 'Invalid argumen...', '/home/u71635010...', 238, Array)
#1 /home/u716350106/domains/my3skills.com/public_html/system/CodeIgniter.php(910): App\Controllers\Services->get_home_courses()
#2 /home/u716350106/domains/my3skills.com/public_html/system/CodeIgniter.php(398): CodeIgniter\CodeIgniter->runController(Object(App\Controllers\Services))
#3 /home/u716350106/domains/my3skills.com/public_html/system/CodeIgniter.php(306): CodeIgniter\CodeIgniter->handleRequest(NULL, Object(Config\Cache), false)
#4 /home/u716350106/domains/my3skills.com/public_html/index.php(53): CodeIgniter\CodeIgniter->run()
#5 {main}
CRITICAL - 2020-08-03 21:34:14 --> Invalid argument supplied for foreach()
#0 /home/u716350106/domains/my3skills.com/public_html/app/Controllers/Services.php(238): CodeIgniter\Debug\Exceptions->errorHandler(2, 'Invalid argumen...', '/home/u71635010...', 238, Array)
#1 /home/u716350106/domains/my3skills.com/public_html/system/CodeIgniter.php(910): App\Controllers\Services->get_home_courses()
#2 /home/u716350106/domains/my3skills.com/public_html/system/CodeIgniter.php(398): CodeIgniter\CodeIgniter->runController(Object(App\Controllers\Services))
#3 /home/u716350106/domains/my3skills.com/public_html/system/CodeIgniter.php(306): CodeIgniter\CodeIgniter->handleRequest(NULL, Object(Config\Cache), false)
#4 /home/u716350106/domains/my3skills.com/public_html/index.php(53): CodeIgniter\CodeIgniter->run()
#5 {main}
CRITICAL - 2020-08-03 21:34:27 --> Invalid argument supplied for foreach()
#0 /home/u716350106/domains/my3skills.com/public_html/app/Controllers/Services.php(238): CodeIgniter\Debug\Exceptions->errorHandler(2, 'Invalid argumen...', '/home/u71635010...', 238, Array)
#1 /home/u716350106/domains/my3skills.com/public_html/system/CodeIgniter.php(910): App\Controllers\Services->get_home_courses()
#2 /home/u716350106/domains/my3skills.com/public_html/system/CodeIgniter.php(398): CodeIgniter\CodeIgniter->runController(Object(App\Controllers\Services))
#3 /home/u716350106/domains/my3skills.com/public_html/system/CodeIgniter.php(306): CodeIgniter\CodeIgniter->handleRequest(NULL, Object(Config\Cache), false)
#4 /home/u716350106/domains/my3skills.com/public_html/index.php(53): CodeIgniter\CodeIgniter->run()
#5 {main}
CRITICAL - 2020-08-03 21:36:49 --> Invalid argument supplied for foreach()
#0 /home/u716350106/domains/my3skills.com/public_html/app/Controllers/Services.php(238): CodeIgniter\Debug\Exceptions->errorHandler(2, 'Invalid argumen...', '/home/u71635010...', 238, Array)
#1 /home/u716350106/domains/my3skills.com/public_html/system/CodeIgniter.php(910): App\Controllers\Services->get_home_courses()
#2 /home/u716350106/domains/my3skills.com/public_html/system/CodeIgniter.php(398): CodeIgniter\CodeIgniter->runController(Object(App\Controllers\Services))
#3 /home/u716350106/domains/my3skills.com/public_html/system/CodeIgniter.php(306): CodeIgniter\CodeIgniter->handleRequest(NULL, Object(Config\Cache), false)
#4 /home/u716350106/domains/my3skills.com/public_html/index.php(53): CodeIgniter\CodeIgniter->run()
#5 {main}
CRITICAL - 2020-08-03 21:36:58 --> Invalid argument supplied for foreach()
#0 /home/u716350106/domains/my3skills.com/public_html/app/Controllers/Services.php(238): CodeIgniter\Debug\Exceptions->errorHandler(2, 'Invalid argumen...', '/home/u71635010...', 238, Array)
#1 /home/u716350106/domains/my3skills.com/public_html/system/CodeIgniter.php(910): App\Controllers\Services->get_home_courses()
#2 /home/u716350106/domains/my3skills.com/public_html/system/CodeIgniter.php(398): CodeIgniter\CodeIgniter->runController(Object(App\Controllers\Services))
#3 /home/u716350106/domains/my3skills.com/public_html/system/CodeIgniter.php(306): CodeIgniter\CodeIgniter->handleRequest(NULL, Object(Config\Cache), false)
#4 /home/u716350106/domains/my3skills.com/public_html/index.php(53): CodeIgniter\CodeIgniter->run()
#5 {main}
CRITICAL - 2020-08-03 21:37:02 --> Invalid argument supplied for foreach()
#0 /home/u716350106/domains/my3skills.com/public_html/app/Controllers/Services.php(238): CodeIgniter\Debug\Exceptions->errorHandler(2, 'Invalid argumen...', '/home/u71635010...', 238, Array)
#1 /home/u716350106/domains/my3skills.com/public_html/system/CodeIgniter.php(910): App\Controllers\Services->get_home_courses()
#2 /home/u716350106/domains/my3skills.com/public_html/system/CodeIgniter.php(398): CodeIgniter\CodeIgniter->runController(Object(App\Controllers\Services))
#3 /home/u716350106/domains/my3skills.com/public_html/system/CodeIgniter.php(306): CodeIgniter\CodeIgniter->handleRequest(NULL, Object(Config\Cache), false)
#4 /home/u716350106/domains/my3skills.com/public_html/index.php(53): CodeIgniter\CodeIgniter->run()
#5 {main}
CRITICAL - 2020-08-03 21:37:06 --> Invalid argument supplied for foreach()
#0 /home/u716350106/domains/my3skills.com/public_html/app/Controllers/Services.php(238): CodeIgniter\Debug\Exceptions->errorHandler(2, 'Invalid argumen...', '/home/u71635010...', 238, Array)
#1 /home/u716350106/domains/my3skills.com/public_html/system/CodeIgniter.php(910): App\Controllers\Services->get_home_courses()
#2 /home/u716350106/domains/my3skills.com/public_html/system/CodeIgniter.php(398): CodeIgniter\CodeIgniter->runController(Object(App\Controllers\Services))
#3 /home/u716350106/domains/my3skills.com/public_html/system/CodeIgniter.php(306): CodeIgniter\CodeIgniter->handleRequest(NULL, Object(Config\Cache), false)
#4 /home/u716350106/domains/my3skills.com/public_html/index.php(53): CodeIgniter\CodeIgniter->run()
#5 {main}
CRITICAL - 2020-08-03 21:37:08 --> Invalid argument supplied for foreach()
#0 /home/u716350106/domains/my3skills.com/public_html/app/Controllers/Services.php(238): CodeIgniter\Debug\Exceptions->errorHandler(2, 'Invalid argumen...', '/home/u71635010...', 238, Array)
#1 /home/u716350106/domains/my3skills.com/public_html/system/CodeIgniter.php(910): App\Controllers\Services->get_home_courses()
#2 /home/u716350106/domains/my3skills.com/public_html/system/CodeIgniter.php(398): CodeIgniter\CodeIgniter->runController(Object(App\Controllers\Services))
#3 /home/u716350106/domains/my3skills.com/public_html/system/CodeIgniter.php(306): CodeIgniter\CodeIgniter->handleRequest(NULL, Object(Config\Cache), false)
#4 /home/u716350106/domains/my3skills.com/public_html/index.php(53): CodeIgniter\CodeIgniter->run()
#5 {main}
CRITICAL - 2020-08-03 21:37:10 --> Invalid argument supplied for foreach()
#0 /home/u716350106/domains/my3skills.com/public_html/app/Controllers/Services.php(238): CodeIgniter\Debug\Exceptions->errorHandler(2, 'Invalid argumen...', '/home/u71635010...', 238, Array)
#1 /home/u716350106/domains/my3skills.com/public_html/system/CodeIgniter.php(910): App\Controllers\Services->get_home_courses()
#2 /home/u716350106/domains/my3skills.com/public_html/system/CodeIgniter.php(398): CodeIgniter\CodeIgniter->runController(Object(App\Controllers\Services))
#3 /home/u716350106/domains/my3skills.com/public_html/system/CodeIgniter.php(306): CodeIgniter\CodeIgniter->handleRequest(NULL, Object(Config\Cache), false)
#4 /home/u716350106/domains/my3skills.com/public_html/index.php(53): CodeIgniter\CodeIgniter->run()
#5 {main}
CRITICAL - 2020-08-03 21:37:26 --> Illegal string offset 'id'
#0 /home/u716350106/domains/my3skills.com/public_html/app/Controllers/Web.php(78): CodeIgniter\Debug\Exceptions->errorHandler(2, 'Illegal string ...', '/home/u71635010...', 78, Array)
#1 /home/u716350106/domains/my3skills.com/public_html/system/CodeIgniter.php(882): App\Controllers\Web->__construct()
#2 /home/u716350106/domains/my3skills.com/public_html/system/CodeIgniter.php(393): CodeIgniter\CodeIgniter->createController()
#3 /home/u716350106/domains/my3skills.com/public_html/system/CodeIgniter.php(306): CodeIgniter\CodeIgniter->handleRequest(NULL, Object(Config\Cache), false)
#4 /home/u716350106/domains/my3skills.com/public_html/index.php(53): CodeIgniter\CodeIgniter->run()
#5 {main}
CRITICAL - 2020-08-03 21:39:25 --> Invalid argument supplied for foreach()
#0 /home/u716350106/domains/my3skills.com/public_html/app/Controllers/Services.php(238): CodeIgniter\Debug\Exceptions->errorHandler(2, 'Invalid argumen...', '/home/u71635010...', 238, Array)
#1 /home/u716350106/domains/my3skills.com/public_html/system/CodeIgniter.php(910): App\Controllers\Services->get_home_courses()
#2 /home/u716350106/domains/my3skills.com/public_html/system/CodeIgniter.php(398): CodeIgniter\CodeIgniter->runController(Object(App\Controllers\Services))
#3 /home/u716350106/domains/my3skills.com/public_html/system/CodeIgniter.php(306): CodeIgniter\CodeIgniter->handleRequest(NULL, Object(Config\Cache), false)
#4 /home/u716350106/domains/my3skills.com/public_html/index.php(53): CodeIgniter\CodeIgniter->run()
#5 {main}
CRITICAL - 2020-08-03 21:40:27 --> You have an error in your SQL syntax; check the manual that corresponds to your MariaDB server version for the right syntax to use near 'and status='y' order by id desc' at line 1
#0 /home/u716350106/domains/my3skills.com/public_html/system/Database/MySQLi/Connection.php(330): mysqli->query('select * from c...')
#1 /home/u716350106/domains/my3skills.com/public_html/system/Database/BaseConnection.php(738): CodeIgniter\Database\MySQLi\Connection->execute('select * from c...')
#2 /home/u716350106/domains/my3skills.com/public_html/system/Database/BaseConnection.php(666): CodeIgniter\Database\BaseConnection->simpleQuery('select * from c...')
#3 /home/u716350106/domains/my3skills.com/public_html/system/Model.php(1698): CodeIgniter\Database\BaseConnection->query('select * from c...')
#4 /home/u716350106/domains/my3skills.com/public_html/app/Controllers/Services.php(253): CodeIgniter\Model->__call('query', Array)
#5 /home/u716350106/domains/my3skills.com/public_html/system/CodeIgniter.php(910): App\Controllers\Services->get_category_courses('1')
#6 /home/u716350106/domains/my3skills.com/public_html/system/CodeIgniter.php(398): CodeIgniter\CodeIgniter->runController(Object(App\Controllers\Services))
#7 /home/u716350106/domains/my3skills.com/public_html/system/CodeIgniter.php(306): CodeIgniter\CodeIgniter->handleRequest(NULL, Object(Config\Cache), false)
#8 /home/u716350106/domains/my3skills.com/public_html/index.php(53): CodeIgniter\CodeIgniter->run()
#9 {main}
CRITICAL - 2020-08-03 21:41:13 --> Illegal string offset 'id'
#0 /home/u716350106/domains/my3skills.com/public_html/app/Controllers/Web.php(78): CodeIgniter\Debug\Exceptions->errorHandler(2, 'Illegal string ...', '/home/u71635010...', 78, Array)
#1 /home/u716350106/domains/my3skills.com/public_html/system/CodeIgniter.php(882): App\Controllers\Web->__construct()
#2 /home/u716350106/domains/my3skills.com/public_html/system/CodeIgniter.php(393): CodeIgniter\CodeIgniter->createController()
#3 /home/u716350106/domains/my3skills.com/public_html/system/CodeIgniter.php(306): CodeIgniter\CodeIgniter->handleRequest(NULL, Object(Config\Cache), false)
#4 /home/u716350106/domains/my3skills.com/public_html/index.php(53): CodeIgniter\CodeIgniter->run()
#5 {main}
CRITICAL - 2020-08-03 21:42:19 --> Illegal string offset 'id'
#0 /home/u716350106/domains/my3skills.com/public_html/app/Controllers/Web.php(78): CodeIgniter\Debug\Exceptions->errorHandler(2, 'Illegal string ...', '/home/u71635010...', 78, Array)
#1 /home/u716350106/domains/my3skills.com/public_html/system/CodeIgniter.php(882): App\Controllers\Web->__construct()
#2 /home/u716350106/domains/my3skills.com/public_html/system/CodeIgniter.php(393): CodeIgniter\CodeIgniter->createController()
#3 /home/u716350106/domains/my3skills.com/public_html/system/CodeIgniter.php(306): CodeIgniter\CodeIgniter->handleRequest(NULL, Object(Config\Cache), false)
#4 /home/u716350106/domains/my3skills.com/public_html/index.php(53): CodeIgniter\CodeIgniter->run()
#5 {main}
CRITICAL - 2020-08-03 21:42:25 --> Too few arguments to function App\Controllers\Services::get_course_teacher(), 0 passed in /home/u716350106/domains/my3skills.com/public_html/system/CodeIgniter.php on line 910 and exactly 1 expected
#0 /home/u716350106/domains/my3skills.com/public_html/system/CodeIgniter.php(910): App\Controllers\Services->get_course_teacher()
#1 /home/u716350106/domains/my3skills.com/public_html/system/CodeIgniter.php(398): CodeIgniter\CodeIgniter->runController(Object(App\Controllers\Services))
#2 /home/u716350106/domains/my3skills.com/public_html/system/CodeIgniter.php(306): CodeIgniter\CodeIgniter->handleRequest(NULL, Object(Config\Cache), false)
#3 /home/u716350106/domains/my3skills.com/public_html/index.php(53): CodeIgniter\CodeIgniter->run()
#4 {main}
CRITICAL - 2020-08-03 21:48:40 --> Illegal string offset 'id'
#0 /home/u716350106/domains/my3skills.com/public_html/app/Controllers/Web.php(78): CodeIgniter\Debug\Exceptions->errorHandler(2, 'Illegal string ...', '/home/u71635010...', 78, Array)
#1 /home/u716350106/domains/my3skills.com/public_html/system/CodeIgniter.php(882): App\Controllers\Web->__construct()
#2 /home/u716350106/domains/my3skills.com/public_html/system/CodeIgniter.php(393): CodeIgniter\CodeIgniter->createController()
#3 /home/u716350106/domains/my3skills.com/public_html/system/CodeIgniter.php(306): CodeIgniter\CodeIgniter->handleRequest(NULL, Object(Config\Cache), false)
#4 /home/u716350106/domains/my3skills.com/public_html/index.php(53): CodeIgniter\CodeIgniter->run()
#5 {main}
CRITICAL - 2020-08-03 23:06:43 --> Illegal string offset 'image'
#0 /home/u716350106/domains/my3skills.com/public_html/app/Views/web/pages/header.php(36): CodeIgniter\Debug\Exceptions->errorHandler(2, 'Illegal string ...', '/home/u71635010...', 36, Array)
#1 /home/u716350106/domains/my3skills.com/public_html/system/View/View.php(236): include('/home/u71635010...')
#2 /home/u716350106/domains/my3skills.com/public_html/system/Common.php(1071): CodeIgniter\View\View->render('web/pages/heade...', Array, true)
#3 /home/u716350106/domains/my3skills.com/public_html/app/Views/web/help.php(26): view('web/pages/heade...')
#4 /home/u716350106/domains/my3skills.com/public_html/system/View/View.php(236): include('/home/u71635010...')
#5 /home/u716350106/domains/my3skills.com/public_html/system/Common.php(1071): CodeIgniter\View\View->render('web/help', Array, true)
#6 /home/u716350106/domains/my3skills.com/public_html/app/Controllers/Web.php(946): view('web/help', Array)
#7 /home/u716350106/domains/my3skills.com/public_html/system/CodeIgniter.php(910): App\Controllers\Web->help()
#8 /home/u716350106/domains/my3skills.com/public_html/system/CodeIgniter.php(398): CodeIgniter\CodeIgniter->runController(Object(App\Controllers\Web))
#9 /home/u716350106/domains/my3skills.com/public_html/system/CodeIgniter.php(306): CodeIgniter\CodeIgniter->handleRequest(NULL, Object(Config\Cache), false)
#10 /home/u716350106/domains/my3skills.com/public_html/index.php(53): CodeIgniter\CodeIgniter->run()
#11 {main}
CRITICAL - 2020-08-03 23:34:25 --> Call to undefined method Utilities::get_balance()
#0 /home/u716350106/domains/my3skills.com/public_html/system/CodeIgniter.php(910): App\Controllers\Configuration->get_sms_balance()
#1 /home/u716350106/domains/my3skills.com/public_html/system/CodeIgniter.php(398): CodeIgniter\CodeIgniter->runController(Object(App\Controllers\Configuration))
#2 /home/u716350106/domains/my3skills.com/public_html/system/CodeIgniter.php(306): CodeIgniter\CodeIgniter->handleRequest(NULL, Object(Config\Cache), false)
#3 /home/u716350106/domains/my3skills.com/public_html/index.php(53): CodeIgniter\CodeIgniter->run()
#4 {main}
CRITICAL - 2020-08-03 23:35:24 --> Call to undefined method Utilities::get_balance()
#0 /home/u716350106/domains/my3skills.com/public_html/system/CodeIgniter.php(910): App\Controllers\Configuration->get_sms_balance()
#1 /home/u716350106/domains/my3skills.com/public_html/system/CodeIgniter.php(398): CodeIgniter\CodeIgniter->runController(Object(App\Controllers\Configuration))
#2 /home/u716350106/domains/my3skills.com/public_html/system/CodeIgniter.php(306): CodeIgniter\CodeIgniter->handleRequest(NULL, Object(Config\Cache), false)
#3 /home/u716350106/domains/my3skills.com/public_html/index.php(53): CodeIgniter\CodeIgniter->run()
#4 {main}
CRITICAL - 2020-08-03 23:35:48 --> Call to undefined method Utilities::get_balance()
#0 /home/u716350106/domains/my3skills.com/public_html/system/CodeIgniter.php(910): App\Controllers\Configuration->get_sms_balance()
#1 /home/u716350106/domains/my3skills.com/public_html/system/CodeIgniter.php(398): CodeIgniter\CodeIgniter->runController(Object(App\Controllers\Configuration))
#2 /home/u716350106/domains/my3skills.com/public_html/system/CodeIgniter.php(306): CodeIgniter\CodeIgniter->handleRequest(NULL, Object(Config\Cache), false)
#3 /home/u716350106/domains/my3skills.com/public_html/index.php(53): CodeIgniter\CodeIgniter->run()
#4 {main}
