CRITICAL - 2020-08-13 00:16:45 --> Column 'student_id' cannot be null
#0 /home/u716350106/domains/my3skills.com/public_html/system/Database/MySQLi/Connection.php(330): mysqli->query('INSERT INTO `tr...')
#1 /home/u716350106/domains/my3skills.com/public_html/system/Database/BaseConnection.php(738): CodeIgniter\Database\MySQLi\Connection->execute('INSERT INTO `tr...')
#2 /home/u716350106/domains/my3skills.com/public_html/system/Database/BaseConnection.php(666): CodeIgniter\Database\BaseConnection->simpleQuery('INSERT INTO `tr...')
#3 /home/u716350106/domains/my3skills.com/public_html/system/Database/BaseBuilder.php(2206): CodeIgniter\Database\BaseConnection->query('INSERT INTO `tr...', Array, false)
#4 /home/u716350106/domains/my3skills.com/public_html/system/Model.php(722): CodeIgniter\Database\BaseBuilder->insert()
#5 /home/u716350106/domains/my3skills.com/public_html/system/Model.php(550): CodeIgniter\Model->insert(Array, false)
#6 /home/u716350106/domains/my3skills.com/public_html/app/Controllers/Services.php(1524): CodeIgniter\Model->save(Array)
#7 /home/u716350106/domains/my3skills.com/public_html/system/CodeIgniter.php(910): App\Controllers\Services->less_student_wallet()
#8 /home/u716350106/domains/my3skills.com/public_html/system/CodeIgniter.php(398): CodeIgniter\CodeIgniter->runController(Object(App\Controllers\Services))
#9 /home/u716350106/domains/my3skills.com/public_html/system/CodeIgniter.php(306): CodeIgniter\CodeIgniter->handleRequest(NULL, Object(Config\Cache), false)
#10 /home/u716350106/domains/my3skills.com/public_html/index.php(53): CodeIgniter\CodeIgniter->run()
#11 {main}
CRITICAL - 2020-08-13 00:17:06 --> Column 'student_id' cannot be null
#0 /home/u716350106/domains/my3skills.com/public_html/system/Database/MySQLi/Connection.php(330): mysqli->query('INSERT INTO `tr...')
#1 /home/u716350106/domains/my3skills.com/public_html/system/Database/BaseConnection.php(738): CodeIgniter\Database\MySQLi\Connection->execute('INSERT INTO `tr...')
#2 /home/u716350106/domains/my3skills.com/public_html/system/Database/BaseConnection.php(666): CodeIgniter\Database\BaseConnection->simpleQuery('INSERT INTO `tr...')
#3 /home/u716350106/domains/my3skills.com/public_html/system/Database/BaseBuilder.php(2206): CodeIgniter\Database\BaseConnection->query('INSERT INTO `tr...', Array, false)
#4 /home/u716350106/domains/my3skills.com/public_html/system/Model.php(722): CodeIgniter\Database\BaseBuilder->insert()
#5 /home/u716350106/domains/my3skills.com/public_html/system/Model.php(550): CodeIgniter\Model->insert(Array, false)
#6 /home/u716350106/domains/my3skills.com/public_html/app/Controllers/Services.php(1524): CodeIgniter\Model->save(Array)
#7 /home/u716350106/domains/my3skills.com/public_html/system/CodeIgniter.php(910): App\Controllers\Services->less_student_wallet()
#8 /home/u716350106/domains/my3skills.com/public_html/system/CodeIgniter.php(398): CodeIgniter\CodeIgniter->runController(Object(App\Controllers\Services))
#9 /home/u716350106/domains/my3skills.com/public_html/system/CodeIgniter.php(306): CodeIgniter\CodeIgniter->handleRequest(NULL, Object(Config\Cache), false)
#10 /home/u716350106/domains/my3skills.com/public_html/index.php(53): CodeIgniter\CodeIgniter->run()
#11 {main}
CRITICAL - 2020-08-13 00:17:25 --> Column 'student_id' cannot be null
#0 /home/u716350106/domains/my3skills.com/public_html/system/Database/MySQLi/Connection.php(330): mysqli->query('INSERT INTO `tr...')
#1 /home/u716350106/domains/my3skills.com/public_html/system/Database/BaseConnection.php(738): CodeIgniter\Database\MySQLi\Connection->execute('INSERT INTO `tr...')
#2 /home/u716350106/domains/my3skills.com/public_html/system/Database/BaseConnection.php(666): CodeIgniter\Database\BaseConnection->simpleQuery('INSERT INTO `tr...')
#3 /home/u716350106/domains/my3skills.com/public_html/system/Database/BaseBuilder.php(2206): CodeIgniter\Database\BaseConnection->query('INSERT INTO `tr...', Array, false)
#4 /home/u716350106/domains/my3skills.com/public_html/system/Model.php(722): CodeIgniter\Database\BaseBuilder->insert()
#5 /home/u716350106/domains/my3skills.com/public_html/system/Model.php(550): CodeIgniter\Model->insert(Array, false)
#6 /home/u716350106/domains/my3skills.com/public_html/app/Controllers/Services.php(1524): CodeIgniter\Model->save(Array)
#7 /home/u716350106/domains/my3skills.com/public_html/system/CodeIgniter.php(910): App\Controllers\Services->less_student_wallet()
#8 /home/u716350106/domains/my3skills.com/public_html/system/CodeIgniter.php(398): CodeIgniter\CodeIgniter->runController(Object(App\Controllers\Services))
#9 /home/u716350106/domains/my3skills.com/public_html/system/CodeIgniter.php(306): CodeIgniter\CodeIgniter->handleRequest(NULL, Object(Config\Cache), false)
#10 /home/u716350106/domains/my3skills.com/public_html/index.php(53): CodeIgniter\CodeIgniter->run()
#11 {main}
CRITICAL - 2020-08-13 00:18:00 --> Column 'amount' cannot be null
#0 /home/u716350106/domains/my3skills.com/public_html/system/Database/MySQLi/Connection.php(330): mysqli->query('INSERT INTO `tr...')
#1 /home/u716350106/domains/my3skills.com/public_html/system/Database/BaseConnection.php(738): CodeIgniter\Database\MySQLi\Connection->execute('INSERT INTO `tr...')
#2 /home/u716350106/domains/my3skills.com/public_html/system/Database/BaseConnection.php(666): CodeIgniter\Database\BaseConnection->simpleQuery('INSERT INTO `tr...')
#3 /home/u716350106/domains/my3skills.com/public_html/system/Database/BaseBuilder.php(2206): CodeIgniter\Database\BaseConnection->query('INSERT INTO `tr...', Array, false)
#4 /home/u716350106/domains/my3skills.com/public_html/system/Model.php(722): CodeIgniter\Database\BaseBuilder->insert()
#5 /home/u716350106/domains/my3skills.com/public_html/system/Model.php(550): CodeIgniter\Model->insert(Array, false)
#6 /home/u716350106/domains/my3skills.com/public_html/app/Controllers/Services.php(1524): CodeIgniter\Model->save(Array)
#7 /home/u716350106/domains/my3skills.com/public_html/system/CodeIgniter.php(910): App\Controllers\Services->less_student_wallet()
#8 /home/u716350106/domains/my3skills.com/public_html/system/CodeIgniter.php(398): CodeIgniter\CodeIgniter->runController(Object(App\Controllers\Services))
#9 /home/u716350106/domains/my3skills.com/public_html/system/CodeIgniter.php(306): CodeIgniter\CodeIgniter->handleRequest(NULL, Object(Config\Cache), false)
#10 /home/u716350106/domains/my3skills.com/public_html/index.php(53): CodeIgniter\CodeIgniter->run()
#11 {main}
CRITICAL - 2020-08-13 10:35:44 --> You have an error in your SQL syntax; check the manual that corresponds to your MariaDB server version for the right syntax to use near 'and quiz_id=' at line 1
#0 /home/u716350106/domains/my3skills.com/public_html/system/Database/MySQLi/Connection.php(330): mysqli->query('delete from stu...')
#1 /home/u716350106/domains/my3skills.com/public_html/system/Database/BaseConnection.php(738): CodeIgniter\Database\MySQLi\Connection->execute('delete from stu...')
#2 /home/u716350106/domains/my3skills.com/public_html/system/Database/BaseConnection.php(666): CodeIgniter\Database\BaseConnection->simpleQuery('delete from stu...')
#3 /home/u716350106/domains/my3skills.com/public_html/system/Model.php(1698): CodeIgniter\Database\BaseConnection->query('delete from stu...')
#4 /home/u716350106/domains/my3skills.com/public_html/app/Controllers/Services.php(1192): CodeIgniter\Model->__call('query', Array)
#5 /home/u716350106/domains/my3skills.com/public_html/system/CodeIgniter.php(910): App\Controllers\Services->submit_quiz()
#6 /home/u716350106/domains/my3skills.com/public_html/system/CodeIgniter.php(398): CodeIgniter\CodeIgniter->runController(Object(App\Controllers\Services))
#7 /home/u716350106/domains/my3skills.com/public_html/system/CodeIgniter.php(306): CodeIgniter\CodeIgniter->handleRequest(NULL, Object(Config\Cache), false)
#8 /home/u716350106/domains/my3skills.com/public_html/index.php(53): CodeIgniter\CodeIgniter->run()
#9 {main}
CRITICAL - 2020-08-13 10:36:01 --> You have an error in your SQL syntax; check the manual that corresponds to your MariaDB server version for the right syntax to use near 'and quiz_id=' at line 1
#0 /home/u716350106/domains/my3skills.com/public_html/system/Database/MySQLi/Connection.php(330): mysqli->query('delete from stu...')
#1 /home/u716350106/domains/my3skills.com/public_html/system/Database/BaseConnection.php(738): CodeIgniter\Database\MySQLi\Connection->execute('delete from stu...')
#2 /home/u716350106/domains/my3skills.com/public_html/system/Database/BaseConnection.php(666): CodeIgniter\Database\BaseConnection->simpleQuery('delete from stu...')
#3 /home/u716350106/domains/my3skills.com/public_html/system/Model.php(1698): CodeIgniter\Database\BaseConnection->query('delete from stu...')
#4 /home/u716350106/domains/my3skills.com/public_html/app/Controllers/Services.php(1192): CodeIgniter\Model->__call('query', Array)
#5 /home/u716350106/domains/my3skills.com/public_html/system/CodeIgniter.php(910): App\Controllers\Services->submit_quiz()
#6 /home/u716350106/domains/my3skills.com/public_html/system/CodeIgniter.php(398): CodeIgniter\CodeIgniter->runController(Object(App\Controllers\Services))
#7 /home/u716350106/domains/my3skills.com/public_html/system/CodeIgniter.php(306): CodeIgniter\CodeIgniter->handleRequest(NULL, Object(Config\Cache), false)
#8 /home/u716350106/domains/my3skills.com/public_html/index.php(53): CodeIgniter\CodeIgniter->run()
#9 {main}
CRITICAL - 2020-08-13 10:36:05 --> You have an error in your SQL syntax; check the manual that corresponds to your MariaDB server version for the right syntax to use near 'and quiz_id=' at line 1
#0 /home/u716350106/domains/my3skills.com/public_html/system/Database/MySQLi/Connection.php(330): mysqli->query('delete from stu...')
#1 /home/u716350106/domains/my3skills.com/public_html/system/Database/BaseConnection.php(738): CodeIgniter\Database\MySQLi\Connection->execute('delete from stu...')
#2 /home/u716350106/domains/my3skills.com/public_html/system/Database/BaseConnection.php(666): CodeIgniter\Database\BaseConnection->simpleQuery('delete from stu...')
#3 /home/u716350106/domains/my3skills.com/public_html/system/Model.php(1698): CodeIgniter\Database\BaseConnection->query('delete from stu...')
#4 /home/u716350106/domains/my3skills.com/public_html/app/Controllers/Services.php(1192): CodeIgniter\Model->__call('query', Array)
#5 /home/u716350106/domains/my3skills.com/public_html/system/CodeIgniter.php(910): App\Controllers\Services->submit_quiz()
#6 /home/u716350106/domains/my3skills.com/public_html/system/CodeIgniter.php(398): CodeIgniter\CodeIgniter->runController(Object(App\Controllers\Services))
#7 /home/u716350106/domains/my3skills.com/public_html/system/CodeIgniter.php(306): CodeIgniter\CodeIgniter->handleRequest(NULL, Object(Config\Cache), false)
#8 /home/u716350106/domains/my3skills.com/public_html/index.php(53): CodeIgniter\CodeIgniter->run()
#9 {main}
CRITICAL - 2020-08-13 10:36:08 --> You have an error in your SQL syntax; check the manual that corresponds to your MariaDB server version for the right syntax to use near 'and quiz_id=' at line 1
#0 /home/u716350106/domains/my3skills.com/public_html/system/Database/MySQLi/Connection.php(330): mysqli->query('delete from stu...')
#1 /home/u716350106/domains/my3skills.com/public_html/system/Database/BaseConnection.php(738): CodeIgniter\Database\MySQLi\Connection->execute('delete from stu...')
#2 /home/u716350106/domains/my3skills.com/public_html/system/Database/BaseConnection.php(666): CodeIgniter\Database\BaseConnection->simpleQuery('delete from stu...')
#3 /home/u716350106/domains/my3skills.com/public_html/system/Model.php(1698): CodeIgniter\Database\BaseConnection->query('delete from stu...')
#4 /home/u716350106/domains/my3skills.com/public_html/app/Controllers/Services.php(1192): CodeIgniter\Model->__call('query', Array)
#5 /home/u716350106/domains/my3skills.com/public_html/system/CodeIgniter.php(910): App\Controllers\Services->submit_quiz()
#6 /home/u716350106/domains/my3skills.com/public_html/system/CodeIgniter.php(398): CodeIgniter\CodeIgniter->runController(Object(App\Controllers\Services))
#7 /home/u716350106/domains/my3skills.com/public_html/system/CodeIgniter.php(306): CodeIgniter\CodeIgniter->handleRequest(NULL, Object(Config\Cache), false)
#8 /home/u716350106/domains/my3skills.com/public_html/index.php(53): CodeIgniter\CodeIgniter->run()
#9 {main}
CRITICAL - 2020-08-13 18:35:03 --> Access denied for user '****'@'localhost' (using password: NO)
#0 /home/u716350106/domains/my3skills.com/public_html/system/Database/BaseConnection.php(377): CodeIgniter\Database\MySQLi\Connection->connect(false)
#1 /home/u716350106/domains/my3skills.com/public_html/system/Database/BaseConnection.php(643): CodeIgniter\Database\BaseConnection->initialize()
#2 /home/u716350106/domains/my3skills.com/public_html/system/Model.php(1698): CodeIgniter\Database\BaseConnection->query('select * from h...')
#3 /home/u716350106/domains/my3skills.com/public_html/app/Models/Hit_count_model.php(13): CodeIgniter\Model->__call('query', Array)
#4 /home/u716350106/domains/my3skills.com/public_html/app/Controllers/Web.php(91): App\Models\Hit_count_model->makeHit('219.91.241.187')
#5 /home/u716350106/domains/my3skills.com/public_html/app/Controllers/Web.php(44): App\Controllers\Web->_makeHit()
#6 /home/u716350106/domains/my3skills.com/public_html/system/CodeIgniter.php(882): App\Controllers\Web->__construct()
#7 /home/u716350106/domains/my3skills.com/public_html/system/CodeIgniter.php(393): CodeIgniter\CodeIgniter->createController()
#8 /home/u716350106/domains/my3skills.com/public_html/system/CodeIgniter.php(306): CodeIgniter\CodeIgniter->handleRequest(NULL, Object(Config\Cache), false)
#9 /home/u716350106/domains/my3skills.com/public_html/index.php(53): CodeIgniter\CodeIgniter->run()
#10 {main}
CRITICAL - 2020-08-13 18:38:33 --> Access denied for user '****'@'localhost' (using password: YES)
#0 /home/u716350106/domains/my3skills.com/public_html/system/Database/BaseConnection.php(377): CodeIgniter\Database\MySQLi\Connection->connect(false)
#1 /home/u716350106/domains/my3skills.com/public_html/system/Database/BaseConnection.php(643): CodeIgniter\Database\BaseConnection->initialize()
#2 /home/u716350106/domains/my3skills.com/public_html/system/Model.php(1698): CodeIgniter\Database\BaseConnection->query('select * from h...')
#3 /home/u716350106/domains/my3skills.com/public_html/app/Models/Hit_count_model.php(13): CodeIgniter\Model->__call('query', Array)
#4 /home/u716350106/domains/my3skills.com/public_html/app/Controllers/Web.php(93): App\Models\Hit_count_model->makeHit('219.91.241.187')
#5 /home/u716350106/domains/my3skills.com/public_html/app/Controllers/Web.php(46): App\Controllers\Web->_makeHit()
#6 /home/u716350106/domains/my3skills.com/public_html/system/CodeIgniter.php(882): App\Controllers\Web->__construct()
#7 /home/u716350106/domains/my3skills.com/public_html/system/CodeIgniter.php(393): CodeIgniter\CodeIgniter->createController()
#8 /home/u716350106/domains/my3skills.com/public_html/system/CodeIgniter.php(306): CodeIgniter\CodeIgniter->handleRequest(NULL, Object(Config\Cache), false)
#9 /home/u716350106/domains/my3skills.com/public_html/index.php(53): CodeIgniter\CodeIgniter->run()
#10 {main}
CRITICAL - 2020-08-13 18:38:44 --> Access denied for user '****'@'localhost' (using password: YES)
#0 /home/u716350106/domains/my3skills.com/public_html/system/Database/BaseConnection.php(377): CodeIgniter\Database\MySQLi\Connection->connect(false)
#1 /home/u716350106/domains/my3skills.com/public_html/system/Database/BaseConnection.php(643): CodeIgniter\Database\BaseConnection->initialize()
#2 /home/u716350106/domains/my3skills.com/public_html/system/Model.php(1698): CodeIgniter\Database\BaseConnection->query('select * from h...')
#3 /home/u716350106/domains/my3skills.com/public_html/app/Models/Hit_count_model.php(13): CodeIgniter\Model->__call('query', Array)
#4 /home/u716350106/domains/my3skills.com/public_html/app/Controllers/Web.php(93): App\Models\Hit_count_model->makeHit('219.91.241.187')
#5 /home/u716350106/domains/my3skills.com/public_html/app/Controllers/Web.php(46): App\Controllers\Web->_makeHit()
#6 /home/u716350106/domains/my3skills.com/public_html/system/CodeIgniter.php(882): App\Controllers\Web->__construct()
#7 /home/u716350106/domains/my3skills.com/public_html/system/CodeIgniter.php(393): CodeIgniter\CodeIgniter->createController()
#8 /home/u716350106/domains/my3skills.com/public_html/system/CodeIgniter.php(306): CodeIgniter\CodeIgniter->handleRequest(NULL, Object(Config\Cache), false)
#9 /home/u716350106/domains/my3skills.com/public_html/index.php(53): CodeIgniter\CodeIgniter->run()
#10 {main}
CRITICAL - 2020-08-13 18:39:22 --> Access denied for user '****'@'localhost' (using password: YES)
#0 /home/u716350106/domains/my3skills.com/public_html/system/Database/BaseConnection.php(377): CodeIgniter\Database\MySQLi\Connection->connect(false)
#1 /home/u716350106/domains/my3skills.com/public_html/system/Database/BaseConnection.php(643): CodeIgniter\Database\BaseConnection->initialize()
#2 /home/u716350106/domains/my3skills.com/public_html/system/Model.php(1698): CodeIgniter\Database\BaseConnection->query('select * from h...')
#3 /home/u716350106/domains/my3skills.com/public_html/app/Models/Hit_count_model.php(13): CodeIgniter\Model->__call('query', Array)
#4 /home/u716350106/domains/my3skills.com/public_html/app/Controllers/Web.php(93): App\Models\Hit_count_model->makeHit('219.91.241.187')
#5 /home/u716350106/domains/my3skills.com/public_html/app/Controllers/Web.php(46): App\Controllers\Web->_makeHit()
#6 /home/u716350106/domains/my3skills.com/public_html/system/CodeIgniter.php(882): App\Controllers\Web->__construct()
#7 /home/u716350106/domains/my3skills.com/public_html/system/CodeIgniter.php(393): CodeIgniter\CodeIgniter->createController()
#8 /home/u716350106/domains/my3skills.com/public_html/system/CodeIgniter.php(306): CodeIgniter\CodeIgniter->handleRequest(NULL, Object(Config\Cache), false)
#9 /home/u716350106/domains/my3skills.com/public_html/index.php(53): CodeIgniter\CodeIgniter->run()
#10 {main}
CRITICAL - 2020-08-13 18:39:30 --> Access denied for user '****'@'localhost' (using password: YES)
#0 /home/u716350106/domains/my3skills.com/public_html/system/Database/BaseConnection.php(377): CodeIgniter\Database\MySQLi\Connection->connect(false)
#1 /home/u716350106/domains/my3skills.com/public_html/system/Database/BaseConnection.php(643): CodeIgniter\Database\BaseConnection->initialize()
#2 /home/u716350106/domains/my3skills.com/public_html/system/Model.php(1698): CodeIgniter\Database\BaseConnection->query('select * from h...')
#3 /home/u716350106/domains/my3skills.com/public_html/app/Models/Hit_count_model.php(13): CodeIgniter\Model->__call('query', Array)
#4 /home/u716350106/domains/my3skills.com/public_html/app/Controllers/Web.php(93): App\Models\Hit_count_model->makeHit('219.91.241.187')
#5 /home/u716350106/domains/my3skills.com/public_html/app/Controllers/Web.php(46): App\Controllers\Web->_makeHit()
#6 /home/u716350106/domains/my3skills.com/public_html/system/CodeIgniter.php(882): App\Controllers\Web->__construct()
#7 /home/u716350106/domains/my3skills.com/public_html/system/CodeIgniter.php(393): CodeIgniter\CodeIgniter->createController()
#8 /home/u716350106/domains/my3skills.com/public_html/system/CodeIgniter.php(306): CodeIgniter\CodeIgniter->handleRequest(NULL, Object(Config\Cache), false)
#9 /home/u716350106/domains/my3skills.com/public_html/index.php(53): CodeIgniter\CodeIgniter->run()
#10 {main}
CRITICAL - 2020-08-13 23:38:31 --> implode(): Invalid arguments passed
#0 [internal function]: CodeIgniter\Debug\Exceptions->errorHandler(2, 'implode(): Inva...', '/home/u71635010...', 49, Array)
#1 /home/u716350106/domains/my3skills.com/public_html/app/Controllers/Coupons.php(49): implode(',', NULL)
#2 /home/u716350106/domains/my3skills.com/public_html/system/CodeIgniter.php(910): App\Controllers\Coupons->insert()
#3 /home/u716350106/domains/my3skills.com/public_html/system/CodeIgniter.php(398): CodeIgniter\CodeIgniter->runController(Object(App\Controllers\Coupons))
#4 /home/u716350106/domains/my3skills.com/public_html/system/CodeIgniter.php(306): CodeIgniter\CodeIgniter->handleRequest(NULL, Object(Config\Cache), false)
#5 /home/u716350106/domains/my3skills.com/public_html/index.php(53): CodeIgniter\CodeIgniter->run()
#6 {main}
