CRITICAL - 2020-06-11 01:32:59 --> Use of undefined constant CLIENT_REDIRECT_URL - assumed 'CLIENT_REDIRECT_URL' (this will throw an Error in a future version of PHP)
#0 C:\xampp\htdocs\my3skill\app\Views\web\home.php(407): CodeIgniter\Debug\Exceptions->errorHandler(2, 'Use of undefine...', 'C:\\xampp\\htdocs...', 407, Array)
#1 C:\xampp\htdocs\my3skill\system\View\View.php(236): include('C:\\xampp\\htdocs...')
#2 C:\xampp\htdocs\my3skill\system\Common.php(1071): CodeIgniter\View\View->render('web/home', Array, true)
#3 C:\xampp\htdocs\my3skill\app\Controllers\Web.php(79): view('web/home', Array)
#4 C:\xampp\htdocs\my3skill\system\CodeIgniter.php(910): App\Controllers\Web->index()
#5 C:\xampp\htdocs\my3skill\system\CodeIgniter.php(398): CodeIgniter\CodeIgniter->runController(Object(App\Controllers\Web))
#6 C:\xampp\htdocs\my3skill\system\CodeIgniter.php(306): CodeIgniter\CodeIgniter->handleRequest(NULL, Object(Config\Cache), false)
#7 C:\xampp\htdocs\my3skill\index.php(45): CodeIgniter\CodeIgniter->run()
#8 {main}
CRITICAL - 2020-06-11 01:33:24 --> Use of undefined constant CLIENT_REDIRECT_URL - assumed 'CLIENT_REDIRECT_URL' (this will throw an Error in a future version of PHP)
#0 C:\xampp\htdocs\my3skill\app\Views\web\home.php(407): CodeIgniter\Debug\Exceptions->errorHandler(2, 'Use of undefine...', 'C:\\xampp\\htdocs...', 407, Array)
#1 C:\xampp\htdocs\my3skill\system\View\View.php(236): include('C:\\xampp\\htdocs...')
#2 C:\xampp\htdocs\my3skill\system\Common.php(1071): CodeIgniter\View\View->render('web/home', Array, true)
#3 C:\xampp\htdocs\my3skill\app\Controllers\Web.php(79): view('web/home', Array)
#4 C:\xampp\htdocs\my3skill\system\CodeIgniter.php(910): App\Controllers\Web->index()
#5 C:\xampp\htdocs\my3skill\system\CodeIgniter.php(398): CodeIgniter\CodeIgniter->runController(Object(App\Controllers\Web))
#6 C:\xampp\htdocs\my3skill\system\CodeIgniter.php(306): CodeIgniter\CodeIgniter->handleRequest(NULL, Object(Config\Cache), false)
#7 C:\xampp\htdocs\my3skill\index.php(45): CodeIgniter\CodeIgniter->run()
#8 {main}
CRITICAL - 2020-06-11 01:33:28 --> Use of undefined constant CLIENT_REDIRECT_URL - assumed 'CLIENT_REDIRECT_URL' (this will throw an Error in a future version of PHP)
#0 C:\xampp\htdocs\my3skill\app\Views\web\home.php(407): CodeIgniter\Debug\Exceptions->errorHandler(2, 'Use of undefine...', 'C:\\xampp\\htdocs...', 407, Array)
#1 C:\xampp\htdocs\my3skill\system\View\View.php(236): include('C:\\xampp\\htdocs...')
#2 C:\xampp\htdocs\my3skill\system\Common.php(1071): CodeIgniter\View\View->render('web/home', Array, true)
#3 C:\xampp\htdocs\my3skill\app\Controllers\Web.php(79): view('web/home', Array)
#4 C:\xampp\htdocs\my3skill\system\CodeIgniter.php(910): App\Controllers\Web->index()
#5 C:\xampp\htdocs\my3skill\system\CodeIgniter.php(398): CodeIgniter\CodeIgniter->runController(Object(App\Controllers\Web))
#6 C:\xampp\htdocs\my3skill\system\CodeIgniter.php(306): CodeIgniter\CodeIgniter->handleRequest(NULL, Object(Config\Cache), false)
#7 C:\xampp\htdocs\my3skill\index.php(45): CodeIgniter\CodeIgniter->run()
#8 {main}
CRITICAL - 2020-06-11 01:33:53 --> Use of undefined constant CLIENT_REDIRECT_URL - assumed 'CLIENT_REDIRECT_URL' (this will throw an Error in a future version of PHP)
#0 C:\xampp\htdocs\my3skill\app\Views\web\home.php(407): CodeIgniter\Debug\Exceptions->errorHandler(2, 'Use of undefine...', 'C:\\xampp\\htdocs...', 407, Array)
#1 C:\xampp\htdocs\my3skill\system\View\View.php(236): include('C:\\xampp\\htdocs...')
#2 C:\xampp\htdocs\my3skill\system\Common.php(1071): CodeIgniter\View\View->render('web/home', Array, true)
#3 C:\xampp\htdocs\my3skill\app\Controllers\Web.php(32): view('web/home', Array)
#4 C:\xampp\htdocs\my3skill\system\CodeIgniter.php(910): App\Controllers\Web->index()
#5 C:\xampp\htdocs\my3skill\system\CodeIgniter.php(398): CodeIgniter\CodeIgniter->runController(Object(App\Controllers\Web))
#6 C:\xampp\htdocs\my3skill\system\CodeIgniter.php(306): CodeIgniter\CodeIgniter->handleRequest(NULL, Object(Config\Cache), false)
#7 C:\xampp\htdocs\my3skill\index.php(45): CodeIgniter\CodeIgniter->run()
#8 {main}
CRITICAL - 2020-06-11 01:34:54 --> Use of undefined constant CLIENT_REDIRECT_URL - assumed 'CLIENT_REDIRECT_URL' (this will throw an Error in a future version of PHP)
#0 C:\xampp\htdocs\my3skill\app\Views\web\home.php(407): CodeIgniter\Debug\Exceptions->errorHandler(2, 'Use of undefine...', 'C:\\xampp\\htdocs...', 407, Array)
#1 C:\xampp\htdocs\my3skill\system\View\View.php(236): include('C:\\xampp\\htdocs...')
#2 C:\xampp\htdocs\my3skill\system\Common.php(1071): CodeIgniter\View\View->render('web/home', Array, true)
#3 C:\xampp\htdocs\my3skill\app\Controllers\Web.php(79): view('web/home', Array)
#4 C:\xampp\htdocs\my3skill\system\CodeIgniter.php(910): App\Controllers\Web->index()
#5 C:\xampp\htdocs\my3skill\system\CodeIgniter.php(398): CodeIgniter\CodeIgniter->runController(Object(App\Controllers\Web))
#6 C:\xampp\htdocs\my3skill\system\CodeIgniter.php(306): CodeIgniter\CodeIgniter->handleRequest(NULL, Object(Config\Cache), false)
#7 C:\xampp\htdocs\my3skill\index.php(45): CodeIgniter\CodeIgniter->run()
#8 {main}
CRITICAL - 2020-06-11 01:36:38 --> Use of undefined constant CLIENT_ID - assumed 'CLIENT_ID' (this will throw an Error in a future version of PHP)
#0 C:\xampp\htdocs\my3skill\app\Views\web\home.php(410): CodeIgniter\Debug\Exceptions->errorHandler(2, 'Use of undefine...', 'C:\\xampp\\htdocs...', 410, Array)
#1 C:\xampp\htdocs\my3skill\system\View\View.php(236): include('C:\\xampp\\htdocs...')
#2 C:\xampp\htdocs\my3skill\system\Common.php(1071): CodeIgniter\View\View->render('web/home', Array, true)
#3 C:\xampp\htdocs\my3skill\app\Controllers\Web.php(79): view('web/home', Array)
#4 C:\xampp\htdocs\my3skill\system\CodeIgniter.php(910): App\Controllers\Web->index()
#5 C:\xampp\htdocs\my3skill\system\CodeIgniter.php(398): CodeIgniter\CodeIgniter->runController(Object(App\Controllers\Web))
#6 C:\xampp\htdocs\my3skill\system\CodeIgniter.php(306): CodeIgniter\CodeIgniter->handleRequest(NULL, Object(Config\Cache), false)
#7 C:\xampp\htdocs\my3skill\index.php(45): CodeIgniter\CodeIgniter->run()
#8 {main}
