CRITICAL - 2020-10-01 10:07:40 --> Invalid argument supplied for foreach()
#0 /home/krishna/Desktop/beauty/app/Views/admin/pages/sidebar.php(40): CodeIgniter\Debug\Exceptions->errorHandler()
#1 /home/krishna/Desktop/beauty/system/View/View.php(236): include('/home/krishna/D...')
#2 /home/krishna/Desktop/beauty/system/Common.php(1071): CodeIgniter\View\View->render()
#3 /home/krishna/Desktop/beauty/app/Views/user/address.php(18): view()
#4 /home/krishna/Desktop/beauty/system/View/View.php(236): include('/home/krishna/D...')
#5 /home/krishna/Desktop/beauty/system/Common.php(1071): CodeIgniter\View\View->render()
#6 /home/krishna/Desktop/beauty/app/Controllers/User.php(194): view()
#7 /home/krishna/Desktop/beauty/system/CodeIgniter.php(910): App\Controllers\User->address()
#8 /home/krishna/Desktop/beauty/system/CodeIgniter.php(398): CodeIgniter\CodeIgniter->runController()
#9 /home/krishna/Desktop/beauty/system/CodeIgniter.php(306): CodeIgniter\CodeIgniter->handleRequest()
#10 /home/krishna/Desktop/beauty/index.php(53): CodeIgniter\CodeIgniter->run()
#11 {main}
CRITICAL - 2020-10-01 10:12:13 --> Cannot declare class App\Models\User_model, because the name is already in use
#0 [internal function]: CodeIgniter\Debug\Exceptions->shutdownHandler()
#1 {main}
CRITICAL - 2020-10-01 10:38:45 --> Column 'modified_by' cannot be null
#0 /home/krishna/Desktop/beauty/system/Database/MySQLi/Connection.php(330): mysqli->query()
#1 /home/krishna/Desktop/beauty/system/Database/BaseConnection.php(738): CodeIgniter\Database\MySQLi\Connection->execute()
#2 /home/krishna/Desktop/beauty/system/Database/BaseConnection.php(666): CodeIgniter\Database\BaseConnection->simpleQuery()
#3 /home/krishna/Desktop/beauty/system/Database/BaseBuilder.php(2206): CodeIgniter\Database\BaseConnection->query()
#4 /home/krishna/Desktop/beauty/system/Model.php(722): CodeIgniter\Database\BaseBuilder->insert()
#5 /home/krishna/Desktop/beauty/system/Model.php(550): CodeIgniter\Model->insert()
#6 /home/krishna/Desktop/beauty/app/Controllers/User.php(238): CodeIgniter\Model->save()
#7 /home/krishna/Desktop/beauty/system/CodeIgniter.php(910): App\Controllers\User->update_address()
#8 /home/krishna/Desktop/beauty/system/CodeIgniter.php(398): CodeIgniter\CodeIgniter->runController()
#9 /home/krishna/Desktop/beauty/system/CodeIgniter.php(306): CodeIgniter\CodeIgniter->handleRequest()
#10 /home/krishna/Desktop/beauty/index.php(53): CodeIgniter\CodeIgniter->run()
#11 {main}
CRITICAL - 2020-10-01 10:39:07 --> Column 'modified_by' cannot be null
#0 /home/krishna/Desktop/beauty/system/Database/MySQLi/Connection.php(330): mysqli->query()
#1 /home/krishna/Desktop/beauty/system/Database/BaseConnection.php(738): CodeIgniter\Database\MySQLi\Connection->execute()
#2 /home/krishna/Desktop/beauty/system/Database/BaseConnection.php(666): CodeIgniter\Database\BaseConnection->simpleQuery()
#3 /home/krishna/Desktop/beauty/system/Database/BaseBuilder.php(2206): CodeIgniter\Database\BaseConnection->query()
#4 /home/krishna/Desktop/beauty/system/Model.php(722): CodeIgniter\Database\BaseBuilder->insert()
#5 /home/krishna/Desktop/beauty/system/Model.php(550): CodeIgniter\Model->insert()
#6 /home/krishna/Desktop/beauty/app/Controllers/User.php(238): CodeIgniter\Model->save()
#7 /home/krishna/Desktop/beauty/system/CodeIgniter.php(910): App\Controllers\User->update_address()
#8 /home/krishna/Desktop/beauty/system/CodeIgniter.php(398): CodeIgniter\CodeIgniter->runController()
#9 /home/krishna/Desktop/beauty/system/CodeIgniter.php(306): CodeIgniter\CodeIgniter->handleRequest()
#10 /home/krishna/Desktop/beauty/index.php(53): CodeIgniter\CodeIgniter->run()
#11 {main}
CRITICAL - 2020-10-01 10:39:09 --> Column 'modified_by' cannot be null
#0 /home/krishna/Desktop/beauty/system/Database/MySQLi/Connection.php(330): mysqli->query()
#1 /home/krishna/Desktop/beauty/system/Database/BaseConnection.php(738): CodeIgniter\Database\MySQLi\Connection->execute()
#2 /home/krishna/Desktop/beauty/system/Database/BaseConnection.php(666): CodeIgniter\Database\BaseConnection->simpleQuery()
#3 /home/krishna/Desktop/beauty/system/Database/BaseBuilder.php(2206): CodeIgniter\Database\BaseConnection->query()
#4 /home/krishna/Desktop/beauty/system/Model.php(722): CodeIgniter\Database\BaseBuilder->insert()
#5 /home/krishna/Desktop/beauty/system/Model.php(550): CodeIgniter\Model->insert()
#6 /home/krishna/Desktop/beauty/app/Controllers/User.php(238): CodeIgniter\Model->save()
#7 /home/krishna/Desktop/beauty/system/CodeIgniter.php(910): App\Controllers\User->update_address()
#8 /home/krishna/Desktop/beauty/system/CodeIgniter.php(398): CodeIgniter\CodeIgniter->runController()
#9 /home/krishna/Desktop/beauty/system/CodeIgniter.php(306): CodeIgniter\CodeIgniter->handleRequest()
#10 /home/krishna/Desktop/beauty/index.php(53): CodeIgniter\CodeIgniter->run()
#11 {main}
CRITICAL - 2020-10-01 10:39:17 --> Column 'modified_by' cannot be null
#0 /home/krishna/Desktop/beauty/system/Database/MySQLi/Connection.php(330): mysqli->query()
#1 /home/krishna/Desktop/beauty/system/Database/BaseConnection.php(738): CodeIgniter\Database\MySQLi\Connection->execute()
#2 /home/krishna/Desktop/beauty/system/Database/BaseConnection.php(666): CodeIgniter\Database\BaseConnection->simpleQuery()
#3 /home/krishna/Desktop/beauty/system/Database/BaseBuilder.php(2206): CodeIgniter\Database\BaseConnection->query()
#4 /home/krishna/Desktop/beauty/system/Model.php(722): CodeIgniter\Database\BaseBuilder->insert()
#5 /home/krishna/Desktop/beauty/system/Model.php(550): CodeIgniter\Model->insert()
#6 /home/krishna/Desktop/beauty/app/Controllers/User.php(238): CodeIgniter\Model->save()
#7 /home/krishna/Desktop/beauty/system/CodeIgniter.php(910): App\Controllers\User->update_address()
#8 /home/krishna/Desktop/beauty/system/CodeIgniter.php(398): CodeIgniter\CodeIgniter->runController()
#9 /home/krishna/Desktop/beauty/system/CodeIgniter.php(306): CodeIgniter\CodeIgniter->handleRequest()
#10 /home/krishna/Desktop/beauty/index.php(53): CodeIgniter\CodeIgniter->run()
#11 {main}
CRITICAL - 2020-10-01 16:45:21 --> Access denied for user '****'@'localhost' (using password: YES)
#0 /home/kriishna/beauty.kriishnacab.com/system/Database/BaseConnection.php(377): CodeIgniter\Database\MySQLi\Connection->connect(false)
#1 /home/kriishna/beauty.kriishnacab.com/system/Database/BaseConnection.php(643): CodeIgniter\Database\BaseConnection->initialize()
#2 /home/kriishna/beauty.kriishnacab.com/system/Database/BaseBuilder.php(1819): CodeIgniter\Database\BaseConnection->query('SELECT *\nFROM `...', Array, false)
#3 /home/kriishna/beauty.kriishnacab.com/system/Model.php(482): CodeIgniter\Database\BaseBuilder->get()
#4 /home/kriishna/beauty.kriishnacab.com/app/Controllers/Web.php(24): CodeIgniter\Model->first()
#5 /home/kriishna/beauty.kriishnacab.com/system/CodeIgniter.php(882): App\Controllers\Web->__construct()
#6 /home/kriishna/beauty.kriishnacab.com/system/CodeIgniter.php(393): CodeIgniter\CodeIgniter->createController()
#7 /home/kriishna/beauty.kriishnacab.com/system/CodeIgniter.php(306): CodeIgniter\CodeIgniter->handleRequest(NULL, Object(Config\Cache), false)
#8 /home/kriishna/beauty.kriishnacab.com/index.php(53): CodeIgniter\CodeIgniter->run()
#9 {main}
CRITICAL - 2020-10-01 16:45:38 --> Access denied for user '****'@'localhost' (using password: YES)
#0 /home/kriishna/beauty.kriishnacab.com/system/Database/BaseConnection.php(377): CodeIgniter\Database\MySQLi\Connection->connect(false)
#1 /home/kriishna/beauty.kriishnacab.com/system/Database/BaseConnection.php(643): CodeIgniter\Database\BaseConnection->initialize()
#2 /home/kriishna/beauty.kriishnacab.com/system/Database/BaseBuilder.php(1819): CodeIgniter\Database\BaseConnection->query('SELECT *\nFROM `...', Array, false)
#3 /home/kriishna/beauty.kriishnacab.com/system/Model.php(482): CodeIgniter\Database\BaseBuilder->get()
#4 /home/kriishna/beauty.kriishnacab.com/app/Controllers/Web.php(24): CodeIgniter\Model->first()
#5 /home/kriishna/beauty.kriishnacab.com/system/CodeIgniter.php(882): App\Controllers\Web->__construct()
#6 /home/kriishna/beauty.kriishnacab.com/system/CodeIgniter.php(393): CodeIgniter\CodeIgniter->createController()
#7 /home/kriishna/beauty.kriishnacab.com/system/CodeIgniter.php(306): CodeIgniter\CodeIgniter->handleRequest(NULL, Object(Config\Cache), false)
#8 /home/kriishna/beauty.kriishnacab.com/index.php(53): CodeIgniter\CodeIgniter->run()
#9 {main}
CRITICAL - 2020-10-01 17:06:00 --> Class 'App\Models\Add_ons_model' not found
#0 /home/kriishna/beauty.kriishnacab.com/system/CodeIgniter.php(882): App\Controllers\Business->__construct()
#1 /home/kriishna/beauty.kriishnacab.com/system/CodeIgniter.php(393): CodeIgniter\CodeIgniter->createController()
#2 /home/kriishna/beauty.kriishnacab.com/system/CodeIgniter.php(306): CodeIgniter\CodeIgniter->handleRequest(NULL, Object(Config\Cache), false)
#3 /home/kriishna/beauty.kriishnacab.com/index.php(53): CodeIgniter\CodeIgniter->run()
#4 {main}
