CRITICAL - 2020-10-31 17:02:34 --> Table 'e_commerce.hit_count' doesn't exist
#0 /home/whoami/Projects/e-commerce/system/Database/MySQLi/Connection.php(330): mysqli->query()
#1 /home/whoami/Projects/e-commerce/system/Database/BaseConnection.php(738): CodeIgniter\Database\MySQLi\Connection->execute()
#2 /home/whoami/Projects/e-commerce/system/Database/BaseConnection.php(666): CodeIgniter\Database\BaseConnection->simpleQuery()
#3 /home/whoami/Projects/e-commerce/system/Model.php(1698): CodeIgniter\Database\BaseConnection->query()
#4 /home/whoami/Projects/e-commerce/app/Controllers/Dashboard.php(34): CodeIgniter\Model->__call()
#5 /home/whoami/Projects/e-commerce/system/CodeIgniter.php(910): App\Controllers\Dashboard->index()
#6 /home/whoami/Projects/e-commerce/system/CodeIgniter.php(398): CodeIgniter\CodeIgniter->runController()
#7 /home/whoami/Projects/e-commerce/system/CodeIgniter.php(306): CodeIgniter\CodeIgniter->handleRequest()
#8 /home/whoami/Projects/e-commerce/index.php(53): CodeIgniter\CodeIgniter->run()
#9 {main}
CRITICAL - 2020-10-31 17:21:37 --> Unknown column 'name' in 'order clause'
#0 /home/whoami/Projects/e-commerce/system/Database/MySQLi/Connection.php(330): mysqli->query()
#1 /home/whoami/Projects/e-commerce/system/Database/BaseConnection.php(738): CodeIgniter\Database\MySQLi\Connection->execute()
#2 /home/whoami/Projects/e-commerce/system/Database/BaseConnection.php(666): CodeIgniter\Database\BaseConnection->simpleQuery()
#3 /home/whoami/Projects/e-commerce/system/Model.php(1698): CodeIgniter\Database\BaseConnection->query()
#4 /home/whoami/Projects/e-commerce/app/Controllers/Web.php(41): CodeIgniter\Model->__call()
#5 /home/whoami/Projects/e-commerce/system/CodeIgniter.php(910): App\Controllers\Web->index()
#6 /home/whoami/Projects/e-commerce/system/CodeIgniter.php(398): CodeIgniter\CodeIgniter->runController()
#7 /home/whoami/Projects/e-commerce/system/CodeIgniter.php(306): CodeIgniter\CodeIgniter->handleRequest()
#8 /home/whoami/Projects/e-commerce/index.php(53): CodeIgniter\CodeIgniter->run()
#9 {main}
