CRITICAL - 2021-01-12 01:59:52 --> Unknown column 'p.capacity' in 'field list'
#0 /home3/saptkri1/admin.saptkrishi.in/system/Database/MySQLi/Connection.php(330): mysqli->query('select c.*, p.c...')
#1 /home3/saptkri1/admin.saptkrishi.in/system/Database/BaseConnection.php(738): CodeIgniter\Database\MySQLi\Connection->execute('select c.*, p.c...')
#2 /home3/saptkri1/admin.saptkrishi.in/system/Database/BaseConnection.php(666): CodeIgniter\Database\BaseConnection->simpleQuery('select c.*, p.c...')
#3 /home3/saptkri1/admin.saptkrishi.in/system/Model.php(1698): CodeIgniter\Database\BaseConnection->query('select c.*, p.c...', Array)
#4 /home3/saptkri1/admin.saptkrishi.in/app/Controllers/Api.php(981): CodeIgniter\Model->__call('query', Array)
#5 /home3/saptkri1/admin.saptkrishi.in/system/CodeIgniter.php(910): App\Controllers\Api->cart('view')
#6 /home3/saptkri1/admin.saptkrishi.in/system/CodeIgniter.php(398): CodeIgniter\CodeIgniter->runController(Object(App\Controllers\Api))
#7 /home3/saptkri1/admin.saptkrishi.in/system/CodeIgniter.php(306): CodeIgniter\CodeIgniter->handleRequest(NULL, Object(Config\Cache), false)
#8 /home3/saptkri1/admin.saptkrishi.in/index.php(53): CodeIgniter\CodeIgniter->run()
#9 {main}
CRITICAL - 2021-01-12 06:59:07 --> Unknown column 'p.capacity' in 'field list'
#0 /home3/saptkri1/admin.saptkrishi.in/system/Database/MySQLi/Connection.php(330): mysqli->query('select c.*, p.c...')
#1 /home3/saptkri1/admin.saptkrishi.in/system/Database/BaseConnection.php(738): CodeIgniter\Database\MySQLi\Connection->execute('select c.*, p.c...')
#2 /home3/saptkri1/admin.saptkrishi.in/system/Database/BaseConnection.php(666): CodeIgniter\Database\BaseConnection->simpleQuery('select c.*, p.c...')
#3 /home3/saptkri1/admin.saptkrishi.in/system/Model.php(1698): CodeIgniter\Database\BaseConnection->query('select c.*, p.c...', Array)
#4 /home3/saptkri1/admin.saptkrishi.in/app/Controllers/Api.php(981): CodeIgniter\Model->__call('query', Array)
#5 /home3/saptkri1/admin.saptkrishi.in/system/CodeIgniter.php(910): App\Controllers\Api->cart('view')
#6 /home3/saptkri1/admin.saptkrishi.in/system/CodeIgniter.php(398): CodeIgniter\CodeIgniter->runController(Object(App\Controllers\Api))
#7 /home3/saptkri1/admin.saptkrishi.in/system/CodeIgniter.php(306): CodeIgniter\CodeIgniter->handleRequest(NULL, Object(Config\Cache), false)
#8 /home3/saptkri1/admin.saptkrishi.in/index.php(53): CodeIgniter\CodeIgniter->run()
#9 {main}
CRITICAL - 2021-01-12 06:59:50 --> Unknown column 'p.capacity' in 'field list'
#0 /home3/saptkri1/admin.saptkrishi.in/system/Database/MySQLi/Connection.php(330): mysqli->query('select c.*, p.c...')
#1 /home3/saptkri1/admin.saptkrishi.in/system/Database/BaseConnection.php(738): CodeIgniter\Database\MySQLi\Connection->execute('select c.*, p.c...')
#2 /home3/saptkri1/admin.saptkrishi.in/system/Database/BaseConnection.php(666): CodeIgniter\Database\BaseConnection->simpleQuery('select c.*, p.c...')
#3 /home3/saptkri1/admin.saptkrishi.in/system/Model.php(1698): CodeIgniter\Database\BaseConnection->query('select c.*, p.c...', Array)
#4 /home3/saptkri1/admin.saptkrishi.in/app/Controllers/Api.php(981): CodeIgniter\Model->__call('query', Array)
#5 /home3/saptkri1/admin.saptkrishi.in/system/CodeIgniter.php(910): App\Controllers\Api->cart('view')
#6 /home3/saptkri1/admin.saptkrishi.in/system/CodeIgniter.php(398): CodeIgniter\CodeIgniter->runController(Object(App\Controllers\Api))
#7 /home3/saptkri1/admin.saptkrishi.in/system/CodeIgniter.php(306): CodeIgniter\CodeIgniter->handleRequest(NULL, Object(Config\Cache), false)
#8 /home3/saptkri1/admin.saptkrishi.in/index.php(53): CodeIgniter\CodeIgniter->run()
#9 {main}
CRITICAL - 2021-01-12 08:25:42 --> Unknown column 'p.capacity' in 'field list'
#0 /home3/saptkri1/admin.saptkrishi.in/system/Database/MySQLi/Connection.php(330): mysqli->query('select c.*, p.c...')
#1 /home3/saptkri1/admin.saptkrishi.in/system/Database/BaseConnection.php(738): CodeIgniter\Database\MySQLi\Connection->execute('select c.*, p.c...')
#2 /home3/saptkri1/admin.saptkrishi.in/system/Database/BaseConnection.php(666): CodeIgniter\Database\BaseConnection->simpleQuery('select c.*, p.c...')
#3 /home3/saptkri1/admin.saptkrishi.in/system/Model.php(1698): CodeIgniter\Database\BaseConnection->query('select c.*, p.c...', Array)
#4 /home3/saptkri1/admin.saptkrishi.in/app/Controllers/Api.php(981): CodeIgniter\Model->__call('query', Array)
#5 /home3/saptkri1/admin.saptkrishi.in/system/CodeIgniter.php(910): App\Controllers\Api->cart('view')
#6 /home3/saptkri1/admin.saptkrishi.in/system/CodeIgniter.php(398): CodeIgniter\CodeIgniter->runController(Object(App\Controllers\Api))
#7 /home3/saptkri1/admin.saptkrishi.in/system/CodeIgniter.php(306): CodeIgniter\CodeIgniter->handleRequest(NULL, Object(Config\Cache), false)
#8 /home3/saptkri1/admin.saptkrishi.in/index.php(53): CodeIgniter\CodeIgniter->run()
#9 {main}
CRITICAL - 2021-01-12 08:39:17 --> Unknown column 'p.capacity' in 'field list'
#0 /home3/saptkri1/admin.saptkrishi.in/system/Database/MySQLi/Connection.php(330): mysqli->query('select c.*, p.c...')
#1 /home3/saptkri1/admin.saptkrishi.in/system/Database/BaseConnection.php(738): CodeIgniter\Database\MySQLi\Connection->execute('select c.*, p.c...')
#2 /home3/saptkri1/admin.saptkrishi.in/system/Database/BaseConnection.php(666): CodeIgniter\Database\BaseConnection->simpleQuery('select c.*, p.c...')
#3 /home3/saptkri1/admin.saptkrishi.in/system/Model.php(1698): CodeIgniter\Database\BaseConnection->query('select c.*, p.c...', Array)
#4 /home3/saptkri1/admin.saptkrishi.in/app/Controllers/Api.php(981): CodeIgniter\Model->__call('query', Array)
#5 /home3/saptkri1/admin.saptkrishi.in/system/CodeIgniter.php(910): App\Controllers\Api->cart('view')
#6 /home3/saptkri1/admin.saptkrishi.in/system/CodeIgniter.php(398): CodeIgniter\CodeIgniter->runController(Object(App\Controllers\Api))
#7 /home3/saptkri1/admin.saptkrishi.in/system/CodeIgniter.php(306): CodeIgniter\CodeIgniter->handleRequest(NULL, Object(Config\Cache), false)
#8 /home3/saptkri1/admin.saptkrishi.in/index.php(53): CodeIgniter\CodeIgniter->run()
#9 {main}
CRITICAL - 2021-01-12 09:22:28 --> Unknown column 'p.capacity' in 'field list'
#0 /home3/saptkri1/admin.saptkrishi.in/system/Database/MySQLi/Connection.php(330): mysqli->query('select c.*, p.c...')
#1 /home3/saptkri1/admin.saptkrishi.in/system/Database/BaseConnection.php(738): CodeIgniter\Database\MySQLi\Connection->execute('select c.*, p.c...')
#2 /home3/saptkri1/admin.saptkrishi.in/system/Database/BaseConnection.php(666): CodeIgniter\Database\BaseConnection->simpleQuery('select c.*, p.c...')
#3 /home3/saptkri1/admin.saptkrishi.in/system/Model.php(1698): CodeIgniter\Database\BaseConnection->query('select c.*, p.c...', Array)
#4 /home3/saptkri1/admin.saptkrishi.in/app/Controllers/Api.php(981): CodeIgniter\Model->__call('query', Array)
#5 /home3/saptkri1/admin.saptkrishi.in/system/CodeIgniter.php(910): App\Controllers\Api->cart('view')
#6 /home3/saptkri1/admin.saptkrishi.in/system/CodeIgniter.php(398): CodeIgniter\CodeIgniter->runController(Object(App\Controllers\Api))
#7 /home3/saptkri1/admin.saptkrishi.in/system/CodeIgniter.php(306): CodeIgniter\CodeIgniter->handleRequest(NULL, Object(Config\Cache), false)
#8 /home3/saptkri1/admin.saptkrishi.in/index.php(53): CodeIgniter\CodeIgniter->run()
#9 {main}
CRITICAL - 2021-01-12 09:31:34 --> Unknown column 'p.capacity' in 'field list'
#0 /home3/saptkri1/admin.saptkrishi.in/system/Database/MySQLi/Connection.php(330): mysqli->query('select c.*, p.c...')
#1 /home3/saptkri1/admin.saptkrishi.in/system/Database/BaseConnection.php(738): CodeIgniter\Database\MySQLi\Connection->execute('select c.*, p.c...')
#2 /home3/saptkri1/admin.saptkrishi.in/system/Database/BaseConnection.php(666): CodeIgniter\Database\BaseConnection->simpleQuery('select c.*, p.c...')
#3 /home3/saptkri1/admin.saptkrishi.in/system/Model.php(1698): CodeIgniter\Database\BaseConnection->query('select c.*, p.c...', Array)
#4 /home3/saptkri1/admin.saptkrishi.in/app/Controllers/Api.php(981): CodeIgniter\Model->__call('query', Array)
#5 /home3/saptkri1/admin.saptkrishi.in/system/CodeIgniter.php(910): App\Controllers\Api->cart('view')
#6 /home3/saptkri1/admin.saptkrishi.in/system/CodeIgniter.php(398): CodeIgniter\CodeIgniter->runController(Object(App\Controllers\Api))
#7 /home3/saptkri1/admin.saptkrishi.in/system/CodeIgniter.php(306): CodeIgniter\CodeIgniter->handleRequest(NULL, Object(Config\Cache), false)
#8 /home3/saptkri1/admin.saptkrishi.in/index.php(53): CodeIgniter\CodeIgniter->run()
#9 {main}
CRITICAL - 2021-01-12 09:31:42 --> Unknown column 'p.capacity' in 'field list'
#0 /home3/saptkri1/admin.saptkrishi.in/system/Database/MySQLi/Connection.php(330): mysqli->query('select c.*, p.c...')
#1 /home3/saptkri1/admin.saptkrishi.in/system/Database/BaseConnection.php(738): CodeIgniter\Database\MySQLi\Connection->execute('select c.*, p.c...')
#2 /home3/saptkri1/admin.saptkrishi.in/system/Database/BaseConnection.php(666): CodeIgniter\Database\BaseConnection->simpleQuery('select c.*, p.c...')
#3 /home3/saptkri1/admin.saptkrishi.in/system/Model.php(1698): CodeIgniter\Database\BaseConnection->query('select c.*, p.c...', Array)
#4 /home3/saptkri1/admin.saptkrishi.in/app/Controllers/Api.php(981): CodeIgniter\Model->__call('query', Array)
#5 /home3/saptkri1/admin.saptkrishi.in/system/CodeIgniter.php(910): App\Controllers\Api->cart('view')
#6 /home3/saptkri1/admin.saptkrishi.in/system/CodeIgniter.php(398): CodeIgniter\CodeIgniter->runController(Object(App\Controllers\Api))
#7 /home3/saptkri1/admin.saptkrishi.in/system/CodeIgniter.php(306): CodeIgniter\CodeIgniter->handleRequest(NULL, Object(Config\Cache), false)
#8 /home3/saptkri1/admin.saptkrishi.in/index.php(53): CodeIgniter\CodeIgniter->run()
#9 {main}
CRITICAL - 2021-01-12 11:14:48 --> Unknown column 'p.capacity' in 'field list'
#0 /home3/saptkri1/admin.saptkrishi.in/system/Database/MySQLi/Connection.php(330): mysqli->query('select c.*, p.c...')
#1 /home3/saptkri1/admin.saptkrishi.in/system/Database/BaseConnection.php(738): CodeIgniter\Database\MySQLi\Connection->execute('select c.*, p.c...')
#2 /home3/saptkri1/admin.saptkrishi.in/system/Database/BaseConnection.php(666): CodeIgniter\Database\BaseConnection->simpleQuery('select c.*, p.c...')
#3 /home3/saptkri1/admin.saptkrishi.in/system/Model.php(1698): CodeIgniter\Database\BaseConnection->query('select c.*, p.c...', Array)
#4 /home3/saptkri1/admin.saptkrishi.in/app/Controllers/Api.php(981): CodeIgniter\Model->__call('query', Array)
#5 /home3/saptkri1/admin.saptkrishi.in/system/CodeIgniter.php(910): App\Controllers\Api->cart('view')
#6 /home3/saptkri1/admin.saptkrishi.in/system/CodeIgniter.php(398): CodeIgniter\CodeIgniter->runController(Object(App\Controllers\Api))
#7 /home3/saptkri1/admin.saptkrishi.in/system/CodeIgniter.php(306): CodeIgniter\CodeIgniter->handleRequest(NULL, Object(Config\Cache), false)
#8 /home3/saptkri1/admin.saptkrishi.in/index.php(53): CodeIgniter\CodeIgniter->run()
#9 {main}
CRITICAL - 2021-01-12 11:15:08 --> Unknown column 'p.capacity' in 'field list'
#0 /home3/saptkri1/admin.saptkrishi.in/system/Database/MySQLi/Connection.php(330): mysqli->query('select c.*, p.c...')
#1 /home3/saptkri1/admin.saptkrishi.in/system/Database/BaseConnection.php(738): CodeIgniter\Database\MySQLi\Connection->execute('select c.*, p.c...')
#2 /home3/saptkri1/admin.saptkrishi.in/system/Database/BaseConnection.php(666): CodeIgniter\Database\BaseConnection->simpleQuery('select c.*, p.c...')
#3 /home3/saptkri1/admin.saptkrishi.in/system/Model.php(1698): CodeIgniter\Database\BaseConnection->query('select c.*, p.c...', Array)
#4 /home3/saptkri1/admin.saptkrishi.in/app/Controllers/Api.php(981): CodeIgniter\Model->__call('query', Array)
#5 /home3/saptkri1/admin.saptkrishi.in/system/CodeIgniter.php(910): App\Controllers\Api->cart('view')
#6 /home3/saptkri1/admin.saptkrishi.in/system/CodeIgniter.php(398): CodeIgniter\CodeIgniter->runController(Object(App\Controllers\Api))
#7 /home3/saptkri1/admin.saptkrishi.in/system/CodeIgniter.php(306): CodeIgniter\CodeIgniter->handleRequest(NULL, Object(Config\Cache), false)
#8 /home3/saptkri1/admin.saptkrishi.in/index.php(53): CodeIgniter\CodeIgniter->run()
#9 {main}
CRITICAL - 2021-01-12 12:41:55 --> Unknown column 'p.capacity' in 'field list'
#0 /home3/saptkri1/admin.saptkrishi.in/system/Database/MySQLi/Connection.php(330): mysqli->query('select c.*, p.c...')
#1 /home3/saptkri1/admin.saptkrishi.in/system/Database/BaseConnection.php(738): CodeIgniter\Database\MySQLi\Connection->execute('select c.*, p.c...')
#2 /home3/saptkri1/admin.saptkrishi.in/system/Database/BaseConnection.php(666): CodeIgniter\Database\BaseConnection->simpleQuery('select c.*, p.c...')
#3 /home3/saptkri1/admin.saptkrishi.in/system/Model.php(1698): CodeIgniter\Database\BaseConnection->query('select c.*, p.c...', Array)
#4 /home3/saptkri1/admin.saptkrishi.in/app/Controllers/Api.php(981): CodeIgniter\Model->__call('query', Array)
#5 /home3/saptkri1/admin.saptkrishi.in/system/CodeIgniter.php(910): App\Controllers\Api->cart('view')
#6 /home3/saptkri1/admin.saptkrishi.in/system/CodeIgniter.php(398): CodeIgniter\CodeIgniter->runController(Object(App\Controllers\Api))
#7 /home3/saptkri1/admin.saptkrishi.in/system/CodeIgniter.php(306): CodeIgniter\CodeIgniter->handleRequest(NULL, Object(Config\Cache), false)
#8 /home3/saptkri1/admin.saptkrishi.in/index.php(53): CodeIgniter\CodeIgniter->run()
#9 {main}
CRITICAL - 2021-01-12 13:23:18 --> Unknown column 'p.capacity' in 'field list'
#0 /home3/saptkri1/admin.saptkrishi.in/system/Database/MySQLi/Connection.php(330): mysqli->query('select c.*, p.c...')
#1 /home3/saptkri1/admin.saptkrishi.in/system/Database/BaseConnection.php(738): CodeIgniter\Database\MySQLi\Connection->execute('select c.*, p.c...')
#2 /home3/saptkri1/admin.saptkrishi.in/system/Database/BaseConnection.php(666): CodeIgniter\Database\BaseConnection->simpleQuery('select c.*, p.c...')
#3 /home3/saptkri1/admin.saptkrishi.in/system/Model.php(1698): CodeIgniter\Database\BaseConnection->query('select c.*, p.c...', Array)
#4 /home3/saptkri1/admin.saptkrishi.in/app/Controllers/Api.php(981): CodeIgniter\Model->__call('query', Array)
#5 /home3/saptkri1/admin.saptkrishi.in/system/CodeIgniter.php(910): App\Controllers\Api->cart('view')
#6 /home3/saptkri1/admin.saptkrishi.in/system/CodeIgniter.php(398): CodeIgniter\CodeIgniter->runController(Object(App\Controllers\Api))
#7 /home3/saptkri1/admin.saptkrishi.in/system/CodeIgniter.php(306): CodeIgniter\CodeIgniter->handleRequest(NULL, Object(Config\Cache), false)
#8 /home3/saptkri1/admin.saptkrishi.in/index.php(53): CodeIgniter\CodeIgniter->run()
#9 {main}
CRITICAL - 2021-01-12 13:24:23 --> Unknown column 'p.capacity' in 'field list'
#0 /home3/saptkri1/admin.saptkrishi.in/system/Database/MySQLi/Connection.php(330): mysqli->query('select c.*, p.c...')
#1 /home3/saptkri1/admin.saptkrishi.in/system/Database/BaseConnection.php(738): CodeIgniter\Database\MySQLi\Connection->execute('select c.*, p.c...')
#2 /home3/saptkri1/admin.saptkrishi.in/system/Database/BaseConnection.php(666): CodeIgniter\Database\BaseConnection->simpleQuery('select c.*, p.c...')
#3 /home3/saptkri1/admin.saptkrishi.in/system/Model.php(1698): CodeIgniter\Database\BaseConnection->query('select c.*, p.c...', Array)
#4 /home3/saptkri1/admin.saptkrishi.in/app/Controllers/Api.php(981): CodeIgniter\Model->__call('query', Array)
#5 /home3/saptkri1/admin.saptkrishi.in/system/CodeIgniter.php(910): App\Controllers\Api->cart('view')
#6 /home3/saptkri1/admin.saptkrishi.in/system/CodeIgniter.php(398): CodeIgniter\CodeIgniter->runController(Object(App\Controllers\Api))
#7 /home3/saptkri1/admin.saptkrishi.in/system/CodeIgniter.php(306): CodeIgniter\CodeIgniter->handleRequest(NULL, Object(Config\Cache), false)
#8 /home3/saptkri1/admin.saptkrishi.in/index.php(53): CodeIgniter\CodeIgniter->run()
#9 {main}
CRITICAL - 2021-01-12 13:31:37 --> Unknown column 'p.capacity' in 'field list'
#0 /home3/saptkri1/admin.saptkrishi.in/system/Database/MySQLi/Connection.php(330): mysqli->query('select c.*, p.c...')
#1 /home3/saptkri1/admin.saptkrishi.in/system/Database/BaseConnection.php(738): CodeIgniter\Database\MySQLi\Connection->execute('select c.*, p.c...')
#2 /home3/saptkri1/admin.saptkrishi.in/system/Database/BaseConnection.php(666): CodeIgniter\Database\BaseConnection->simpleQuery('select c.*, p.c...')
#3 /home3/saptkri1/admin.saptkrishi.in/system/Model.php(1698): CodeIgniter\Database\BaseConnection->query('select c.*, p.c...', Array)
#4 /home3/saptkri1/admin.saptkrishi.in/app/Controllers/Api.php(981): CodeIgniter\Model->__call('query', Array)
#5 /home3/saptkri1/admin.saptkrishi.in/system/CodeIgniter.php(910): App\Controllers\Api->cart('view')
#6 /home3/saptkri1/admin.saptkrishi.in/system/CodeIgniter.php(398): CodeIgniter\CodeIgniter->runController(Object(App\Controllers\Api))
#7 /home3/saptkri1/admin.saptkrishi.in/system/CodeIgniter.php(306): CodeIgniter\CodeIgniter->handleRequest(NULL, Object(Config\Cache), false)
#8 /home3/saptkri1/admin.saptkrishi.in/index.php(53): CodeIgniter\CodeIgniter->run()
#9 {main}
CRITICAL - 2021-01-12 13:33:49 --> Unknown column 'p.capacity' in 'field list'
#0 /home3/saptkri1/admin.saptkrishi.in/system/Database/MySQLi/Connection.php(330): mysqli->query('select c.*, p.c...')
#1 /home3/saptkri1/admin.saptkrishi.in/system/Database/BaseConnection.php(738): CodeIgniter\Database\MySQLi\Connection->execute('select c.*, p.c...')
#2 /home3/saptkri1/admin.saptkrishi.in/system/Database/BaseConnection.php(666): CodeIgniter\Database\BaseConnection->simpleQuery('select c.*, p.c...')
#3 /home3/saptkri1/admin.saptkrishi.in/system/Model.php(1698): CodeIgniter\Database\BaseConnection->query('select c.*, p.c...', Array)
#4 /home3/saptkri1/admin.saptkrishi.in/app/Controllers/Api.php(981): CodeIgniter\Model->__call('query', Array)
#5 /home3/saptkri1/admin.saptkrishi.in/system/CodeIgniter.php(910): App\Controllers\Api->cart('view')
#6 /home3/saptkri1/admin.saptkrishi.in/system/CodeIgniter.php(398): CodeIgniter\CodeIgniter->runController(Object(App\Controllers\Api))
#7 /home3/saptkri1/admin.saptkrishi.in/system/CodeIgniter.php(306): CodeIgniter\CodeIgniter->handleRequest(NULL, Object(Config\Cache), false)
#8 /home3/saptkri1/admin.saptkrishi.in/index.php(53): CodeIgniter\CodeIgniter->run()
#9 {main}
CRITICAL - 2021-01-12 13:34:10 --> Unknown column 'p.capacity' in 'field list'
#0 /home3/saptkri1/admin.saptkrishi.in/system/Database/MySQLi/Connection.php(330): mysqli->query('select c.*, p.c...')
#1 /home3/saptkri1/admin.saptkrishi.in/system/Database/BaseConnection.php(738): CodeIgniter\Database\MySQLi\Connection->execute('select c.*, p.c...')
#2 /home3/saptkri1/admin.saptkrishi.in/system/Database/BaseConnection.php(666): CodeIgniter\Database\BaseConnection->simpleQuery('select c.*, p.c...')
#3 /home3/saptkri1/admin.saptkrishi.in/system/Model.php(1698): CodeIgniter\Database\BaseConnection->query('select c.*, p.c...', Array)
#4 /home3/saptkri1/admin.saptkrishi.in/app/Controllers/Api.php(981): CodeIgniter\Model->__call('query', Array)
#5 /home3/saptkri1/admin.saptkrishi.in/system/CodeIgniter.php(910): App\Controllers\Api->cart('view')
#6 /home3/saptkri1/admin.saptkrishi.in/system/CodeIgniter.php(398): CodeIgniter\CodeIgniter->runController(Object(App\Controllers\Api))
#7 /home3/saptkri1/admin.saptkrishi.in/system/CodeIgniter.php(306): CodeIgniter\CodeIgniter->handleRequest(NULL, Object(Config\Cache), false)
#8 /home3/saptkri1/admin.saptkrishi.in/index.php(53): CodeIgniter\CodeIgniter->run()
#9 {main}
CRITICAL - 2021-01-12 13:37:55 --> Unknown column 'p.capacity' in 'field list'
#0 /home3/saptkri1/admin.saptkrishi.in/system/Database/MySQLi/Connection.php(330): mysqli->query('select c.*, p.c...')
#1 /home3/saptkri1/admin.saptkrishi.in/system/Database/BaseConnection.php(738): CodeIgniter\Database\MySQLi\Connection->execute('select c.*, p.c...')
#2 /home3/saptkri1/admin.saptkrishi.in/system/Database/BaseConnection.php(666): CodeIgniter\Database\BaseConnection->simpleQuery('select c.*, p.c...')
#3 /home3/saptkri1/admin.saptkrishi.in/system/Model.php(1698): CodeIgniter\Database\BaseConnection->query('select c.*, p.c...', Array)
#4 /home3/saptkri1/admin.saptkrishi.in/app/Controllers/Api.php(981): CodeIgniter\Model->__call('query', Array)
#5 /home3/saptkri1/admin.saptkrishi.in/system/CodeIgniter.php(910): App\Controllers\Api->cart('view')
#6 /home3/saptkri1/admin.saptkrishi.in/system/CodeIgniter.php(398): CodeIgniter\CodeIgniter->runController(Object(App\Controllers\Api))
#7 /home3/saptkri1/admin.saptkrishi.in/system/CodeIgniter.php(306): CodeIgniter\CodeIgniter->handleRequest(NULL, Object(Config\Cache), false)
#8 /home3/saptkri1/admin.saptkrishi.in/index.php(53): CodeIgniter\CodeIgniter->run()
#9 {main}
