CRITICAL - 2020-04-30 11:27:20 --> Invalid file: {0}
#0 C:\xampp\htdocs\skillshare\system\View\View.php(224): CodeIgniter\Exceptions\FrameworkException::forInvalidFile('admin.php')
#1 C:\xampp\htdocs\skillshare\system\Common.php(1071): CodeIgniter\View\View->render('admin', Array, true)
#2 C:\xampp\htdocs\skillshare\app\Controllers\Admin.php(23): view('admin')
#3 C:\xampp\htdocs\skillshare\system\CodeIgniter.php(910): App\Controllers\Admin->index()
#4 C:\xampp\htdocs\skillshare\system\CodeIgniter.php(398): CodeIgniter\CodeIgniter->runController(Object(App\Controllers\Admin))
#5 C:\xampp\htdocs\skillshare\system\CodeIgniter.php(306): CodeIgniter\CodeIgniter->handleRequest(NULL, Object(Config\Cache), false)
#6 C:\xampp\htdocs\skillshare\index.php(45): CodeIgniter\CodeIgniter->run()
#7 {main}
CRITICAL - 2020-04-30 11:28:22 --> Invalid file: {0}
#0 C:\xampp\htdocs\skillshare\system\View\View.php(224): CodeIgniter\Exceptions\FrameworkException::forInvalidFile('admin.php')
#1 C:\xampp\htdocs\skillshare\system\Common.php(1071): CodeIgniter\View\View->render('admin', Array, true)
#2 C:\xampp\htdocs\skillshare\app\Controllers\Admin.php(23): view('admin')
#3 C:\xampp\htdocs\skillshare\system\CodeIgniter.php(910): App\Controllers\Admin->index()
#4 C:\xampp\htdocs\skillshare\system\CodeIgniter.php(398): CodeIgniter\CodeIgniter->runController(Object(App\Controllers\Admin))
#5 C:\xampp\htdocs\skillshare\system\CodeIgniter.php(306): CodeIgniter\CodeIgniter->handleRequest(NULL, Object(Config\Cache), false)
#6 C:\xampp\htdocs\skillshare\index.php(45): CodeIgniter\CodeIgniter->run()
#7 {main}
CRITICAL - 2020-04-30 11:28:52 --> Invalid argument supplied for foreach()
#0 C:\xampp\htdocs\skillshare\app\Views\admin\admin.php(130): CodeIgniter\Debug\Exceptions->errorHandler(2, 'Invalid argumen...', 'C:\\xampp\\htdocs...', 130, Array)
#1 C:\xampp\htdocs\skillshare\system\View\View.php(236): include('C:\\xampp\\htdocs...')
#2 C:\xampp\htdocs\skillshare\system\Common.php(1071): CodeIgniter\View\View->render('admin/admin', Array, true)
#3 C:\xampp\htdocs\skillshare\app\Controllers\Admin.php(23): view('admin/admin')
#4 C:\xampp\htdocs\skillshare\system\CodeIgniter.php(910): App\Controllers\Admin->index()
#5 C:\xampp\htdocs\skillshare\system\CodeIgniter.php(398): CodeIgniter\CodeIgniter->runController(Object(App\Controllers\Admin))
#6 C:\xampp\htdocs\skillshare\system\CodeIgniter.php(306): CodeIgniter\CodeIgniter->handleRequest(NULL, Object(Config\Cache), false)
#7 C:\xampp\htdocs\skillshare\index.php(45): CodeIgniter\CodeIgniter->run()
#8 {main}
CRITICAL - 2020-04-30 11:39:15 --> Allowed fields must be specified for model: {0}
#0 C:\xampp\htdocs\skillshare\system\Model.php(1218): CodeIgniter\Database\Exceptions\DataException::forInvalidAllowedFields('App\\Models\\Admi...')
#1 C:\xampp\htdocs\skillshare\system\Model.php(702): CodeIgniter\Model->doProtectFields(Array)
#2 C:\xampp\htdocs\skillshare\system\Model.php(550): CodeIgniter\Model->insert(Array, false)
#3 C:\xampp\htdocs\skillshare\app\Controllers\Admin.php(47): CodeIgniter\Model->save(Array)
#4 C:\xampp\htdocs\skillshare\system\CodeIgniter.php(910): App\Controllers\Admin->insert()
#5 C:\xampp\htdocs\skillshare\system\CodeIgniter.php(398): CodeIgniter\CodeIgniter->runController(Object(App\Controllers\Admin))
#6 C:\xampp\htdocs\skillshare\system\CodeIgniter.php(306): CodeIgniter\CodeIgniter->handleRequest(NULL, Object(Config\Cache), false)
#7 C:\xampp\htdocs\skillshare\index.php(45): CodeIgniter\CodeIgniter->run()
#8 {main}
CRITICAL - 2020-04-30 20:24:05 --> Call to undefined method App\Controllers\Subcategory::query()
#0 C:\xampp\htdocs\skillshare\system\CodeIgniter.php(910): App\Controllers\Subcategory->index()
#1 C:\xampp\htdocs\skillshare\system\CodeIgniter.php(398): CodeIgniter\CodeIgniter->runController(Object(App\Controllers\Subcategory))
#2 C:\xampp\htdocs\skillshare\system\CodeIgniter.php(306): CodeIgniter\CodeIgniter->handleRequest(NULL, Object(Config\Cache), false)
#3 C:\xampp\htdocs\skillshare\index.php(45): CodeIgniter\CodeIgniter->run()
#4 {main}
CRITICAL - 2020-04-30 20:46:01 --> Not unique table/alias: 'c'
#0 C:\xampp\htdocs\skillshare\system\Database\MySQLi\Connection.php(330): mysqli->query('select c.catego...')
#1 C:\xampp\htdocs\skillshare\system\Database\BaseConnection.php(738): CodeIgniter\Database\MySQLi\Connection->execute('select c.catego...')
#2 C:\xampp\htdocs\skillshare\system\Database\BaseConnection.php(666): CodeIgniter\Database\BaseConnection->simpleQuery('select c.catego...')
#3 C:\xampp\htdocs\skillshare\system\Model.php(1698): CodeIgniter\Database\BaseConnection->query('select c.catego...')
#4 C:\xampp\htdocs\skillshare\app\Controllers\Topic.php(26): CodeIgniter\Model->__call('query', Array)
#5 C:\xampp\htdocs\skillshare\system\CodeIgniter.php(910): App\Controllers\Topic->index()
#6 C:\xampp\htdocs\skillshare\system\CodeIgniter.php(398): CodeIgniter\CodeIgniter->runController(Object(App\Controllers\Topic))
#7 C:\xampp\htdocs\skillshare\system\CodeIgniter.php(306): CodeIgniter\CodeIgniter->handleRequest(NULL, Object(Config\Cache), false)
#8 C:\xampp\htdocs\skillshare\index.php(45): CodeIgniter\CodeIgniter->run()
#9 {main}
