CRITICAL - 2020-08-02 20:50:14 --> Too few arguments to function App\Controllers\Services::make_payment(), 1 passed in /home/u716350106/domains/my3skills.com/public_html/system/CodeIgniter.php on line 910 and exactly 3 expected
#0 /home/u716350106/domains/my3skills.com/public_html/system/CodeIgniter.php(910): App\Controllers\Services->make_payment('8')
#1 /home/u716350106/domains/my3skills.com/public_html/system/CodeIgniter.php(398): CodeIgniter\CodeIgniter->runController(Object(App\Controllers\Services))
#2 /home/u716350106/domains/my3skills.com/public_html/system/CodeIgniter.php(306): CodeIgniter\CodeIgniter->handleRequest(NULL, Object(Config\Cache), false)
#3 /home/u716350106/domains/my3skills.com/public_html/index.php(53): CodeIgniter\CodeIgniter->run()
#4 {main}
CRITICAL - 2020-08-02 20:50:16 --> Too few arguments to function App\Controllers\Services::make_payment(), 1 passed in /home/u716350106/domains/my3skills.com/public_html/system/CodeIgniter.php on line 910 and exactly 3 expected
#0 /home/u716350106/domains/my3skills.com/public_html/system/CodeIgniter.php(910): App\Controllers\Services->make_payment('8')
#1 /home/u716350106/domains/my3skills.com/public_html/system/CodeIgniter.php(398): CodeIgniter\CodeIgniter->runController(Object(App\Controllers\Services))
#2 /home/u716350106/domains/my3skills.com/public_html/system/CodeIgniter.php(306): CodeIgniter\CodeIgniter->handleRequest(NULL, Object(Config\Cache), false)
#3 /home/u716350106/domains/my3skills.com/public_html/index.php(53): CodeIgniter\CodeIgniter->run()
#4 {main}
CRITICAL - 2020-08-02 20:52:04 --> Too few arguments to function App\Controllers\Services::make_payment(), 1 passed in /home/u716350106/domains/my3skills.com/public_html/system/CodeIgniter.php on line 910 and exactly 3 expected
#0 /home/u716350106/domains/my3skills.com/public_html/system/CodeIgniter.php(910): App\Controllers\Services->make_payment('8')
#1 /home/u716350106/domains/my3skills.com/public_html/system/CodeIgniter.php(398): CodeIgniter\CodeIgniter->runController(Object(App\Controllers\Services))
#2 /home/u716350106/domains/my3skills.com/public_html/system/CodeIgniter.php(306): CodeIgniter\CodeIgniter->handleRequest(NULL, Object(Config\Cache), false)
#3 /home/u716350106/domains/my3skills.com/public_html/index.php(53): CodeIgniter\CodeIgniter->run()
#4 {main}
CRITICAL - 2020-08-02 20:52:08 --> Too few arguments to function App\Controllers\Services::make_payment(), 1 passed in /home/u716350106/domains/my3skills.com/public_html/system/CodeIgniter.php on line 910 and exactly 3 expected
#0 /home/u716350106/domains/my3skills.com/public_html/system/CodeIgniter.php(910): App\Controllers\Services->make_payment('8')
#1 /home/u716350106/domains/my3skills.com/public_html/system/CodeIgniter.php(398): CodeIgniter\CodeIgniter->runController(Object(App\Controllers\Services))
#2 /home/u716350106/domains/my3skills.com/public_html/system/CodeIgniter.php(306): CodeIgniter\CodeIgniter->handleRequest(NULL, Object(Config\Cache), false)
#3 /home/u716350106/domains/my3skills.com/public_html/index.php(53): CodeIgniter\CodeIgniter->run()
#4 {main}
CRITICAL - 2020-08-02 20:52:18 --> Too few arguments to function App\Controllers\Services::make_payment(), 1 passed in /home/u716350106/domains/my3skills.com/public_html/system/CodeIgniter.php on line 910 and exactly 3 expected
#0 /home/u716350106/domains/my3skills.com/public_html/system/CodeIgniter.php(910): App\Controllers\Services->make_payment('8')
#1 /home/u716350106/domains/my3skills.com/public_html/system/CodeIgniter.php(398): CodeIgniter\CodeIgniter->runController(Object(App\Controllers\Services))
#2 /home/u716350106/domains/my3skills.com/public_html/system/CodeIgniter.php(306): CodeIgniter\CodeIgniter->handleRequest(NULL, Object(Config\Cache), false)
#3 /home/u716350106/domains/my3skills.com/public_html/index.php(53): CodeIgniter\CodeIgniter->run()
#4 {main}
CRITICAL - 2020-08-02 20:52:56 --> Too few arguments to function App\Controllers\Services::make_payment(), 1 passed in /home/u716350106/domains/my3skills.com/public_html/system/CodeIgniter.php on line 910 and exactly 3 expected
#0 /home/u716350106/domains/my3skills.com/public_html/system/CodeIgniter.php(910): App\Controllers\Services->make_payment('8')
#1 /home/u716350106/domains/my3skills.com/public_html/system/CodeIgniter.php(398): CodeIgniter\CodeIgniter->runController(Object(App\Controllers\Services))
#2 /home/u716350106/domains/my3skills.com/public_html/system/CodeIgniter.php(306): CodeIgniter\CodeIgniter->handleRequest(NULL, Object(Config\Cache), false)
#3 /home/u716350106/domains/my3skills.com/public_html/index.php(53): CodeIgniter\CodeIgniter->run()
#4 {main}
