CRITICAL - 2020-09-26 12:06:25 --> Unknown column 'booking.buseiness_id' in 'where clause'
#0 /home/krishna/Desktop/ether/system/Database/MySQLi/Connection.php(330): mysqli->query()
#1 /home/krishna/Desktop/ether/system/Database/BaseConnection.php(738): CodeIgniter\Database\MySQLi\Connection->execute()
#2 /home/krishna/Desktop/ether/system/Database/BaseConnection.php(666): CodeIgniter\Database\BaseConnection->simpleQuery()
#3 /home/krishna/Desktop/ether/system/Model.php(1698): CodeIgniter\Database\BaseConnection->query()
#4 /home/krishna/Desktop/ether/app/Controllers/Booking.php(23): CodeIgniter\Model->__call()
#5 /home/krishna/Desktop/ether/system/CodeIgniter.php(910): App\Controllers\Booking->index()
#6 /home/krishna/Desktop/ether/system/CodeIgniter.php(398): CodeIgniter\CodeIgniter->runController()
#7 /home/krishna/Desktop/ether/system/CodeIgniter.php(306): CodeIgniter\CodeIgniter->handleRequest()
#8 /home/krishna/Desktop/ether/index.php(53): CodeIgniter\CodeIgniter->run()
#9 {main}
CRITICAL - 2020-09-26 12:15:42 --> Invalid file: {0}
#0 /home/krishna/Desktop/ether/system/View/View.php(224): CodeIgniter\Exceptions\FrameworkException::forInvalidFile()
#1 /home/krishna/Desktop/ether/system/Common.php(1071): CodeIgniter\View\View->render()
#2 /home/krishna/Desktop/ether/app/Controllers/PendingPayouts.php(24): view()
#3 /home/krishna/Desktop/ether/system/CodeIgniter.php(910): App\Controllers\PendingPayouts->index()
#4 /home/krishna/Desktop/ether/system/CodeIgniter.php(398): CodeIgniter\CodeIgniter->runController()
#5 /home/krishna/Desktop/ether/system/CodeIgniter.php(306): CodeIgniter\CodeIgniter->handleRequest()
#6 /home/krishna/Desktop/ether/index.php(53): CodeIgniter\CodeIgniter->run()
#7 {main}
CRITICAL - 2020-09-26 12:25:51 --> Invalid argument supplied for foreach()
#0 /home/krishna/Desktop/ether/app/Views/admin/business.php(118): CodeIgniter\Debug\Exceptions->errorHandler()
#1 /home/krishna/Desktop/ether/system/View/View.php(236): include('/home/krishna/D...')
#2 /home/krishna/Desktop/ether/system/Common.php(1071): CodeIgniter\View\View->render()
#3 /home/krishna/Desktop/ether/app/Controllers/Business.php(25): view()
#4 /home/krishna/Desktop/ether/system/CodeIgniter.php(910): App\Controllers\Business->index()
#5 /home/krishna/Desktop/ether/system/CodeIgniter.php(398): CodeIgniter\CodeIgniter->runController()
#6 /home/krishna/Desktop/ether/system/CodeIgniter.php(306): CodeIgniter\CodeIgniter->handleRequest()
#7 /home/krishna/Desktop/ether/index.php(53): CodeIgniter\CodeIgniter->run()
#8 {main}
CRITICAL - 2020-09-26 12:51:47 --> Call to undefined method CodeIgniter\Database\MySQLi\Result::first()
#0 /home/krishna/Desktop/ether/system/CodeIgniter.php(910): App\Controllers\Business->get_details()
#1 /home/krishna/Desktop/ether/system/CodeIgniter.php(398): CodeIgniter\CodeIgniter->runController()
#2 /home/krishna/Desktop/ether/system/CodeIgniter.php(306): CodeIgniter\CodeIgniter->handleRequest()
#3 /home/krishna/Desktop/ether/index.php(53): CodeIgniter\CodeIgniter->run()
#4 {main}
CRITICAL - 2020-09-26 12:51:48 --> Call to undefined method CodeIgniter\Database\MySQLi\Result::first()
#0 /home/krishna/Desktop/ether/system/CodeIgniter.php(910): App\Controllers\Business->get_details()
#1 /home/krishna/Desktop/ether/system/CodeIgniter.php(398): CodeIgniter\CodeIgniter->runController()
#2 /home/krishna/Desktop/ether/system/CodeIgniter.php(306): CodeIgniter\CodeIgniter->handleRequest()
#3 /home/krishna/Desktop/ether/index.php(53): CodeIgniter\CodeIgniter->run()
#4 {main}
CRITICAL - 2020-09-26 12:52:17 --> Call to undefined method CodeIgniter\Database\MySQLi\Result::get()
#0 /home/krishna/Desktop/ether/system/CodeIgniter.php(910): App\Controllers\Business->get_details()
#1 /home/krishna/Desktop/ether/system/CodeIgniter.php(398): CodeIgniter\CodeIgniter->runController()
#2 /home/krishna/Desktop/ether/system/CodeIgniter.php(306): CodeIgniter\CodeIgniter->handleRequest()
#3 /home/krishna/Desktop/ether/index.php(53): CodeIgniter\CodeIgniter->run()
#4 {main}
CRITICAL - 2020-09-26 14:52:53 --> Invalid argument supplied for foreach()
#0 /home/krishna/Desktop/ether/app/Views/admin/pending_payouts.php(71): CodeIgniter\Debug\Exceptions->errorHandler()
#1 /home/krishna/Desktop/ether/system/View/View.php(236): include('/home/krishna/D...')
#2 /home/krishna/Desktop/ether/system/Common.php(1071): CodeIgniter\View\View->render()
#3 /home/krishna/Desktop/ether/app/Controllers/PendingPayouts.php(24): view()
#4 /home/krishna/Desktop/ether/system/CodeIgniter.php(910): App\Controllers\PendingPayouts->index()
#5 /home/krishna/Desktop/ether/system/CodeIgniter.php(398): CodeIgniter\CodeIgniter->runController()
#6 /home/krishna/Desktop/ether/system/CodeIgniter.php(306): CodeIgniter\CodeIgniter->handleRequest()
#7 /home/krishna/Desktop/ether/index.php(53): CodeIgniter\CodeIgniter->run()
#8 {main}
CRITICAL - 2020-09-26 14:54:07 --> Invalid argument supplied for foreach()
#0 /home/krishna/Desktop/ether/app/Views/admin/pending_payouts.php(59): CodeIgniter\Debug\Exceptions->errorHandler()
#1 /home/krishna/Desktop/ether/system/View/View.php(236): include('/home/krishna/D...')
#2 /home/krishna/Desktop/ether/system/Common.php(1071): CodeIgniter\View\View->render()
#3 /home/krishna/Desktop/ether/app/Controllers/PendingPayouts.php(24): view()
#4 /home/krishna/Desktop/ether/system/CodeIgniter.php(910): App\Controllers\PendingPayouts->index()
#5 /home/krishna/Desktop/ether/system/CodeIgniter.php(398): CodeIgniter\CodeIgniter->runController()
#6 /home/krishna/Desktop/ether/system/CodeIgniter.php(306): CodeIgniter\CodeIgniter->handleRequest()
#7 /home/krishna/Desktop/ether/index.php(53): CodeIgniter\CodeIgniter->run()
#8 {main}
CRITICAL - 2020-09-26 15:57:38 --> Unknown database 'ether'
#0 /home/krishna/Desktop/ether/system/Database/BaseConnection.php(377): CodeIgniter\Database\MySQLi\Connection->connect()
#1 /home/krishna/Desktop/ether/system/Database/BaseConnection.php(643): CodeIgniter\Database\BaseConnection->initialize()
#2 /home/krishna/Desktop/ether/system/Model.php(1698): CodeIgniter\Database\BaseConnection->query()
#3 /home/krishna/Desktop/ether/app/Models/Admin_rights_model.php(15): CodeIgniter\Model->__call()
#4 /home/krishna/Desktop/ether/app/Controllers/CompletedPayouts.php(22): App\Models\Admin_rights_model->get_menus()
#5 /home/krishna/Desktop/ether/system/CodeIgniter.php(910): App\Controllers\CompletedPayouts->index()
#6 /home/krishna/Desktop/ether/system/CodeIgniter.php(398): CodeIgniter\CodeIgniter->runController()
#7 /home/krishna/Desktop/ether/system/CodeIgniter.php(306): CodeIgniter\CodeIgniter->handleRequest()
#8 /home/krishna/Desktop/ether/index.php(53): CodeIgniter\CodeIgniter->run()
#9 {main}
CRITICAL - 2020-09-26 15:59:16 --> Unknown column 'inserted_at' in 'field list'
#0 /home/krishna/Desktop/ether/system/Database/MySQLi/Connection.php(330): mysqli->query()
#1 /home/krishna/Desktop/ether/system/Database/BaseConnection.php(738): CodeIgniter\Database\MySQLi\Connection->execute()
#2 /home/krishna/Desktop/ether/system/Database/BaseConnection.php(666): CodeIgniter\Database\BaseConnection->simpleQuery()
#3 /home/krishna/Desktop/ether/system/Database/BaseBuilder.php(2206): CodeIgniter\Database\BaseConnection->query()
#4 /home/krishna/Desktop/ether/system/Model.php(722): CodeIgniter\Database\BaseBuilder->insert()
#5 /home/krishna/Desktop/ether/system/Model.php(550): CodeIgniter\Model->insert()
#6 /home/krishna/Desktop/ether/app/Controllers/Master.php(45): CodeIgniter\Model->save()
#7 /home/krishna/Desktop/ether/system/CodeIgniter.php(910): App\Controllers\Master->insert()
#8 /home/krishna/Desktop/ether/system/CodeIgniter.php(398): CodeIgniter\CodeIgniter->runController()
#9 /home/krishna/Desktop/ether/system/CodeIgniter.php(306): CodeIgniter\CodeIgniter->handleRequest()
#10 /home/krishna/Desktop/ether/index.php(53): CodeIgniter\CodeIgniter->run()
#11 {main}
CRITICAL - 2020-09-26 16:00:10 --> Unknown column 'inserted_at' in 'field list'
#0 /home/krishna/Desktop/ether/system/Database/MySQLi/Connection.php(330): mysqli->query()
#1 /home/krishna/Desktop/ether/system/Database/BaseConnection.php(738): CodeIgniter\Database\MySQLi\Connection->execute()
#2 /home/krishna/Desktop/ether/system/Database/BaseConnection.php(666): CodeIgniter\Database\BaseConnection->simpleQuery()
#3 /home/krishna/Desktop/ether/system/Database/BaseBuilder.php(2206): CodeIgniter\Database\BaseConnection->query()
#4 /home/krishna/Desktop/ether/system/Model.php(722): CodeIgniter\Database\BaseBuilder->insert()
#5 /home/krishna/Desktop/ether/system/Model.php(550): CodeIgniter\Model->insert()
#6 /home/krishna/Desktop/ether/app/Controllers/Master.php(45): CodeIgniter\Model->save()
#7 /home/krishna/Desktop/ether/system/CodeIgniter.php(910): App\Controllers\Master->insert()
#8 /home/krishna/Desktop/ether/system/CodeIgniter.php(398): CodeIgniter\CodeIgniter->runController()
#9 /home/krishna/Desktop/ether/system/CodeIgniter.php(306): CodeIgniter\CodeIgniter->handleRequest()
#10 /home/krishna/Desktop/ether/index.php(53): CodeIgniter\CodeIgniter->run()
#11 {main}
CRITICAL - 2020-09-26 16:25:10 --> Unknown column 'city.city_name' in 'field list'
#0 /home/krishna/Desktop/ether/system/Database/MySQLi/Connection.php(330): mysqli->query()
#1 /home/krishna/Desktop/ether/system/Database/BaseConnection.php(738): CodeIgniter\Database\MySQLi\Connection->execute()
#2 /home/krishna/Desktop/ether/system/Database/BaseConnection.php(666): CodeIgniter\Database\BaseConnection->simpleQuery()
#3 /home/krishna/Desktop/ether/system/Model.php(1698): CodeIgniter\Database\BaseConnection->query()
#4 /home/krishna/Desktop/ether/app/Controllers/Area.php(25): CodeIgniter\Model->__call()
#5 /home/krishna/Desktop/ether/system/CodeIgniter.php(910): App\Controllers\Area->index()
#6 /home/krishna/Desktop/ether/system/CodeIgniter.php(398): CodeIgniter\CodeIgniter->runController()
#7 /home/krishna/Desktop/ether/system/CodeIgniter.php(306): CodeIgniter\CodeIgniter->handleRequest()
#8 /home/krishna/Desktop/ether/index.php(53): CodeIgniter\CodeIgniter->run()
#9 {main}
CRITICAL - 2020-09-26 16:31:23 --> Subquery returns more than 1 row
#0 /home/krishna/Desktop/ether/system/Database/MySQLi/Connection.php(330): mysqli->query()
#1 /home/krishna/Desktop/ether/system/Database/BaseConnection.php(738): CodeIgniter\Database\MySQLi\Connection->execute()
#2 /home/krishna/Desktop/ether/system/Database/BaseConnection.php(666): CodeIgniter\Database\BaseConnection->simpleQuery()
#3 /home/krishna/Desktop/ether/system/Model.php(1698): CodeIgniter\Database\BaseConnection->query()
#4 /home/krishna/Desktop/ether/app/Controllers/Business.php(29): CodeIgniter\Model->__call()
#5 /home/krishna/Desktop/ether/system/CodeIgniter.php(910): App\Controllers\Business->get_details()
#6 /home/krishna/Desktop/ether/system/CodeIgniter.php(398): CodeIgniter\CodeIgniter->runController()
#7 /home/krishna/Desktop/ether/system/CodeIgniter.php(306): CodeIgniter\CodeIgniter->handleRequest()
#8 /home/krishna/Desktop/ether/index.php(53): CodeIgniter\CodeIgniter->run()
#9 {main}
CRITICAL - 2020-09-26 16:31:24 --> Subquery returns more than 1 row
#0 /home/krishna/Desktop/ether/system/Database/MySQLi/Connection.php(330): mysqli->query()
#1 /home/krishna/Desktop/ether/system/Database/BaseConnection.php(738): CodeIgniter\Database\MySQLi\Connection->execute()
#2 /home/krishna/Desktop/ether/system/Database/BaseConnection.php(666): CodeIgniter\Database\BaseConnection->simpleQuery()
#3 /home/krishna/Desktop/ether/system/Model.php(1698): CodeIgniter\Database\BaseConnection->query()
#4 /home/krishna/Desktop/ether/app/Controllers/Business.php(29): CodeIgniter\Model->__call()
#5 /home/krishna/Desktop/ether/system/CodeIgniter.php(910): App\Controllers\Business->get_details()
#6 /home/krishna/Desktop/ether/system/CodeIgniter.php(398): CodeIgniter\CodeIgniter->runController()
#7 /home/krishna/Desktop/ether/system/CodeIgniter.php(306): CodeIgniter\CodeIgniter->handleRequest()
#8 /home/krishna/Desktop/ether/index.php(53): CodeIgniter\CodeIgniter->run()
#9 {main}
CRITICAL - 2020-09-26 16:31:25 --> Subquery returns more than 1 row
#0 /home/krishna/Desktop/ether/system/Database/MySQLi/Connection.php(330): mysqli->query()
#1 /home/krishna/Desktop/ether/system/Database/BaseConnection.php(738): CodeIgniter\Database\MySQLi\Connection->execute()
#2 /home/krishna/Desktop/ether/system/Database/BaseConnection.php(666): CodeIgniter\Database\BaseConnection->simpleQuery()
#3 /home/krishna/Desktop/ether/system/Model.php(1698): CodeIgniter\Database\BaseConnection->query()
#4 /home/krishna/Desktop/ether/app/Controllers/Business.php(29): CodeIgniter\Model->__call()
#5 /home/krishna/Desktop/ether/system/CodeIgniter.php(910): App\Controllers\Business->get_details()
#6 /home/krishna/Desktop/ether/system/CodeIgniter.php(398): CodeIgniter\CodeIgniter->runController()
#7 /home/krishna/Desktop/ether/system/CodeIgniter.php(306): CodeIgniter\CodeIgniter->handleRequest()
#8 /home/krishna/Desktop/ether/index.php(53): CodeIgniter\CodeIgniter->run()
#9 {main}
CRITICAL - 2020-09-26 17:16:56 --> Unknown table 'Booking'
#0 /home/krishna/Desktop/ether/system/Database/MySQLi/Connection.php(330): mysqli->query()
#1 /home/krishna/Desktop/ether/system/Database/BaseConnection.php(738): CodeIgniter\Database\MySQLi\Connection->execute()
#2 /home/krishna/Desktop/ether/system/Database/BaseConnection.php(666): CodeIgniter\Database\BaseConnection->simpleQuery()
#3 /home/krishna/Desktop/ether/system/Model.php(1698): CodeIgniter\Database\BaseConnection->query()
#4 /home/krishna/Desktop/ether/app/Controllers/Booking.php(23): CodeIgniter\Model->__call()
#5 /home/krishna/Desktop/ether/system/CodeIgniter.php(910): App\Controllers\Booking->index()
#6 /home/krishna/Desktop/ether/system/CodeIgniter.php(398): CodeIgniter\CodeIgniter->runController()
#7 /home/krishna/Desktop/ether/system/CodeIgniter.php(306): CodeIgniter\CodeIgniter->handleRequest()
#8 /home/krishna/Desktop/ether/index.php(53): CodeIgniter\CodeIgniter->run()
#9 {main}
