CRITICAL - 2020-09-29 10:32:01 --> Table 'beauty.peyout' doesn't exist
#0 /home/krishna/Desktop/ether/system/Database/MySQLi/Connection.php(330): mysqli->query()
#1 /home/krishna/Desktop/ether/system/Database/BaseConnection.php(738): CodeIgniter\Database\MySQLi\Connection->execute()
#2 /home/krishna/Desktop/ether/system/Database/BaseConnection.php(666): CodeIgniter\Database\BaseConnection->simpleQuery()
#3 /home/krishna/Desktop/ether/system/Database/BaseBuilder.php(2206): CodeIgniter\Database\BaseConnection->query()
#4 /home/krishna/Desktop/ether/system/Model.php(722): CodeIgniter\Database\BaseBuilder->insert()
#5 /home/krishna/Desktop/ether/system/Model.php(550): CodeIgniter\Model->insert()
#6 /home/krishna/Desktop/ether/app/Controllers/Payouts.php(47): CodeIgniter\Model->save()
#7 /home/krishna/Desktop/ether/system/CodeIgniter.php(910): App\Controllers\Payouts->savePayouts()
#8 /home/krishna/Desktop/ether/system/CodeIgniter.php(398): CodeIgniter\CodeIgniter->runController()
#9 /home/krishna/Desktop/ether/system/CodeIgniter.php(306): CodeIgniter\CodeIgniter->handleRequest()
#10 /home/krishna/Desktop/ether/index.php(53): CodeIgniter\CodeIgniter->run()
#11 {main}
CRITICAL - 2020-09-29 10:38:22 --> Invalid argument supplied for foreach()
#0 /home/krishna/Desktop/ether/app/Controllers/Payouts.php(52): CodeIgniter\Debug\Exceptions->errorHandler()
#1 /home/krishna/Desktop/ether/system/CodeIgniter.php(910): App\Controllers\Payouts->savePayouts()
#2 /home/krishna/Desktop/ether/system/CodeIgniter.php(398): CodeIgniter\CodeIgniter->runController()
#3 /home/krishna/Desktop/ether/system/CodeIgniter.php(306): CodeIgniter\CodeIgniter->handleRequest()
#4 /home/krishna/Desktop/ether/index.php(53): CodeIgniter\CodeIgniter->run()
#5 {main}
CRITICAL - 2020-09-29 10:51:32 --> Invalid argument supplied for foreach()
#0 /home/krishna/Desktop/ether/app/Views/admin/payment/completed_payouts.php(62): CodeIgniter\Debug\Exceptions->errorHandler()
#1 /home/krishna/Desktop/ether/system/View/View.php(236): include('/home/krishna/D...')
#2 /home/krishna/Desktop/ether/system/Common.php(1071): CodeIgniter\View\View->render()
#3 /home/krishna/Desktop/ether/app/Controllers/Payouts.php(75): view()
#4 /home/krishna/Desktop/ether/system/CodeIgniter.php(910): App\Controllers\Payouts->completedpayouts()
#5 /home/krishna/Desktop/ether/system/CodeIgniter.php(398): CodeIgniter\CodeIgniter->runController()
#6 /home/krishna/Desktop/ether/system/CodeIgniter.php(306): CodeIgniter\CodeIgniter->handleRequest()
#7 /home/krishna/Desktop/ether/index.php(53): CodeIgniter\CodeIgniter->run()
#8 {main}
CRITICAL - 2020-09-29 16:44:24 --> Class 'App\Models\Social_links_model' not found
#0 /home/krishna/Desktop/ether/system/CodeIgniter.php(882): App\Controllers\Configuration->__construct()
#1 /home/krishna/Desktop/ether/system/CodeIgniter.php(393): CodeIgniter\CodeIgniter->createController()
#2 /home/krishna/Desktop/ether/system/CodeIgniter.php(306): CodeIgniter\CodeIgniter->handleRequest()
#3 /home/krishna/Desktop/ether/index.php(53): CodeIgniter\CodeIgniter->run()
#4 {main}
CRITICAL - 2020-09-29 16:44:49 --> Invalid argument supplied for foreach()
#0 /home/krishna/Desktop/ether/app/Views/admin/configuration/social_links.php(106): CodeIgniter\Debug\Exceptions->errorHandler()
#1 /home/krishna/Desktop/ether/system/View/View.php(236): include('/home/krishna/D...')
#2 /home/krishna/Desktop/ether/system/Common.php(1071): CodeIgniter\View\View->render()
#3 /home/krishna/Desktop/ether/app/Controllers/Configuration.php(162): view()
#4 /home/krishna/Desktop/ether/system/CodeIgniter.php(910): App\Controllers\Configuration->SocialLinks()
#5 /home/krishna/Desktop/ether/system/CodeIgniter.php(398): CodeIgniter\CodeIgniter->runController()
#6 /home/krishna/Desktop/ether/system/CodeIgniter.php(306): CodeIgniter\CodeIgniter->handleRequest()
#7 /home/krishna/Desktop/ether/index.php(53): CodeIgniter\CodeIgniter->run()
#8 {main}
CRITICAL - 2020-09-29 17:13:19 --> Invalid argument supplied for foreach()
#0 /home/krishna/Desktop/ether/app/Views/admin/configuration/important_links.php(111): CodeIgniter\Debug\Exceptions->errorHandler()
#1 /home/krishna/Desktop/ether/system/View/View.php(236): include('/home/krishna/D...')
#2 /home/krishna/Desktop/ether/system/Common.php(1071): CodeIgniter\View\View->render()
#3 /home/krishna/Desktop/ether/app/Controllers/Configuration.php(227): view()
#4 /home/krishna/Desktop/ether/system/CodeIgniter.php(910): App\Controllers\Configuration->ImportantLinks()
#5 /home/krishna/Desktop/ether/system/CodeIgniter.php(398): CodeIgniter\CodeIgniter->runController()
#6 /home/krishna/Desktop/ether/system/CodeIgniter.php(306): CodeIgniter\CodeIgniter->handleRequest()
#7 /home/krishna/Desktop/ether/index.php(53): CodeIgniter\CodeIgniter->run()
#8 {main}
