CRITICAL - 2020-06-30 00:31:35 --> Column 'old_amt' cannot be null
#0 /home/u716350106/domains/my3skills.com/public_html/system/Database/MySQLi/Connection.php(330): mysqli->query('INSERT INTO `co...')
#1 /home/u716350106/domains/my3skills.com/public_html/system/Database/BaseConnection.php(738): CodeIgniter\Database\MySQLi\Connection->execute('INSERT INTO `co...')
#2 /home/u716350106/domains/my3skills.com/public_html/system/Database/BaseConnection.php(666): CodeIgniter\Database\BaseConnection->simpleQuery('INSERT INTO `co...')
#3 /home/u716350106/domains/my3skills.com/public_html/system/Database/BaseBuilder.php(2206): CodeIgniter\Database\BaseConnection->query('INSERT INTO `co...', Array, false)
#4 /home/u716350106/domains/my3skills.com/public_html/system/Model.php(722): CodeIgniter\Database\BaseBuilder->insert()
#5 /home/u716350106/domains/my3skills.com/public_html/system/Model.php(550): CodeIgniter\Model->insert(Array, false)
#6 /home/u716350106/domains/my3skills.com/public_html/app/Controllers/Teacherzone.php(204): CodeIgniter\Model->save(Array)
#7 /home/u716350106/domains/my3skills.com/public_html/system/CodeIgniter.php(910): App\Controllers\Teacherzone->insert()
#8 /home/u716350106/domains/my3skills.com/public_html/system/CodeIgniter.php(398): CodeIgniter\CodeIgniter->runController(Object(App\Controllers\Teacherzone))
#9 /home/u716350106/domains/my3skills.com/public_html/system/CodeIgniter.php(306): CodeIgniter\CodeIgniter->handleRequest(NULL, Object(Config\Cache), false)
#10 /home/u716350106/domains/my3skills.com/public_html/index.php(45): CodeIgniter\CodeIgniter->run()
#11 {main}
CRITICAL - 2020-06-30 10:35:11 --> Column 'course_id' cannot be null
#0 /home/u716350106/domains/my3skills.com/public_html/system/Database/MySQLi/Connection.php(330): mysqli->query('INSERT INTO `ca...')
#1 /home/u716350106/domains/my3skills.com/public_html/system/Database/BaseConnection.php(738): CodeIgniter\Database\MySQLi\Connection->execute('INSERT INTO `ca...')
#2 /home/u716350106/domains/my3skills.com/public_html/system/Database/BaseConnection.php(666): CodeIgniter\Database\BaseConnection->simpleQuery('INSERT INTO `ca...')
#3 /home/u716350106/domains/my3skills.com/public_html/system/Database/BaseBuilder.php(2206): CodeIgniter\Database\BaseConnection->query('INSERT INTO `ca...', Array, false)
#4 /home/u716350106/domains/my3skills.com/public_html/system/Model.php(722): CodeIgniter\Database\BaseBuilder->insert()
#5 /home/u716350106/domains/my3skills.com/public_html/system/Model.php(550): CodeIgniter\Model->insert(Array, false)
#6 /home/u716350106/domains/my3skills.com/public_html/app/Controllers/Web.php(287): CodeIgniter\Model->save(Array)
#7 /home/u716350106/domains/my3skills.com/public_html/system/CodeIgniter.php(910): App\Controllers\Web->add_to_cart()
#8 /home/u716350106/domains/my3skills.com/public_html/system/CodeIgniter.php(398): CodeIgniter\CodeIgniter->runController(Object(App\Controllers\Web))
#9 /home/u716350106/domains/my3skills.com/public_html/system/CodeIgniter.php(306): CodeIgniter\CodeIgniter->handleRequest(NULL, Object(Config\Cache), false)
#10 /home/u716350106/domains/my3skills.com/public_html/index.php(53): CodeIgniter\CodeIgniter->run()
#11 {main}
CRITICAL - 2020-06-30 10:35:34 --> Column 'name' cannot be null
#0 /home/u716350106/domains/my3skills.com/public_html/system/Database/MySQLi/Connection.php(330): mysqli->query('INSERT INTO `st...')
#1 /home/u716350106/domains/my3skills.com/public_html/system/Database/BaseConnection.php(738): CodeIgniter\Database\MySQLi\Connection->execute('INSERT INTO `st...')
#2 /home/u716350106/domains/my3skills.com/public_html/system/Database/BaseConnection.php(666): CodeIgniter\Database\BaseConnection->simpleQuery('INSERT INTO `st...')
#3 /home/u716350106/domains/my3skills.com/public_html/system/Database/BaseBuilder.php(2206): CodeIgniter\Database\BaseConnection->query('INSERT INTO `st...', Array, false)
#4 /home/u716350106/domains/my3skills.com/public_html/system/Model.php(722): CodeIgniter\Database\BaseBuilder->insert()
#5 /home/u716350106/domains/my3skills.com/public_html/system/Model.php(550): CodeIgniter\Model->insert(Array, false)
#6 /home/u716350106/domains/my3skills.com/public_html/app/Controllers/Web.php(125): CodeIgniter\Model->save(Array)
#7 /home/u716350106/domains/my3skills.com/public_html/system/CodeIgniter.php(910): App\Controllers\Web->student_registration()
#8 /home/u716350106/domains/my3skills.com/public_html/system/CodeIgniter.php(398): CodeIgniter\CodeIgniter->runController(Object(App\Controllers\Web))
#9 /home/u716350106/domains/my3skills.com/public_html/system/CodeIgniter.php(306): CodeIgniter\CodeIgniter->handleRequest(NULL, Object(Config\Cache), false)
#10 /home/u716350106/domains/my3skills.com/public_html/index.php(53): CodeIgniter\CodeIgniter->run()
#11 {main}
CRITICAL - 2020-06-30 10:46:12 --> Column 'student_id' cannot be null
#0 /home/u716350106/domains/my3skills.com/public_html/system/Database/MySQLi/Connection.php(330): mysqli->query('INSERT INTO `pa...')
#1 /home/u716350106/domains/my3skills.com/public_html/system/Database/BaseConnection.php(738): CodeIgniter\Database\MySQLi\Connection->execute('INSERT INTO `pa...')
#2 /home/u716350106/domains/my3skills.com/public_html/system/Database/BaseConnection.php(666): CodeIgniter\Database\BaseConnection->simpleQuery('INSERT INTO `pa...')
#3 /home/u716350106/domains/my3skills.com/public_html/system/Database/BaseBuilder.php(2206): CodeIgniter\Database\BaseConnection->query('INSERT INTO `pa...', Array, false)
#4 /home/u716350106/domains/my3skills.com/public_html/system/Model.php(722): CodeIgniter\Database\BaseBuilder->insert()
#5 /home/u716350106/domains/my3skills.com/public_html/system/Model.php(550): CodeIgniter\Model->insert(Array, false)
#6 /home/u716350106/domains/my3skills.com/public_html/app/Controllers/Web.php(423): CodeIgniter\Model->save(Array)
#7 /home/u716350106/domains/my3skills.com/public_html/system/CodeIgniter.php(910): App\Controllers\Web->checkout()
#8 /home/u716350106/domains/my3skills.com/public_html/system/CodeIgniter.php(398): CodeIgniter\CodeIgniter->runController(Object(App\Controllers\Web))
#9 /home/u716350106/domains/my3skills.com/public_html/system/CodeIgniter.php(306): CodeIgniter\CodeIgniter->handleRequest(NULL, Object(Config\Cache), false)
#10 /home/u716350106/domains/my3skills.com/public_html/index.php(53): CodeIgniter\CodeIgniter->run()
#11 {main}
CRITICAL - 2020-06-30 11:05:16 --> Table 'u716350106_skill.chat_log' doesn't exist
#0 /home/u716350106/domains/my3skills.com/public_html/system/Database/MySQLi/Connection.php(330): mysqli->query('SELECT s.id,s.n...')
#1 /home/u716350106/domains/my3skills.com/public_html/system/Database/BaseConnection.php(738): CodeIgniter\Database\MySQLi\Connection->execute('SELECT s.id,s.n...')
#2 /home/u716350106/domains/my3skills.com/public_html/system/Database/BaseConnection.php(666): CodeIgniter\Database\BaseConnection->simpleQuery('SELECT s.id,s.n...')
#3 /home/u716350106/domains/my3skills.com/public_html/system/Model.php(1698): CodeIgniter\Database\BaseConnection->query('SELECT s.id,s.n...')
#4 /home/u716350106/domains/my3skills.com/public_html/app/Controllers/Services.php(834): CodeIgniter\Model->__call('query', Array)
#5 /home/u716350106/domains/my3skills.com/public_html/system/CodeIgniter.php(910): App\Controllers\Services->get_chat_list('2')
#6 /home/u716350106/domains/my3skills.com/public_html/system/CodeIgniter.php(398): CodeIgniter\CodeIgniter->runController(Object(App\Controllers\Services))
#7 /home/u716350106/domains/my3skills.com/public_html/system/CodeIgniter.php(306): CodeIgniter\CodeIgniter->handleRequest(NULL, Object(Config\Cache), false)
#8 /home/u716350106/domains/my3skills.com/public_html/index.php(53): CodeIgniter\CodeIgniter->run()
#9 {main}
CRITICAL - 2020-06-30 11:05:30 --> Table 'u716350106_skill.chat_log' doesn't exist
#0 /home/u716350106/domains/my3skills.com/public_html/system/Database/MySQLi/Connection.php(330): mysqli->query('SELECT s.id,s.n...')
#1 /home/u716350106/domains/my3skills.com/public_html/system/Database/BaseConnection.php(738): CodeIgniter\Database\MySQLi\Connection->execute('SELECT s.id,s.n...')
#2 /home/u716350106/domains/my3skills.com/public_html/system/Database/BaseConnection.php(666): CodeIgniter\Database\BaseConnection->simpleQuery('SELECT s.id,s.n...')
#3 /home/u716350106/domains/my3skills.com/public_html/system/Model.php(1698): CodeIgniter\Database\BaseConnection->query('SELECT s.id,s.n...')
#4 /home/u716350106/domains/my3skills.com/public_html/app/Controllers/Services.php(834): CodeIgniter\Model->__call('query', Array)
#5 /home/u716350106/domains/my3skills.com/public_html/system/CodeIgniter.php(910): App\Controllers\Services->get_chat_list('2')
#6 /home/u716350106/domains/my3skills.com/public_html/system/CodeIgniter.php(398): CodeIgniter\CodeIgniter->runController(Object(App\Controllers\Services))
#7 /home/u716350106/domains/my3skills.com/public_html/system/CodeIgniter.php(306): CodeIgniter\CodeIgniter->handleRequest(NULL, Object(Config\Cache), false)
#8 /home/u716350106/domains/my3skills.com/public_html/index.php(53): CodeIgniter\CodeIgniter->run()
#9 {main}
CRITICAL - 2020-06-30 11:05:52 --> Table 'u716350106_skill.chat_log' doesn't exist
#0 /home/u716350106/domains/my3skills.com/public_html/system/Database/MySQLi/Connection.php(330): mysqli->query('SELECT s.id,s.n...')
#1 /home/u716350106/domains/my3skills.com/public_html/system/Database/BaseConnection.php(738): CodeIgniter\Database\MySQLi\Connection->execute('SELECT s.id,s.n...')
#2 /home/u716350106/domains/my3skills.com/public_html/system/Database/BaseConnection.php(666): CodeIgniter\Database\BaseConnection->simpleQuery('SELECT s.id,s.n...')
#3 /home/u716350106/domains/my3skills.com/public_html/system/Model.php(1698): CodeIgniter\Database\BaseConnection->query('SELECT s.id,s.n...')
#4 /home/u716350106/domains/my3skills.com/public_html/app/Controllers/Services.php(834): CodeIgniter\Model->__call('query', Array)
#5 /home/u716350106/domains/my3skills.com/public_html/system/CodeIgniter.php(910): App\Controllers\Services->get_chat_list('2')
#6 /home/u716350106/domains/my3skills.com/public_html/system/CodeIgniter.php(398): CodeIgniter\CodeIgniter->runController(Object(App\Controllers\Services))
#7 /home/u716350106/domains/my3skills.com/public_html/system/CodeIgniter.php(306): CodeIgniter\CodeIgniter->handleRequest(NULL, Object(Config\Cache), false)
#8 /home/u716350106/domains/my3skills.com/public_html/index.php(53): CodeIgniter\CodeIgniter->run()
#9 {main}
CRITICAL - 2020-06-30 19:28:16 --> Table 'u716350106_skill.chat_log' doesn't exist
#0 /home/u716350106/domains/my3skills.com/public_html/system/Database/MySQLi/Connection.php(330): mysqli->query('SELECT s.id,s.n...')
#1 /home/u716350106/domains/my3skills.com/public_html/system/Database/BaseConnection.php(738): CodeIgniter\Database\MySQLi\Connection->execute('SELECT s.id,s.n...')
#2 /home/u716350106/domains/my3skills.com/public_html/system/Database/BaseConnection.php(666): CodeIgniter\Database\BaseConnection->simpleQuery('SELECT s.id,s.n...')
#3 /home/u716350106/domains/my3skills.com/public_html/system/Model.php(1698): CodeIgniter\Database\BaseConnection->query('SELECT s.id,s.n...')
#4 /home/u716350106/domains/my3skills.com/public_html/app/Controllers/Services.php(834): CodeIgniter\Model->__call('query', Array)
#5 /home/u716350106/domains/my3skills.com/public_html/system/CodeIgniter.php(910): App\Controllers\Services->get_chat_list('3')
#6 /home/u716350106/domains/my3skills.com/public_html/system/CodeIgniter.php(398): CodeIgniter\CodeIgniter->runController(Object(App\Controllers\Services))
#7 /home/u716350106/domains/my3skills.com/public_html/system/CodeIgniter.php(306): CodeIgniter\CodeIgniter->handleRequest(NULL, Object(Config\Cache), false)
#8 /home/u716350106/domains/my3skills.com/public_html/index.php(53): CodeIgniter\CodeIgniter->run()
#9 {main}
CRITICAL - 2020-06-30 19:28:21 --> Table 'u716350106_skill.chat_log' doesn't exist
#0 /home/u716350106/domains/my3skills.com/public_html/system/Database/MySQLi/Connection.php(330): mysqli->query('SELECT s.id,s.n...')
#1 /home/u716350106/domains/my3skills.com/public_html/system/Database/BaseConnection.php(738): CodeIgniter\Database\MySQLi\Connection->execute('SELECT s.id,s.n...')
#2 /home/u716350106/domains/my3skills.com/public_html/system/Database/BaseConnection.php(666): CodeIgniter\Database\BaseConnection->simpleQuery('SELECT s.id,s.n...')
#3 /home/u716350106/domains/my3skills.com/public_html/system/Model.php(1698): CodeIgniter\Database\BaseConnection->query('SELECT s.id,s.n...')
#4 /home/u716350106/domains/my3skills.com/public_html/app/Controllers/Services.php(834): CodeIgniter\Model->__call('query', Array)
#5 /home/u716350106/domains/my3skills.com/public_html/system/CodeIgniter.php(910): App\Controllers\Services->get_chat_list('3')
#6 /home/u716350106/domains/my3skills.com/public_html/system/CodeIgniter.php(398): CodeIgniter\CodeIgniter->runController(Object(App\Controllers\Services))
#7 /home/u716350106/domains/my3skills.com/public_html/system/CodeIgniter.php(306): CodeIgniter\CodeIgniter->handleRequest(NULL, Object(Config\Cache), false)
#8 /home/u716350106/domains/my3skills.com/public_html/index.php(53): CodeIgniter\CodeIgniter->run()
#9 {main}
CRITICAL - 2020-06-30 19:32:58 --> Table 'u716350106_skill.chat_log' doesn't exist
#0 /home/u716350106/domains/my3skills.com/public_html/system/Database/MySQLi/Connection.php(330): mysqli->query('select * from c...')
#1 /home/u716350106/domains/my3skills.com/public_html/system/Database/BaseConnection.php(738): CodeIgniter\Database\MySQLi\Connection->execute('select * from c...')
#2 /home/u716350106/domains/my3skills.com/public_html/system/Database/BaseConnection.php(666): CodeIgniter\Database\BaseConnection->simpleQuery('select * from c...')
#3 /home/u716350106/domains/my3skills.com/public_html/system/Model.php(1698): CodeIgniter\Database\BaseConnection->query('select * from c...')
#4 /home/u716350106/domains/my3skills.com/public_html/app/Models/Chat_log_model.php(11): CodeIgniter\Model->__call('query', Array)
#5 /home/u716350106/domains/my3skills.com/public_html/app/Controllers/Services.php(787): App\Models\Chat_log_model->makeLog('3', '1')
#6 /home/u716350106/domains/my3skills.com/public_html/system/CodeIgniter.php(910): App\Controllers\Services->send_message()
#7 /home/u716350106/domains/my3skills.com/public_html/system/CodeIgniter.php(398): CodeIgniter\CodeIgniter->runController(Object(App\Controllers\Services))
#8 /home/u716350106/domains/my3skills.com/public_html/system/CodeIgniter.php(306): CodeIgniter\CodeIgniter->handleRequest(NULL, Object(Config\Cache), false)
#9 /home/u716350106/domains/my3skills.com/public_html/index.php(53): CodeIgniter\CodeIgniter->run()
#10 {main}
CRITICAL - 2020-06-30 19:34:03 --> Table 'u716350106_skill.chat_log' doesn't exist
#0 /home/u716350106/domains/my3skills.com/public_html/system/Database/MySQLi/Connection.php(330): mysqli->query('select * from c...')
#1 /home/u716350106/domains/my3skills.com/public_html/system/Database/BaseConnection.php(738): CodeIgniter\Database\MySQLi\Connection->execute('select * from c...')
#2 /home/u716350106/domains/my3skills.com/public_html/system/Database/BaseConnection.php(666): CodeIgniter\Database\BaseConnection->simpleQuery('select * from c...')
#3 /home/u716350106/domains/my3skills.com/public_html/system/Model.php(1698): CodeIgniter\Database\BaseConnection->query('select * from c...')
#4 /home/u716350106/domains/my3skills.com/public_html/app/Models/Chat_log_model.php(11): CodeIgniter\Model->__call('query', Array)
#5 /home/u716350106/domains/my3skills.com/public_html/app/Controllers/Services.php(787): App\Models\Chat_log_model->makeLog('3', '1')
#6 /home/u716350106/domains/my3skills.com/public_html/system/CodeIgniter.php(910): App\Controllers\Services->send_message()
#7 /home/u716350106/domains/my3skills.com/public_html/system/CodeIgniter.php(398): CodeIgniter\CodeIgniter->runController(Object(App\Controllers\Services))
#8 /home/u716350106/domains/my3skills.com/public_html/system/CodeIgniter.php(306): CodeIgniter\CodeIgniter->handleRequest(NULL, Object(Config\Cache), false)
#9 /home/u716350106/domains/my3skills.com/public_html/index.php(53): CodeIgniter\CodeIgniter->run()
#10 {main}
CRITICAL - 2020-06-30 22:10:04 --> Table 'u716350106_skill.chat_log' doesn't exist
#0 /home/u716350106/domains/my3skills.com/public_html/system/Database/MySQLi/Connection.php(330): mysqli->query('SELECT s.id,s.n...')
#1 /home/u716350106/domains/my3skills.com/public_html/system/Database/BaseConnection.php(738): CodeIgniter\Database\MySQLi\Connection->execute('SELECT s.id,s.n...')
#2 /home/u716350106/domains/my3skills.com/public_html/system/Database/BaseConnection.php(666): CodeIgniter\Database\BaseConnection->simpleQuery('SELECT s.id,s.n...')
#3 /home/u716350106/domains/my3skills.com/public_html/system/Model.php(1698): CodeIgniter\Database\BaseConnection->query('SELECT s.id,s.n...')
#4 /home/u716350106/domains/my3skills.com/public_html/app/Controllers/Services.php(834): CodeIgniter\Model->__call('query', Array)
#5 /home/u716350106/domains/my3skills.com/public_html/system/CodeIgniter.php(910): App\Controllers\Services->get_chat_list('3')
#6 /home/u716350106/domains/my3skills.com/public_html/system/CodeIgniter.php(398): CodeIgniter\CodeIgniter->runController(Object(App\Controllers\Services))
#7 /home/u716350106/domains/my3skills.com/public_html/system/CodeIgniter.php(306): CodeIgniter\CodeIgniter->handleRequest(NULL, Object(Config\Cache), false)
#8 /home/u716350106/domains/my3skills.com/public_html/index.php(53): CodeIgniter\CodeIgniter->run()
#9 {main}
CRITICAL - 2020-06-30 22:11:51 --> Table 'u716350106_skill.chat_log' doesn't exist
#0 /home/u716350106/domains/my3skills.com/public_html/system/Database/MySQLi/Connection.php(330): mysqli->query('SELECT s.id,s.n...')
#1 /home/u716350106/domains/my3skills.com/public_html/system/Database/BaseConnection.php(738): CodeIgniter\Database\MySQLi\Connection->execute('SELECT s.id,s.n...')
#2 /home/u716350106/domains/my3skills.com/public_html/system/Database/BaseConnection.php(666): CodeIgniter\Database\BaseConnection->simpleQuery('SELECT s.id,s.n...')
#3 /home/u716350106/domains/my3skills.com/public_html/system/Model.php(1698): CodeIgniter\Database\BaseConnection->query('SELECT s.id,s.n...')
#4 /home/u716350106/domains/my3skills.com/public_html/app/Controllers/Services.php(834): CodeIgniter\Model->__call('query', Array)
#5 /home/u716350106/domains/my3skills.com/public_html/system/CodeIgniter.php(910): App\Controllers\Services->get_chat_list('3')
#6 /home/u716350106/domains/my3skills.com/public_html/system/CodeIgniter.php(398): CodeIgniter\CodeIgniter->runController(Object(App\Controllers\Services))
#7 /home/u716350106/domains/my3skills.com/public_html/system/CodeIgniter.php(306): CodeIgniter\CodeIgniter->handleRequest(NULL, Object(Config\Cache), false)
#8 /home/u716350106/domains/my3skills.com/public_html/index.php(53): CodeIgniter\CodeIgniter->run()
#9 {main}
CRITICAL - 2020-06-30 22:13:48 --> Table 'u716350106_skill.chat_log' doesn't exist
#0 /home/u716350106/domains/my3skills.com/public_html/system/Database/MySQLi/Connection.php(330): mysqli->query('SELECT s.id,s.n...')
#1 /home/u716350106/domains/my3skills.com/public_html/system/Database/BaseConnection.php(738): CodeIgniter\Database\MySQLi\Connection->execute('SELECT s.id,s.n...')
#2 /home/u716350106/domains/my3skills.com/public_html/system/Database/BaseConnection.php(666): CodeIgniter\Database\BaseConnection->simpleQuery('SELECT s.id,s.n...')
#3 /home/u716350106/domains/my3skills.com/public_html/system/Model.php(1698): CodeIgniter\Database\BaseConnection->query('SELECT s.id,s.n...')
#4 /home/u716350106/domains/my3skills.com/public_html/app/Controllers/Services.php(834): CodeIgniter\Model->__call('query', Array)
#5 /home/u716350106/domains/my3skills.com/public_html/system/CodeIgniter.php(910): App\Controllers\Services->get_chat_list('3')
#6 /home/u716350106/domains/my3skills.com/public_html/system/CodeIgniter.php(398): CodeIgniter\CodeIgniter->runController(Object(App\Controllers\Services))
#7 /home/u716350106/domains/my3skills.com/public_html/system/CodeIgniter.php(306): CodeIgniter\CodeIgniter->handleRequest(NULL, Object(Config\Cache), false)
#8 /home/u716350106/domains/my3skills.com/public_html/index.php(53): CodeIgniter\CodeIgniter->run()
#9 {main}
CRITICAL - 2020-06-30 22:42:06 --> Table 'u716350106_skill.chat_log' doesn't exist
#0 /home/u716350106/domains/my3skills.com/public_html/system/Database/MySQLi/Connection.php(330): mysqli->query('select * from c...')
#1 /home/u716350106/domains/my3skills.com/public_html/system/Database/BaseConnection.php(738): CodeIgniter\Database\MySQLi\Connection->execute('select * from c...')
#2 /home/u716350106/domains/my3skills.com/public_html/system/Database/BaseConnection.php(666): CodeIgniter\Database\BaseConnection->simpleQuery('select * from c...')
#3 /home/u716350106/domains/my3skills.com/public_html/system/Model.php(1698): CodeIgniter\Database\BaseConnection->query('select * from c...')
#4 /home/u716350106/domains/my3skills.com/public_html/app/Models/Chat_log_model.php(11): CodeIgniter\Model->__call('query', Array)
#5 /home/u716350106/domains/my3skills.com/public_html/app/Controllers/Services.php(787): App\Models\Chat_log_model->makeLog('3', '3')
#6 /home/u716350106/domains/my3skills.com/public_html/system/CodeIgniter.php(910): App\Controllers\Services->send_message()
#7 /home/u716350106/domains/my3skills.com/public_html/system/CodeIgniter.php(398): CodeIgniter\CodeIgniter->runController(Object(App\Controllers\Services))
#8 /home/u716350106/domains/my3skills.com/public_html/system/CodeIgniter.php(306): CodeIgniter\CodeIgniter->handleRequest(NULL, Object(Config\Cache), false)
#9 /home/u716350106/domains/my3skills.com/public_html/index.php(53): CodeIgniter\CodeIgniter->run()
#10 {main}
CRITICAL - 2020-06-30 22:42:57 --> Table 'u716350106_skill.chat_log' doesn't exist
#0 /home/u716350106/domains/my3skills.com/public_html/system/Database/MySQLi/Connection.php(330): mysqli->query('select * from c...')
#1 /home/u716350106/domains/my3skills.com/public_html/system/Database/BaseConnection.php(738): CodeIgniter\Database\MySQLi\Connection->execute('select * from c...')
#2 /home/u716350106/domains/my3skills.com/public_html/system/Database/BaseConnection.php(666): CodeIgniter\Database\BaseConnection->simpleQuery('select * from c...')
#3 /home/u716350106/domains/my3skills.com/public_html/system/Model.php(1698): CodeIgniter\Database\BaseConnection->query('select * from c...')
#4 /home/u716350106/domains/my3skills.com/public_html/app/Models/Chat_log_model.php(11): CodeIgniter\Model->__call('query', Array)
#5 /home/u716350106/domains/my3skills.com/public_html/app/Controllers/Services.php(787): App\Models\Chat_log_model->makeLog('3', '3')
#6 /home/u716350106/domains/my3skills.com/public_html/system/CodeIgniter.php(910): App\Controllers\Services->send_message()
#7 /home/u716350106/domains/my3skills.com/public_html/system/CodeIgniter.php(398): CodeIgniter\CodeIgniter->runController(Object(App\Controllers\Services))
#8 /home/u716350106/domains/my3skills.com/public_html/system/CodeIgniter.php(306): CodeIgniter\CodeIgniter->handleRequest(NULL, Object(Config\Cache), false)
#9 /home/u716350106/domains/my3skills.com/public_html/index.php(53): CodeIgniter\CodeIgniter->run()
#10 {main}
CRITICAL - 2020-06-30 23:13:14 --> Table 'u716350106_skill.chat_log' doesn't exist
#0 /home/u716350106/domains/my3skills.com/public_html/system/Database/MySQLi/Connection.php(330): mysqli->query('SELECT s.id,s.n...')
#1 /home/u716350106/domains/my3skills.com/public_html/system/Database/BaseConnection.php(738): CodeIgniter\Database\MySQLi\Connection->execute('SELECT s.id,s.n...')
#2 /home/u716350106/domains/my3skills.com/public_html/system/Database/BaseConnection.php(666): CodeIgniter\Database\BaseConnection->simpleQuery('SELECT s.id,s.n...')
#3 /home/u716350106/domains/my3skills.com/public_html/system/Model.php(1698): CodeIgniter\Database\BaseConnection->query('SELECT s.id,s.n...')
#4 /home/u716350106/domains/my3skills.com/public_html/app/Controllers/Services.php(834): CodeIgniter\Model->__call('query', Array)
#5 /home/u716350106/domains/my3skills.com/public_html/system/CodeIgniter.php(910): App\Controllers\Services->get_chat_list('1', '1')
#6 /home/u716350106/domains/my3skills.com/public_html/system/CodeIgniter.php(398): CodeIgniter\CodeIgniter->runController(Object(App\Controllers\Services))
#7 /home/u716350106/domains/my3skills.com/public_html/system/CodeIgniter.php(306): CodeIgniter\CodeIgniter->handleRequest(NULL, Object(Config\Cache), false)
#8 /home/u716350106/domains/my3skills.com/public_html/index.php(53): CodeIgniter\CodeIgniter->run()
#9 {main}
