CRITICAL - 2020-08-10 01:44:17 --> An unknown error has occurred.
#0 /home/u716350106/domains/my3skills.com/public_html/app/Libraries/vendor/facebook/graph-sdk/src/Facebook/FacebookResponse.php(210): Facebook\Exceptions\FacebookResponseException::create(Object(Facebook\FacebookResponse))
#1 /home/u716350106/domains/my3skills.com/public_html/app/Libraries/vendor/facebook/graph-sdk/src/Facebook/FacebookResponse.php(255): Facebook\FacebookResponse->makeException()
#2 /home/u716350106/domains/my3skills.com/public_html/app/Libraries/vendor/facebook/graph-sdk/src/Facebook/FacebookResponse.php(82): Facebook\FacebookResponse->decodeBody()
#3 /home/u716350106/domains/my3skills.com/public_html/app/Libraries/vendor/facebook/graph-sdk/src/Facebook/FacebookClient.php(224): Facebook\FacebookResponse->__construct(Object(Facebook\FacebookRequest), '{"error":{"mess...', 500, Array)
#4 /home/u716350106/domains/my3skills.com/public_html/app/Libraries/vendor/facebook/graph-sdk/src/Facebook/Authentication/OAuth2Client.php(277): Facebook\FacebookClient->sendRequest(Object(Facebook\FacebookRequest))
#5 /home/u716350106/domains/my3skills.com/public_html/app/Libraries/vendor/facebook/graph-sdk/src/Facebook/Authentication/OAuth2Client.php(226): Facebook\Authentication\OAuth2Client->sendRequestWithClientParams('/oauth/access_t...', Array)
#6 /home/u716350106/domains/my3skills.com/public_html/app/Libraries/vendor/facebook/graph-sdk/src/Facebook/Authentication/OAuth2Client.php(166): Facebook\Authentication\OAuth2Client->requestAnAccessToken(Array)
#7 /home/u716350106/domains/my3skills.com/public_html/app/Libraries/vendor/facebook/graph-sdk/src/Facebook/Helpers/FacebookRedirectLoginHelper.php(228): Facebook\Authentication\OAuth2Client->getAccessTokenFromCode('AQCLZc5fLlfKL1Q...', 'https://www.my3...')
#8 /home/u716350106/domains/my3skills.com/public_html/app/Controllers/Auth.php(39): Facebook\Helpers\FacebookRedirectLoginHelper->getAccessToken()
#9 /home/u716350106/domains/my3skills.com/public_html/system/CodeIgniter.php(910): App\Controllers\Auth->facebook()
#10 /home/u716350106/domains/my3skills.com/public_html/system/CodeIgniter.php(398): CodeIgniter\CodeIgniter->runController(Object(App\Controllers\Auth))
#11 /home/u716350106/domains/my3skills.com/public_html/system/CodeIgniter.php(306): CodeIgniter\CodeIgniter->handleRequest(NULL, Object(Config\Cache), false)
#12 /home/u716350106/domains/my3skills.com/public_html/index.php(53): CodeIgniter\CodeIgniter->run()
#13 {main}
CRITICAL - 2020-08-10 01:52:20 --> Cross-site request forgery validation failed. Required param "state" missing from persistent data.
#0 /home/u716350106/domains/my3skills.com/public_html/app/Libraries/vendor/facebook/graph-sdk/src/Facebook/Helpers/FacebookRedirectLoginHelper.php(221): Facebook\Helpers\FacebookRedirectLoginHelper->validateCsrf()
#1 /home/u716350106/domains/my3skills.com/public_html/app/Controllers/Auth.php(39): Facebook\Helpers\FacebookRedirectLoginHelper->getAccessToken()
#2 /home/u716350106/domains/my3skills.com/public_html/system/CodeIgniter.php(910): App\Controllers\Auth->facebook()
#3 /home/u716350106/domains/my3skills.com/public_html/system/CodeIgniter.php(398): CodeIgniter\CodeIgniter->runController(Object(App\Controllers\Auth))
#4 /home/u716350106/domains/my3skills.com/public_html/system/CodeIgniter.php(306): CodeIgniter\CodeIgniter->handleRequest(NULL, Object(Config\Cache), false)
#5 /home/u716350106/domains/my3skills.com/public_html/index.php(53): CodeIgniter\CodeIgniter->run()
#6 {main}
CRITICAL - 2020-08-10 02:02:22 --> hash_hmac() expects parameter 2 to be string, object given
#0 [internal function]: CodeIgniter\Debug\Exceptions->errorHandler(2, 'hash_hmac() exp...', '/home/u71635010...', 70, Array)
#1 /home/u716350106/domains/my3skills.com/public_html/app/Libraries/vendor/facebook/graph-sdk/src/Facebook/Authentication/AccessToken.php(70): hash_hmac('sha256', Object(__PHP_Incomplete_Class), '521d556547ba425...')
#2 /home/u716350106/domains/my3skills.com/public_html/app/Libraries/vendor/facebook/graph-sdk/src/Facebook/FacebookRequest.php(197): Facebook\Authentication\AccessToken->getAppSecretProof('521d556547ba425...')
#3 /home/u716350106/domains/my3skills.com/public_html/app/Libraries/vendor/facebook/graph-sdk/src/Facebook/FacebookRequest.php(470): Facebook\FacebookRequest->getAppSecretProof()
#4 /home/u716350106/domains/my3skills.com/public_html/app/Libraries/vendor/facebook/graph-sdk/src/Facebook/FacebookRequest.php(515): Facebook\FacebookRequest->getParams()
#5 /home/u716350106/domains/my3skills.com/public_html/app/Libraries/vendor/facebook/graph-sdk/src/Facebook/FacebookClient.php(166): Facebook\FacebookRequest->getUrl()
#6 /home/u716350106/domains/my3skills.com/public_html/app/Libraries/vendor/facebook/graph-sdk/src/Facebook/FacebookClient.php(204): Facebook\FacebookClient->prepareRequestMessage(Object(Facebook\FacebookRequest))
#7 /home/u716350106/domains/my3skills.com/public_html/app/Libraries/vendor/facebook/graph-sdk/src/Facebook/Facebook.php(469): Facebook\FacebookClient->sendRequest(Object(Facebook\FacebookRequest))
#8 /home/u716350106/domains/my3skills.com/public_html/app/Libraries/vendor/facebook/graph-sdk/src/Facebook/Facebook.php(341): Facebook\Facebook->sendRequest('GET', '/me?fields=name...', Array, Object(__PHP_Incomplete_Class), NULL, 'v2.10')
#9 /home/u716350106/domains/my3skills.com/public_html/app/Controllers/Auth.php(45): Facebook\Facebook->get('/me?fields=name...', Object(__PHP_Incomplete_Class))
#10 /home/u716350106/domains/my3skills.com/public_html/system/CodeIgniter.php(910): App\Controllers\Auth->facebook()
#11 /home/u716350106/domains/my3skills.com/public_html/system/CodeIgniter.php(398): CodeIgniter\CodeIgniter->runController(Object(App\Controllers\Auth))
#12 /home/u716350106/domains/my3skills.com/public_html/system/CodeIgniter.php(306): CodeIgniter\CodeIgniter->handleRequest(NULL, Object(Config\Cache), false)
#13 /home/u716350106/domains/my3skills.com/public_html/index.php(53): CodeIgniter\CodeIgniter->run()
#14 {main}
CRITICAL - 2020-08-10 02:04:27 --> hash_hmac() expects parameter 2 to be string, object given
#0 [internal function]: CodeIgniter\Debug\Exceptions->errorHandler(2, 'hash_hmac() exp...', '/home/u71635010...', 70, Array)
#1 /home/u716350106/domains/my3skills.com/public_html/app/Libraries/vendor/facebook/graph-sdk/src/Facebook/Authentication/AccessToken.php(70): hash_hmac('sha256', Object(__PHP_Incomplete_Class), '521d556547ba425...')
#2 /home/u716350106/domains/my3skills.com/public_html/app/Libraries/vendor/facebook/graph-sdk/src/Facebook/FacebookRequest.php(197): Facebook\Authentication\AccessToken->getAppSecretProof('521d556547ba425...')
#3 /home/u716350106/domains/my3skills.com/public_html/app/Libraries/vendor/facebook/graph-sdk/src/Facebook/FacebookRequest.php(470): Facebook\FacebookRequest->getAppSecretProof()
#4 /home/u716350106/domains/my3skills.com/public_html/app/Libraries/vendor/facebook/graph-sdk/src/Facebook/FacebookRequest.php(515): Facebook\FacebookRequest->getParams()
#5 /home/u716350106/domains/my3skills.com/public_html/app/Libraries/vendor/facebook/graph-sdk/src/Facebook/FacebookClient.php(166): Facebook\FacebookRequest->getUrl()
#6 /home/u716350106/domains/my3skills.com/public_html/app/Libraries/vendor/facebook/graph-sdk/src/Facebook/FacebookClient.php(204): Facebook\FacebookClient->prepareRequestMessage(Object(Facebook\FacebookRequest))
#7 /home/u716350106/domains/my3skills.com/public_html/app/Libraries/vendor/facebook/graph-sdk/src/Facebook/Facebook.php(469): Facebook\FacebookClient->sendRequest(Object(Facebook\FacebookRequest))
#8 /home/u716350106/domains/my3skills.com/public_html/app/Libraries/vendor/facebook/graph-sdk/src/Facebook/Facebook.php(341): Facebook\Facebook->sendRequest('GET', '/me?fields=name...', Array, Object(__PHP_Incomplete_Class), NULL, 'v2.10')
#9 /home/u716350106/domains/my3skills.com/public_html/app/Controllers/Auth.php(44): Facebook\Facebook->get('/me?fields=name...', Object(__PHP_Incomplete_Class))
#10 /home/u716350106/domains/my3skills.com/public_html/system/CodeIgniter.php(910): App\Controllers\Auth->facebook()
#11 /home/u716350106/domains/my3skills.com/public_html/system/CodeIgniter.php(398): CodeIgniter\CodeIgniter->runController(Object(App\Controllers\Auth))
#12 /home/u716350106/domains/my3skills.com/public_html/system/CodeIgniter.php(306): CodeIgniter\CodeIgniter->handleRequest(NULL, Object(Config\Cache), false)
#13 /home/u716350106/domains/my3skills.com/public_html/index.php(53): CodeIgniter\CodeIgniter->run()
#14 {main}
CRITICAL - 2020-08-10 02:04:59 --> hash_hmac() expects parameter 2 to be string, object given
#0 [internal function]: CodeIgniter\Debug\Exceptions->errorHandler(2, 'hash_hmac() exp...', '/home/u71635010...', 70, Array)
#1 /home/u716350106/domains/my3skills.com/public_html/app/Libraries/vendor/facebook/graph-sdk/src/Facebook/Authentication/AccessToken.php(70): hash_hmac('sha256', Object(__PHP_Incomplete_Class), '521d556547ba425...')
#2 /home/u716350106/domains/my3skills.com/public_html/app/Libraries/vendor/facebook/graph-sdk/src/Facebook/FacebookRequest.php(197): Facebook\Authentication\AccessToken->getAppSecretProof('521d556547ba425...')
#3 /home/u716350106/domains/my3skills.com/public_html/app/Libraries/vendor/facebook/graph-sdk/src/Facebook/FacebookRequest.php(470): Facebook\FacebookRequest->getAppSecretProof()
#4 /home/u716350106/domains/my3skills.com/public_html/app/Libraries/vendor/facebook/graph-sdk/src/Facebook/FacebookRequest.php(515): Facebook\FacebookRequest->getParams()
#5 /home/u716350106/domains/my3skills.com/public_html/app/Libraries/vendor/facebook/graph-sdk/src/Facebook/FacebookClient.php(166): Facebook\FacebookRequest->getUrl()
#6 /home/u716350106/domains/my3skills.com/public_html/app/Libraries/vendor/facebook/graph-sdk/src/Facebook/FacebookClient.php(204): Facebook\FacebookClient->prepareRequestMessage(Object(Facebook\FacebookRequest))
#7 /home/u716350106/domains/my3skills.com/public_html/app/Libraries/vendor/facebook/graph-sdk/src/Facebook/Facebook.php(469): Facebook\FacebookClient->sendRequest(Object(Facebook\FacebookRequest))
#8 /home/u716350106/domains/my3skills.com/public_html/app/Libraries/vendor/facebook/graph-sdk/src/Facebook/Facebook.php(341): Facebook\Facebook->sendRequest('GET', '/me?fields=name...', Array, Object(__PHP_Incomplete_Class), NULL, 'v2.10')
#9 /home/u716350106/domains/my3skills.com/public_html/app/Controllers/Auth.php(44): Facebook\Facebook->get('/me?fields=name...', Object(__PHP_Incomplete_Class))
#10 /home/u716350106/domains/my3skills.com/public_html/system/CodeIgniter.php(910): App\Controllers\Auth->facebook()
#11 /home/u716350106/domains/my3skills.com/public_html/system/CodeIgniter.php(398): CodeIgniter\CodeIgniter->runController(Object(App\Controllers\Auth))
#12 /home/u716350106/domains/my3skills.com/public_html/system/CodeIgniter.php(306): CodeIgniter\CodeIgniter->handleRequest(NULL, Object(Config\Cache), false)
#13 /home/u716350106/domains/my3skills.com/public_html/index.php(53): CodeIgniter\CodeIgniter->run()
#14 {main}
CRITICAL - 2020-08-10 02:07:51 --> count(): Parameter must be an array or an object that implements Countable
#0 [internal function]: CodeIgniter\Debug\Exceptions->errorHandler(2, 'count(): Parame...', '/home/u71635010...', 54, Array)
#1 /home/u716350106/domains/my3skills.com/public_html/app/Controllers/Auth.php(54): count(Object(CodeIgniter\Database\MySQLi\Result))
#2 /home/u716350106/domains/my3skills.com/public_html/system/CodeIgniter.php(910): App\Controllers\Auth->facebook()
#3 /home/u716350106/domains/my3skills.com/public_html/system/CodeIgniter.php(398): CodeIgniter\CodeIgniter->runController(Object(App\Controllers\Auth))
#4 /home/u716350106/domains/my3skills.com/public_html/system/CodeIgniter.php(306): CodeIgniter\CodeIgniter->handleRequest(NULL, Object(Config\Cache), false)
#5 /home/u716350106/domains/my3skills.com/public_html/index.php(53): CodeIgniter\CodeIgniter->run()
#6 {main}
CRITICAL - 2020-08-10 04:05:24 --> Unknown column 's.course_id' in 'on clause'
#0 /home/u716350106/domains/my3skills.com/public_html/system/Database/MySQLi/Connection.php(330): mysqli->query('SELECT count(*)...')
#1 /home/u716350106/domains/my3skills.com/public_html/system/Database/BaseConnection.php(738): CodeIgniter\Database\MySQLi\Connection->execute('SELECT count(*)...')
#2 /home/u716350106/domains/my3skills.com/public_html/system/Database/BaseConnection.php(666): CodeIgniter\Database\BaseConnection->simpleQuery('SELECT count(*)...')
#3 /home/u716350106/domains/my3skills.com/public_html/system/Model.php(1698): CodeIgniter\Database\BaseConnection->query('SELECT count(*)...')
#4 /home/u716350106/domains/my3skills.com/public_html/app/Controllers/teachersection/Dashboard.php(36): CodeIgniter\Model->__call('query', Array)
#5 /home/u716350106/domains/my3skills.com/public_html/system/CodeIgniter.php(910): App\Controllers\teachersection\Dashboard->index()
#6 /home/u716350106/domains/my3skills.com/public_html/system/CodeIgniter.php(398): CodeIgniter\CodeIgniter->runController(Object(App\Controllers\teachersection\Dashboard))
#7 /home/u716350106/domains/my3skills.com/public_html/system/CodeIgniter.php(306): CodeIgniter\CodeIgniter->handleRequest(NULL, Object(Config\Cache), false)
#8 /home/u716350106/domains/my3skills.com/public_html/index.php(53): CodeIgniter\CodeIgniter->run()
#9 {main}
CRITICAL - 2020-08-10 04:06:44 --> Class 'App\Models\Meetings_model' not found
#0 /home/u716350106/domains/my3skills.com/public_html/system/CodeIgniter.php(882): App\Controllers\teachersection\Meetings->__construct()
#1 /home/u716350106/domains/my3skills.com/public_html/system/CodeIgniter.php(393): CodeIgniter\CodeIgniter->createController()
#2 /home/u716350106/domains/my3skills.com/public_html/system/CodeIgniter.php(306): CodeIgniter\CodeIgniter->handleRequest(NULL, Object(Config\Cache), false)
#3 /home/u716350106/domains/my3skills.com/public_html/index.php(53): CodeIgniter\CodeIgniter->run()
#4 {main}
CRITICAL - 2020-08-10 19:45:49 --> file_get_contents(https://www.my3skills.com/assets/mails/welcome_mail.html): failed to open stream: HTTP request failed! HTTP/1.1 404 Not Found

#0 [internal function]: CodeIgniter\Debug\Exceptions->errorHandler(2, 'file_get_conten...', '/home/u71635010...', 219, Array)
#1 /home/u716350106/domains/my3skills.com/public_html/app/Controllers/Web.php(219): file_get_contents('https://www.my3...')
#2 /home/u716350106/domains/my3skills.com/public_html/system/CodeIgniter.php(910): App\Controllers\Web->submit_register()
#3 /home/u716350106/domains/my3skills.com/public_html/system/CodeIgniter.php(398): CodeIgniter\CodeIgniter->runController(Object(App\Controllers\Web))
#4 /home/u716350106/domains/my3skills.com/public_html/system/CodeIgniter.php(306): CodeIgniter\CodeIgniter->handleRequest(NULL, Object(Config\Cache), false)
#5 /home/u716350106/domains/my3skills.com/public_html/index.php(53): CodeIgniter\CodeIgniter->run()
#6 {main}
CRITICAL - 2020-08-10 20:02:55 --> Column 'student_id' cannot be null
#0 /home/u716350106/domains/my3skills.com/public_html/system/Database/MySQLi/Connection.php(330): mysqli->query('INSERT INTO `de...')
#1 /home/u716350106/domains/my3skills.com/public_html/system/Database/BaseConnection.php(738): CodeIgniter\Database\MySQLi\Connection->execute('INSERT INTO `de...')
#2 /home/u716350106/domains/my3skills.com/public_html/system/Database/BaseConnection.php(666): CodeIgniter\Database\BaseConnection->simpleQuery('INSERT INTO `de...')
#3 /home/u716350106/domains/my3skills.com/public_html/system/Database/BaseBuilder.php(2206): CodeIgniter\Database\BaseConnection->query('INSERT INTO `de...', Array, false)
#4 /home/u716350106/domains/my3skills.com/public_html/system/Model.php(722): CodeIgniter\Database\BaseBuilder->insert()
#5 /home/u716350106/domains/my3skills.com/public_html/app/Models/Devices_model.php(11): CodeIgniter\Model->insert(Array)
#6 /home/u716350106/domains/my3skills.com/public_html/app/Controllers/Services.php(1123): App\Models\Devices_model->add_device(Array)
#7 /home/u716350106/domains/my3skills.com/public_html/system/CodeIgniter.php(910): App\Controllers\Services->add_student_device()
#8 /home/u716350106/domains/my3skills.com/public_html/system/CodeIgniter.php(398): CodeIgniter\CodeIgniter->runController(Object(App\Controllers\Services))
#9 /home/u716350106/domains/my3skills.com/public_html/system/CodeIgniter.php(306): CodeIgniter\CodeIgniter->handleRequest(NULL, Object(Config\Cache), false)
#10 /home/u716350106/domains/my3skills.com/public_html/index.php(53): CodeIgniter\CodeIgniter->run()
#11 {main}
