CRITICAL - 2021-01-03 14:30:33 --> Column 'token' cannot be null
#0 /home3/saptkri1/admin.saptkrishi.in/system/Database/MySQLi/Connection.php(330): mysqli->query('INSERT INTO `cu...')
#1 /home3/saptkri1/admin.saptkrishi.in/system/Database/BaseConnection.php(738): CodeIgniter\Database\MySQLi\Connection->execute('INSERT INTO `cu...')
#2 /home3/saptkri1/admin.saptkrishi.in/system/Database/BaseConnection.php(666): CodeIgniter\Database\BaseConnection->simpleQuery('INSERT INTO `cu...')
#3 /home3/saptkri1/admin.saptkrishi.in/system/Database/BaseBuilder.php(2206): CodeIgniter\Database\BaseConnection->query('INSERT INTO `cu...', Array, false)
#4 /home3/saptkri1/admin.saptkrishi.in/system/Model.php(722): CodeIgniter\Database\BaseBuilder->insert()
#5 /home3/saptkri1/admin.saptkrishi.in/system/Model.php(550): CodeIgniter\Model->insert(Array, false)
#6 /home3/saptkri1/admin.saptkrishi.in/app/Controllers/Api.php(227): CodeIgniter\Model->save(Array)
#7 /home3/saptkri1/admin.saptkrishi.in/system/CodeIgniter.php(910): App\Controllers\Api->customer('signup')
#8 /home3/saptkri1/admin.saptkrishi.in/system/CodeIgniter.php(398): CodeIgniter\CodeIgniter->runController(Object(App\Controllers\Api))
#9 /home3/saptkri1/admin.saptkrishi.in/system/CodeIgniter.php(306): CodeIgniter\CodeIgniter->handleRequest(NULL, Object(Config\Cache), false)
#10 /home3/saptkri1/admin.saptkrishi.in/index.php(53): CodeIgniter\CodeIgniter->run()
#11 {main}
CRITICAL - 2021-01-03 15:17:00 --> Invalid argument supplied for foreach()
#0 /home3/saptkri1/admin.saptkrishi.in/app/Views/admin/report/invoice.php(95): CodeIgniter\Debug\Exceptions->errorHandler(2, 'Invalid argumen...', '/home3/saptkri1...', 95, Array)
#1 /home3/saptkri1/admin.saptkrishi.in/system/View/View.php(236): include('/home3/saptkri1...')
#2 /home3/saptkri1/admin.saptkrishi.in/system/Common.php(1071): CodeIgniter\View\View->render('admin/report/in...', Array, true)
#3 /home3/saptkri1/admin.saptkrishi.in/app/Controllers/Report.php(55): view('admin/report/in...', Array)
#4 /home3/saptkri1/admin.saptkrishi.in/system/CodeIgniter.php(910): App\Controllers\Report->invoice('156')
#5 /home3/saptkri1/admin.saptkrishi.in/system/CodeIgniter.php(398): CodeIgniter\CodeIgniter->runController(Object(App\Controllers\Report))
#6 /home3/saptkri1/admin.saptkrishi.in/system/CodeIgniter.php(306): CodeIgniter\CodeIgniter->handleRequest(NULL, Object(Config\Cache), false)
#7 /home3/saptkri1/admin.saptkrishi.in/index.php(53): CodeIgniter\CodeIgniter->run()
#8 {main}
