CRITICAL - 2020-08-26 18:49:41 --> Maximum execution time of 30 seconds exceeded
#0 [internal function]: CodeIgniter\Debug\Exceptions->shutdownHandler()
#1 {main}
CRITICAL - 2020-08-26 20:56:20 --> Invalid argument supplied for foreach()
#0 C:\xampp\htdocs\my3skill\app\Views\admin\meetings.php(142): CodeIgniter\Debug\Exceptions->errorHandler(2, 'Invalid argumen...', 'C:\\xampp\\htdocs...', 142, Array)
#1 C:\xampp\htdocs\my3skill\system\View\View.php(236): include('C:\\xampp\\htdocs...')
#2 C:\xampp\htdocs\my3skill\system\Common.php(1071): CodeIgniter\View\View->render('admin/meetings', Array, true)
#3 C:\xampp\htdocs\my3skill\app\Controllers\Dashboard.php(539): view('admin/meetings', Array)
#4 C:\xampp\htdocs\my3skill\system\CodeIgniter.php(910): App\Controllers\Dashboard->meetings()
#5 C:\xampp\htdocs\my3skill\system\CodeIgniter.php(398): CodeIgniter\CodeIgniter->runController(Object(App\Controllers\Dashboard))
#6 C:\xampp\htdocs\my3skill\system\CodeIgniter.php(306): CodeIgniter\CodeIgniter->handleRequest(NULL, Object(Config\Cache), false)
#7 C:\xampp\htdocs\my3skill\index.php(53): CodeIgniter\CodeIgniter->run()
#8 {main}
CRITICAL - 2020-08-26 20:58:55 --> Invalid argument supplied for foreach()
#0 C:\xampp\htdocs\my3skill\app\Views\admin\meetings.php(142): CodeIgniter\Debug\Exceptions->errorHandler(2, 'Invalid argumen...', 'C:\\xampp\\htdocs...', 142, Array)
#1 C:\xampp\htdocs\my3skill\system\View\View.php(236): include('C:\\xampp\\htdocs...')
#2 C:\xampp\htdocs\my3skill\system\Common.php(1071): CodeIgniter\View\View->render('admin/meetings', Array, true)
#3 C:\xampp\htdocs\my3skill\app\Controllers\Dashboard.php(539): view('admin/meetings', Array)
#4 C:\xampp\htdocs\my3skill\system\CodeIgniter.php(910): App\Controllers\Dashboard->meetings()
#5 C:\xampp\htdocs\my3skill\system\CodeIgniter.php(398): CodeIgniter\CodeIgniter->runController(Object(App\Controllers\Dashboard))
#6 C:\xampp\htdocs\my3skill\system\CodeIgniter.php(306): CodeIgniter\CodeIgniter->handleRequest(NULL, Object(Config\Cache), false)
#7 C:\xampp\htdocs\my3skill\index.php(53): CodeIgniter\CodeIgniter->run()
#8 {main}
