CRITICAL - 2020-08-08 11:03:26 --> Invalid argument supplied for foreach()
#0 /home/u716350106/domains/my3skills.com/public_html/app/Views/admin/new_course.php(57): CodeIgniter\Debug\Exceptions->errorHandler(2, 'Invalid argumen...', '/home/u71635010...', 57, Array)
#1 /home/u716350106/domains/my3skills.com/public_html/system/View/View.php(236): include('/home/u71635010...')
#2 /home/u716350106/domains/my3skills.com/public_html/system/Common.php(1071): CodeIgniter\View\View->render('admin/new_cours...', Array, true)
#3 /home/u716350106/domains/my3skills.com/public_html/app/Controllers/Dashboard.php(258): view('admin/new_cours...', Array)
#4 /home/u716350106/domains/my3skills.com/public_html/system/CodeIgniter.php(910): App\Controllers\Dashboard->new_courses()
#5 /home/u716350106/domains/my3skills.com/public_html/system/CodeIgniter.php(398): CodeIgniter\CodeIgniter->runController(Object(App\Controllers\Dashboard))
#6 /home/u716350106/domains/my3skills.com/public_html/system/CodeIgniter.php(306): CodeIgniter\CodeIgniter->handleRequest(NULL, Object(Config\Cache), false)
#7 /home/u716350106/domains/my3skills.com/public_html/index.php(53): CodeIgniter\CodeIgniter->run()
#8 {main}
CRITICAL - 2020-08-08 14:49:00 --> Unknown column 'icon' in 'field list'
#0 /home/u716350106/domains/my3skills.com/public_html/system/Database/MySQLi/Connection.php(330): mysqli->query('INSERT INTO `su...')
#1 /home/u716350106/domains/my3skills.com/public_html/system/Database/BaseConnection.php(738): CodeIgniter\Database\MySQLi\Connection->execute('INSERT INTO `su...')
#2 /home/u716350106/domains/my3skills.com/public_html/system/Database/BaseConnection.php(666): CodeIgniter\Database\BaseConnection->simpleQuery('INSERT INTO `su...')
#3 /home/u716350106/domains/my3skills.com/public_html/system/Database/BaseBuilder.php(2206): CodeIgniter\Database\BaseConnection->query('INSERT INTO `su...', Array, false)
#4 /home/u716350106/domains/my3skills.com/public_html/system/Model.php(722): CodeIgniter\Database\BaseBuilder->insert()
#5 /home/u716350106/domains/my3skills.com/public_html/system/Model.php(550): CodeIgniter\Model->insert(Array, false)
#6 /home/u716350106/domains/my3skills.com/public_html/app/Controllers/Subcategory.php(44): CodeIgniter\Model->save(Array)
#7 /home/u716350106/domains/my3skills.com/public_html/system/CodeIgniter.php(910): App\Controllers\Subcategory->insert()
#8 /home/u716350106/domains/my3skills.com/public_html/system/CodeIgniter.php(398): CodeIgniter\CodeIgniter->runController(Object(App\Controllers\Subcategory))
#9 /home/u716350106/domains/my3skills.com/public_html/system/CodeIgniter.php(306): CodeIgniter\CodeIgniter->handleRequest(NULL, Object(Config\Cache), false)
#10 /home/u716350106/domains/my3skills.com/public_html/index.php(53): CodeIgniter\CodeIgniter->run()
#11 {main}
CRITICAL - 2020-08-08 14:58:21 --> Unknown column 'icon' in 'field list'
#0 /home/u716350106/domains/my3skills.com/public_html/system/Database/MySQLi/Connection.php(330): mysqli->query('INSERT INTO `su...')
#1 /home/u716350106/domains/my3skills.com/public_html/system/Database/BaseConnection.php(738): CodeIgniter\Database\MySQLi\Connection->execute('INSERT INTO `su...')
#2 /home/u716350106/domains/my3skills.com/public_html/system/Database/BaseConnection.php(666): CodeIgniter\Database\BaseConnection->simpleQuery('INSERT INTO `su...')
#3 /home/u716350106/domains/my3skills.com/public_html/system/Database/BaseBuilder.php(2206): CodeIgniter\Database\BaseConnection->query('INSERT INTO `su...', Array, false)
#4 /home/u716350106/domains/my3skills.com/public_html/system/Model.php(722): CodeIgniter\Database\BaseBuilder->insert()
#5 /home/u716350106/domains/my3skills.com/public_html/system/Model.php(550): CodeIgniter\Model->insert(Array, false)
#6 /home/u716350106/domains/my3skills.com/public_html/app/Controllers/Subcategory.php(44): CodeIgniter\Model->save(Array)
#7 /home/u716350106/domains/my3skills.com/public_html/system/CodeIgniter.php(910): App\Controllers\Subcategory->insert()
#8 /home/u716350106/domains/my3skills.com/public_html/system/CodeIgniter.php(398): CodeIgniter\CodeIgniter->runController(Object(App\Controllers\Subcategory))
#9 /home/u716350106/domains/my3skills.com/public_html/system/CodeIgniter.php(306): CodeIgniter\CodeIgniter->handleRequest(NULL, Object(Config\Cache), false)
#10 /home/u716350106/domains/my3skills.com/public_html/index.php(53): CodeIgniter\CodeIgniter->run()
#11 {main}
CRITICAL - 2020-08-08 15:01:11 --> Unknown column 'icon' in 'field list'
#0 /home/u716350106/domains/my3skills.com/public_html/system/Database/MySQLi/Connection.php(330): mysqli->query('INSERT INTO `su...')
#1 /home/u716350106/domains/my3skills.com/public_html/system/Database/BaseConnection.php(738): CodeIgniter\Database\MySQLi\Connection->execute('INSERT INTO `su...')
#2 /home/u716350106/domains/my3skills.com/public_html/system/Database/BaseConnection.php(666): CodeIgniter\Database\BaseConnection->simpleQuery('INSERT INTO `su...')
#3 /home/u716350106/domains/my3skills.com/public_html/system/Database/BaseBuilder.php(2206): CodeIgniter\Database\BaseConnection->query('INSERT INTO `su...', Array, false)
#4 /home/u716350106/domains/my3skills.com/public_html/system/Model.php(722): CodeIgniter\Database\BaseBuilder->insert()
#5 /home/u716350106/domains/my3skills.com/public_html/system/Model.php(550): CodeIgniter\Model->insert(Array, false)
#6 /home/u716350106/domains/my3skills.com/public_html/app/Controllers/Subcategory.php(44): CodeIgniter\Model->save(Array)
#7 /home/u716350106/domains/my3skills.com/public_html/system/CodeIgniter.php(910): App\Controllers\Subcategory->insert()
#8 /home/u716350106/domains/my3skills.com/public_html/system/CodeIgniter.php(398): CodeIgniter\CodeIgniter->runController(Object(App\Controllers\Subcategory))
#9 /home/u716350106/domains/my3skills.com/public_html/system/CodeIgniter.php(306): CodeIgniter\CodeIgniter->handleRequest(NULL, Object(Config\Cache), false)
#10 /home/u716350106/domains/my3skills.com/public_html/index.php(53): CodeIgniter\CodeIgniter->run()
#11 {main}
CRITICAL - 2020-08-08 15:02:50 --> Unknown column 'icon' in 'field list'
#0 /home/u716350106/domains/my3skills.com/public_html/system/Database/MySQLi/Connection.php(330): mysqli->query('INSERT INTO `su...')
#1 /home/u716350106/domains/my3skills.com/public_html/system/Database/BaseConnection.php(738): CodeIgniter\Database\MySQLi\Connection->execute('INSERT INTO `su...')
#2 /home/u716350106/domains/my3skills.com/public_html/system/Database/BaseConnection.php(666): CodeIgniter\Database\BaseConnection->simpleQuery('INSERT INTO `su...')
#3 /home/u716350106/domains/my3skills.com/public_html/system/Database/BaseBuilder.php(2206): CodeIgniter\Database\BaseConnection->query('INSERT INTO `su...', Array, false)
#4 /home/u716350106/domains/my3skills.com/public_html/system/Model.php(722): CodeIgniter\Database\BaseBuilder->insert()
#5 /home/u716350106/domains/my3skills.com/public_html/system/Model.php(550): CodeIgniter\Model->insert(Array, false)
#6 /home/u716350106/domains/my3skills.com/public_html/app/Controllers/Subcategory.php(44): CodeIgniter\Model->save(Array)
#7 /home/u716350106/domains/my3skills.com/public_html/system/CodeIgniter.php(910): App\Controllers\Subcategory->insert()
#8 /home/u716350106/domains/my3skills.com/public_html/system/CodeIgniter.php(398): CodeIgniter\CodeIgniter->runController(Object(App\Controllers\Subcategory))
#9 /home/u716350106/domains/my3skills.com/public_html/system/CodeIgniter.php(306): CodeIgniter\CodeIgniter->handleRequest(NULL, Object(Config\Cache), false)
#10 /home/u716350106/domains/my3skills.com/public_html/index.php(53): CodeIgniter\CodeIgniter->run()
#11 {main}
CRITICAL - 2020-08-08 15:05:08 --> Unknown column 'icon' in 'field list'
#0 /home/u716350106/domains/my3skills.com/public_html/system/Database/MySQLi/Connection.php(330): mysqli->query('INSERT INTO `su...')
#1 /home/u716350106/domains/my3skills.com/public_html/system/Database/BaseConnection.php(738): CodeIgniter\Database\MySQLi\Connection->execute('INSERT INTO `su...')
#2 /home/u716350106/domains/my3skills.com/public_html/system/Database/BaseConnection.php(666): CodeIgniter\Database\BaseConnection->simpleQuery('INSERT INTO `su...')
#3 /home/u716350106/domains/my3skills.com/public_html/system/Database/BaseBuilder.php(2206): CodeIgniter\Database\BaseConnection->query('INSERT INTO `su...', Array, false)
#4 /home/u716350106/domains/my3skills.com/public_html/system/Model.php(722): CodeIgniter\Database\BaseBuilder->insert()
#5 /home/u716350106/domains/my3skills.com/public_html/system/Model.php(550): CodeIgniter\Model->insert(Array, false)
#6 /home/u716350106/domains/my3skills.com/public_html/app/Controllers/Subcategory.php(44): CodeIgniter\Model->save(Array)
#7 /home/u716350106/domains/my3skills.com/public_html/system/CodeIgniter.php(910): App\Controllers\Subcategory->insert()
#8 /home/u716350106/domains/my3skills.com/public_html/system/CodeIgniter.php(398): CodeIgniter\CodeIgniter->runController(Object(App\Controllers\Subcategory))
#9 /home/u716350106/domains/my3skills.com/public_html/system/CodeIgniter.php(306): CodeIgniter\CodeIgniter->handleRequest(NULL, Object(Config\Cache), false)
#10 /home/u716350106/domains/my3skills.com/public_html/index.php(53): CodeIgniter\CodeIgniter->run()
#11 {main}
CRITICAL - 2020-08-08 22:30:03 --> You have an error in your SQL syntax; check the manual that corresponds to your MariaDB server version for the right syntax to use near 'and quiz_id=' at line 1
#0 /home/u716350106/domains/my3skills.com/public_html/system/Database/MySQLi/Connection.php(330): mysqli->query('delete from stu...')
#1 /home/u716350106/domains/my3skills.com/public_html/system/Database/BaseConnection.php(738): CodeIgniter\Database\MySQLi\Connection->execute('delete from stu...')
#2 /home/u716350106/domains/my3skills.com/public_html/system/Database/BaseConnection.php(666): CodeIgniter\Database\BaseConnection->simpleQuery('delete from stu...')
#3 /home/u716350106/domains/my3skills.com/public_html/system/Model.php(1698): CodeIgniter\Database\BaseConnection->query('delete from stu...')
#4 /home/u716350106/domains/my3skills.com/public_html/app/Controllers/Services.php(1056): CodeIgniter\Model->__call('query', Array)
#5 /home/u716350106/domains/my3skills.com/public_html/system/CodeIgniter.php(910): App\Controllers\Services->submit_quiz()
#6 /home/u716350106/domains/my3skills.com/public_html/system/CodeIgniter.php(398): CodeIgniter\CodeIgniter->runController(Object(App\Controllers\Services))
#7 /home/u716350106/domains/my3skills.com/public_html/system/CodeIgniter.php(306): CodeIgniter\CodeIgniter->handleRequest(NULL, Object(Config\Cache), false)
#8 /home/u716350106/domains/my3skills.com/public_html/index.php(53): CodeIgniter\CodeIgniter->run()
#9 {main}
CRITICAL - 2020-08-08 23:42:20 --> Column 'device_type' cannot be null
#0 /home/u716350106/domains/my3skills.com/public_html/system/Database/MySQLi/Connection.php(330): mysqli->query('INSERT INTO `de...')
#1 /home/u716350106/domains/my3skills.com/public_html/system/Database/BaseConnection.php(738): CodeIgniter\Database\MySQLi\Connection->execute('INSERT INTO `de...')
#2 /home/u716350106/domains/my3skills.com/public_html/system/Database/BaseConnection.php(666): CodeIgniter\Database\BaseConnection->simpleQuery('INSERT INTO `de...')
#3 /home/u716350106/domains/my3skills.com/public_html/system/Database/BaseBuilder.php(2206): CodeIgniter\Database\BaseConnection->query('INSERT INTO `de...', Array, false)
#4 /home/u716350106/domains/my3skills.com/public_html/system/Model.php(722): CodeIgniter\Database\BaseBuilder->insert()
#5 /home/u716350106/domains/my3skills.com/public_html/app/Models/Devices_model.php(22): CodeIgniter\Model->insert(Array)
#6 /home/u716350106/domains/my3skills.com/public_html/app/Controllers/Services.php(1020): App\Models\Devices_model->add_device(Array, '3')
#7 /home/u716350106/domains/my3skills.com/public_html/system/CodeIgniter.php(910): App\Controllers\Services->check_mobile('917878868606')
#8 /home/u716350106/domains/my3skills.com/public_html/system/CodeIgniter.php(398): CodeIgniter\CodeIgniter->runController(Object(App\Controllers\Services))
#9 /home/u716350106/domains/my3skills.com/public_html/system/CodeIgniter.php(306): CodeIgniter\CodeIgniter->handleRequest(NULL, Object(Config\Cache), false)
#10 /home/u716350106/domains/my3skills.com/public_html/index.php(53): CodeIgniter\CodeIgniter->run()
#11 {main}
CRITICAL - 2020-08-08 23:43:15 --> Column 'device_type' cannot be null
#0 /home/u716350106/domains/my3skills.com/public_html/system/Database/MySQLi/Connection.php(330): mysqli->query('INSERT INTO `de...')
#1 /home/u716350106/domains/my3skills.com/public_html/system/Database/BaseConnection.php(738): CodeIgniter\Database\MySQLi\Connection->execute('INSERT INTO `de...')
#2 /home/u716350106/domains/my3skills.com/public_html/system/Database/BaseConnection.php(666): CodeIgniter\Database\BaseConnection->simpleQuery('INSERT INTO `de...')
#3 /home/u716350106/domains/my3skills.com/public_html/system/Database/BaseBuilder.php(2206): CodeIgniter\Database\BaseConnection->query('INSERT INTO `de...', Array, false)
#4 /home/u716350106/domains/my3skills.com/public_html/system/Model.php(722): CodeIgniter\Database\BaseBuilder->insert()
#5 /home/u716350106/domains/my3skills.com/public_html/app/Models/Devices_model.php(22): CodeIgniter\Model->insert(Array)
#6 /home/u716350106/domains/my3skills.com/public_html/app/Controllers/Services.php(1020): App\Models\Devices_model->add_device(Array, '3')
#7 /home/u716350106/domains/my3skills.com/public_html/system/CodeIgniter.php(910): App\Controllers\Services->check_mobile('917878868606')
#8 /home/u716350106/domains/my3skills.com/public_html/system/CodeIgniter.php(398): CodeIgniter\CodeIgniter->runController(Object(App\Controllers\Services))
#9 /home/u716350106/domains/my3skills.com/public_html/system/CodeIgniter.php(306): CodeIgniter\CodeIgniter->handleRequest(NULL, Object(Config\Cache), false)
#10 /home/u716350106/domains/my3skills.com/public_html/index.php(53): CodeIgniter\CodeIgniter->run()
#11 {main}
