CRITICAL - 2020-08-31 19:20:40 --> Call to a member function query() on null
#0 C:\xampp\htdocs\my3skill\system\CodeIgniter.php(910): App\Controllers\Dashboard->unpublished()
#1 C:\xampp\htdocs\my3skill\system\CodeIgniter.php(398): CodeIgniter\CodeIgniter->runController(Object(App\Controllers\Dashboard))
#2 C:\xampp\htdocs\my3skill\system\CodeIgniter.php(306): CodeIgniter\CodeIgniter->handleRequest(NULL, Object(Config\Cache), false)
#3 C:\xampp\htdocs\my3skill\index.php(53): CodeIgniter\CodeIgniter->run()
#4 {main}
CRITICAL - 2020-08-31 22:56:27 --> FUNCTION my3skill.average does not exist
#0 C:\xampp\htdocs\my3skill\system\Database\MySQLi\Connection.php(330): mysqli->query('select average(...')
#1 C:\xampp\htdocs\my3skill\system\Database\BaseConnection.php(738): CodeIgniter\Database\MySQLi\Connection->execute('select average(...')
#2 C:\xampp\htdocs\my3skill\system\Database\BaseConnection.php(666): CodeIgniter\Database\BaseConnection->simpleQuery('select average(...')
#3 C:\xampp\htdocs\my3skill\system\Model.php(1698): CodeIgniter\Database\BaseConnection->query('select average(...')
#4 C:\xampp\htdocs\my3skill\app\Controllers\Web.php(358): CodeIgniter\Model->__call('query', Array)
#5 C:\xampp\htdocs\my3skill\system\CodeIgniter.php(910): App\Controllers\Web->course('2', 'testing-title-o...')
#6 C:\xampp\htdocs\my3skill\system\CodeIgniter.php(398): CodeIgniter\CodeIgniter->runController(Object(App\Controllers\Web))
#7 C:\xampp\htdocs\my3skill\system\CodeIgniter.php(306): CodeIgniter\CodeIgniter->handleRequest(NULL, Object(Config\Cache), false)
#8 C:\xampp\htdocs\my3skill\index.php(53): CodeIgniter\CodeIgniter->run()
#9 {main}
CRITICAL - 2020-08-31 22:57:23 --> You have an error in your SQL syntax; check the manual that corresponds to your MariaDB server version for the right syntax to use near '*) as total from review r,course c where r.course_id=c.id and c.inserted_by=1' at line 1
#0 C:\xampp\htdocs\my3skill\system\Database\MySQLi\Connection.php(330): mysqli->query('select count(r....')
#1 C:\xampp\htdocs\my3skill\system\Database\BaseConnection.php(738): CodeIgniter\Database\MySQLi\Connection->execute('select count(r....')
#2 C:\xampp\htdocs\my3skill\system\Database\BaseConnection.php(666): CodeIgniter\Database\BaseConnection->simpleQuery('select count(r....')
#3 C:\xampp\htdocs\my3skill\system\Model.php(1698): CodeIgniter\Database\BaseConnection->query('select count(r....')
#4 C:\xampp\htdocs\my3skill\app\Controllers\Web.php(359): CodeIgniter\Model->__call('query', Array)
#5 C:\xampp\htdocs\my3skill\system\CodeIgniter.php(910): App\Controllers\Web->course('2', 'testing-title-o...')
#6 C:\xampp\htdocs\my3skill\system\CodeIgniter.php(398): CodeIgniter\CodeIgniter->runController(Object(App\Controllers\Web))
#7 C:\xampp\htdocs\my3skill\system\CodeIgniter.php(306): CodeIgniter\CodeIgniter->handleRequest(NULL, Object(Config\Cache), false)
#8 C:\xampp\htdocs\my3skill\index.php(53): CodeIgniter\CodeIgniter->run()
#9 {main}
CRITICAL - 2020-08-31 22:58:40 --> You have an error in your SQL syntax; check the manual that corresponds to your MariaDB server version for the right syntax to use near '*) as total from student_course sc,course c where sc.course_id=c.id and c.insert' at line 1
#0 C:\xampp\htdocs\my3skill\system\Database\MySQLi\Connection.php(330): mysqli->query('select count(sc...')
#1 C:\xampp\htdocs\my3skill\system\Database\BaseConnection.php(738): CodeIgniter\Database\MySQLi\Connection->execute('select count(sc...')
#2 C:\xampp\htdocs\my3skill\system\Database\BaseConnection.php(666): CodeIgniter\Database\BaseConnection->simpleQuery('select count(sc...')
#3 C:\xampp\htdocs\my3skill\system\Model.php(1698): CodeIgniter\Database\BaseConnection->query('select count(sc...')
#4 C:\xampp\htdocs\my3skill\app\Controllers\Web.php(360): CodeIgniter\Model->__call('query', Array)
#5 C:\xampp\htdocs\my3skill\system\CodeIgniter.php(910): App\Controllers\Web->course('2', 'testing-title-o...')
#6 C:\xampp\htdocs\my3skill\system\CodeIgniter.php(398): CodeIgniter\CodeIgniter->runController(Object(App\Controllers\Web))
#7 C:\xampp\htdocs\my3skill\system\CodeIgniter.php(306): CodeIgniter\CodeIgniter->handleRequest(NULL, Object(Config\Cache), false)
#8 C:\xampp\htdocs\my3skill\index.php(53): CodeIgniter\CodeIgniter->run()
#9 {main}
