CRITICAL - 2020-11-09 12:07:00 --> Too few arguments to function App\Controllers\Api::cart(), 0 passed in /home/whoami/Projects/e-commerce/system/CodeIgniter.php on line 910 and exactly 1 expected
#0 /home/whoami/Projects/e-commerce/system/CodeIgniter.php(910): App\Controllers\Api->cart()
#1 /home/whoami/Projects/e-commerce/system/CodeIgniter.php(398): CodeIgniter\CodeIgniter->runController()
#2 /home/whoami/Projects/e-commerce/system/CodeIgniter.php(306): CodeIgniter\CodeIgniter->handleRequest()
#3 /home/whoami/Projects/e-commerce/index.php(53): CodeIgniter\CodeIgniter->run()
#4 {main}
CRITICAL - 2020-11-09 15:19:03 --> Table 'kriishna_vegetable.cart' doesn't exist
#0 /home/kriishna/vegetable.krishnasoftweb.com/system/Database/MySQLi/Connection.php(330): mysqli->query('select c.*, p.*...')
#1 /home/kriishna/vegetable.krishnasoftweb.com/system/Database/BaseConnection.php(738): CodeIgniter\Database\MySQLi\Connection->execute('select c.*, p.*...')
#2 /home/kriishna/vegetable.krishnasoftweb.com/system/Database/BaseConnection.php(666): CodeIgniter\Database\BaseConnection->simpleQuery('select c.*, p.*...')
#3 /home/kriishna/vegetable.krishnasoftweb.com/system/Model.php(1698): CodeIgniter\Database\BaseConnection->query('select c.*, p.*...', Array)
#4 /home/kriishna/vegetable.krishnasoftweb.com/app/Controllers/Api.php(642): CodeIgniter\Model->__call('query', Array)
#5 /home/kriishna/vegetable.krishnasoftweb.com/system/CodeIgniter.php(910): App\Controllers\Api->cart('view')
#6 /home/kriishna/vegetable.krishnasoftweb.com/system/CodeIgniter.php(398): CodeIgniter\CodeIgniter->runController(Object(App\Controllers\Api))
#7 /home/kriishna/vegetable.krishnasoftweb.com/system/CodeIgniter.php(306): CodeIgniter\CodeIgniter->handleRequest(NULL, Object(Config\Cache), false)
#8 /home/kriishna/vegetable.krishnasoftweb.com/index.php(53): CodeIgniter\CodeIgniter->run()
#9 {main}
CRITICAL - 2020-11-09 15:19:38 --> Table 'kriishna_vegetable.cart' doesn't exist
#0 /home/kriishna/vegetable.krishnasoftweb.com/system/Database/MySQLi/Connection.php(330): mysqli->query('select c.*, p.*...')
#1 /home/kriishna/vegetable.krishnasoftweb.com/system/Database/BaseConnection.php(738): CodeIgniter\Database\MySQLi\Connection->execute('select c.*, p.*...')
#2 /home/kriishna/vegetable.krishnasoftweb.com/system/Database/BaseConnection.php(666): CodeIgniter\Database\BaseConnection->simpleQuery('select c.*, p.*...')
#3 /home/kriishna/vegetable.krishnasoftweb.com/system/Model.php(1698): CodeIgniter\Database\BaseConnection->query('select c.*, p.*...', Array)
#4 /home/kriishna/vegetable.krishnasoftweb.com/app/Controllers/Api.php(642): CodeIgniter\Model->__call('query', Array)
#5 /home/kriishna/vegetable.krishnasoftweb.com/system/CodeIgniter.php(910): App\Controllers\Api->cart('view')
#6 /home/kriishna/vegetable.krishnasoftweb.com/system/CodeIgniter.php(398): CodeIgniter\CodeIgniter->runController(Object(App\Controllers\Api))
#7 /home/kriishna/vegetable.krishnasoftweb.com/system/CodeIgniter.php(306): CodeIgniter\CodeIgniter->handleRequest(NULL, Object(Config\Cache), false)
#8 /home/kriishna/vegetable.krishnasoftweb.com/index.php(53): CodeIgniter\CodeIgniter->run()
#9 {main}
CRITICAL - 2020-11-09 15:21:27 --> Table 'kriishna_vegetable.cart' doesn't exist
#0 /home/kriishna/vegetable.krishnasoftweb.com/system/Database/MySQLi/Connection.php(330): mysqli->query('select c.*, p.*...')
#1 /home/kriishna/vegetable.krishnasoftweb.com/system/Database/BaseConnection.php(738): CodeIgniter\Database\MySQLi\Connection->execute('select c.*, p.*...')
#2 /home/kriishna/vegetable.krishnasoftweb.com/system/Database/BaseConnection.php(666): CodeIgniter\Database\BaseConnection->simpleQuery('select c.*, p.*...')
#3 /home/kriishna/vegetable.krishnasoftweb.com/system/Model.php(1698): CodeIgniter\Database\BaseConnection->query('select c.*, p.*...', Array)
#4 /home/kriishna/vegetable.krishnasoftweb.com/app/Controllers/Api.php(642): CodeIgniter\Model->__call('query', Array)
#5 /home/kriishna/vegetable.krishnasoftweb.com/system/CodeIgniter.php(910): App\Controllers\Api->cart('view')
#6 /home/kriishna/vegetable.krishnasoftweb.com/system/CodeIgniter.php(398): CodeIgniter\CodeIgniter->runController(Object(App\Controllers\Api))
#7 /home/kriishna/vegetable.krishnasoftweb.com/system/CodeIgniter.php(306): CodeIgniter\CodeIgniter->handleRequest(NULL, Object(Config\Cache), false)
#8 /home/kriishna/vegetable.krishnasoftweb.com/index.php(53): CodeIgniter\CodeIgniter->run()
#9 {main}
CRITICAL - 2020-11-09 15:21:54 --> Table 'kriishna_vegetable.cart' doesn't exist
#0 /home/kriishna/vegetable.krishnasoftweb.com/system/Database/MySQLi/Connection.php(330): mysqli->query('select c.*, p.*...')
#1 /home/kriishna/vegetable.krishnasoftweb.com/system/Database/BaseConnection.php(738): CodeIgniter\Database\MySQLi\Connection->execute('select c.*, p.*...')
#2 /home/kriishna/vegetable.krishnasoftweb.com/system/Database/BaseConnection.php(666): CodeIgniter\Database\BaseConnection->simpleQuery('select c.*, p.*...')
#3 /home/kriishna/vegetable.krishnasoftweb.com/system/Model.php(1698): CodeIgniter\Database\BaseConnection->query('select c.*, p.*...', Array)
#4 /home/kriishna/vegetable.krishnasoftweb.com/app/Controllers/Api.php(642): CodeIgniter\Model->__call('query', Array)
#5 /home/kriishna/vegetable.krishnasoftweb.com/system/CodeIgniter.php(910): App\Controllers\Api->cart('view')
#6 /home/kriishna/vegetable.krishnasoftweb.com/system/CodeIgniter.php(398): CodeIgniter\CodeIgniter->runController(Object(App\Controllers\Api))
#7 /home/kriishna/vegetable.krishnasoftweb.com/system/CodeIgniter.php(306): CodeIgniter\CodeIgniter->handleRequest(NULL, Object(Config\Cache), false)
#8 /home/kriishna/vegetable.krishnasoftweb.com/index.php(53): CodeIgniter\CodeIgniter->run()
#9 {main}
CRITICAL - 2020-11-09 15:36:50 --> Column 'quantity' cannot be null
#0 /home/kriishna/vegetable.krishnasoftweb.com/system/Database/MySQLi/Connection.php(330): mysqli->query('INSERT INTO `ca...')
#1 /home/kriishna/vegetable.krishnasoftweb.com/system/Database/BaseConnection.php(738): CodeIgniter\Database\MySQLi\Connection->execute('INSERT INTO `ca...')
#2 /home/kriishna/vegetable.krishnasoftweb.com/system/Database/BaseConnection.php(666): CodeIgniter\Database\BaseConnection->simpleQuery('INSERT INTO `ca...')
#3 /home/kriishna/vegetable.krishnasoftweb.com/system/Database/BaseBuilder.php(2206): CodeIgniter\Database\BaseConnection->query('INSERT INTO `ca...', Array, false)
#4 /home/kriishna/vegetable.krishnasoftweb.com/system/Model.php(722): CodeIgniter\Database\BaseBuilder->insert()
#5 /home/kriishna/vegetable.krishnasoftweb.com/system/Model.php(550): CodeIgniter\Model->insert(Array, false)
#6 /home/kriishna/vegetable.krishnasoftweb.com/app/Controllers/Api.php(616): CodeIgniter\Model->save(Array)
#7 /home/kriishna/vegetable.krishnasoftweb.com/system/CodeIgniter.php(910): App\Controllers\Api->cart('add')
#8 /home/kriishna/vegetable.krishnasoftweb.com/system/CodeIgniter.php(398): CodeIgniter\CodeIgniter->runController(Object(App\Controllers\Api))
#9 /home/kriishna/vegetable.krishnasoftweb.com/system/CodeIgniter.php(306): CodeIgniter\CodeIgniter->handleRequest(NULL, Object(Config\Cache), false)
#10 /home/kriishna/vegetable.krishnasoftweb.com/index.php(53): CodeIgniter\CodeIgniter->run()
#11 {main}
CRITICAL - 2020-11-09 15:37:17 --> Column 'quantity' cannot be null
#0 /home/kriishna/vegetable.krishnasoftweb.com/system/Database/MySQLi/Connection.php(330): mysqli->query('INSERT INTO `ca...')
#1 /home/kriishna/vegetable.krishnasoftweb.com/system/Database/BaseConnection.php(738): CodeIgniter\Database\MySQLi\Connection->execute('INSERT INTO `ca...')
#2 /home/kriishna/vegetable.krishnasoftweb.com/system/Database/BaseConnection.php(666): CodeIgniter\Database\BaseConnection->simpleQuery('INSERT INTO `ca...')
#3 /home/kriishna/vegetable.krishnasoftweb.com/system/Database/BaseBuilder.php(2206): CodeIgniter\Database\BaseConnection->query('INSERT INTO `ca...', Array, false)
#4 /home/kriishna/vegetable.krishnasoftweb.com/system/Model.php(722): CodeIgniter\Database\BaseBuilder->insert()
#5 /home/kriishna/vegetable.krishnasoftweb.com/system/Model.php(550): CodeIgniter\Model->insert(Array, false)
#6 /home/kriishna/vegetable.krishnasoftweb.com/app/Controllers/Api.php(616): CodeIgniter\Model->save(Array)
#7 /home/kriishna/vegetable.krishnasoftweb.com/system/CodeIgniter.php(910): App\Controllers\Api->cart('add')
#8 /home/kriishna/vegetable.krishnasoftweb.com/system/CodeIgniter.php(398): CodeIgniter\CodeIgniter->runController(Object(App\Controllers\Api))
#9 /home/kriishna/vegetable.krishnasoftweb.com/system/CodeIgniter.php(306): CodeIgniter\CodeIgniter->handleRequest(NULL, Object(Config\Cache), false)
#10 /home/kriishna/vegetable.krishnasoftweb.com/index.php(53): CodeIgniter\CodeIgniter->run()
#11 {main}
CRITICAL - 2020-11-09 15:39:22 --> Column 'quantity' cannot be null
#0 /home/kriishna/vegetable.krishnasoftweb.com/system/Database/MySQLi/Connection.php(330): mysqli->query('INSERT INTO `ca...')
#1 /home/kriishna/vegetable.krishnasoftweb.com/system/Database/BaseConnection.php(738): CodeIgniter\Database\MySQLi\Connection->execute('INSERT INTO `ca...')
#2 /home/kriishna/vegetable.krishnasoftweb.com/system/Database/BaseConnection.php(666): CodeIgniter\Database\BaseConnection->simpleQuery('INSERT INTO `ca...')
#3 /home/kriishna/vegetable.krishnasoftweb.com/system/Database/BaseBuilder.php(2206): CodeIgniter\Database\BaseConnection->query('INSERT INTO `ca...', Array, false)
#4 /home/kriishna/vegetable.krishnasoftweb.com/system/Model.php(722): CodeIgniter\Database\BaseBuilder->insert()
#5 /home/kriishna/vegetable.krishnasoftweb.com/system/Model.php(550): CodeIgniter\Model->insert(Array, false)
#6 /home/kriishna/vegetable.krishnasoftweb.com/app/Controllers/Api.php(616): CodeIgniter\Model->save(Array)
#7 /home/kriishna/vegetable.krishnasoftweb.com/system/CodeIgniter.php(910): App\Controllers\Api->cart('add')
#8 /home/kriishna/vegetable.krishnasoftweb.com/system/CodeIgniter.php(398): CodeIgniter\CodeIgniter->runController(Object(App\Controllers\Api))
#9 /home/kriishna/vegetable.krishnasoftweb.com/system/CodeIgniter.php(306): CodeIgniter\CodeIgniter->handleRequest(NULL, Object(Config\Cache), false)
#10 /home/kriishna/vegetable.krishnasoftweb.com/index.php(53): CodeIgniter\CodeIgniter->run()
#11 {main}
CRITICAL - 2020-11-09 15:40:10 --> Column 'quantity' cannot be null
#0 /home/kriishna/vegetable.krishnasoftweb.com/system/Database/MySQLi/Connection.php(330): mysqli->query('INSERT INTO `ca...')
#1 /home/kriishna/vegetable.krishnasoftweb.com/system/Database/BaseConnection.php(738): CodeIgniter\Database\MySQLi\Connection->execute('INSERT INTO `ca...')
#2 /home/kriishna/vegetable.krishnasoftweb.com/system/Database/BaseConnection.php(666): CodeIgniter\Database\BaseConnection->simpleQuery('INSERT INTO `ca...')
#3 /home/kriishna/vegetable.krishnasoftweb.com/system/Database/BaseBuilder.php(2206): CodeIgniter\Database\BaseConnection->query('INSERT INTO `ca...', Array, false)
#4 /home/kriishna/vegetable.krishnasoftweb.com/system/Model.php(722): CodeIgniter\Database\BaseBuilder->insert()
#5 /home/kriishna/vegetable.krishnasoftweb.com/system/Model.php(550): CodeIgniter\Model->insert(Array, false)
#6 /home/kriishna/vegetable.krishnasoftweb.com/app/Controllers/Api.php(616): CodeIgniter\Model->save(Array)
#7 /home/kriishna/vegetable.krishnasoftweb.com/system/CodeIgniter.php(910): App\Controllers\Api->cart('add')
#8 /home/kriishna/vegetable.krishnasoftweb.com/system/CodeIgniter.php(398): CodeIgniter\CodeIgniter->runController(Object(App\Controllers\Api))
#9 /home/kriishna/vegetable.krishnasoftweb.com/system/CodeIgniter.php(306): CodeIgniter\CodeIgniter->handleRequest(NULL, Object(Config\Cache), false)
#10 /home/kriishna/vegetable.krishnasoftweb.com/index.php(53): CodeIgniter\CodeIgniter->run()
#11 {main}
CRITICAL - 2020-11-09 16:38:40 --> Column 'quantity' cannot be null
#0 /home/kriishna/vegetable.krishnasoftweb.com/system/Database/MySQLi/Connection.php(330): mysqli->query('INSERT INTO `ca...')
#1 /home/kriishna/vegetable.krishnasoftweb.com/system/Database/BaseConnection.php(738): CodeIgniter\Database\MySQLi\Connection->execute('INSERT INTO `ca...')
#2 /home/kriishna/vegetable.krishnasoftweb.com/system/Database/BaseConnection.php(666): CodeIgniter\Database\BaseConnection->simpleQuery('INSERT INTO `ca...')
#3 /home/kriishna/vegetable.krishnasoftweb.com/system/Database/BaseBuilder.php(2206): CodeIgniter\Database\BaseConnection->query('INSERT INTO `ca...', Array, false)
#4 /home/kriishna/vegetable.krishnasoftweb.com/system/Model.php(722): CodeIgniter\Database\BaseBuilder->insert()
#5 /home/kriishna/vegetable.krishnasoftweb.com/system/Model.php(550): CodeIgniter\Model->insert(Array, false)
#6 /home/kriishna/vegetable.krishnasoftweb.com/app/Controllers/Api.php(641): CodeIgniter\Model->save(Array)
#7 /home/kriishna/vegetable.krishnasoftweb.com/system/CodeIgniter.php(910): App\Controllers\Api->cart('update_quantity')
#8 /home/kriishna/vegetable.krishnasoftweb.com/system/CodeIgniter.php(398): CodeIgniter\CodeIgniter->runController(Object(App\Controllers\Api))
#9 /home/kriishna/vegetable.krishnasoftweb.com/system/CodeIgniter.php(306): CodeIgniter\CodeIgniter->handleRequest(NULL, Object(Config\Cache), false)
#10 /home/kriishna/vegetable.krishnasoftweb.com/index.php(53): CodeIgniter\CodeIgniter->run()
#11 {main}
