CRITICAL - 2021-01-10 06:27:33 --> Unknown column 'p.capacity' in 'field list'
#0 /home3/saptkri1/admin.saptkrishi.in/system/Database/MySQLi/Connection.php(330): mysqli->query('select c.*, p.c...')
#1 /home3/saptkri1/admin.saptkrishi.in/system/Database/BaseConnection.php(738): CodeIgniter\Database\MySQLi\Connection->execute('select c.*, p.c...')
#2 /home3/saptkri1/admin.saptkrishi.in/system/Database/BaseConnection.php(666): CodeIgniter\Database\BaseConnection->simpleQuery('select c.*, p.c...')
#3 /home3/saptkri1/admin.saptkrishi.in/system/Model.php(1698): CodeIgniter\Database\BaseConnection->query('select c.*, p.c...', Array)
#4 /home3/saptkri1/admin.saptkrishi.in/app/Controllers/Api.php(981): CodeIgniter\Model->__call('query', Array)
#5 /home3/saptkri1/admin.saptkrishi.in/system/CodeIgniter.php(910): App\Controllers\Api->cart('view')
#6 /home3/saptkri1/admin.saptkrishi.in/system/CodeIgniter.php(398): CodeIgniter\CodeIgniter->runController(Object(App\Controllers\Api))
#7 /home3/saptkri1/admin.saptkrishi.in/system/CodeIgniter.php(306): CodeIgniter\CodeIgniter->handleRequest(NULL, Object(Config\Cache), false)
#8 /home3/saptkri1/admin.saptkrishi.in/index.php(53): CodeIgniter\CodeIgniter->run()
#9 {main}
CRITICAL - 2021-01-10 06:28:13 --> Unknown column 'p.capacity' in 'field list'
#0 /home3/saptkri1/admin.saptkrishi.in/system/Database/MySQLi/Connection.php(330): mysqli->query('select c.*, p.c...')
#1 /home3/saptkri1/admin.saptkrishi.in/system/Database/BaseConnection.php(738): CodeIgniter\Database\MySQLi\Connection->execute('select c.*, p.c...')
#2 /home3/saptkri1/admin.saptkrishi.in/system/Database/BaseConnection.php(666): CodeIgniter\Database\BaseConnection->simpleQuery('select c.*, p.c...')
#3 /home3/saptkri1/admin.saptkrishi.in/system/Model.php(1698): CodeIgniter\Database\BaseConnection->query('select c.*, p.c...', Array)
#4 /home3/saptkri1/admin.saptkrishi.in/app/Controllers/Api.php(981): CodeIgniter\Model->__call('query', Array)
#5 /home3/saptkri1/admin.saptkrishi.in/system/CodeIgniter.php(910): App\Controllers\Api->cart('view')
#6 /home3/saptkri1/admin.saptkrishi.in/system/CodeIgniter.php(398): CodeIgniter\CodeIgniter->runController(Object(App\Controllers\Api))
#7 /home3/saptkri1/admin.saptkrishi.in/system/CodeIgniter.php(306): CodeIgniter\CodeIgniter->handleRequest(NULL, Object(Config\Cache), false)
#8 /home3/saptkri1/admin.saptkrishi.in/index.php(53): CodeIgniter\CodeIgniter->run()
#9 {main}
CRITICAL - 2021-01-10 06:31:42 --> Unknown column 'p.capacity' in 'field list'
#0 /home3/saptkri1/admin.saptkrishi.in/system/Database/MySQLi/Connection.php(330): mysqli->query('select c.*, p.c...')
#1 /home3/saptkri1/admin.saptkrishi.in/system/Database/BaseConnection.php(738): CodeIgniter\Database\MySQLi\Connection->execute('select c.*, p.c...')
#2 /home3/saptkri1/admin.saptkrishi.in/system/Database/BaseConnection.php(666): CodeIgniter\Database\BaseConnection->simpleQuery('select c.*, p.c...')
#3 /home3/saptkri1/admin.saptkrishi.in/system/Model.php(1698): CodeIgniter\Database\BaseConnection->query('select c.*, p.c...', Array)
#4 /home3/saptkri1/admin.saptkrishi.in/app/Controllers/Api.php(981): CodeIgniter\Model->__call('query', Array)
#5 /home3/saptkri1/admin.saptkrishi.in/system/CodeIgniter.php(910): App\Controllers\Api->cart('view')
#6 /home3/saptkri1/admin.saptkrishi.in/system/CodeIgniter.php(398): CodeIgniter\CodeIgniter->runController(Object(App\Controllers\Api))
#7 /home3/saptkri1/admin.saptkrishi.in/system/CodeIgniter.php(306): CodeIgniter\CodeIgniter->handleRequest(NULL, Object(Config\Cache), false)
#8 /home3/saptkri1/admin.saptkrishi.in/index.php(53): CodeIgniter\CodeIgniter->run()
#9 {main}
CRITICAL - 2021-01-10 07:53:17 --> Unknown column 'p.capacity' in 'field list'
#0 /home3/saptkri1/admin.saptkrishi.in/system/Database/MySQLi/Connection.php(330): mysqli->query('select c.*, p.c...')
#1 /home3/saptkri1/admin.saptkrishi.in/system/Database/BaseConnection.php(738): CodeIgniter\Database\MySQLi\Connection->execute('select c.*, p.c...')
#2 /home3/saptkri1/admin.saptkrishi.in/system/Database/BaseConnection.php(666): CodeIgniter\Database\BaseConnection->simpleQuery('select c.*, p.c...')
#3 /home3/saptkri1/admin.saptkrishi.in/system/Model.php(1698): CodeIgniter\Database\BaseConnection->query('select c.*, p.c...', Array)
#4 /home3/saptkri1/admin.saptkrishi.in/app/Controllers/Api.php(981): CodeIgniter\Model->__call('query', Array)
#5 /home3/saptkri1/admin.saptkrishi.in/system/CodeIgniter.php(910): App\Controllers\Api->cart('view')
#6 /home3/saptkri1/admin.saptkrishi.in/system/CodeIgniter.php(398): CodeIgniter\CodeIgniter->runController(Object(App\Controllers\Api))
#7 /home3/saptkri1/admin.saptkrishi.in/system/CodeIgniter.php(306): CodeIgniter\CodeIgniter->handleRequest(NULL, Object(Config\Cache), false)
#8 /home3/saptkri1/admin.saptkrishi.in/index.php(53): CodeIgniter\CodeIgniter->run()
#9 {main}
CRITICAL - 2021-01-10 07:58:13 --> Unknown column 'p.capacity' in 'field list'
#0 /home3/saptkri1/admin.saptkrishi.in/system/Database/MySQLi/Connection.php(330): mysqli->query('select c.*, p.c...')
#1 /home3/saptkri1/admin.saptkrishi.in/system/Database/BaseConnection.php(738): CodeIgniter\Database\MySQLi\Connection->execute('select c.*, p.c...')
#2 /home3/saptkri1/admin.saptkrishi.in/system/Database/BaseConnection.php(666): CodeIgniter\Database\BaseConnection->simpleQuery('select c.*, p.c...')
#3 /home3/saptkri1/admin.saptkrishi.in/system/Model.php(1698): CodeIgniter\Database\BaseConnection->query('select c.*, p.c...', Array)
#4 /home3/saptkri1/admin.saptkrishi.in/app/Controllers/Api.php(981): CodeIgniter\Model->__call('query', Array)
#5 /home3/saptkri1/admin.saptkrishi.in/system/CodeIgniter.php(910): App\Controllers\Api->cart('view')
#6 /home3/saptkri1/admin.saptkrishi.in/system/CodeIgniter.php(398): CodeIgniter\CodeIgniter->runController(Object(App\Controllers\Api))
#7 /home3/saptkri1/admin.saptkrishi.in/system/CodeIgniter.php(306): CodeIgniter\CodeIgniter->handleRequest(NULL, Object(Config\Cache), false)
#8 /home3/saptkri1/admin.saptkrishi.in/index.php(53): CodeIgniter\CodeIgniter->run()
#9 {main}
CRITICAL - 2021-01-10 08:00:34 --> Unknown column 'p.capacity' in 'field list'
#0 /home3/saptkri1/admin.saptkrishi.in/system/Database/MySQLi/Connection.php(330): mysqli->query('select c.*, p.c...')
#1 /home3/saptkri1/admin.saptkrishi.in/system/Database/BaseConnection.php(738): CodeIgniter\Database\MySQLi\Connection->execute('select c.*, p.c...')
#2 /home3/saptkri1/admin.saptkrishi.in/system/Database/BaseConnection.php(666): CodeIgniter\Database\BaseConnection->simpleQuery('select c.*, p.c...')
#3 /home3/saptkri1/admin.saptkrishi.in/system/Model.php(1698): CodeIgniter\Database\BaseConnection->query('select c.*, p.c...', Array)
#4 /home3/saptkri1/admin.saptkrishi.in/app/Controllers/Api.php(981): CodeIgniter\Model->__call('query', Array)
#5 /home3/saptkri1/admin.saptkrishi.in/system/CodeIgniter.php(910): App\Controllers\Api->cart('view')
#6 /home3/saptkri1/admin.saptkrishi.in/system/CodeIgniter.php(398): CodeIgniter\CodeIgniter->runController(Object(App\Controllers\Api))
#7 /home3/saptkri1/admin.saptkrishi.in/system/CodeIgniter.php(306): CodeIgniter\CodeIgniter->handleRequest(NULL, Object(Config\Cache), false)
#8 /home3/saptkri1/admin.saptkrishi.in/index.php(53): CodeIgniter\CodeIgniter->run()
#9 {main}
CRITICAL - 2021-01-10 08:01:32 --> Unknown column 'p.capacity' in 'field list'
#0 /home3/saptkri1/admin.saptkrishi.in/system/Database/MySQLi/Connection.php(330): mysqli->query('select c.*, p.c...')
#1 /home3/saptkri1/admin.saptkrishi.in/system/Database/BaseConnection.php(738): CodeIgniter\Database\MySQLi\Connection->execute('select c.*, p.c...')
#2 /home3/saptkri1/admin.saptkrishi.in/system/Database/BaseConnection.php(666): CodeIgniter\Database\BaseConnection->simpleQuery('select c.*, p.c...')
#3 /home3/saptkri1/admin.saptkrishi.in/system/Model.php(1698): CodeIgniter\Database\BaseConnection->query('select c.*, p.c...', Array)
#4 /home3/saptkri1/admin.saptkrishi.in/app/Controllers/Api.php(981): CodeIgniter\Model->__call('query', Array)
#5 /home3/saptkri1/admin.saptkrishi.in/system/CodeIgniter.php(910): App\Controllers\Api->cart('view')
#6 /home3/saptkri1/admin.saptkrishi.in/system/CodeIgniter.php(398): CodeIgniter\CodeIgniter->runController(Object(App\Controllers\Api))
#7 /home3/saptkri1/admin.saptkrishi.in/system/CodeIgniter.php(306): CodeIgniter\CodeIgniter->handleRequest(NULL, Object(Config\Cache), false)
#8 /home3/saptkri1/admin.saptkrishi.in/index.php(53): CodeIgniter\CodeIgniter->run()
#9 {main}
CRITICAL - 2021-01-10 08:03:56 --> Unknown column 'p.capacity' in 'field list'
#0 /home3/saptkri1/admin.saptkrishi.in/system/Database/MySQLi/Connection.php(330): mysqli->query('select c.*, p.c...')
#1 /home3/saptkri1/admin.saptkrishi.in/system/Database/BaseConnection.php(738): CodeIgniter\Database\MySQLi\Connection->execute('select c.*, p.c...')
#2 /home3/saptkri1/admin.saptkrishi.in/system/Database/BaseConnection.php(666): CodeIgniter\Database\BaseConnection->simpleQuery('select c.*, p.c...')
#3 /home3/saptkri1/admin.saptkrishi.in/system/Model.php(1698): CodeIgniter\Database\BaseConnection->query('select c.*, p.c...', Array)
#4 /home3/saptkri1/admin.saptkrishi.in/app/Controllers/Api.php(981): CodeIgniter\Model->__call('query', Array)
#5 /home3/saptkri1/admin.saptkrishi.in/system/CodeIgniter.php(910): App\Controllers\Api->cart('view')
#6 /home3/saptkri1/admin.saptkrishi.in/system/CodeIgniter.php(398): CodeIgniter\CodeIgniter->runController(Object(App\Controllers\Api))
#7 /home3/saptkri1/admin.saptkrishi.in/system/CodeIgniter.php(306): CodeIgniter\CodeIgniter->handleRequest(NULL, Object(Config\Cache), false)
#8 /home3/saptkri1/admin.saptkrishi.in/index.php(53): CodeIgniter\CodeIgniter->run()
#9 {main}
CRITICAL - 2021-01-10 08:07:09 --> Unknown column 'p.capacity' in 'field list'
#0 /home3/saptkri1/admin.saptkrishi.in/system/Database/MySQLi/Connection.php(330): mysqli->query('select c.*, p.c...')
#1 /home3/saptkri1/admin.saptkrishi.in/system/Database/BaseConnection.php(738): CodeIgniter\Database\MySQLi\Connection->execute('select c.*, p.c...')
#2 /home3/saptkri1/admin.saptkrishi.in/system/Database/BaseConnection.php(666): CodeIgniter\Database\BaseConnection->simpleQuery('select c.*, p.c...')
#3 /home3/saptkri1/admin.saptkrishi.in/system/Model.php(1698): CodeIgniter\Database\BaseConnection->query('select c.*, p.c...', Array)
#4 /home3/saptkri1/admin.saptkrishi.in/app/Controllers/Api.php(981): CodeIgniter\Model->__call('query', Array)
#5 /home3/saptkri1/admin.saptkrishi.in/system/CodeIgniter.php(910): App\Controllers\Api->cart('view')
#6 /home3/saptkri1/admin.saptkrishi.in/system/CodeIgniter.php(398): CodeIgniter\CodeIgniter->runController(Object(App\Controllers\Api))
#7 /home3/saptkri1/admin.saptkrishi.in/system/CodeIgniter.php(306): CodeIgniter\CodeIgniter->handleRequest(NULL, Object(Config\Cache), false)
#8 /home3/saptkri1/admin.saptkrishi.in/index.php(53): CodeIgniter\CodeIgniter->run()
#9 {main}
CRITICAL - 2021-01-10 08:09:48 --> Unknown column 'p.capacity' in 'field list'
#0 /home3/saptkri1/admin.saptkrishi.in/system/Database/MySQLi/Connection.php(330): mysqli->query('select c.*, p.c...')
#1 /home3/saptkri1/admin.saptkrishi.in/system/Database/BaseConnection.php(738): CodeIgniter\Database\MySQLi\Connection->execute('select c.*, p.c...')
#2 /home3/saptkri1/admin.saptkrishi.in/system/Database/BaseConnection.php(666): CodeIgniter\Database\BaseConnection->simpleQuery('select c.*, p.c...')
#3 /home3/saptkri1/admin.saptkrishi.in/system/Model.php(1698): CodeIgniter\Database\BaseConnection->query('select c.*, p.c...', Array)
#4 /home3/saptkri1/admin.saptkrishi.in/app/Controllers/Api.php(981): CodeIgniter\Model->__call('query', Array)
#5 /home3/saptkri1/admin.saptkrishi.in/system/CodeIgniter.php(910): App\Controllers\Api->cart('view')
#6 /home3/saptkri1/admin.saptkrishi.in/system/CodeIgniter.php(398): CodeIgniter\CodeIgniter->runController(Object(App\Controllers\Api))
#7 /home3/saptkri1/admin.saptkrishi.in/system/CodeIgniter.php(306): CodeIgniter\CodeIgniter->handleRequest(NULL, Object(Config\Cache), false)
#8 /home3/saptkri1/admin.saptkrishi.in/index.php(53): CodeIgniter\CodeIgniter->run()
#9 {main}
CRITICAL - 2021-01-10 08:30:13 --> Unknown column 'p.capacity' in 'field list'
#0 /home3/saptkri1/admin.saptkrishi.in/system/Database/MySQLi/Connection.php(330): mysqli->query('select c.*, p.c...')
#1 /home3/saptkri1/admin.saptkrishi.in/system/Database/BaseConnection.php(738): CodeIgniter\Database\MySQLi\Connection->execute('select c.*, p.c...')
#2 /home3/saptkri1/admin.saptkrishi.in/system/Database/BaseConnection.php(666): CodeIgniter\Database\BaseConnection->simpleQuery('select c.*, p.c...')
#3 /home3/saptkri1/admin.saptkrishi.in/system/Model.php(1698): CodeIgniter\Database\BaseConnection->query('select c.*, p.c...', Array)
#4 /home3/saptkri1/admin.saptkrishi.in/app/Controllers/Api.php(981): CodeIgniter\Model->__call('query', Array)
#5 /home3/saptkri1/admin.saptkrishi.in/system/CodeIgniter.php(910): App\Controllers\Api->cart('view')
#6 /home3/saptkri1/admin.saptkrishi.in/system/CodeIgniter.php(398): CodeIgniter\CodeIgniter->runController(Object(App\Controllers\Api))
#7 /home3/saptkri1/admin.saptkrishi.in/system/CodeIgniter.php(306): CodeIgniter\CodeIgniter->handleRequest(NULL, Object(Config\Cache), false)
#8 /home3/saptkri1/admin.saptkrishi.in/index.php(53): CodeIgniter\CodeIgniter->run()
#9 {main}
CRITICAL - 2021-01-10 08:42:01 --> Unknown column 'p.capacity' in 'field list'
#0 /home3/saptkri1/admin.saptkrishi.in/system/Database/MySQLi/Connection.php(330): mysqli->query('select c.*, p.c...')
#1 /home3/saptkri1/admin.saptkrishi.in/system/Database/BaseConnection.php(738): CodeIgniter\Database\MySQLi\Connection->execute('select c.*, p.c...')
#2 /home3/saptkri1/admin.saptkrishi.in/system/Database/BaseConnection.php(666): CodeIgniter\Database\BaseConnection->simpleQuery('select c.*, p.c...')
#3 /home3/saptkri1/admin.saptkrishi.in/system/Model.php(1698): CodeIgniter\Database\BaseConnection->query('select c.*, p.c...', Array)
#4 /home3/saptkri1/admin.saptkrishi.in/app/Controllers/Api.php(981): CodeIgniter\Model->__call('query', Array)
#5 /home3/saptkri1/admin.saptkrishi.in/system/CodeIgniter.php(910): App\Controllers\Api->cart('view')
#6 /home3/saptkri1/admin.saptkrishi.in/system/CodeIgniter.php(398): CodeIgniter\CodeIgniter->runController(Object(App\Controllers\Api))
#7 /home3/saptkri1/admin.saptkrishi.in/system/CodeIgniter.php(306): CodeIgniter\CodeIgniter->handleRequest(NULL, Object(Config\Cache), false)
#8 /home3/saptkri1/admin.saptkrishi.in/index.php(53): CodeIgniter\CodeIgniter->run()
#9 {main}
CRITICAL - 2021-01-10 08:43:12 --> Unknown column 'p.capacity' in 'field list'
#0 /home3/saptkri1/admin.saptkrishi.in/system/Database/MySQLi/Connection.php(330): mysqli->query('select c.*, p.c...')
#1 /home3/saptkri1/admin.saptkrishi.in/system/Database/BaseConnection.php(738): CodeIgniter\Database\MySQLi\Connection->execute('select c.*, p.c...')
#2 /home3/saptkri1/admin.saptkrishi.in/system/Database/BaseConnection.php(666): CodeIgniter\Database\BaseConnection->simpleQuery('select c.*, p.c...')
#3 /home3/saptkri1/admin.saptkrishi.in/system/Model.php(1698): CodeIgniter\Database\BaseConnection->query('select c.*, p.c...', Array)
#4 /home3/saptkri1/admin.saptkrishi.in/app/Controllers/Api.php(981): CodeIgniter\Model->__call('query', Array)
#5 /home3/saptkri1/admin.saptkrishi.in/system/CodeIgniter.php(910): App\Controllers\Api->cart('view')
#6 /home3/saptkri1/admin.saptkrishi.in/system/CodeIgniter.php(398): CodeIgniter\CodeIgniter->runController(Object(App\Controllers\Api))
#7 /home3/saptkri1/admin.saptkrishi.in/system/CodeIgniter.php(306): CodeIgniter\CodeIgniter->handleRequest(NULL, Object(Config\Cache), false)
#8 /home3/saptkri1/admin.saptkrishi.in/index.php(53): CodeIgniter\CodeIgniter->run()
#9 {main}
CRITICAL - 2021-01-10 08:45:27 --> Unknown column 'p.capacity' in 'field list'
#0 /home3/saptkri1/admin.saptkrishi.in/system/Database/MySQLi/Connection.php(330): mysqli->query('select c.*, p.c...')
#1 /home3/saptkri1/admin.saptkrishi.in/system/Database/BaseConnection.php(738): CodeIgniter\Database\MySQLi\Connection->execute('select c.*, p.c...')
#2 /home3/saptkri1/admin.saptkrishi.in/system/Database/BaseConnection.php(666): CodeIgniter\Database\BaseConnection->simpleQuery('select c.*, p.c...')
#3 /home3/saptkri1/admin.saptkrishi.in/system/Model.php(1698): CodeIgniter\Database\BaseConnection->query('select c.*, p.c...', Array)
#4 /home3/saptkri1/admin.saptkrishi.in/app/Controllers/Api.php(981): CodeIgniter\Model->__call('query', Array)
#5 /home3/saptkri1/admin.saptkrishi.in/system/CodeIgniter.php(910): App\Controllers\Api->cart('view')
#6 /home3/saptkri1/admin.saptkrishi.in/system/CodeIgniter.php(398): CodeIgniter\CodeIgniter->runController(Object(App\Controllers\Api))
#7 /home3/saptkri1/admin.saptkrishi.in/system/CodeIgniter.php(306): CodeIgniter\CodeIgniter->handleRequest(NULL, Object(Config\Cache), false)
#8 /home3/saptkri1/admin.saptkrishi.in/index.php(53): CodeIgniter\CodeIgniter->run()
#9 {main}
CRITICAL - 2021-01-10 08:45:53 --> Unknown column 'p.capacity' in 'field list'
#0 /home3/saptkri1/admin.saptkrishi.in/system/Database/MySQLi/Connection.php(330): mysqli->query('select c.*, p.c...')
#1 /home3/saptkri1/admin.saptkrishi.in/system/Database/BaseConnection.php(738): CodeIgniter\Database\MySQLi\Connection->execute('select c.*, p.c...')
#2 /home3/saptkri1/admin.saptkrishi.in/system/Database/BaseConnection.php(666): CodeIgniter\Database\BaseConnection->simpleQuery('select c.*, p.c...')
#3 /home3/saptkri1/admin.saptkrishi.in/system/Model.php(1698): CodeIgniter\Database\BaseConnection->query('select c.*, p.c...', Array)
#4 /home3/saptkri1/admin.saptkrishi.in/app/Controllers/Api.php(981): CodeIgniter\Model->__call('query', Array)
#5 /home3/saptkri1/admin.saptkrishi.in/system/CodeIgniter.php(910): App\Controllers\Api->cart('view')
#6 /home3/saptkri1/admin.saptkrishi.in/system/CodeIgniter.php(398): CodeIgniter\CodeIgniter->runController(Object(App\Controllers\Api))
#7 /home3/saptkri1/admin.saptkrishi.in/system/CodeIgniter.php(306): CodeIgniter\CodeIgniter->handleRequest(NULL, Object(Config\Cache), false)
#8 /home3/saptkri1/admin.saptkrishi.in/index.php(53): CodeIgniter\CodeIgniter->run()
#9 {main}
CRITICAL - 2021-01-10 09:18:59 --> Unknown column 'p.capacity' in 'field list'
#0 /home3/saptkri1/admin.saptkrishi.in/system/Database/MySQLi/Connection.php(330): mysqli->query('select c.*, p.c...')
#1 /home3/saptkri1/admin.saptkrishi.in/system/Database/BaseConnection.php(738): CodeIgniter\Database\MySQLi\Connection->execute('select c.*, p.c...')
#2 /home3/saptkri1/admin.saptkrishi.in/system/Database/BaseConnection.php(666): CodeIgniter\Database\BaseConnection->simpleQuery('select c.*, p.c...')
#3 /home3/saptkri1/admin.saptkrishi.in/system/Model.php(1698): CodeIgniter\Database\BaseConnection->query('select c.*, p.c...', Array)
#4 /home3/saptkri1/admin.saptkrishi.in/app/Controllers/Api.php(981): CodeIgniter\Model->__call('query', Array)
#5 /home3/saptkri1/admin.saptkrishi.in/system/CodeIgniter.php(910): App\Controllers\Api->cart('view')
#6 /home3/saptkri1/admin.saptkrishi.in/system/CodeIgniter.php(398): CodeIgniter\CodeIgniter->runController(Object(App\Controllers\Api))
#7 /home3/saptkri1/admin.saptkrishi.in/system/CodeIgniter.php(306): CodeIgniter\CodeIgniter->handleRequest(NULL, Object(Config\Cache), false)
#8 /home3/saptkri1/admin.saptkrishi.in/index.php(53): CodeIgniter\CodeIgniter->run()
#9 {main}
CRITICAL - 2021-01-10 09:21:35 --> Unknown column 'p.capacity' in 'field list'
#0 /home3/saptkri1/admin.saptkrishi.in/system/Database/MySQLi/Connection.php(330): mysqli->query('select c.*, p.c...')
#1 /home3/saptkri1/admin.saptkrishi.in/system/Database/BaseConnection.php(738): CodeIgniter\Database\MySQLi\Connection->execute('select c.*, p.c...')
#2 /home3/saptkri1/admin.saptkrishi.in/system/Database/BaseConnection.php(666): CodeIgniter\Database\BaseConnection->simpleQuery('select c.*, p.c...')
#3 /home3/saptkri1/admin.saptkrishi.in/system/Model.php(1698): CodeIgniter\Database\BaseConnection->query('select c.*, p.c...', Array)
#4 /home3/saptkri1/admin.saptkrishi.in/app/Controllers/Api.php(981): CodeIgniter\Model->__call('query', Array)
#5 /home3/saptkri1/admin.saptkrishi.in/system/CodeIgniter.php(910): App\Controllers\Api->cart('view')
#6 /home3/saptkri1/admin.saptkrishi.in/system/CodeIgniter.php(398): CodeIgniter\CodeIgniter->runController(Object(App\Controllers\Api))
#7 /home3/saptkri1/admin.saptkrishi.in/system/CodeIgniter.php(306): CodeIgniter\CodeIgniter->handleRequest(NULL, Object(Config\Cache), false)
#8 /home3/saptkri1/admin.saptkrishi.in/index.php(53): CodeIgniter\CodeIgniter->run()
#9 {main}
CRITICAL - 2021-01-10 09:22:32 --> Unknown column 'p.capacity' in 'field list'
#0 /home3/saptkri1/admin.saptkrishi.in/system/Database/MySQLi/Connection.php(330): mysqli->query('select c.*, p.c...')
#1 /home3/saptkri1/admin.saptkrishi.in/system/Database/BaseConnection.php(738): CodeIgniter\Database\MySQLi\Connection->execute('select c.*, p.c...')
#2 /home3/saptkri1/admin.saptkrishi.in/system/Database/BaseConnection.php(666): CodeIgniter\Database\BaseConnection->simpleQuery('select c.*, p.c...')
#3 /home3/saptkri1/admin.saptkrishi.in/system/Model.php(1698): CodeIgniter\Database\BaseConnection->query('select c.*, p.c...', Array)
#4 /home3/saptkri1/admin.saptkrishi.in/app/Controllers/Api.php(981): CodeIgniter\Model->__call('query', Array)
#5 /home3/saptkri1/admin.saptkrishi.in/system/CodeIgniter.php(910): App\Controllers\Api->cart('view')
#6 /home3/saptkri1/admin.saptkrishi.in/system/CodeIgniter.php(398): CodeIgniter\CodeIgniter->runController(Object(App\Controllers\Api))
#7 /home3/saptkri1/admin.saptkrishi.in/system/CodeIgniter.php(306): CodeIgniter\CodeIgniter->handleRequest(NULL, Object(Config\Cache), false)
#8 /home3/saptkri1/admin.saptkrishi.in/index.php(53): CodeIgniter\CodeIgniter->run()
#9 {main}
CRITICAL - 2021-01-10 09:24:02 --> Unknown column 'p.capacity' in 'field list'
#0 /home3/saptkri1/admin.saptkrishi.in/system/Database/MySQLi/Connection.php(330): mysqli->query('select c.*, p.c...')
#1 /home3/saptkri1/admin.saptkrishi.in/system/Database/BaseConnection.php(738): CodeIgniter\Database\MySQLi\Connection->execute('select c.*, p.c...')
#2 /home3/saptkri1/admin.saptkrishi.in/system/Database/BaseConnection.php(666): CodeIgniter\Database\BaseConnection->simpleQuery('select c.*, p.c...')
#3 /home3/saptkri1/admin.saptkrishi.in/system/Model.php(1698): CodeIgniter\Database\BaseConnection->query('select c.*, p.c...', Array)
#4 /home3/saptkri1/admin.saptkrishi.in/app/Controllers/Api.php(981): CodeIgniter\Model->__call('query', Array)
#5 /home3/saptkri1/admin.saptkrishi.in/system/CodeIgniter.php(910): App\Controllers\Api->cart('view')
#6 /home3/saptkri1/admin.saptkrishi.in/system/CodeIgniter.php(398): CodeIgniter\CodeIgniter->runController(Object(App\Controllers\Api))
#7 /home3/saptkri1/admin.saptkrishi.in/system/CodeIgniter.php(306): CodeIgniter\CodeIgniter->handleRequest(NULL, Object(Config\Cache), false)
#8 /home3/saptkri1/admin.saptkrishi.in/index.php(53): CodeIgniter\CodeIgniter->run()
#9 {main}
CRITICAL - 2021-01-10 09:27:44 --> Unknown column 'p.capacity' in 'field list'
#0 /home3/saptkri1/admin.saptkrishi.in/system/Database/MySQLi/Connection.php(330): mysqli->query('select c.*, p.c...')
#1 /home3/saptkri1/admin.saptkrishi.in/system/Database/BaseConnection.php(738): CodeIgniter\Database\MySQLi\Connection->execute('select c.*, p.c...')
#2 /home3/saptkri1/admin.saptkrishi.in/system/Database/BaseConnection.php(666): CodeIgniter\Database\BaseConnection->simpleQuery('select c.*, p.c...')
#3 /home3/saptkri1/admin.saptkrishi.in/system/Model.php(1698): CodeIgniter\Database\BaseConnection->query('select c.*, p.c...', Array)
#4 /home3/saptkri1/admin.saptkrishi.in/app/Controllers/Api.php(981): CodeIgniter\Model->__call('query', Array)
#5 /home3/saptkri1/admin.saptkrishi.in/system/CodeIgniter.php(910): App\Controllers\Api->cart('view')
#6 /home3/saptkri1/admin.saptkrishi.in/system/CodeIgniter.php(398): CodeIgniter\CodeIgniter->runController(Object(App\Controllers\Api))
#7 /home3/saptkri1/admin.saptkrishi.in/system/CodeIgniter.php(306): CodeIgniter\CodeIgniter->handleRequest(NULL, Object(Config\Cache), false)
#8 /home3/saptkri1/admin.saptkrishi.in/index.php(53): CodeIgniter\CodeIgniter->run()
#9 {main}
CRITICAL - 2021-01-10 09:28:57 --> Unknown column 'p.capacity' in 'field list'
#0 /home3/saptkri1/admin.saptkrishi.in/system/Database/MySQLi/Connection.php(330): mysqli->query('select c.*, p.c...')
#1 /home3/saptkri1/admin.saptkrishi.in/system/Database/BaseConnection.php(738): CodeIgniter\Database\MySQLi\Connection->execute('select c.*, p.c...')
#2 /home3/saptkri1/admin.saptkrishi.in/system/Database/BaseConnection.php(666): CodeIgniter\Database\BaseConnection->simpleQuery('select c.*, p.c...')
#3 /home3/saptkri1/admin.saptkrishi.in/system/Model.php(1698): CodeIgniter\Database\BaseConnection->query('select c.*, p.c...', Array)
#4 /home3/saptkri1/admin.saptkrishi.in/app/Controllers/Api.php(981): CodeIgniter\Model->__call('query', Array)
#5 /home3/saptkri1/admin.saptkrishi.in/system/CodeIgniter.php(910): App\Controllers\Api->cart('view')
#6 /home3/saptkri1/admin.saptkrishi.in/system/CodeIgniter.php(398): CodeIgniter\CodeIgniter->runController(Object(App\Controllers\Api))
#7 /home3/saptkri1/admin.saptkrishi.in/system/CodeIgniter.php(306): CodeIgniter\CodeIgniter->handleRequest(NULL, Object(Config\Cache), false)
#8 /home3/saptkri1/admin.saptkrishi.in/index.php(53): CodeIgniter\CodeIgniter->run()
#9 {main}
CRITICAL - 2021-01-10 09:33:58 --> Unknown column 'p.capacity' in 'field list'
#0 /home3/saptkri1/admin.saptkrishi.in/system/Database/MySQLi/Connection.php(330): mysqli->query('select c.*, p.c...')
#1 /home3/saptkri1/admin.saptkrishi.in/system/Database/BaseConnection.php(738): CodeIgniter\Database\MySQLi\Connection->execute('select c.*, p.c...')
#2 /home3/saptkri1/admin.saptkrishi.in/system/Database/BaseConnection.php(666): CodeIgniter\Database\BaseConnection->simpleQuery('select c.*, p.c...')
#3 /home3/saptkri1/admin.saptkrishi.in/system/Model.php(1698): CodeIgniter\Database\BaseConnection->query('select c.*, p.c...', Array)
#4 /home3/saptkri1/admin.saptkrishi.in/app/Controllers/Api.php(981): CodeIgniter\Model->__call('query', Array)
#5 /home3/saptkri1/admin.saptkrishi.in/system/CodeIgniter.php(910): App\Controllers\Api->cart('view')
#6 /home3/saptkri1/admin.saptkrishi.in/system/CodeIgniter.php(398): CodeIgniter\CodeIgniter->runController(Object(App\Controllers\Api))
#7 /home3/saptkri1/admin.saptkrishi.in/system/CodeIgniter.php(306): CodeIgniter\CodeIgniter->handleRequest(NULL, Object(Config\Cache), false)
#8 /home3/saptkri1/admin.saptkrishi.in/index.php(53): CodeIgniter\CodeIgniter->run()
#9 {main}
CRITICAL - 2021-01-10 09:36:44 --> Unknown column 'p.capacity' in 'field list'
#0 /home3/saptkri1/admin.saptkrishi.in/system/Database/MySQLi/Connection.php(330): mysqli->query('select c.*, p.c...')
#1 /home3/saptkri1/admin.saptkrishi.in/system/Database/BaseConnection.php(738): CodeIgniter\Database\MySQLi\Connection->execute('select c.*, p.c...')
#2 /home3/saptkri1/admin.saptkrishi.in/system/Database/BaseConnection.php(666): CodeIgniter\Database\BaseConnection->simpleQuery('select c.*, p.c...')
#3 /home3/saptkri1/admin.saptkrishi.in/system/Model.php(1698): CodeIgniter\Database\BaseConnection->query('select c.*, p.c...', Array)
#4 /home3/saptkri1/admin.saptkrishi.in/app/Controllers/Api.php(981): CodeIgniter\Model->__call('query', Array)
#5 /home3/saptkri1/admin.saptkrishi.in/system/CodeIgniter.php(910): App\Controllers\Api->cart('view')
#6 /home3/saptkri1/admin.saptkrishi.in/system/CodeIgniter.php(398): CodeIgniter\CodeIgniter->runController(Object(App\Controllers\Api))
#7 /home3/saptkri1/admin.saptkrishi.in/system/CodeIgniter.php(306): CodeIgniter\CodeIgniter->handleRequest(NULL, Object(Config\Cache), false)
#8 /home3/saptkri1/admin.saptkrishi.in/index.php(53): CodeIgniter\CodeIgniter->run()
#9 {main}
CRITICAL - 2021-01-10 09:39:45 --> Unknown column 'p.capacity' in 'field list'
#0 /home3/saptkri1/admin.saptkrishi.in/system/Database/MySQLi/Connection.php(330): mysqli->query('select c.*, p.c...')
#1 /home3/saptkri1/admin.saptkrishi.in/system/Database/BaseConnection.php(738): CodeIgniter\Database\MySQLi\Connection->execute('select c.*, p.c...')
#2 /home3/saptkri1/admin.saptkrishi.in/system/Database/BaseConnection.php(666): CodeIgniter\Database\BaseConnection->simpleQuery('select c.*, p.c...')
#3 /home3/saptkri1/admin.saptkrishi.in/system/Model.php(1698): CodeIgniter\Database\BaseConnection->query('select c.*, p.c...', Array)
#4 /home3/saptkri1/admin.saptkrishi.in/app/Controllers/Api.php(981): CodeIgniter\Model->__call('query', Array)
#5 /home3/saptkri1/admin.saptkrishi.in/system/CodeIgniter.php(910): App\Controllers\Api->cart('view')
#6 /home3/saptkri1/admin.saptkrishi.in/system/CodeIgniter.php(398): CodeIgniter\CodeIgniter->runController(Object(App\Controllers\Api))
#7 /home3/saptkri1/admin.saptkrishi.in/system/CodeIgniter.php(306): CodeIgniter\CodeIgniter->handleRequest(NULL, Object(Config\Cache), false)
#8 /home3/saptkri1/admin.saptkrishi.in/index.php(53): CodeIgniter\CodeIgniter->run()
#9 {main}
CRITICAL - 2021-01-10 09:47:22 --> Unknown column 'p.capacity' in 'field list'
#0 /home3/saptkri1/admin.saptkrishi.in/system/Database/MySQLi/Connection.php(330): mysqli->query('select c.*, p.c...')
#1 /home3/saptkri1/admin.saptkrishi.in/system/Database/BaseConnection.php(738): CodeIgniter\Database\MySQLi\Connection->execute('select c.*, p.c...')
#2 /home3/saptkri1/admin.saptkrishi.in/system/Database/BaseConnection.php(666): CodeIgniter\Database\BaseConnection->simpleQuery('select c.*, p.c...')
#3 /home3/saptkri1/admin.saptkrishi.in/system/Model.php(1698): CodeIgniter\Database\BaseConnection->query('select c.*, p.c...', Array)
#4 /home3/saptkri1/admin.saptkrishi.in/app/Controllers/Api.php(981): CodeIgniter\Model->__call('query', Array)
#5 /home3/saptkri1/admin.saptkrishi.in/system/CodeIgniter.php(910): App\Controllers\Api->cart('view')
#6 /home3/saptkri1/admin.saptkrishi.in/system/CodeIgniter.php(398): CodeIgniter\CodeIgniter->runController(Object(App\Controllers\Api))
#7 /home3/saptkri1/admin.saptkrishi.in/system/CodeIgniter.php(306): CodeIgniter\CodeIgniter->handleRequest(NULL, Object(Config\Cache), false)
#8 /home3/saptkri1/admin.saptkrishi.in/index.php(53): CodeIgniter\CodeIgniter->run()
#9 {main}
CRITICAL - 2021-01-10 09:48:08 --> Unknown column 'p.capacity' in 'field list'
#0 /home3/saptkri1/admin.saptkrishi.in/system/Database/MySQLi/Connection.php(330): mysqli->query('select c.*, p.c...')
#1 /home3/saptkri1/admin.saptkrishi.in/system/Database/BaseConnection.php(738): CodeIgniter\Database\MySQLi\Connection->execute('select c.*, p.c...')
#2 /home3/saptkri1/admin.saptkrishi.in/system/Database/BaseConnection.php(666): CodeIgniter\Database\BaseConnection->simpleQuery('select c.*, p.c...')
#3 /home3/saptkri1/admin.saptkrishi.in/system/Model.php(1698): CodeIgniter\Database\BaseConnection->query('select c.*, p.c...', Array)
#4 /home3/saptkri1/admin.saptkrishi.in/app/Controllers/Api.php(981): CodeIgniter\Model->__call('query', Array)
#5 /home3/saptkri1/admin.saptkrishi.in/system/CodeIgniter.php(910): App\Controllers\Api->cart('view')
#6 /home3/saptkri1/admin.saptkrishi.in/system/CodeIgniter.php(398): CodeIgniter\CodeIgniter->runController(Object(App\Controllers\Api))
#7 /home3/saptkri1/admin.saptkrishi.in/system/CodeIgniter.php(306): CodeIgniter\CodeIgniter->handleRequest(NULL, Object(Config\Cache), false)
#8 /home3/saptkri1/admin.saptkrishi.in/index.php(53): CodeIgniter\CodeIgniter->run()
#9 {main}
CRITICAL - 2021-01-10 09:56:59 --> Unknown column 'p.capacity' in 'field list'
#0 /home3/saptkri1/admin.saptkrishi.in/system/Database/MySQLi/Connection.php(330): mysqli->query('select c.*, p.c...')
#1 /home3/saptkri1/admin.saptkrishi.in/system/Database/BaseConnection.php(738): CodeIgniter\Database\MySQLi\Connection->execute('select c.*, p.c...')
#2 /home3/saptkri1/admin.saptkrishi.in/system/Database/BaseConnection.php(666): CodeIgniter\Database\BaseConnection->simpleQuery('select c.*, p.c...')
#3 /home3/saptkri1/admin.saptkrishi.in/system/Model.php(1698): CodeIgniter\Database\BaseConnection->query('select c.*, p.c...', Array)
#4 /home3/saptkri1/admin.saptkrishi.in/app/Controllers/Api.php(981): CodeIgniter\Model->__call('query', Array)
#5 /home3/saptkri1/admin.saptkrishi.in/system/CodeIgniter.php(910): App\Controllers\Api->cart('view')
#6 /home3/saptkri1/admin.saptkrishi.in/system/CodeIgniter.php(398): CodeIgniter\CodeIgniter->runController(Object(App\Controllers\Api))
#7 /home3/saptkri1/admin.saptkrishi.in/system/CodeIgniter.php(306): CodeIgniter\CodeIgniter->handleRequest(NULL, Object(Config\Cache), false)
#8 /home3/saptkri1/admin.saptkrishi.in/index.php(53): CodeIgniter\CodeIgniter->run()
#9 {main}
CRITICAL - 2021-01-10 10:33:10 --> Unknown column 'p.capacity' in 'field list'
#0 /home3/saptkri1/admin.saptkrishi.in/system/Database/MySQLi/Connection.php(330): mysqli->query('select c.*, p.c...')
#1 /home3/saptkri1/admin.saptkrishi.in/system/Database/BaseConnection.php(738): CodeIgniter\Database\MySQLi\Connection->execute('select c.*, p.c...')
#2 /home3/saptkri1/admin.saptkrishi.in/system/Database/BaseConnection.php(666): CodeIgniter\Database\BaseConnection->simpleQuery('select c.*, p.c...')
#3 /home3/saptkri1/admin.saptkrishi.in/system/Model.php(1698): CodeIgniter\Database\BaseConnection->query('select c.*, p.c...', Array)
#4 /home3/saptkri1/admin.saptkrishi.in/app/Controllers/Api.php(981): CodeIgniter\Model->__call('query', Array)
#5 /home3/saptkri1/admin.saptkrishi.in/system/CodeIgniter.php(910): App\Controllers\Api->cart('view')
#6 /home3/saptkri1/admin.saptkrishi.in/system/CodeIgniter.php(398): CodeIgniter\CodeIgniter->runController(Object(App\Controllers\Api))
#7 /home3/saptkri1/admin.saptkrishi.in/system/CodeIgniter.php(306): CodeIgniter\CodeIgniter->handleRequest(NULL, Object(Config\Cache), false)
#8 /home3/saptkri1/admin.saptkrishi.in/index.php(53): CodeIgniter\CodeIgniter->run()
#9 {main}
CRITICAL - 2021-01-10 10:35:56 --> Unknown column 'p.capacity' in 'field list'
#0 /home3/saptkri1/admin.saptkrishi.in/system/Database/MySQLi/Connection.php(330): mysqli->query('select c.*, p.c...')
#1 /home3/saptkri1/admin.saptkrishi.in/system/Database/BaseConnection.php(738): CodeIgniter\Database\MySQLi\Connection->execute('select c.*, p.c...')
#2 /home3/saptkri1/admin.saptkrishi.in/system/Database/BaseConnection.php(666): CodeIgniter\Database\BaseConnection->simpleQuery('select c.*, p.c...')
#3 /home3/saptkri1/admin.saptkrishi.in/system/Model.php(1698): CodeIgniter\Database\BaseConnection->query('select c.*, p.c...', Array)
#4 /home3/saptkri1/admin.saptkrishi.in/app/Controllers/Api.php(981): CodeIgniter\Model->__call('query', Array)
#5 /home3/saptkri1/admin.saptkrishi.in/system/CodeIgniter.php(910): App\Controllers\Api->cart('view')
#6 /home3/saptkri1/admin.saptkrishi.in/system/CodeIgniter.php(398): CodeIgniter\CodeIgniter->runController(Object(App\Controllers\Api))
#7 /home3/saptkri1/admin.saptkrishi.in/system/CodeIgniter.php(306): CodeIgniter\CodeIgniter->handleRequest(NULL, Object(Config\Cache), false)
#8 /home3/saptkri1/admin.saptkrishi.in/index.php(53): CodeIgniter\CodeIgniter->run()
#9 {main}
CRITICAL - 2021-01-10 10:40:41 --> Unknown column 'p.capacity' in 'field list'
#0 /home3/saptkri1/admin.saptkrishi.in/system/Database/MySQLi/Connection.php(330): mysqli->query('select c.*, p.c...')
#1 /home3/saptkri1/admin.saptkrishi.in/system/Database/BaseConnection.php(738): CodeIgniter\Database\MySQLi\Connection->execute('select c.*, p.c...')
#2 /home3/saptkri1/admin.saptkrishi.in/system/Database/BaseConnection.php(666): CodeIgniter\Database\BaseConnection->simpleQuery('select c.*, p.c...')
#3 /home3/saptkri1/admin.saptkrishi.in/system/Model.php(1698): CodeIgniter\Database\BaseConnection->query('select c.*, p.c...', Array)
#4 /home3/saptkri1/admin.saptkrishi.in/app/Controllers/Api.php(981): CodeIgniter\Model->__call('query', Array)
#5 /home3/saptkri1/admin.saptkrishi.in/system/CodeIgniter.php(910): App\Controllers\Api->cart('view')
#6 /home3/saptkri1/admin.saptkrishi.in/system/CodeIgniter.php(398): CodeIgniter\CodeIgniter->runController(Object(App\Controllers\Api))
#7 /home3/saptkri1/admin.saptkrishi.in/system/CodeIgniter.php(306): CodeIgniter\CodeIgniter->handleRequest(NULL, Object(Config\Cache), false)
#8 /home3/saptkri1/admin.saptkrishi.in/index.php(53): CodeIgniter\CodeIgniter->run()
#9 {main}
CRITICAL - 2021-01-10 11:32:04 --> Unknown column 'p.capacity' in 'field list'
#0 /home3/saptkri1/admin.saptkrishi.in/system/Database/MySQLi/Connection.php(330): mysqli->query('select c.*, p.c...')
#1 /home3/saptkri1/admin.saptkrishi.in/system/Database/BaseConnection.php(738): CodeIgniter\Database\MySQLi\Connection->execute('select c.*, p.c...')
#2 /home3/saptkri1/admin.saptkrishi.in/system/Database/BaseConnection.php(666): CodeIgniter\Database\BaseConnection->simpleQuery('select c.*, p.c...')
#3 /home3/saptkri1/admin.saptkrishi.in/system/Model.php(1698): CodeIgniter\Database\BaseConnection->query('select c.*, p.c...', Array)
#4 /home3/saptkri1/admin.saptkrishi.in/app/Controllers/Api.php(981): CodeIgniter\Model->__call('query', Array)
#5 /home3/saptkri1/admin.saptkrishi.in/system/CodeIgniter.php(910): App\Controllers\Api->cart('view')
#6 /home3/saptkri1/admin.saptkrishi.in/system/CodeIgniter.php(398): CodeIgniter\CodeIgniter->runController(Object(App\Controllers\Api))
#7 /home3/saptkri1/admin.saptkrishi.in/system/CodeIgniter.php(306): CodeIgniter\CodeIgniter->handleRequest(NULL, Object(Config\Cache), false)
#8 /home3/saptkri1/admin.saptkrishi.in/index.php(53): CodeIgniter\CodeIgniter->run()
#9 {main}
CRITICAL - 2021-01-10 11:45:09 --> Unknown column 'p.capacity' in 'field list'
#0 /home3/saptkri1/admin.saptkrishi.in/system/Database/MySQLi/Connection.php(330): mysqli->query('select c.*, p.c...')
#1 /home3/saptkri1/admin.saptkrishi.in/system/Database/BaseConnection.php(738): CodeIgniter\Database\MySQLi\Connection->execute('select c.*, p.c...')
#2 /home3/saptkri1/admin.saptkrishi.in/system/Database/BaseConnection.php(666): CodeIgniter\Database\BaseConnection->simpleQuery('select c.*, p.c...')
#3 /home3/saptkri1/admin.saptkrishi.in/system/Model.php(1698): CodeIgniter\Database\BaseConnection->query('select c.*, p.c...', Array)
#4 /home3/saptkri1/admin.saptkrishi.in/app/Controllers/Api.php(981): CodeIgniter\Model->__call('query', Array)
#5 /home3/saptkri1/admin.saptkrishi.in/system/CodeIgniter.php(910): App\Controllers\Api->cart('view')
#6 /home3/saptkri1/admin.saptkrishi.in/system/CodeIgniter.php(398): CodeIgniter\CodeIgniter->runController(Object(App\Controllers\Api))
#7 /home3/saptkri1/admin.saptkrishi.in/system/CodeIgniter.php(306): CodeIgniter\CodeIgniter->handleRequest(NULL, Object(Config\Cache), false)
#8 /home3/saptkri1/admin.saptkrishi.in/index.php(53): CodeIgniter\CodeIgniter->run()
#9 {main}
CRITICAL - 2021-01-10 12:46:01 --> Unknown column 'p.capacity' in 'field list'
#0 /home3/saptkri1/admin.saptkrishi.in/system/Database/MySQLi/Connection.php(330): mysqli->query('select c.*, p.c...')
#1 /home3/saptkri1/admin.saptkrishi.in/system/Database/BaseConnection.php(738): CodeIgniter\Database\MySQLi\Connection->execute('select c.*, p.c...')
#2 /home3/saptkri1/admin.saptkrishi.in/system/Database/BaseConnection.php(666): CodeIgniter\Database\BaseConnection->simpleQuery('select c.*, p.c...')
#3 /home3/saptkri1/admin.saptkrishi.in/system/Model.php(1698): CodeIgniter\Database\BaseConnection->query('select c.*, p.c...', Array)
#4 /home3/saptkri1/admin.saptkrishi.in/app/Controllers/Api.php(981): CodeIgniter\Model->__call('query', Array)
#5 /home3/saptkri1/admin.saptkrishi.in/system/CodeIgniter.php(910): App\Controllers\Api->cart('view')
#6 /home3/saptkri1/admin.saptkrishi.in/system/CodeIgniter.php(398): CodeIgniter\CodeIgniter->runController(Object(App\Controllers\Api))
#7 /home3/saptkri1/admin.saptkrishi.in/system/CodeIgniter.php(306): CodeIgniter\CodeIgniter->handleRequest(NULL, Object(Config\Cache), false)
#8 /home3/saptkri1/admin.saptkrishi.in/index.php(53): CodeIgniter\CodeIgniter->run()
#9 {main}
CRITICAL - 2021-01-10 13:03:07 --> Unknown column 'p.capacity' in 'field list'
#0 /home3/saptkri1/admin.saptkrishi.in/system/Database/MySQLi/Connection.php(330): mysqli->query('select c.*, p.c...')
#1 /home3/saptkri1/admin.saptkrishi.in/system/Database/BaseConnection.php(738): CodeIgniter\Database\MySQLi\Connection->execute('select c.*, p.c...')
#2 /home3/saptkri1/admin.saptkrishi.in/system/Database/BaseConnection.php(666): CodeIgniter\Database\BaseConnection->simpleQuery('select c.*, p.c...')
#3 /home3/saptkri1/admin.saptkrishi.in/system/Model.php(1698): CodeIgniter\Database\BaseConnection->query('select c.*, p.c...', Array)
#4 /home3/saptkri1/admin.saptkrishi.in/app/Controllers/Api.php(981): CodeIgniter\Model->__call('query', Array)
#5 /home3/saptkri1/admin.saptkrishi.in/system/CodeIgniter.php(910): App\Controllers\Api->cart('view')
#6 /home3/saptkri1/admin.saptkrishi.in/system/CodeIgniter.php(398): CodeIgniter\CodeIgniter->runController(Object(App\Controllers\Api))
#7 /home3/saptkri1/admin.saptkrishi.in/system/CodeIgniter.php(306): CodeIgniter\CodeIgniter->handleRequest(NULL, Object(Config\Cache), false)
#8 /home3/saptkri1/admin.saptkrishi.in/index.php(53): CodeIgniter\CodeIgniter->run()
#9 {main}
CRITICAL - 2021-01-10 14:11:06 --> Unknown column 'p.capacity' in 'field list'
#0 /home3/saptkri1/admin.saptkrishi.in/system/Database/MySQLi/Connection.php(330): mysqli->query('select c.*, p.c...')
#1 /home3/saptkri1/admin.saptkrishi.in/system/Database/BaseConnection.php(738): CodeIgniter\Database\MySQLi\Connection->execute('select c.*, p.c...')
#2 /home3/saptkri1/admin.saptkrishi.in/system/Database/BaseConnection.php(666): CodeIgniter\Database\BaseConnection->simpleQuery('select c.*, p.c...')
#3 /home3/saptkri1/admin.saptkrishi.in/system/Model.php(1698): CodeIgniter\Database\BaseConnection->query('select c.*, p.c...', Array)
#4 /home3/saptkri1/admin.saptkrishi.in/app/Controllers/Api.php(981): CodeIgniter\Model->__call('query', Array)
#5 /home3/saptkri1/admin.saptkrishi.in/system/CodeIgniter.php(910): App\Controllers\Api->cart('view')
#6 /home3/saptkri1/admin.saptkrishi.in/system/CodeIgniter.php(398): CodeIgniter\CodeIgniter->runController(Object(App\Controllers\Api))
#7 /home3/saptkri1/admin.saptkrishi.in/system/CodeIgniter.php(306): CodeIgniter\CodeIgniter->handleRequest(NULL, Object(Config\Cache), false)
#8 /home3/saptkri1/admin.saptkrishi.in/index.php(53): CodeIgniter\CodeIgniter->run()
#9 {main}
CRITICAL - 2021-01-10 14:25:47 --> Unknown column 'p.capacity' in 'field list'
#0 /home3/saptkri1/admin.saptkrishi.in/system/Database/MySQLi/Connection.php(330): mysqli->query('select c.*, p.c...')
#1 /home3/saptkri1/admin.saptkrishi.in/system/Database/BaseConnection.php(738): CodeIgniter\Database\MySQLi\Connection->execute('select c.*, p.c...')
#2 /home3/saptkri1/admin.saptkrishi.in/system/Database/BaseConnection.php(666): CodeIgniter\Database\BaseConnection->simpleQuery('select c.*, p.c...')
#3 /home3/saptkri1/admin.saptkrishi.in/system/Model.php(1698): CodeIgniter\Database\BaseConnection->query('select c.*, p.c...', Array)
#4 /home3/saptkri1/admin.saptkrishi.in/app/Controllers/Api.php(981): CodeIgniter\Model->__call('query', Array)
#5 /home3/saptkri1/admin.saptkrishi.in/system/CodeIgniter.php(910): App\Controllers\Api->cart('view')
#6 /home3/saptkri1/admin.saptkrishi.in/system/CodeIgniter.php(398): CodeIgniter\CodeIgniter->runController(Object(App\Controllers\Api))
#7 /home3/saptkri1/admin.saptkrishi.in/system/CodeIgniter.php(306): CodeIgniter\CodeIgniter->handleRequest(NULL, Object(Config\Cache), false)
#8 /home3/saptkri1/admin.saptkrishi.in/index.php(53): CodeIgniter\CodeIgniter->run()
#9 {main}
CRITICAL - 2021-01-10 14:29:38 --> Unknown column 'p.capacity' in 'field list'
#0 /home3/saptkri1/admin.saptkrishi.in/system/Database/MySQLi/Connection.php(330): mysqli->query('select c.*, p.c...')
#1 /home3/saptkri1/admin.saptkrishi.in/system/Database/BaseConnection.php(738): CodeIgniter\Database\MySQLi\Connection->execute('select c.*, p.c...')
#2 /home3/saptkri1/admin.saptkrishi.in/system/Database/BaseConnection.php(666): CodeIgniter\Database\BaseConnection->simpleQuery('select c.*, p.c...')
#3 /home3/saptkri1/admin.saptkrishi.in/system/Model.php(1698): CodeIgniter\Database\BaseConnection->query('select c.*, p.c...', Array)
#4 /home3/saptkri1/admin.saptkrishi.in/app/Controllers/Api.php(981): CodeIgniter\Model->__call('query', Array)
#5 /home3/saptkri1/admin.saptkrishi.in/system/CodeIgniter.php(910): App\Controllers\Api->cart('view')
#6 /home3/saptkri1/admin.saptkrishi.in/system/CodeIgniter.php(398): CodeIgniter\CodeIgniter->runController(Object(App\Controllers\Api))
#7 /home3/saptkri1/admin.saptkrishi.in/system/CodeIgniter.php(306): CodeIgniter\CodeIgniter->handleRequest(NULL, Object(Config\Cache), false)
#8 /home3/saptkri1/admin.saptkrishi.in/index.php(53): CodeIgniter\CodeIgniter->run()
#9 {main}
CRITICAL - 2021-01-10 14:48:59 --> Unknown column 'p.capacity' in 'field list'
#0 /home3/saptkri1/admin.saptkrishi.in/system/Database/MySQLi/Connection.php(330): mysqli->query('select c.*, p.c...')
#1 /home3/saptkri1/admin.saptkrishi.in/system/Database/BaseConnection.php(738): CodeIgniter\Database\MySQLi\Connection->execute('select c.*, p.c...')
#2 /home3/saptkri1/admin.saptkrishi.in/system/Database/BaseConnection.php(666): CodeIgniter\Database\BaseConnection->simpleQuery('select c.*, p.c...')
#3 /home3/saptkri1/admin.saptkrishi.in/system/Model.php(1698): CodeIgniter\Database\BaseConnection->query('select c.*, p.c...', Array)
#4 /home3/saptkri1/admin.saptkrishi.in/app/Controllers/Api.php(981): CodeIgniter\Model->__call('query', Array)
#5 /home3/saptkri1/admin.saptkrishi.in/system/CodeIgniter.php(910): App\Controllers\Api->cart('view')
#6 /home3/saptkri1/admin.saptkrishi.in/system/CodeIgniter.php(398): CodeIgniter\CodeIgniter->runController(Object(App\Controllers\Api))
#7 /home3/saptkri1/admin.saptkrishi.in/system/CodeIgniter.php(306): CodeIgniter\CodeIgniter->handleRequest(NULL, Object(Config\Cache), false)
#8 /home3/saptkri1/admin.saptkrishi.in/index.php(53): CodeIgniter\CodeIgniter->run()
#9 {main}
CRITICAL - 2021-01-10 15:33:06 --> Unknown column 'p.capacity' in 'field list'
#0 /home3/saptkri1/admin.saptkrishi.in/system/Database/MySQLi/Connection.php(330): mysqli->query('select c.*, p.c...')
#1 /home3/saptkri1/admin.saptkrishi.in/system/Database/BaseConnection.php(738): CodeIgniter\Database\MySQLi\Connection->execute('select c.*, p.c...')
#2 /home3/saptkri1/admin.saptkrishi.in/system/Database/BaseConnection.php(666): CodeIgniter\Database\BaseConnection->simpleQuery('select c.*, p.c...')
#3 /home3/saptkri1/admin.saptkrishi.in/system/Model.php(1698): CodeIgniter\Database\BaseConnection->query('select c.*, p.c...', Array)
#4 /home3/saptkri1/admin.saptkrishi.in/app/Controllers/Api.php(981): CodeIgniter\Model->__call('query', Array)
#5 /home3/saptkri1/admin.saptkrishi.in/system/CodeIgniter.php(910): App\Controllers\Api->cart('view')
#6 /home3/saptkri1/admin.saptkrishi.in/system/CodeIgniter.php(398): CodeIgniter\CodeIgniter->runController(Object(App\Controllers\Api))
#7 /home3/saptkri1/admin.saptkrishi.in/system/CodeIgniter.php(306): CodeIgniter\CodeIgniter->handleRequest(NULL, Object(Config\Cache), false)
#8 /home3/saptkri1/admin.saptkrishi.in/index.php(53): CodeIgniter\CodeIgniter->run()
#9 {main}
CRITICAL - 2021-01-10 16:04:26 --> Unknown column 'p.capacity' in 'field list'
#0 /home3/saptkri1/admin.saptkrishi.in/system/Database/MySQLi/Connection.php(330): mysqli->query('select c.*, p.c...')
#1 /home3/saptkri1/admin.saptkrishi.in/system/Database/BaseConnection.php(738): CodeIgniter\Database\MySQLi\Connection->execute('select c.*, p.c...')
#2 /home3/saptkri1/admin.saptkrishi.in/system/Database/BaseConnection.php(666): CodeIgniter\Database\BaseConnection->simpleQuery('select c.*, p.c...')
#3 /home3/saptkri1/admin.saptkrishi.in/system/Model.php(1698): CodeIgniter\Database\BaseConnection->query('select c.*, p.c...', Array)
#4 /home3/saptkri1/admin.saptkrishi.in/app/Controllers/Api.php(981): CodeIgniter\Model->__call('query', Array)
#5 /home3/saptkri1/admin.saptkrishi.in/system/CodeIgniter.php(910): App\Controllers\Api->cart('view')
#6 /home3/saptkri1/admin.saptkrishi.in/system/CodeIgniter.php(398): CodeIgniter\CodeIgniter->runController(Object(App\Controllers\Api))
#7 /home3/saptkri1/admin.saptkrishi.in/system/CodeIgniter.php(306): CodeIgniter\CodeIgniter->handleRequest(NULL, Object(Config\Cache), false)
#8 /home3/saptkri1/admin.saptkrishi.in/index.php(53): CodeIgniter\CodeIgniter->run()
#9 {main}
CRITICAL - 2021-01-10 16:14:34 --> Unknown column 'p.capacity' in 'field list'
#0 /home3/saptkri1/admin.saptkrishi.in/system/Database/MySQLi/Connection.php(330): mysqli->query('select c.*, p.c...')
#1 /home3/saptkri1/admin.saptkrishi.in/system/Database/BaseConnection.php(738): CodeIgniter\Database\MySQLi\Connection->execute('select c.*, p.c...')
#2 /home3/saptkri1/admin.saptkrishi.in/system/Database/BaseConnection.php(666): CodeIgniter\Database\BaseConnection->simpleQuery('select c.*, p.c...')
#3 /home3/saptkri1/admin.saptkrishi.in/system/Model.php(1698): CodeIgniter\Database\BaseConnection->query('select c.*, p.c...', Array)
#4 /home3/saptkri1/admin.saptkrishi.in/app/Controllers/Api.php(981): CodeIgniter\Model->__call('query', Array)
#5 /home3/saptkri1/admin.saptkrishi.in/system/CodeIgniter.php(910): App\Controllers\Api->cart('view')
#6 /home3/saptkri1/admin.saptkrishi.in/system/CodeIgniter.php(398): CodeIgniter\CodeIgniter->runController(Object(App\Controllers\Api))
#7 /home3/saptkri1/admin.saptkrishi.in/system/CodeIgniter.php(306): CodeIgniter\CodeIgniter->handleRequest(NULL, Object(Config\Cache), false)
#8 /home3/saptkri1/admin.saptkrishi.in/index.php(53): CodeIgniter\CodeIgniter->run()
#9 {main}
CRITICAL - 2021-01-10 17:38:00 --> Unknown column 'p.capacity' in 'field list'
#0 /home3/saptkri1/admin.saptkrishi.in/system/Database/MySQLi/Connection.php(330): mysqli->query('select c.*, p.c...')
#1 /home3/saptkri1/admin.saptkrishi.in/system/Database/BaseConnection.php(738): CodeIgniter\Database\MySQLi\Connection->execute('select c.*, p.c...')
#2 /home3/saptkri1/admin.saptkrishi.in/system/Database/BaseConnection.php(666): CodeIgniter\Database\BaseConnection->simpleQuery('select c.*, p.c...')
#3 /home3/saptkri1/admin.saptkrishi.in/system/Model.php(1698): CodeIgniter\Database\BaseConnection->query('select c.*, p.c...', Array)
#4 /home3/saptkri1/admin.saptkrishi.in/app/Controllers/Api.php(981): CodeIgniter\Model->__call('query', Array)
#5 /home3/saptkri1/admin.saptkrishi.in/system/CodeIgniter.php(910): App\Controllers\Api->cart('view')
#6 /home3/saptkri1/admin.saptkrishi.in/system/CodeIgniter.php(398): CodeIgniter\CodeIgniter->runController(Object(App\Controllers\Api))
#7 /home3/saptkri1/admin.saptkrishi.in/system/CodeIgniter.php(306): CodeIgniter\CodeIgniter->handleRequest(NULL, Object(Config\Cache), false)
#8 /home3/saptkri1/admin.saptkrishi.in/index.php(53): CodeIgniter\CodeIgniter->run()
#9 {main}
CRITICAL - 2021-01-10 17:38:11 --> Unknown column 'p.capacity' in 'field list'
#0 /home3/saptkri1/admin.saptkrishi.in/system/Database/MySQLi/Connection.php(330): mysqli->query('select c.*, p.c...')
#1 /home3/saptkri1/admin.saptkrishi.in/system/Database/BaseConnection.php(738): CodeIgniter\Database\MySQLi\Connection->execute('select c.*, p.c...')
#2 /home3/saptkri1/admin.saptkrishi.in/system/Database/BaseConnection.php(666): CodeIgniter\Database\BaseConnection->simpleQuery('select c.*, p.c...')
#3 /home3/saptkri1/admin.saptkrishi.in/system/Model.php(1698): CodeIgniter\Database\BaseConnection->query('select c.*, p.c...', Array)
#4 /home3/saptkri1/admin.saptkrishi.in/app/Controllers/Api.php(981): CodeIgniter\Model->__call('query', Array)
#5 /home3/saptkri1/admin.saptkrishi.in/system/CodeIgniter.php(910): App\Controllers\Api->cart('view')
#6 /home3/saptkri1/admin.saptkrishi.in/system/CodeIgniter.php(398): CodeIgniter\CodeIgniter->runController(Object(App\Controllers\Api))
#7 /home3/saptkri1/admin.saptkrishi.in/system/CodeIgniter.php(306): CodeIgniter\CodeIgniter->handleRequest(NULL, Object(Config\Cache), false)
#8 /home3/saptkri1/admin.saptkrishi.in/index.php(53): CodeIgniter\CodeIgniter->run()
#9 {main}
CRITICAL - 2021-01-10 17:39:29 --> Unknown column 'p.capacity' in 'field list'
#0 /home3/saptkri1/admin.saptkrishi.in/system/Database/MySQLi/Connection.php(330): mysqli->query('select c.*, p.c...')
#1 /home3/saptkri1/admin.saptkrishi.in/system/Database/BaseConnection.php(738): CodeIgniter\Database\MySQLi\Connection->execute('select c.*, p.c...')
#2 /home3/saptkri1/admin.saptkrishi.in/system/Database/BaseConnection.php(666): CodeIgniter\Database\BaseConnection->simpleQuery('select c.*, p.c...')
#3 /home3/saptkri1/admin.saptkrishi.in/system/Model.php(1698): CodeIgniter\Database\BaseConnection->query('select c.*, p.c...', Array)
#4 /home3/saptkri1/admin.saptkrishi.in/app/Controllers/Api.php(981): CodeIgniter\Model->__call('query', Array)
#5 /home3/saptkri1/admin.saptkrishi.in/system/CodeIgniter.php(910): App\Controllers\Api->cart('view')
#6 /home3/saptkri1/admin.saptkrishi.in/system/CodeIgniter.php(398): CodeIgniter\CodeIgniter->runController(Object(App\Controllers\Api))
#7 /home3/saptkri1/admin.saptkrishi.in/system/CodeIgniter.php(306): CodeIgniter\CodeIgniter->handleRequest(NULL, Object(Config\Cache), false)
#8 /home3/saptkri1/admin.saptkrishi.in/index.php(53): CodeIgniter\CodeIgniter->run()
#9 {main}
CRITICAL - 2021-01-10 19:19:40 --> Unknown column 'p.capacity' in 'field list'
#0 /home3/saptkri1/admin.saptkrishi.in/system/Database/MySQLi/Connection.php(330): mysqli->query('select c.*, p.c...')
#1 /home3/saptkri1/admin.saptkrishi.in/system/Database/BaseConnection.php(738): CodeIgniter\Database\MySQLi\Connection->execute('select c.*, p.c...')
#2 /home3/saptkri1/admin.saptkrishi.in/system/Database/BaseConnection.php(666): CodeIgniter\Database\BaseConnection->simpleQuery('select c.*, p.c...')
#3 /home3/saptkri1/admin.saptkrishi.in/system/Model.php(1698): CodeIgniter\Database\BaseConnection->query('select c.*, p.c...', Array)
#4 /home3/saptkri1/admin.saptkrishi.in/app/Controllers/Api.php(981): CodeIgniter\Model->__call('query', Array)
#5 /home3/saptkri1/admin.saptkrishi.in/system/CodeIgniter.php(910): App\Controllers\Api->cart('view')
#6 /home3/saptkri1/admin.saptkrishi.in/system/CodeIgniter.php(398): CodeIgniter\CodeIgniter->runController(Object(App\Controllers\Api))
#7 /home3/saptkri1/admin.saptkrishi.in/system/CodeIgniter.php(306): CodeIgniter\CodeIgniter->handleRequest(NULL, Object(Config\Cache), false)
#8 /home3/saptkri1/admin.saptkrishi.in/index.php(53): CodeIgniter\CodeIgniter->run()
#9 {main}
CRITICAL - 2021-01-10 19:20:56 --> Unknown column 'p.capacity' in 'field list'
#0 /home3/saptkri1/admin.saptkrishi.in/system/Database/MySQLi/Connection.php(330): mysqli->query('select c.*, p.c...')
#1 /home3/saptkri1/admin.saptkrishi.in/system/Database/BaseConnection.php(738): CodeIgniter\Database\MySQLi\Connection->execute('select c.*, p.c...')
#2 /home3/saptkri1/admin.saptkrishi.in/system/Database/BaseConnection.php(666): CodeIgniter\Database\BaseConnection->simpleQuery('select c.*, p.c...')
#3 /home3/saptkri1/admin.saptkrishi.in/system/Model.php(1698): CodeIgniter\Database\BaseConnection->query('select c.*, p.c...', Array)
#4 /home3/saptkri1/admin.saptkrishi.in/app/Controllers/Api.php(981): CodeIgniter\Model->__call('query', Array)
#5 /home3/saptkri1/admin.saptkrishi.in/system/CodeIgniter.php(910): App\Controllers\Api->cart('view')
#6 /home3/saptkri1/admin.saptkrishi.in/system/CodeIgniter.php(398): CodeIgniter\CodeIgniter->runController(Object(App\Controllers\Api))
#7 /home3/saptkri1/admin.saptkrishi.in/system/CodeIgniter.php(306): CodeIgniter\CodeIgniter->handleRequest(NULL, Object(Config\Cache), false)
#8 /home3/saptkri1/admin.saptkrishi.in/index.php(53): CodeIgniter\CodeIgniter->run()
#9 {main}
CRITICAL - 2021-01-10 19:22:54 --> Unknown column 'p.capacity' in 'field list'
#0 /home3/saptkri1/admin.saptkrishi.in/system/Database/MySQLi/Connection.php(330): mysqli->query('select c.*, p.c...')
#1 /home3/saptkri1/admin.saptkrishi.in/system/Database/BaseConnection.php(738): CodeIgniter\Database\MySQLi\Connection->execute('select c.*, p.c...')
#2 /home3/saptkri1/admin.saptkrishi.in/system/Database/BaseConnection.php(666): CodeIgniter\Database\BaseConnection->simpleQuery('select c.*, p.c...')
#3 /home3/saptkri1/admin.saptkrishi.in/system/Model.php(1698): CodeIgniter\Database\BaseConnection->query('select c.*, p.c...', Array)
#4 /home3/saptkri1/admin.saptkrishi.in/app/Controllers/Api.php(981): CodeIgniter\Model->__call('query', Array)
#5 /home3/saptkri1/admin.saptkrishi.in/system/CodeIgniter.php(910): App\Controllers\Api->cart('view')
#6 /home3/saptkri1/admin.saptkrishi.in/system/CodeIgniter.php(398): CodeIgniter\CodeIgniter->runController(Object(App\Controllers\Api))
#7 /home3/saptkri1/admin.saptkrishi.in/system/CodeIgniter.php(306): CodeIgniter\CodeIgniter->handleRequest(NULL, Object(Config\Cache), false)
#8 /home3/saptkri1/admin.saptkrishi.in/index.php(53): CodeIgniter\CodeIgniter->run()
#9 {main}
CRITICAL - 2021-01-10 19:52:56 --> Unknown column 'p.capacity' in 'field list'
#0 /home3/saptkri1/admin.saptkrishi.in/system/Database/MySQLi/Connection.php(330): mysqli->query('select c.*, p.c...')
#1 /home3/saptkri1/admin.saptkrishi.in/system/Database/BaseConnection.php(738): CodeIgniter\Database\MySQLi\Connection->execute('select c.*, p.c...')
#2 /home3/saptkri1/admin.saptkrishi.in/system/Database/BaseConnection.php(666): CodeIgniter\Database\BaseConnection->simpleQuery('select c.*, p.c...')
#3 /home3/saptkri1/admin.saptkrishi.in/system/Model.php(1698): CodeIgniter\Database\BaseConnection->query('select c.*, p.c...', Array)
#4 /home3/saptkri1/admin.saptkrishi.in/app/Controllers/Api.php(981): CodeIgniter\Model->__call('query', Array)
#5 /home3/saptkri1/admin.saptkrishi.in/system/CodeIgniter.php(910): App\Controllers\Api->cart('view')
#6 /home3/saptkri1/admin.saptkrishi.in/system/CodeIgniter.php(398): CodeIgniter\CodeIgniter->runController(Object(App\Controllers\Api))
#7 /home3/saptkri1/admin.saptkrishi.in/system/CodeIgniter.php(306): CodeIgniter\CodeIgniter->handleRequest(NULL, Object(Config\Cache), false)
#8 /home3/saptkri1/admin.saptkrishi.in/index.php(53): CodeIgniter\CodeIgniter->run()
#9 {main}
CRITICAL - 2021-01-10 20:04:17 --> Unknown column 'p.capacity' in 'field list'
#0 /home3/saptkri1/admin.saptkrishi.in/system/Database/MySQLi/Connection.php(330): mysqli->query('select c.*, p.c...')
#1 /home3/saptkri1/admin.saptkrishi.in/system/Database/BaseConnection.php(738): CodeIgniter\Database\MySQLi\Connection->execute('select c.*, p.c...')
#2 /home3/saptkri1/admin.saptkrishi.in/system/Database/BaseConnection.php(666): CodeIgniter\Database\BaseConnection->simpleQuery('select c.*, p.c...')
#3 /home3/saptkri1/admin.saptkrishi.in/system/Model.php(1698): CodeIgniter\Database\BaseConnection->query('select c.*, p.c...', Array)
#4 /home3/saptkri1/admin.saptkrishi.in/app/Controllers/Api.php(981): CodeIgniter\Model->__call('query', Array)
#5 /home3/saptkri1/admin.saptkrishi.in/system/CodeIgniter.php(910): App\Controllers\Api->cart('view')
#6 /home3/saptkri1/admin.saptkrishi.in/system/CodeIgniter.php(398): CodeIgniter\CodeIgniter->runController(Object(App\Controllers\Api))
#7 /home3/saptkri1/admin.saptkrishi.in/system/CodeIgniter.php(306): CodeIgniter\CodeIgniter->handleRequest(NULL, Object(Config\Cache), false)
#8 /home3/saptkri1/admin.saptkrishi.in/index.php(53): CodeIgniter\CodeIgniter->run()
#9 {main}
CRITICAL - 2021-01-10 20:04:39 --> Unknown column 'p.capacity' in 'field list'
#0 /home3/saptkri1/admin.saptkrishi.in/system/Database/MySQLi/Connection.php(330): mysqli->query('select c.*, p.c...')
#1 /home3/saptkri1/admin.saptkrishi.in/system/Database/BaseConnection.php(738): CodeIgniter\Database\MySQLi\Connection->execute('select c.*, p.c...')
#2 /home3/saptkri1/admin.saptkrishi.in/system/Database/BaseConnection.php(666): CodeIgniter\Database\BaseConnection->simpleQuery('select c.*, p.c...')
#3 /home3/saptkri1/admin.saptkrishi.in/system/Model.php(1698): CodeIgniter\Database\BaseConnection->query('select c.*, p.c...', Array)
#4 /home3/saptkri1/admin.saptkrishi.in/app/Controllers/Api.php(981): CodeIgniter\Model->__call('query', Array)
#5 /home3/saptkri1/admin.saptkrishi.in/system/CodeIgniter.php(910): App\Controllers\Api->cart('view')
#6 /home3/saptkri1/admin.saptkrishi.in/system/CodeIgniter.php(398): CodeIgniter\CodeIgniter->runController(Object(App\Controllers\Api))
#7 /home3/saptkri1/admin.saptkrishi.in/system/CodeIgniter.php(306): CodeIgniter\CodeIgniter->handleRequest(NULL, Object(Config\Cache), false)
#8 /home3/saptkri1/admin.saptkrishi.in/index.php(53): CodeIgniter\CodeIgniter->run()
#9 {main}
CRITICAL - 2021-01-10 20:04:39 --> Unknown column 'p.capacity' in 'field list'
#0 /home3/saptkri1/admin.saptkrishi.in/system/Database/MySQLi/Connection.php(330): mysqli->query('select c.*, p.c...')
#1 /home3/saptkri1/admin.saptkrishi.in/system/Database/BaseConnection.php(738): CodeIgniter\Database\MySQLi\Connection->execute('select c.*, p.c...')
#2 /home3/saptkri1/admin.saptkrishi.in/system/Database/BaseConnection.php(666): CodeIgniter\Database\BaseConnection->simpleQuery('select c.*, p.c...')
#3 /home3/saptkri1/admin.saptkrishi.in/system/Model.php(1698): CodeIgniter\Database\BaseConnection->query('select c.*, p.c...', Array)
#4 /home3/saptkri1/admin.saptkrishi.in/app/Controllers/Api.php(981): CodeIgniter\Model->__call('query', Array)
#5 /home3/saptkri1/admin.saptkrishi.in/system/CodeIgniter.php(910): App\Controllers\Api->cart('view')
#6 /home3/saptkri1/admin.saptkrishi.in/system/CodeIgniter.php(398): CodeIgniter\CodeIgniter->runController(Object(App\Controllers\Api))
#7 /home3/saptkri1/admin.saptkrishi.in/system/CodeIgniter.php(306): CodeIgniter\CodeIgniter->handleRequest(NULL, Object(Config\Cache), false)
#8 /home3/saptkri1/admin.saptkrishi.in/index.php(53): CodeIgniter\CodeIgniter->run()
#9 {main}
CRITICAL - 2021-01-10 20:04:59 --> Unknown column 'p.capacity' in 'field list'
#0 /home3/saptkri1/admin.saptkrishi.in/system/Database/MySQLi/Connection.php(330): mysqli->query('select c.*, p.c...')
#1 /home3/saptkri1/admin.saptkrishi.in/system/Database/BaseConnection.php(738): CodeIgniter\Database\MySQLi\Connection->execute('select c.*, p.c...')
#2 /home3/saptkri1/admin.saptkrishi.in/system/Database/BaseConnection.php(666): CodeIgniter\Database\BaseConnection->simpleQuery('select c.*, p.c...')
#3 /home3/saptkri1/admin.saptkrishi.in/system/Model.php(1698): CodeIgniter\Database\BaseConnection->query('select c.*, p.c...', Array)
#4 /home3/saptkri1/admin.saptkrishi.in/app/Controllers/Api.php(981): CodeIgniter\Model->__call('query', Array)
#5 /home3/saptkri1/admin.saptkrishi.in/system/CodeIgniter.php(910): App\Controllers\Api->cart('view')
#6 /home3/saptkri1/admin.saptkrishi.in/system/CodeIgniter.php(398): CodeIgniter\CodeIgniter->runController(Object(App\Controllers\Api))
#7 /home3/saptkri1/admin.saptkrishi.in/system/CodeIgniter.php(306): CodeIgniter\CodeIgniter->handleRequest(NULL, Object(Config\Cache), false)
#8 /home3/saptkri1/admin.saptkrishi.in/index.php(53): CodeIgniter\CodeIgniter->run()
#9 {main}
CRITICAL - 2021-01-10 20:05:11 --> Unknown column 'p.capacity' in 'field list'
#0 /home3/saptkri1/admin.saptkrishi.in/system/Database/MySQLi/Connection.php(330): mysqli->query('select c.*, p.c...')
#1 /home3/saptkri1/admin.saptkrishi.in/system/Database/BaseConnection.php(738): CodeIgniter\Database\MySQLi\Connection->execute('select c.*, p.c...')
#2 /home3/saptkri1/admin.saptkrishi.in/system/Database/BaseConnection.php(666): CodeIgniter\Database\BaseConnection->simpleQuery('select c.*, p.c...')
#3 /home3/saptkri1/admin.saptkrishi.in/system/Model.php(1698): CodeIgniter\Database\BaseConnection->query('select c.*, p.c...', Array)
#4 /home3/saptkri1/admin.saptkrishi.in/app/Controllers/Api.php(981): CodeIgniter\Model->__call('query', Array)
#5 /home3/saptkri1/admin.saptkrishi.in/system/CodeIgniter.php(910): App\Controllers\Api->cart('view')
#6 /home3/saptkri1/admin.saptkrishi.in/system/CodeIgniter.php(398): CodeIgniter\CodeIgniter->runController(Object(App\Controllers\Api))
#7 /home3/saptkri1/admin.saptkrishi.in/system/CodeIgniter.php(306): CodeIgniter\CodeIgniter->handleRequest(NULL, Object(Config\Cache), false)
#8 /home3/saptkri1/admin.saptkrishi.in/index.php(53): CodeIgniter\CodeIgniter->run()
#9 {main}
CRITICAL - 2021-01-10 20:05:19 --> Unknown column 'p.capacity' in 'field list'
#0 /home3/saptkri1/admin.saptkrishi.in/system/Database/MySQLi/Connection.php(330): mysqli->query('select c.*, p.c...')
#1 /home3/saptkri1/admin.saptkrishi.in/system/Database/BaseConnection.php(738): CodeIgniter\Database\MySQLi\Connection->execute('select c.*, p.c...')
#2 /home3/saptkri1/admin.saptkrishi.in/system/Database/BaseConnection.php(666): CodeIgniter\Database\BaseConnection->simpleQuery('select c.*, p.c...')
#3 /home3/saptkri1/admin.saptkrishi.in/system/Model.php(1698): CodeIgniter\Database\BaseConnection->query('select c.*, p.c...', Array)
#4 /home3/saptkri1/admin.saptkrishi.in/app/Controllers/Api.php(981): CodeIgniter\Model->__call('query', Array)
#5 /home3/saptkri1/admin.saptkrishi.in/system/CodeIgniter.php(910): App\Controllers\Api->cart('view')
#6 /home3/saptkri1/admin.saptkrishi.in/system/CodeIgniter.php(398): CodeIgniter\CodeIgniter->runController(Object(App\Controllers\Api))
#7 /home3/saptkri1/admin.saptkrishi.in/system/CodeIgniter.php(306): CodeIgniter\CodeIgniter->handleRequest(NULL, Object(Config\Cache), false)
#8 /home3/saptkri1/admin.saptkrishi.in/index.php(53): CodeIgniter\CodeIgniter->run()
#9 {main}
CRITICAL - 2021-01-10 20:05:25 --> Unknown column 'p.capacity' in 'field list'
#0 /home3/saptkri1/admin.saptkrishi.in/system/Database/MySQLi/Connection.php(330): mysqli->query('select c.*, p.c...')
#1 /home3/saptkri1/admin.saptkrishi.in/system/Database/BaseConnection.php(738): CodeIgniter\Database\MySQLi\Connection->execute('select c.*, p.c...')
#2 /home3/saptkri1/admin.saptkrishi.in/system/Database/BaseConnection.php(666): CodeIgniter\Database\BaseConnection->simpleQuery('select c.*, p.c...')
#3 /home3/saptkri1/admin.saptkrishi.in/system/Model.php(1698): CodeIgniter\Database\BaseConnection->query('select c.*, p.c...', Array)
#4 /home3/saptkri1/admin.saptkrishi.in/app/Controllers/Api.php(981): CodeIgniter\Model->__call('query', Array)
#5 /home3/saptkri1/admin.saptkrishi.in/system/CodeIgniter.php(910): App\Controllers\Api->cart('view')
#6 /home3/saptkri1/admin.saptkrishi.in/system/CodeIgniter.php(398): CodeIgniter\CodeIgniter->runController(Object(App\Controllers\Api))
#7 /home3/saptkri1/admin.saptkrishi.in/system/CodeIgniter.php(306): CodeIgniter\CodeIgniter->handleRequest(NULL, Object(Config\Cache), false)
#8 /home3/saptkri1/admin.saptkrishi.in/index.php(53): CodeIgniter\CodeIgniter->run()
#9 {main}
CRITICAL - 2021-01-10 20:05:57 --> Unknown column 'p.capacity' in 'field list'
#0 /home3/saptkri1/admin.saptkrishi.in/system/Database/MySQLi/Connection.php(330): mysqli->query('select c.*, p.c...')
#1 /home3/saptkri1/admin.saptkrishi.in/system/Database/BaseConnection.php(738): CodeIgniter\Database\MySQLi\Connection->execute('select c.*, p.c...')
#2 /home3/saptkri1/admin.saptkrishi.in/system/Database/BaseConnection.php(666): CodeIgniter\Database\BaseConnection->simpleQuery('select c.*, p.c...')
#3 /home3/saptkri1/admin.saptkrishi.in/system/Model.php(1698): CodeIgniter\Database\BaseConnection->query('select c.*, p.c...', Array)
#4 /home3/saptkri1/admin.saptkrishi.in/app/Controllers/Api.php(981): CodeIgniter\Model->__call('query', Array)
#5 /home3/saptkri1/admin.saptkrishi.in/system/CodeIgniter.php(910): App\Controllers\Api->cart('view')
#6 /home3/saptkri1/admin.saptkrishi.in/system/CodeIgniter.php(398): CodeIgniter\CodeIgniter->runController(Object(App\Controllers\Api))
#7 /home3/saptkri1/admin.saptkrishi.in/system/CodeIgniter.php(306): CodeIgniter\CodeIgniter->handleRequest(NULL, Object(Config\Cache), false)
#8 /home3/saptkri1/admin.saptkrishi.in/index.php(53): CodeIgniter\CodeIgniter->run()
#9 {main}
CRITICAL - 2021-01-10 20:06:35 --> Unknown column 'p.capacity' in 'field list'
#0 /home3/saptkri1/admin.saptkrishi.in/system/Database/MySQLi/Connection.php(330): mysqli->query('select c.*, p.c...')
#1 /home3/saptkri1/admin.saptkrishi.in/system/Database/BaseConnection.php(738): CodeIgniter\Database\MySQLi\Connection->execute('select c.*, p.c...')
#2 /home3/saptkri1/admin.saptkrishi.in/system/Database/BaseConnection.php(666): CodeIgniter\Database\BaseConnection->simpleQuery('select c.*, p.c...')
#3 /home3/saptkri1/admin.saptkrishi.in/system/Model.php(1698): CodeIgniter\Database\BaseConnection->query('select c.*, p.c...', Array)
#4 /home3/saptkri1/admin.saptkrishi.in/app/Controllers/Api.php(981): CodeIgniter\Model->__call('query', Array)
#5 /home3/saptkri1/admin.saptkrishi.in/system/CodeIgniter.php(910): App\Controllers\Api->cart('view')
#6 /home3/saptkri1/admin.saptkrishi.in/system/CodeIgniter.php(398): CodeIgniter\CodeIgniter->runController(Object(App\Controllers\Api))
#7 /home3/saptkri1/admin.saptkrishi.in/system/CodeIgniter.php(306): CodeIgniter\CodeIgniter->handleRequest(NULL, Object(Config\Cache), false)
#8 /home3/saptkri1/admin.saptkrishi.in/index.php(53): CodeIgniter\CodeIgniter->run()
#9 {main}
CRITICAL - 2021-01-10 20:08:00 --> Unknown column 'p.capacity' in 'field list'
#0 /home3/saptkri1/admin.saptkrishi.in/system/Database/MySQLi/Connection.php(330): mysqli->query('select c.*, p.c...')
#1 /home3/saptkri1/admin.saptkrishi.in/system/Database/BaseConnection.php(738): CodeIgniter\Database\MySQLi\Connection->execute('select c.*, p.c...')
#2 /home3/saptkri1/admin.saptkrishi.in/system/Database/BaseConnection.php(666): CodeIgniter\Database\BaseConnection->simpleQuery('select c.*, p.c...')
#3 /home3/saptkri1/admin.saptkrishi.in/system/Model.php(1698): CodeIgniter\Database\BaseConnection->query('select c.*, p.c...', Array)
#4 /home3/saptkri1/admin.saptkrishi.in/app/Controllers/Api.php(981): CodeIgniter\Model->__call('query', Array)
#5 /home3/saptkri1/admin.saptkrishi.in/system/CodeIgniter.php(910): App\Controllers\Api->cart('view')
#6 /home3/saptkri1/admin.saptkrishi.in/system/CodeIgniter.php(398): CodeIgniter\CodeIgniter->runController(Object(App\Controllers\Api))
#7 /home3/saptkri1/admin.saptkrishi.in/system/CodeIgniter.php(306): CodeIgniter\CodeIgniter->handleRequest(NULL, Object(Config\Cache), false)
#8 /home3/saptkri1/admin.saptkrishi.in/index.php(53): CodeIgniter\CodeIgniter->run()
#9 {main}
