CRITICAL - 2021-01-09 07:58:30 --> Unknown column 'p.capacity' in 'field list'
#0 /home3/saptkri1/admin.saptkrishi.in/system/Database/MySQLi/Connection.php(330): mysqli->query('select c.*, p.c...')
#1 /home3/saptkri1/admin.saptkrishi.in/system/Database/BaseConnection.php(738): CodeIgniter\Database\MySQLi\Connection->execute('select c.*, p.c...')
#2 /home3/saptkri1/admin.saptkrishi.in/system/Database/BaseConnection.php(666): CodeIgniter\Database\BaseConnection->simpleQuery('select c.*, p.c...')
#3 /home3/saptkri1/admin.saptkrishi.in/system/Model.php(1698): CodeIgniter\Database\BaseConnection->query('select c.*, p.c...', Array)
#4 /home3/saptkri1/admin.saptkrishi.in/app/Controllers/Api.php(981): CodeIgniter\Model->__call('query', Array)
#5 /home3/saptkri1/admin.saptkrishi.in/system/CodeIgniter.php(910): App\Controllers\Api->cart('view')
#6 /home3/saptkri1/admin.saptkrishi.in/system/CodeIgniter.php(398): CodeIgniter\CodeIgniter->runController(Object(App\Controllers\Api))
#7 /home3/saptkri1/admin.saptkrishi.in/system/CodeIgniter.php(306): CodeIgniter\CodeIgniter->handleRequest(NULL, Object(Config\Cache), false)
#8 /home3/saptkri1/admin.saptkrishi.in/index.php(53): CodeIgniter\CodeIgniter->run()
#9 {main}
CRITICAL - 2021-01-09 08:01:51 --> Unknown column 'p.capacity' in 'field list'
#0 /home3/saptkri1/admin.saptkrishi.in/system/Database/MySQLi/Connection.php(330): mysqli->query('select c.*, p.c...')
#1 /home3/saptkri1/admin.saptkrishi.in/system/Database/BaseConnection.php(738): CodeIgniter\Database\MySQLi\Connection->execute('select c.*, p.c...')
#2 /home3/saptkri1/admin.saptkrishi.in/system/Database/BaseConnection.php(666): CodeIgniter\Database\BaseConnection->simpleQuery('select c.*, p.c...')
#3 /home3/saptkri1/admin.saptkrishi.in/system/Model.php(1698): CodeIgniter\Database\BaseConnection->query('select c.*, p.c...', Array)
#4 /home3/saptkri1/admin.saptkrishi.in/app/Controllers/Api.php(981): CodeIgniter\Model->__call('query', Array)
#5 /home3/saptkri1/admin.saptkrishi.in/system/CodeIgniter.php(910): App\Controllers\Api->cart('view')
#6 /home3/saptkri1/admin.saptkrishi.in/system/CodeIgniter.php(398): CodeIgniter\CodeIgniter->runController(Object(App\Controllers\Api))
#7 /home3/saptkri1/admin.saptkrishi.in/system/CodeIgniter.php(306): CodeIgniter\CodeIgniter->handleRequest(NULL, Object(Config\Cache), false)
#8 /home3/saptkri1/admin.saptkrishi.in/index.php(53): CodeIgniter\CodeIgniter->run()
#9 {main}
CRITICAL - 2021-01-09 08:16:59 --> Unknown column 'p.capacity' in 'field list'
#0 /home3/saptkri1/admin.saptkrishi.in/system/Database/MySQLi/Connection.php(330): mysqli->query('select c.*, p.c...')
#1 /home3/saptkri1/admin.saptkrishi.in/system/Database/BaseConnection.php(738): CodeIgniter\Database\MySQLi\Connection->execute('select c.*, p.c...')
#2 /home3/saptkri1/admin.saptkrishi.in/system/Database/BaseConnection.php(666): CodeIgniter\Database\BaseConnection->simpleQuery('select c.*, p.c...')
#3 /home3/saptkri1/admin.saptkrishi.in/system/Model.php(1698): CodeIgniter\Database\BaseConnection->query('select c.*, p.c...', Array)
#4 /home3/saptkri1/admin.saptkrishi.in/app/Controllers/Api.php(981): CodeIgniter\Model->__call('query', Array)
#5 /home3/saptkri1/admin.saptkrishi.in/system/CodeIgniter.php(910): App\Controllers\Api->cart('view')
#6 /home3/saptkri1/admin.saptkrishi.in/system/CodeIgniter.php(398): CodeIgniter\CodeIgniter->runController(Object(App\Controllers\Api))
#7 /home3/saptkri1/admin.saptkrishi.in/system/CodeIgniter.php(306): CodeIgniter\CodeIgniter->handleRequest(NULL, Object(Config\Cache), false)
#8 /home3/saptkri1/admin.saptkrishi.in/index.php(53): CodeIgniter\CodeIgniter->run()
#9 {main}
CRITICAL - 2021-01-09 08:18:32 --> Unknown column 'p.capacity' in 'field list'
#0 /home3/saptkri1/admin.saptkrishi.in/system/Database/MySQLi/Connection.php(330): mysqli->query('select c.*, p.c...')
#1 /home3/saptkri1/admin.saptkrishi.in/system/Database/BaseConnection.php(738): CodeIgniter\Database\MySQLi\Connection->execute('select c.*, p.c...')
#2 /home3/saptkri1/admin.saptkrishi.in/system/Database/BaseConnection.php(666): CodeIgniter\Database\BaseConnection->simpleQuery('select c.*, p.c...')
#3 /home3/saptkri1/admin.saptkrishi.in/system/Model.php(1698): CodeIgniter\Database\BaseConnection->query('select c.*, p.c...', Array)
#4 /home3/saptkri1/admin.saptkrishi.in/app/Controllers/Api.php(981): CodeIgniter\Model->__call('query', Array)
#5 /home3/saptkri1/admin.saptkrishi.in/system/CodeIgniter.php(910): App\Controllers\Api->cart('view')
#6 /home3/saptkri1/admin.saptkrishi.in/system/CodeIgniter.php(398): CodeIgniter\CodeIgniter->runController(Object(App\Controllers\Api))
#7 /home3/saptkri1/admin.saptkrishi.in/system/CodeIgniter.php(306): CodeIgniter\CodeIgniter->handleRequest(NULL, Object(Config\Cache), false)
#8 /home3/saptkri1/admin.saptkrishi.in/index.php(53): CodeIgniter\CodeIgniter->run()
#9 {main}
CRITICAL - 2021-01-09 09:37:34 --> Unknown column 'p.capacity' in 'field list'
#0 /home3/saptkri1/admin.saptkrishi.in/system/Database/MySQLi/Connection.php(330): mysqli->query('select c.*, p.c...')
#1 /home3/saptkri1/admin.saptkrishi.in/system/Database/BaseConnection.php(738): CodeIgniter\Database\MySQLi\Connection->execute('select c.*, p.c...')
#2 /home3/saptkri1/admin.saptkrishi.in/system/Database/BaseConnection.php(666): CodeIgniter\Database\BaseConnection->simpleQuery('select c.*, p.c...')
#3 /home3/saptkri1/admin.saptkrishi.in/system/Model.php(1698): CodeIgniter\Database\BaseConnection->query('select c.*, p.c...', Array)
#4 /home3/saptkri1/admin.saptkrishi.in/app/Controllers/Api.php(981): CodeIgniter\Model->__call('query', Array)
#5 /home3/saptkri1/admin.saptkrishi.in/system/CodeIgniter.php(910): App\Controllers\Api->cart('view')
#6 /home3/saptkri1/admin.saptkrishi.in/system/CodeIgniter.php(398): CodeIgniter\CodeIgniter->runController(Object(App\Controllers\Api))
#7 /home3/saptkri1/admin.saptkrishi.in/system/CodeIgniter.php(306): CodeIgniter\CodeIgniter->handleRequest(NULL, Object(Config\Cache), false)
#8 /home3/saptkri1/admin.saptkrishi.in/index.php(53): CodeIgniter\CodeIgniter->run()
#9 {main}
CRITICAL - 2021-01-09 09:38:02 --> Unknown column 'p.capacity' in 'field list'
#0 /home3/saptkri1/admin.saptkrishi.in/system/Database/MySQLi/Connection.php(330): mysqli->query('select c.*, p.c...')
#1 /home3/saptkri1/admin.saptkrishi.in/system/Database/BaseConnection.php(738): CodeIgniter\Database\MySQLi\Connection->execute('select c.*, p.c...')
#2 /home3/saptkri1/admin.saptkrishi.in/system/Database/BaseConnection.php(666): CodeIgniter\Database\BaseConnection->simpleQuery('select c.*, p.c...')
#3 /home3/saptkri1/admin.saptkrishi.in/system/Model.php(1698): CodeIgniter\Database\BaseConnection->query('select c.*, p.c...', Array)
#4 /home3/saptkri1/admin.saptkrishi.in/app/Controllers/Api.php(981): CodeIgniter\Model->__call('query', Array)
#5 /home3/saptkri1/admin.saptkrishi.in/system/CodeIgniter.php(910): App\Controllers\Api->cart('view')
#6 /home3/saptkri1/admin.saptkrishi.in/system/CodeIgniter.php(398): CodeIgniter\CodeIgniter->runController(Object(App\Controllers\Api))
#7 /home3/saptkri1/admin.saptkrishi.in/system/CodeIgniter.php(306): CodeIgniter\CodeIgniter->handleRequest(NULL, Object(Config\Cache), false)
#8 /home3/saptkri1/admin.saptkrishi.in/index.php(53): CodeIgniter\CodeIgniter->run()
#9 {main}
CRITICAL - 2021-01-09 09:39:12 --> Unknown column 'p.capacity' in 'field list'
#0 /home3/saptkri1/admin.saptkrishi.in/system/Database/MySQLi/Connection.php(330): mysqli->query('select c.*, p.c...')
#1 /home3/saptkri1/admin.saptkrishi.in/system/Database/BaseConnection.php(738): CodeIgniter\Database\MySQLi\Connection->execute('select c.*, p.c...')
#2 /home3/saptkri1/admin.saptkrishi.in/system/Database/BaseConnection.php(666): CodeIgniter\Database\BaseConnection->simpleQuery('select c.*, p.c...')
#3 /home3/saptkri1/admin.saptkrishi.in/system/Model.php(1698): CodeIgniter\Database\BaseConnection->query('select c.*, p.c...', Array)
#4 /home3/saptkri1/admin.saptkrishi.in/app/Controllers/Api.php(981): CodeIgniter\Model->__call('query', Array)
#5 /home3/saptkri1/admin.saptkrishi.in/system/CodeIgniter.php(910): App\Controllers\Api->cart('view')
#6 /home3/saptkri1/admin.saptkrishi.in/system/CodeIgniter.php(398): CodeIgniter\CodeIgniter->runController(Object(App\Controllers\Api))
#7 /home3/saptkri1/admin.saptkrishi.in/system/CodeIgniter.php(306): CodeIgniter\CodeIgniter->handleRequest(NULL, Object(Config\Cache), false)
#8 /home3/saptkri1/admin.saptkrishi.in/index.php(53): CodeIgniter\CodeIgniter->run()
#9 {main}
CRITICAL - 2021-01-09 09:55:16 --> Unknown column 'p.capacity' in 'field list'
#0 /home3/saptkri1/admin.saptkrishi.in/system/Database/MySQLi/Connection.php(330): mysqli->query('select c.*, p.c...')
#1 /home3/saptkri1/admin.saptkrishi.in/system/Database/BaseConnection.php(738): CodeIgniter\Database\MySQLi\Connection->execute('select c.*, p.c...')
#2 /home3/saptkri1/admin.saptkrishi.in/system/Database/BaseConnection.php(666): CodeIgniter\Database\BaseConnection->simpleQuery('select c.*, p.c...')
#3 /home3/saptkri1/admin.saptkrishi.in/system/Model.php(1698): CodeIgniter\Database\BaseConnection->query('select c.*, p.c...', Array)
#4 /home3/saptkri1/admin.saptkrishi.in/app/Controllers/Api.php(981): CodeIgniter\Model->__call('query', Array)
#5 /home3/saptkri1/admin.saptkrishi.in/system/CodeIgniter.php(910): App\Controllers\Api->cart('view')
#6 /home3/saptkri1/admin.saptkrishi.in/system/CodeIgniter.php(398): CodeIgniter\CodeIgniter->runController(Object(App\Controllers\Api))
#7 /home3/saptkri1/admin.saptkrishi.in/system/CodeIgniter.php(306): CodeIgniter\CodeIgniter->handleRequest(NULL, Object(Config\Cache), false)
#8 /home3/saptkri1/admin.saptkrishi.in/index.php(53): CodeIgniter\CodeIgniter->run()
#9 {main}
CRITICAL - 2021-01-09 09:56:02 --> Unknown column 'p.capacity' in 'field list'
#0 /home3/saptkri1/admin.saptkrishi.in/system/Database/MySQLi/Connection.php(330): mysqli->query('select c.*, p.c...')
#1 /home3/saptkri1/admin.saptkrishi.in/system/Database/BaseConnection.php(738): CodeIgniter\Database\MySQLi\Connection->execute('select c.*, p.c...')
#2 /home3/saptkri1/admin.saptkrishi.in/system/Database/BaseConnection.php(666): CodeIgniter\Database\BaseConnection->simpleQuery('select c.*, p.c...')
#3 /home3/saptkri1/admin.saptkrishi.in/system/Model.php(1698): CodeIgniter\Database\BaseConnection->query('select c.*, p.c...', Array)
#4 /home3/saptkri1/admin.saptkrishi.in/app/Controllers/Api.php(981): CodeIgniter\Model->__call('query', Array)
#5 /home3/saptkri1/admin.saptkrishi.in/system/CodeIgniter.php(910): App\Controllers\Api->cart('view')
#6 /home3/saptkri1/admin.saptkrishi.in/system/CodeIgniter.php(398): CodeIgniter\CodeIgniter->runController(Object(App\Controllers\Api))
#7 /home3/saptkri1/admin.saptkrishi.in/system/CodeIgniter.php(306): CodeIgniter\CodeIgniter->handleRequest(NULL, Object(Config\Cache), false)
#8 /home3/saptkri1/admin.saptkrishi.in/index.php(53): CodeIgniter\CodeIgniter->run()
#9 {main}
CRITICAL - 2021-01-09 09:57:10 --> Unknown column 'p.capacity' in 'field list'
#0 /home3/saptkri1/admin.saptkrishi.in/system/Database/MySQLi/Connection.php(330): mysqli->query('select c.*, p.c...')
#1 /home3/saptkri1/admin.saptkrishi.in/system/Database/BaseConnection.php(738): CodeIgniter\Database\MySQLi\Connection->execute('select c.*, p.c...')
#2 /home3/saptkri1/admin.saptkrishi.in/system/Database/BaseConnection.php(666): CodeIgniter\Database\BaseConnection->simpleQuery('select c.*, p.c...')
#3 /home3/saptkri1/admin.saptkrishi.in/system/Model.php(1698): CodeIgniter\Database\BaseConnection->query('select c.*, p.c...', Array)
#4 /home3/saptkri1/admin.saptkrishi.in/app/Controllers/Api.php(981): CodeIgniter\Model->__call('query', Array)
#5 /home3/saptkri1/admin.saptkrishi.in/system/CodeIgniter.php(910): App\Controllers\Api->cart('view')
#6 /home3/saptkri1/admin.saptkrishi.in/system/CodeIgniter.php(398): CodeIgniter\CodeIgniter->runController(Object(App\Controllers\Api))
#7 /home3/saptkri1/admin.saptkrishi.in/system/CodeIgniter.php(306): CodeIgniter\CodeIgniter->handleRequest(NULL, Object(Config\Cache), false)
#8 /home3/saptkri1/admin.saptkrishi.in/index.php(53): CodeIgniter\CodeIgniter->run()
#9 {main}
CRITICAL - 2021-01-09 09:57:53 --> Unknown column 'p.capacity' in 'field list'
#0 /home3/saptkri1/admin.saptkrishi.in/system/Database/MySQLi/Connection.php(330): mysqli->query('select c.*, p.c...')
#1 /home3/saptkri1/admin.saptkrishi.in/system/Database/BaseConnection.php(738): CodeIgniter\Database\MySQLi\Connection->execute('select c.*, p.c...')
#2 /home3/saptkri1/admin.saptkrishi.in/system/Database/BaseConnection.php(666): CodeIgniter\Database\BaseConnection->simpleQuery('select c.*, p.c...')
#3 /home3/saptkri1/admin.saptkrishi.in/system/Model.php(1698): CodeIgniter\Database\BaseConnection->query('select c.*, p.c...', Array)
#4 /home3/saptkri1/admin.saptkrishi.in/app/Controllers/Api.php(981): CodeIgniter\Model->__call('query', Array)
#5 /home3/saptkri1/admin.saptkrishi.in/system/CodeIgniter.php(910): App\Controllers\Api->cart('view')
#6 /home3/saptkri1/admin.saptkrishi.in/system/CodeIgniter.php(398): CodeIgniter\CodeIgniter->runController(Object(App\Controllers\Api))
#7 /home3/saptkri1/admin.saptkrishi.in/system/CodeIgniter.php(306): CodeIgniter\CodeIgniter->handleRequest(NULL, Object(Config\Cache), false)
#8 /home3/saptkri1/admin.saptkrishi.in/index.php(53): CodeIgniter\CodeIgniter->run()
#9 {main}
CRITICAL - 2021-01-09 10:13:23 --> Unknown column 'p.capacity' in 'field list'
#0 /home3/saptkri1/admin.saptkrishi.in/system/Database/MySQLi/Connection.php(330): mysqli->query('select c.*, p.c...')
#1 /home3/saptkri1/admin.saptkrishi.in/system/Database/BaseConnection.php(738): CodeIgniter\Database\MySQLi\Connection->execute('select c.*, p.c...')
#2 /home3/saptkri1/admin.saptkrishi.in/system/Database/BaseConnection.php(666): CodeIgniter\Database\BaseConnection->simpleQuery('select c.*, p.c...')
#3 /home3/saptkri1/admin.saptkrishi.in/system/Model.php(1698): CodeIgniter\Database\BaseConnection->query('select c.*, p.c...', Array)
#4 /home3/saptkri1/admin.saptkrishi.in/app/Controllers/Api.php(981): CodeIgniter\Model->__call('query', Array)
#5 /home3/saptkri1/admin.saptkrishi.in/system/CodeIgniter.php(910): App\Controllers\Api->cart('view')
#6 /home3/saptkri1/admin.saptkrishi.in/system/CodeIgniter.php(398): CodeIgniter\CodeIgniter->runController(Object(App\Controllers\Api))
#7 /home3/saptkri1/admin.saptkrishi.in/system/CodeIgniter.php(306): CodeIgniter\CodeIgniter->handleRequest(NULL, Object(Config\Cache), false)
#8 /home3/saptkri1/admin.saptkrishi.in/index.php(53): CodeIgniter\CodeIgniter->run()
#9 {main}
CRITICAL - 2021-01-09 10:21:38 --> Unknown column 'p.capacity' in 'field list'
#0 /home3/saptkri1/admin.saptkrishi.in/system/Database/MySQLi/Connection.php(330): mysqli->query('select c.*, p.c...')
#1 /home3/saptkri1/admin.saptkrishi.in/system/Database/BaseConnection.php(738): CodeIgniter\Database\MySQLi\Connection->execute('select c.*, p.c...')
#2 /home3/saptkri1/admin.saptkrishi.in/system/Database/BaseConnection.php(666): CodeIgniter\Database\BaseConnection->simpleQuery('select c.*, p.c...')
#3 /home3/saptkri1/admin.saptkrishi.in/system/Model.php(1698): CodeIgniter\Database\BaseConnection->query('select c.*, p.c...', Array)
#4 /home3/saptkri1/admin.saptkrishi.in/app/Controllers/Api.php(981): CodeIgniter\Model->__call('query', Array)
#5 /home3/saptkri1/admin.saptkrishi.in/system/CodeIgniter.php(910): App\Controllers\Api->cart('view')
#6 /home3/saptkri1/admin.saptkrishi.in/system/CodeIgniter.php(398): CodeIgniter\CodeIgniter->runController(Object(App\Controllers\Api))
#7 /home3/saptkri1/admin.saptkrishi.in/system/CodeIgniter.php(306): CodeIgniter\CodeIgniter->handleRequest(NULL, Object(Config\Cache), false)
#8 /home3/saptkri1/admin.saptkrishi.in/index.php(53): CodeIgniter\CodeIgniter->run()
#9 {main}
CRITICAL - 2021-01-09 10:23:05 --> Unknown column 'p.capacity' in 'field list'
#0 /home3/saptkri1/admin.saptkrishi.in/system/Database/MySQLi/Connection.php(330): mysqli->query('select c.*, p.c...')
#1 /home3/saptkri1/admin.saptkrishi.in/system/Database/BaseConnection.php(738): CodeIgniter\Database\MySQLi\Connection->execute('select c.*, p.c...')
#2 /home3/saptkri1/admin.saptkrishi.in/system/Database/BaseConnection.php(666): CodeIgniter\Database\BaseConnection->simpleQuery('select c.*, p.c...')
#3 /home3/saptkri1/admin.saptkrishi.in/system/Model.php(1698): CodeIgniter\Database\BaseConnection->query('select c.*, p.c...', Array)
#4 /home3/saptkri1/admin.saptkrishi.in/app/Controllers/Api.php(981): CodeIgniter\Model->__call('query', Array)
#5 /home3/saptkri1/admin.saptkrishi.in/system/CodeIgniter.php(910): App\Controllers\Api->cart('view')
#6 /home3/saptkri1/admin.saptkrishi.in/system/CodeIgniter.php(398): CodeIgniter\CodeIgniter->runController(Object(App\Controllers\Api))
#7 /home3/saptkri1/admin.saptkrishi.in/system/CodeIgniter.php(306): CodeIgniter\CodeIgniter->handleRequest(NULL, Object(Config\Cache), false)
#8 /home3/saptkri1/admin.saptkrishi.in/index.php(53): CodeIgniter\CodeIgniter->run()
#9 {main}
CRITICAL - 2021-01-09 10:27:35 --> Unknown column 'p.capacity' in 'field list'
#0 /home3/saptkri1/admin.saptkrishi.in/system/Database/MySQLi/Connection.php(330): mysqli->query('select c.*, p.c...')
#1 /home3/saptkri1/admin.saptkrishi.in/system/Database/BaseConnection.php(738): CodeIgniter\Database\MySQLi\Connection->execute('select c.*, p.c...')
#2 /home3/saptkri1/admin.saptkrishi.in/system/Database/BaseConnection.php(666): CodeIgniter\Database\BaseConnection->simpleQuery('select c.*, p.c...')
#3 /home3/saptkri1/admin.saptkrishi.in/system/Model.php(1698): CodeIgniter\Database\BaseConnection->query('select c.*, p.c...', Array)
#4 /home3/saptkri1/admin.saptkrishi.in/app/Controllers/Api.php(981): CodeIgniter\Model->__call('query', Array)
#5 /home3/saptkri1/admin.saptkrishi.in/system/CodeIgniter.php(910): App\Controllers\Api->cart('view')
#6 /home3/saptkri1/admin.saptkrishi.in/system/CodeIgniter.php(398): CodeIgniter\CodeIgniter->runController(Object(App\Controllers\Api))
#7 /home3/saptkri1/admin.saptkrishi.in/system/CodeIgniter.php(306): CodeIgniter\CodeIgniter->handleRequest(NULL, Object(Config\Cache), false)
#8 /home3/saptkri1/admin.saptkrishi.in/index.php(53): CodeIgniter\CodeIgniter->run()
#9 {main}
CRITICAL - 2021-01-09 10:29:38 --> Unknown column 'p.capacity' in 'field list'
#0 /home3/saptkri1/admin.saptkrishi.in/system/Database/MySQLi/Connection.php(330): mysqli->query('select c.*, p.c...')
#1 /home3/saptkri1/admin.saptkrishi.in/system/Database/BaseConnection.php(738): CodeIgniter\Database\MySQLi\Connection->execute('select c.*, p.c...')
#2 /home3/saptkri1/admin.saptkrishi.in/system/Database/BaseConnection.php(666): CodeIgniter\Database\BaseConnection->simpleQuery('select c.*, p.c...')
#3 /home3/saptkri1/admin.saptkrishi.in/system/Model.php(1698): CodeIgniter\Database\BaseConnection->query('select c.*, p.c...', Array)
#4 /home3/saptkri1/admin.saptkrishi.in/app/Controllers/Api.php(981): CodeIgniter\Model->__call('query', Array)
#5 /home3/saptkri1/admin.saptkrishi.in/system/CodeIgniter.php(910): App\Controllers\Api->cart('view')
#6 /home3/saptkri1/admin.saptkrishi.in/system/CodeIgniter.php(398): CodeIgniter\CodeIgniter->runController(Object(App\Controllers\Api))
#7 /home3/saptkri1/admin.saptkrishi.in/system/CodeIgniter.php(306): CodeIgniter\CodeIgniter->handleRequest(NULL, Object(Config\Cache), false)
#8 /home3/saptkri1/admin.saptkrishi.in/index.php(53): CodeIgniter\CodeIgniter->run()
#9 {main}
CRITICAL - 2021-01-09 10:29:40 --> Unknown column 'p.capacity' in 'field list'
#0 /home3/saptkri1/admin.saptkrishi.in/system/Database/MySQLi/Connection.php(330): mysqli->query('select c.*, p.c...')
#1 /home3/saptkri1/admin.saptkrishi.in/system/Database/BaseConnection.php(738): CodeIgniter\Database\MySQLi\Connection->execute('select c.*, p.c...')
#2 /home3/saptkri1/admin.saptkrishi.in/system/Database/BaseConnection.php(666): CodeIgniter\Database\BaseConnection->simpleQuery('select c.*, p.c...')
#3 /home3/saptkri1/admin.saptkrishi.in/system/Model.php(1698): CodeIgniter\Database\BaseConnection->query('select c.*, p.c...', Array)
#4 /home3/saptkri1/admin.saptkrishi.in/app/Controllers/Api.php(981): CodeIgniter\Model->__call('query', Array)
#5 /home3/saptkri1/admin.saptkrishi.in/system/CodeIgniter.php(910): App\Controllers\Api->cart('view')
#6 /home3/saptkri1/admin.saptkrishi.in/system/CodeIgniter.php(398): CodeIgniter\CodeIgniter->runController(Object(App\Controllers\Api))
#7 /home3/saptkri1/admin.saptkrishi.in/system/CodeIgniter.php(306): CodeIgniter\CodeIgniter->handleRequest(NULL, Object(Config\Cache), false)
#8 /home3/saptkri1/admin.saptkrishi.in/index.php(53): CodeIgniter\CodeIgniter->run()
#9 {main}
CRITICAL - 2021-01-09 13:19:19 --> Unknown column 'p.capacity' in 'field list'
#0 /home3/saptkri1/admin.saptkrishi.in/system/Database/MySQLi/Connection.php(330): mysqli->query('select c.*, p.c...')
#1 /home3/saptkri1/admin.saptkrishi.in/system/Database/BaseConnection.php(738): CodeIgniter\Database\MySQLi\Connection->execute('select c.*, p.c...')
#2 /home3/saptkri1/admin.saptkrishi.in/system/Database/BaseConnection.php(666): CodeIgniter\Database\BaseConnection->simpleQuery('select c.*, p.c...')
#3 /home3/saptkri1/admin.saptkrishi.in/system/Model.php(1698): CodeIgniter\Database\BaseConnection->query('select c.*, p.c...', Array)
#4 /home3/saptkri1/admin.saptkrishi.in/app/Controllers/Api.php(981): CodeIgniter\Model->__call('query', Array)
#5 /home3/saptkri1/admin.saptkrishi.in/system/CodeIgniter.php(910): App\Controllers\Api->cart('view')
#6 /home3/saptkri1/admin.saptkrishi.in/system/CodeIgniter.php(398): CodeIgniter\CodeIgniter->runController(Object(App\Controllers\Api))
#7 /home3/saptkri1/admin.saptkrishi.in/system/CodeIgniter.php(306): CodeIgniter\CodeIgniter->handleRequest(NULL, Object(Config\Cache), false)
#8 /home3/saptkri1/admin.saptkrishi.in/index.php(53): CodeIgniter\CodeIgniter->run()
#9 {main}
CRITICAL - 2021-01-09 13:19:57 --> Unknown column 'p.capacity' in 'field list'
#0 /home3/saptkri1/admin.saptkrishi.in/system/Database/MySQLi/Connection.php(330): mysqli->query('select c.*, p.c...')
#1 /home3/saptkri1/admin.saptkrishi.in/system/Database/BaseConnection.php(738): CodeIgniter\Database\MySQLi\Connection->execute('select c.*, p.c...')
#2 /home3/saptkri1/admin.saptkrishi.in/system/Database/BaseConnection.php(666): CodeIgniter\Database\BaseConnection->simpleQuery('select c.*, p.c...')
#3 /home3/saptkri1/admin.saptkrishi.in/system/Model.php(1698): CodeIgniter\Database\BaseConnection->query('select c.*, p.c...', Array)
#4 /home3/saptkri1/admin.saptkrishi.in/app/Controllers/Api.php(981): CodeIgniter\Model->__call('query', Array)
#5 /home3/saptkri1/admin.saptkrishi.in/system/CodeIgniter.php(910): App\Controllers\Api->cart('view')
#6 /home3/saptkri1/admin.saptkrishi.in/system/CodeIgniter.php(398): CodeIgniter\CodeIgniter->runController(Object(App\Controllers\Api))
#7 /home3/saptkri1/admin.saptkrishi.in/system/CodeIgniter.php(306): CodeIgniter\CodeIgniter->handleRequest(NULL, Object(Config\Cache), false)
#8 /home3/saptkri1/admin.saptkrishi.in/index.php(53): CodeIgniter\CodeIgniter->run()
#9 {main}
CRITICAL - 2021-01-09 15:05:57 --> Unknown column 'p.capacity' in 'field list'
#0 /home3/saptkri1/admin.saptkrishi.in/system/Database/MySQLi/Connection.php(330): mysqli->query('select c.*, p.c...')
#1 /home3/saptkri1/admin.saptkrishi.in/system/Database/BaseConnection.php(738): CodeIgniter\Database\MySQLi\Connection->execute('select c.*, p.c...')
#2 /home3/saptkri1/admin.saptkrishi.in/system/Database/BaseConnection.php(666): CodeIgniter\Database\BaseConnection->simpleQuery('select c.*, p.c...')
#3 /home3/saptkri1/admin.saptkrishi.in/system/Model.php(1698): CodeIgniter\Database\BaseConnection->query('select c.*, p.c...', Array)
#4 /home3/saptkri1/admin.saptkrishi.in/app/Controllers/Api.php(981): CodeIgniter\Model->__call('query', Array)
#5 /home3/saptkri1/admin.saptkrishi.in/system/CodeIgniter.php(910): App\Controllers\Api->cart('view')
#6 /home3/saptkri1/admin.saptkrishi.in/system/CodeIgniter.php(398): CodeIgniter\CodeIgniter->runController(Object(App\Controllers\Api))
#7 /home3/saptkri1/admin.saptkrishi.in/system/CodeIgniter.php(306): CodeIgniter\CodeIgniter->handleRequest(NULL, Object(Config\Cache), false)
#8 /home3/saptkri1/admin.saptkrishi.in/index.php(53): CodeIgniter\CodeIgniter->run()
#9 {main}
CRITICAL - 2021-01-09 16:31:50 --> Unknown column 'p.capacity' in 'field list'
#0 /home3/saptkri1/admin.saptkrishi.in/system/Database/MySQLi/Connection.php(330): mysqli->query('select c.*, p.c...')
#1 /home3/saptkri1/admin.saptkrishi.in/system/Database/BaseConnection.php(738): CodeIgniter\Database\MySQLi\Connection->execute('select c.*, p.c...')
#2 /home3/saptkri1/admin.saptkrishi.in/system/Database/BaseConnection.php(666): CodeIgniter\Database\BaseConnection->simpleQuery('select c.*, p.c...')
#3 /home3/saptkri1/admin.saptkrishi.in/system/Model.php(1698): CodeIgniter\Database\BaseConnection->query('select c.*, p.c...', Array)
#4 /home3/saptkri1/admin.saptkrishi.in/app/Controllers/Api.php(981): CodeIgniter\Model->__call('query', Array)
#5 /home3/saptkri1/admin.saptkrishi.in/system/CodeIgniter.php(910): App\Controllers\Api->cart('view')
#6 /home3/saptkri1/admin.saptkrishi.in/system/CodeIgniter.php(398): CodeIgniter\CodeIgniter->runController(Object(App\Controllers\Api))
#7 /home3/saptkri1/admin.saptkrishi.in/system/CodeIgniter.php(306): CodeIgniter\CodeIgniter->handleRequest(NULL, Object(Config\Cache), false)
#8 /home3/saptkri1/admin.saptkrishi.in/index.php(53): CodeIgniter\CodeIgniter->run()
#9 {main}
CRITICAL - 2021-01-09 17:00:20 --> Unknown column 'p.capacity' in 'field list'
#0 /home3/saptkri1/admin.saptkrishi.in/system/Database/MySQLi/Connection.php(330): mysqli->query('select c.*, p.c...')
#1 /home3/saptkri1/admin.saptkrishi.in/system/Database/BaseConnection.php(738): CodeIgniter\Database\MySQLi\Connection->execute('select c.*, p.c...')
#2 /home3/saptkri1/admin.saptkrishi.in/system/Database/BaseConnection.php(666): CodeIgniter\Database\BaseConnection->simpleQuery('select c.*, p.c...')
#3 /home3/saptkri1/admin.saptkrishi.in/system/Model.php(1698): CodeIgniter\Database\BaseConnection->query('select c.*, p.c...', Array)
#4 /home3/saptkri1/admin.saptkrishi.in/app/Controllers/Api.php(981): CodeIgniter\Model->__call('query', Array)
#5 /home3/saptkri1/admin.saptkrishi.in/system/CodeIgniter.php(910): App\Controllers\Api->cart('view')
#6 /home3/saptkri1/admin.saptkrishi.in/system/CodeIgniter.php(398): CodeIgniter\CodeIgniter->runController(Object(App\Controllers\Api))
#7 /home3/saptkri1/admin.saptkrishi.in/system/CodeIgniter.php(306): CodeIgniter\CodeIgniter->handleRequest(NULL, Object(Config\Cache), false)
#8 /home3/saptkri1/admin.saptkrishi.in/index.php(53): CodeIgniter\CodeIgniter->run()
#9 {main}
CRITICAL - 2021-01-09 18:05:16 --> Unknown column 'p.capacity' in 'field list'
#0 /home3/saptkri1/admin.saptkrishi.in/system/Database/MySQLi/Connection.php(330): mysqli->query('select c.*, p.c...')
#1 /home3/saptkri1/admin.saptkrishi.in/system/Database/BaseConnection.php(738): CodeIgniter\Database\MySQLi\Connection->execute('select c.*, p.c...')
#2 /home3/saptkri1/admin.saptkrishi.in/system/Database/BaseConnection.php(666): CodeIgniter\Database\BaseConnection->simpleQuery('select c.*, p.c...')
#3 /home3/saptkri1/admin.saptkrishi.in/system/Model.php(1698): CodeIgniter\Database\BaseConnection->query('select c.*, p.c...', Array)
#4 /home3/saptkri1/admin.saptkrishi.in/app/Controllers/Api.php(981): CodeIgniter\Model->__call('query', Array)
#5 /home3/saptkri1/admin.saptkrishi.in/system/CodeIgniter.php(910): App\Controllers\Api->cart('view')
#6 /home3/saptkri1/admin.saptkrishi.in/system/CodeIgniter.php(398): CodeIgniter\CodeIgniter->runController(Object(App\Controllers\Api))
#7 /home3/saptkri1/admin.saptkrishi.in/system/CodeIgniter.php(306): CodeIgniter\CodeIgniter->handleRequest(NULL, Object(Config\Cache), false)
#8 /home3/saptkri1/admin.saptkrishi.in/index.php(53): CodeIgniter\CodeIgniter->run()
#9 {main}
CRITICAL - 2021-01-09 18:05:45 --> Unknown column 'p.capacity' in 'field list'
#0 /home3/saptkri1/admin.saptkrishi.in/system/Database/MySQLi/Connection.php(330): mysqli->query('select c.*, p.c...')
#1 /home3/saptkri1/admin.saptkrishi.in/system/Database/BaseConnection.php(738): CodeIgniter\Database\MySQLi\Connection->execute('select c.*, p.c...')
#2 /home3/saptkri1/admin.saptkrishi.in/system/Database/BaseConnection.php(666): CodeIgniter\Database\BaseConnection->simpleQuery('select c.*, p.c...')
#3 /home3/saptkri1/admin.saptkrishi.in/system/Model.php(1698): CodeIgniter\Database\BaseConnection->query('select c.*, p.c...', Array)
#4 /home3/saptkri1/admin.saptkrishi.in/app/Controllers/Api.php(981): CodeIgniter\Model->__call('query', Array)
#5 /home3/saptkri1/admin.saptkrishi.in/system/CodeIgniter.php(910): App\Controllers\Api->cart('view')
#6 /home3/saptkri1/admin.saptkrishi.in/system/CodeIgniter.php(398): CodeIgniter\CodeIgniter->runController(Object(App\Controllers\Api))
#7 /home3/saptkri1/admin.saptkrishi.in/system/CodeIgniter.php(306): CodeIgniter\CodeIgniter->handleRequest(NULL, Object(Config\Cache), false)
#8 /home3/saptkri1/admin.saptkrishi.in/index.php(53): CodeIgniter\CodeIgniter->run()
#9 {main}
CRITICAL - 2021-01-09 18:38:41 --> Unknown column 'p.capacity' in 'field list'
#0 /home3/saptkri1/admin.saptkrishi.in/system/Database/MySQLi/Connection.php(330): mysqli->query('select c.*, p.c...')
#1 /home3/saptkri1/admin.saptkrishi.in/system/Database/BaseConnection.php(738): CodeIgniter\Database\MySQLi\Connection->execute('select c.*, p.c...')
#2 /home3/saptkri1/admin.saptkrishi.in/system/Database/BaseConnection.php(666): CodeIgniter\Database\BaseConnection->simpleQuery('select c.*, p.c...')
#3 /home3/saptkri1/admin.saptkrishi.in/system/Model.php(1698): CodeIgniter\Database\BaseConnection->query('select c.*, p.c...', Array)
#4 /home3/saptkri1/admin.saptkrishi.in/app/Controllers/Api.php(981): CodeIgniter\Model->__call('query', Array)
#5 /home3/saptkri1/admin.saptkrishi.in/system/CodeIgniter.php(910): App\Controllers\Api->cart('view')
#6 /home3/saptkri1/admin.saptkrishi.in/system/CodeIgniter.php(398): CodeIgniter\CodeIgniter->runController(Object(App\Controllers\Api))
#7 /home3/saptkri1/admin.saptkrishi.in/system/CodeIgniter.php(306): CodeIgniter\CodeIgniter->handleRequest(NULL, Object(Config\Cache), false)
#8 /home3/saptkri1/admin.saptkrishi.in/index.php(53): CodeIgniter\CodeIgniter->run()
#9 {main}
CRITICAL - 2021-01-09 19:42:47 --> Unknown column 'p.capacity' in 'field list'
#0 /home3/saptkri1/admin.saptkrishi.in/system/Database/MySQLi/Connection.php(330): mysqli->query('select c.*, p.c...')
#1 /home3/saptkri1/admin.saptkrishi.in/system/Database/BaseConnection.php(738): CodeIgniter\Database\MySQLi\Connection->execute('select c.*, p.c...')
#2 /home3/saptkri1/admin.saptkrishi.in/system/Database/BaseConnection.php(666): CodeIgniter\Database\BaseConnection->simpleQuery('select c.*, p.c...')
#3 /home3/saptkri1/admin.saptkrishi.in/system/Model.php(1698): CodeIgniter\Database\BaseConnection->query('select c.*, p.c...', Array)
#4 /home3/saptkri1/admin.saptkrishi.in/app/Controllers/Api.php(981): CodeIgniter\Model->__call('query', Array)
#5 /home3/saptkri1/admin.saptkrishi.in/system/CodeIgniter.php(910): App\Controllers\Api->cart('view')
#6 /home3/saptkri1/admin.saptkrishi.in/system/CodeIgniter.php(398): CodeIgniter\CodeIgniter->runController(Object(App\Controllers\Api))
#7 /home3/saptkri1/admin.saptkrishi.in/system/CodeIgniter.php(306): CodeIgniter\CodeIgniter->handleRequest(NULL, Object(Config\Cache), false)
#8 /home3/saptkri1/admin.saptkrishi.in/index.php(53): CodeIgniter\CodeIgniter->run()
#9 {main}
CRITICAL - 2021-01-09 19:43:00 --> Unknown column 'p.capacity' in 'field list'
#0 /home3/saptkri1/admin.saptkrishi.in/system/Database/MySQLi/Connection.php(330): mysqli->query('select c.*, p.c...')
#1 /home3/saptkri1/admin.saptkrishi.in/system/Database/BaseConnection.php(738): CodeIgniter\Database\MySQLi\Connection->execute('select c.*, p.c...')
#2 /home3/saptkri1/admin.saptkrishi.in/system/Database/BaseConnection.php(666): CodeIgniter\Database\BaseConnection->simpleQuery('select c.*, p.c...')
#3 /home3/saptkri1/admin.saptkrishi.in/system/Model.php(1698): CodeIgniter\Database\BaseConnection->query('select c.*, p.c...', Array)
#4 /home3/saptkri1/admin.saptkrishi.in/app/Controllers/Api.php(981): CodeIgniter\Model->__call('query', Array)
#5 /home3/saptkri1/admin.saptkrishi.in/system/CodeIgniter.php(910): App\Controllers\Api->cart('view')
#6 /home3/saptkri1/admin.saptkrishi.in/system/CodeIgniter.php(398): CodeIgniter\CodeIgniter->runController(Object(App\Controllers\Api))
#7 /home3/saptkri1/admin.saptkrishi.in/system/CodeIgniter.php(306): CodeIgniter\CodeIgniter->handleRequest(NULL, Object(Config\Cache), false)
#8 /home3/saptkri1/admin.saptkrishi.in/index.php(53): CodeIgniter\CodeIgniter->run()
#9 {main}
CRITICAL - 2021-01-09 19:43:23 --> Unknown column 'p.capacity' in 'field list'
#0 /home3/saptkri1/admin.saptkrishi.in/system/Database/MySQLi/Connection.php(330): mysqli->query('select c.*, p.c...')
#1 /home3/saptkri1/admin.saptkrishi.in/system/Database/BaseConnection.php(738): CodeIgniter\Database\MySQLi\Connection->execute('select c.*, p.c...')
#2 /home3/saptkri1/admin.saptkrishi.in/system/Database/BaseConnection.php(666): CodeIgniter\Database\BaseConnection->simpleQuery('select c.*, p.c...')
#3 /home3/saptkri1/admin.saptkrishi.in/system/Model.php(1698): CodeIgniter\Database\BaseConnection->query('select c.*, p.c...', Array)
#4 /home3/saptkri1/admin.saptkrishi.in/app/Controllers/Api.php(981): CodeIgniter\Model->__call('query', Array)
#5 /home3/saptkri1/admin.saptkrishi.in/system/CodeIgniter.php(910): App\Controllers\Api->cart('view')
#6 /home3/saptkri1/admin.saptkrishi.in/system/CodeIgniter.php(398): CodeIgniter\CodeIgniter->runController(Object(App\Controllers\Api))
#7 /home3/saptkri1/admin.saptkrishi.in/system/CodeIgniter.php(306): CodeIgniter\CodeIgniter->handleRequest(NULL, Object(Config\Cache), false)
#8 /home3/saptkri1/admin.saptkrishi.in/index.php(53): CodeIgniter\CodeIgniter->run()
#9 {main}
CRITICAL - 2021-01-09 19:44:18 --> Unknown column 'p.capacity' in 'field list'
#0 /home3/saptkri1/admin.saptkrishi.in/system/Database/MySQLi/Connection.php(330): mysqli->query('select c.*, p.c...')
#1 /home3/saptkri1/admin.saptkrishi.in/system/Database/BaseConnection.php(738): CodeIgniter\Database\MySQLi\Connection->execute('select c.*, p.c...')
#2 /home3/saptkri1/admin.saptkrishi.in/system/Database/BaseConnection.php(666): CodeIgniter\Database\BaseConnection->simpleQuery('select c.*, p.c...')
#3 /home3/saptkri1/admin.saptkrishi.in/system/Model.php(1698): CodeIgniter\Database\BaseConnection->query('select c.*, p.c...', Array)
#4 /home3/saptkri1/admin.saptkrishi.in/app/Controllers/Api.php(981): CodeIgniter\Model->__call('query', Array)
#5 /home3/saptkri1/admin.saptkrishi.in/system/CodeIgniter.php(910): App\Controllers\Api->cart('view')
#6 /home3/saptkri1/admin.saptkrishi.in/system/CodeIgniter.php(398): CodeIgniter\CodeIgniter->runController(Object(App\Controllers\Api))
#7 /home3/saptkri1/admin.saptkrishi.in/system/CodeIgniter.php(306): CodeIgniter\CodeIgniter->handleRequest(NULL, Object(Config\Cache), false)
#8 /home3/saptkri1/admin.saptkrishi.in/index.php(53): CodeIgniter\CodeIgniter->run()
#9 {main}
CRITICAL - 2021-01-09 19:46:32 --> Unknown column 'p.capacity' in 'field list'
#0 /home3/saptkri1/admin.saptkrishi.in/system/Database/MySQLi/Connection.php(330): mysqli->query('select c.*, p.c...')
#1 /home3/saptkri1/admin.saptkrishi.in/system/Database/BaseConnection.php(738): CodeIgniter\Database\MySQLi\Connection->execute('select c.*, p.c...')
#2 /home3/saptkri1/admin.saptkrishi.in/system/Database/BaseConnection.php(666): CodeIgniter\Database\BaseConnection->simpleQuery('select c.*, p.c...')
#3 /home3/saptkri1/admin.saptkrishi.in/system/Model.php(1698): CodeIgniter\Database\BaseConnection->query('select c.*, p.c...', Array)
#4 /home3/saptkri1/admin.saptkrishi.in/app/Controllers/Api.php(981): CodeIgniter\Model->__call('query', Array)
#5 /home3/saptkri1/admin.saptkrishi.in/system/CodeIgniter.php(910): App\Controllers\Api->cart('view')
#6 /home3/saptkri1/admin.saptkrishi.in/system/CodeIgniter.php(398): CodeIgniter\CodeIgniter->runController(Object(App\Controllers\Api))
#7 /home3/saptkri1/admin.saptkrishi.in/system/CodeIgniter.php(306): CodeIgniter\CodeIgniter->handleRequest(NULL, Object(Config\Cache), false)
#8 /home3/saptkri1/admin.saptkrishi.in/index.php(53): CodeIgniter\CodeIgniter->run()
#9 {main}
CRITICAL - 2021-01-09 21:07:18 --> Unknown column 'p.capacity' in 'field list'
#0 /home3/saptkri1/admin.saptkrishi.in/system/Database/MySQLi/Connection.php(330): mysqli->query('select c.*, p.c...')
#1 /home3/saptkri1/admin.saptkrishi.in/system/Database/BaseConnection.php(738): CodeIgniter\Database\MySQLi\Connection->execute('select c.*, p.c...')
#2 /home3/saptkri1/admin.saptkrishi.in/system/Database/BaseConnection.php(666): CodeIgniter\Database\BaseConnection->simpleQuery('select c.*, p.c...')
#3 /home3/saptkri1/admin.saptkrishi.in/system/Model.php(1698): CodeIgniter\Database\BaseConnection->query('select c.*, p.c...', Array)
#4 /home3/saptkri1/admin.saptkrishi.in/app/Controllers/Api.php(981): CodeIgniter\Model->__call('query', Array)
#5 /home3/saptkri1/admin.saptkrishi.in/system/CodeIgniter.php(910): App\Controllers\Api->cart('view')
#6 /home3/saptkri1/admin.saptkrishi.in/system/CodeIgniter.php(398): CodeIgniter\CodeIgniter->runController(Object(App\Controllers\Api))
#7 /home3/saptkri1/admin.saptkrishi.in/system/CodeIgniter.php(306): CodeIgniter\CodeIgniter->handleRequest(NULL, Object(Config\Cache), false)
#8 /home3/saptkri1/admin.saptkrishi.in/index.php(53): CodeIgniter\CodeIgniter->run()
#9 {main}
CRITICAL - 2021-01-09 23:27:11 --> Unknown column 'p.capacity' in 'field list'
#0 /home3/saptkri1/admin.saptkrishi.in/system/Database/MySQLi/Connection.php(330): mysqli->query('select c.*, p.c...')
#1 /home3/saptkri1/admin.saptkrishi.in/system/Database/BaseConnection.php(738): CodeIgniter\Database\MySQLi\Connection->execute('select c.*, p.c...')
#2 /home3/saptkri1/admin.saptkrishi.in/system/Database/BaseConnection.php(666): CodeIgniter\Database\BaseConnection->simpleQuery('select c.*, p.c...')
#3 /home3/saptkri1/admin.saptkrishi.in/system/Model.php(1698): CodeIgniter\Database\BaseConnection->query('select c.*, p.c...', Array)
#4 /home3/saptkri1/admin.saptkrishi.in/app/Controllers/Api.php(981): CodeIgniter\Model->__call('query', Array)
#5 /home3/saptkri1/admin.saptkrishi.in/system/CodeIgniter.php(910): App\Controllers\Api->cart('view')
#6 /home3/saptkri1/admin.saptkrishi.in/system/CodeIgniter.php(398): CodeIgniter\CodeIgniter->runController(Object(App\Controllers\Api))
#7 /home3/saptkri1/admin.saptkrishi.in/system/CodeIgniter.php(306): CodeIgniter\CodeIgniter->handleRequest(NULL, Object(Config\Cache), false)
#8 /home3/saptkri1/admin.saptkrishi.in/index.php(53): CodeIgniter\CodeIgniter->run()
#9 {main}
CRITICAL - 2021-01-09 23:27:43 --> Unknown column 'p.capacity' in 'field list'
#0 /home3/saptkri1/admin.saptkrishi.in/system/Database/MySQLi/Connection.php(330): mysqli->query('select c.*, p.c...')
#1 /home3/saptkri1/admin.saptkrishi.in/system/Database/BaseConnection.php(738): CodeIgniter\Database\MySQLi\Connection->execute('select c.*, p.c...')
#2 /home3/saptkri1/admin.saptkrishi.in/system/Database/BaseConnection.php(666): CodeIgniter\Database\BaseConnection->simpleQuery('select c.*, p.c...')
#3 /home3/saptkri1/admin.saptkrishi.in/system/Model.php(1698): CodeIgniter\Database\BaseConnection->query('select c.*, p.c...', Array)
#4 /home3/saptkri1/admin.saptkrishi.in/app/Controllers/Api.php(981): CodeIgniter\Model->__call('query', Array)
#5 /home3/saptkri1/admin.saptkrishi.in/system/CodeIgniter.php(910): App\Controllers\Api->cart('view')
#6 /home3/saptkri1/admin.saptkrishi.in/system/CodeIgniter.php(398): CodeIgniter\CodeIgniter->runController(Object(App\Controllers\Api))
#7 /home3/saptkri1/admin.saptkrishi.in/system/CodeIgniter.php(306): CodeIgniter\CodeIgniter->handleRequest(NULL, Object(Config\Cache), false)
#8 /home3/saptkri1/admin.saptkrishi.in/index.php(53): CodeIgniter\CodeIgniter->run()
#9 {main}
CRITICAL - 2021-01-09 23:28:56 --> Unknown column 'p.capacity' in 'field list'
#0 /home3/saptkri1/admin.saptkrishi.in/system/Database/MySQLi/Connection.php(330): mysqli->query('select c.*, p.c...')
#1 /home3/saptkri1/admin.saptkrishi.in/system/Database/BaseConnection.php(738): CodeIgniter\Database\MySQLi\Connection->execute('select c.*, p.c...')
#2 /home3/saptkri1/admin.saptkrishi.in/system/Database/BaseConnection.php(666): CodeIgniter\Database\BaseConnection->simpleQuery('select c.*, p.c...')
#3 /home3/saptkri1/admin.saptkrishi.in/system/Model.php(1698): CodeIgniter\Database\BaseConnection->query('select c.*, p.c...', Array)
#4 /home3/saptkri1/admin.saptkrishi.in/app/Controllers/Api.php(981): CodeIgniter\Model->__call('query', Array)
#5 /home3/saptkri1/admin.saptkrishi.in/system/CodeIgniter.php(910): App\Controllers\Api->cart('view')
#6 /home3/saptkri1/admin.saptkrishi.in/system/CodeIgniter.php(398): CodeIgniter\CodeIgniter->runController(Object(App\Controllers\Api))
#7 /home3/saptkri1/admin.saptkrishi.in/system/CodeIgniter.php(306): CodeIgniter\CodeIgniter->handleRequest(NULL, Object(Config\Cache), false)
#8 /home3/saptkri1/admin.saptkrishi.in/index.php(53): CodeIgniter\CodeIgniter->run()
#9 {main}
CRITICAL - 2021-01-09 23:30:38 --> Unknown column 'p.capacity' in 'field list'
#0 /home3/saptkri1/admin.saptkrishi.in/system/Database/MySQLi/Connection.php(330): mysqli->query('select c.*, p.c...')
#1 /home3/saptkri1/admin.saptkrishi.in/system/Database/BaseConnection.php(738): CodeIgniter\Database\MySQLi\Connection->execute('select c.*, p.c...')
#2 /home3/saptkri1/admin.saptkrishi.in/system/Database/BaseConnection.php(666): CodeIgniter\Database\BaseConnection->simpleQuery('select c.*, p.c...')
#3 /home3/saptkri1/admin.saptkrishi.in/system/Model.php(1698): CodeIgniter\Database\BaseConnection->query('select c.*, p.c...', Array)
#4 /home3/saptkri1/admin.saptkrishi.in/app/Controllers/Api.php(981): CodeIgniter\Model->__call('query', Array)
#5 /home3/saptkri1/admin.saptkrishi.in/system/CodeIgniter.php(910): App\Controllers\Api->cart('view')
#6 /home3/saptkri1/admin.saptkrishi.in/system/CodeIgniter.php(398): CodeIgniter\CodeIgniter->runController(Object(App\Controllers\Api))
#7 /home3/saptkri1/admin.saptkrishi.in/system/CodeIgniter.php(306): CodeIgniter\CodeIgniter->handleRequest(NULL, Object(Config\Cache), false)
#8 /home3/saptkri1/admin.saptkrishi.in/index.php(53): CodeIgniter\CodeIgniter->run()
#9 {main}
CRITICAL - 2021-01-09 23:34:01 --> Unknown column 'p.capacity' in 'field list'
#0 /home3/saptkri1/admin.saptkrishi.in/system/Database/MySQLi/Connection.php(330): mysqli->query('select c.*, p.c...')
#1 /home3/saptkri1/admin.saptkrishi.in/system/Database/BaseConnection.php(738): CodeIgniter\Database\MySQLi\Connection->execute('select c.*, p.c...')
#2 /home3/saptkri1/admin.saptkrishi.in/system/Database/BaseConnection.php(666): CodeIgniter\Database\BaseConnection->simpleQuery('select c.*, p.c...')
#3 /home3/saptkri1/admin.saptkrishi.in/system/Model.php(1698): CodeIgniter\Database\BaseConnection->query('select c.*, p.c...', Array)
#4 /home3/saptkri1/admin.saptkrishi.in/app/Controllers/Api.php(981): CodeIgniter\Model->__call('query', Array)
#5 /home3/saptkri1/admin.saptkrishi.in/system/CodeIgniter.php(910): App\Controllers\Api->cart('view')
#6 /home3/saptkri1/admin.saptkrishi.in/system/CodeIgniter.php(398): CodeIgniter\CodeIgniter->runController(Object(App\Controllers\Api))
#7 /home3/saptkri1/admin.saptkrishi.in/system/CodeIgniter.php(306): CodeIgniter\CodeIgniter->handleRequest(NULL, Object(Config\Cache), false)
#8 /home3/saptkri1/admin.saptkrishi.in/index.php(53): CodeIgniter\CodeIgniter->run()
#9 {main}
CRITICAL - 2021-01-09 23:34:56 --> Unknown column 'p.capacity' in 'field list'
#0 /home3/saptkri1/admin.saptkrishi.in/system/Database/MySQLi/Connection.php(330): mysqli->query('select c.*, p.c...')
#1 /home3/saptkri1/admin.saptkrishi.in/system/Database/BaseConnection.php(738): CodeIgniter\Database\MySQLi\Connection->execute('select c.*, p.c...')
#2 /home3/saptkri1/admin.saptkrishi.in/system/Database/BaseConnection.php(666): CodeIgniter\Database\BaseConnection->simpleQuery('select c.*, p.c...')
#3 /home3/saptkri1/admin.saptkrishi.in/system/Model.php(1698): CodeIgniter\Database\BaseConnection->query('select c.*, p.c...', Array)
#4 /home3/saptkri1/admin.saptkrishi.in/app/Controllers/Api.php(981): CodeIgniter\Model->__call('query', Array)
#5 /home3/saptkri1/admin.saptkrishi.in/system/CodeIgniter.php(910): App\Controllers\Api->cart('view')
#6 /home3/saptkri1/admin.saptkrishi.in/system/CodeIgniter.php(398): CodeIgniter\CodeIgniter->runController(Object(App\Controllers\Api))
#7 /home3/saptkri1/admin.saptkrishi.in/system/CodeIgniter.php(306): CodeIgniter\CodeIgniter->handleRequest(NULL, Object(Config\Cache), false)
#8 /home3/saptkri1/admin.saptkrishi.in/index.php(53): CodeIgniter\CodeIgniter->run()
#9 {main}
CRITICAL - 2021-01-09 23:35:50 --> Unknown column 'p.capacity' in 'field list'
#0 /home3/saptkri1/admin.saptkrishi.in/system/Database/MySQLi/Connection.php(330): mysqli->query('select c.*, p.c...')
#1 /home3/saptkri1/admin.saptkrishi.in/system/Database/BaseConnection.php(738): CodeIgniter\Database\MySQLi\Connection->execute('select c.*, p.c...')
#2 /home3/saptkri1/admin.saptkrishi.in/system/Database/BaseConnection.php(666): CodeIgniter\Database\BaseConnection->simpleQuery('select c.*, p.c...')
#3 /home3/saptkri1/admin.saptkrishi.in/system/Model.php(1698): CodeIgniter\Database\BaseConnection->query('select c.*, p.c...', Array)
#4 /home3/saptkri1/admin.saptkrishi.in/app/Controllers/Api.php(981): CodeIgniter\Model->__call('query', Array)
#5 /home3/saptkri1/admin.saptkrishi.in/system/CodeIgniter.php(910): App\Controllers\Api->cart('view')
#6 /home3/saptkri1/admin.saptkrishi.in/system/CodeIgniter.php(398): CodeIgniter\CodeIgniter->runController(Object(App\Controllers\Api))
#7 /home3/saptkri1/admin.saptkrishi.in/system/CodeIgniter.php(306): CodeIgniter\CodeIgniter->handleRequest(NULL, Object(Config\Cache), false)
#8 /home3/saptkri1/admin.saptkrishi.in/index.php(53): CodeIgniter\CodeIgniter->run()
#9 {main}
